fs/proc/base.acc: In function ‘thread_info* current_thread_info()’:
fs/proc/base.acc:7016:5: warning: invalid conversion from ‘void*’ to ‘thread_info*’ [-fpermissive]
  ti = (void *)(({ typeof(_proxy_pda.kernelstack) ret__; switch (sizeof(_proxy_pda.kernelstack)) { case 2: asm("mov" "w %%gs:%c1,%0" : "=r" (ret__) : "i" (((size_t) &((struct x8664_pda *)0)->kernelstack)), "m" (__get__proxy_pda_442(&_proxy_pda).kernelstack)); break; case 4: asm("mov" "l %%gs:%c1,%0": "=r" (ret__): "i" (((size_t) &((struct x8664_pda *)0)->kernelstack)), "m" (__get__proxy_pda_443(&_proxy_pda).kernelstack)); break; case 8: asm("mov" "q %%gs:%c1,%0": "=r" (ret__) : "i" (((size_t) &((struct x8664_pda *)0)->kernelstack)), "m" (__get__proxy_pda_444(&_proxy_pda).kernelstack)); break; default: __bad_pda_field(); } ret__; }) + (5*8) - (((1UL) << 12) << 1));
     ^
fs/proc/base.acc: In function ‘void hlist_del(hlist_node*)’:
fs/proc/base.acc:8594:10: warning: invalid conversion from ‘void*’ to ‘hlist_node*’ [-fpermissive]
  n->next = ((void *) 0x00100100);
          ^
fs/proc/base.acc:8595:11: warning: invalid conversion from ‘void*’ to ‘hlist_node**’ [-fpermissive]
  n->pprev = ((void *) 0x00200200);
           ^
fs/proc/base.acc: In function ‘void timer_stats_account_hrtimer(hrtimer*)’:
fs/proc/base.acc:13540:43: warning: invalid conversion from ‘hrtimer_restart (*)(hrtimer*)’ to ‘void*’ [-fpermissive]
      timer->function, timer->start_comm, 0);
                                           ^
fs/proc/base.acc:13533:13: warning:   initializing argument 4 of ‘void timer_stats_update_stats(void*, pid_t, void*, void*, char*, unsigned int)’ [-fpermissive]
 extern void timer_stats_update_stats(void *timer, pid_t pid, void *startf,
             ^
fs/proc/base.acc: In function ‘int timer_pending(timer_list*)’:
fs/proc/base.acc:13682:88: warning: taking address of temporary [-fpermissive]
  return __get__ZN9list_head4nextE_700(&__get__ZN10timer_list5entryE_701(&timer->entry).next) != 0;
                                                                                        ^
fs/proc/base.acc: In function ‘void list_del_rcu(list_head*)’:
fs/proc/base.acc:15086:14: warning: invalid conversion from ‘void*’ to ‘list_head*’ [-fpermissive]
  entry->prev = ((void *) 0x00200200);
              ^
fs/proc/base.acc: In function ‘void list_replace_rcu(list_head*, list_head*)’:
fs/proc/base.acc:15172:12: warning: invalid conversion from ‘void*’ to ‘list_head*’ [-fpermissive]
  old->prev = ((void *) 0x00200200);
            ^
fs/proc/base.acc: In function ‘void hlist_del_rcu(hlist_node*)’:
fs/proc/base.acc:15302:11: warning: invalid conversion from ‘void*’ to ‘hlist_node**’ [-fpermissive]
  n->pprev = ((void *) 0x00200200);
           ^
fs/proc/base.acc: In function ‘void hlist_replace_rcu(hlist_node*, hlist_node*)’:
fs/proc/base.acc:15384:13: warning: invalid conversion from ‘void*’ to ‘hlist_node**’ [-fpermissive]
  old->pprev = ((void *) 0x00200200);
             ^
fs/proc/base.acc: In function ‘int dname_external(dentry*)’:
fs/proc/base.acc:15847:81: warning: taking address of temporary [-fpermissive]
  return __get__ZN4qstr4nameE_728(&__get__ZN6dentry6d_nameE_729(&dentry->d_name).name) != __get__ZN6dentry7d_inameE_730(dentry->d_iname);
                                                                                 ^
fs/proc/base.acc: In function ‘pid_namespace* ns_of_pid(pid*)’:
fs/proc/base.acc:16532:113: warning: taking address of temporary [-fpermissive]
   ns = __get__ZN4upid2nsE_738(&__get__ZN3pid7numbersE_739(&pid->numbers[__get__ZN3pid5levelE_740(&pid->level)]).ns);
                                                                                                                 ^
fs/proc/base.acc: In function ‘pid_t pid_nr(pid*)’:
fs/proc/base.acc:16609:77: warning: taking address of temporary [-fpermissive]
   nr = __get__ZN4upid2nrE_741(&__get__ZN3pid7numbersE_742(&pid->numbers[0]).nr);
                                                                             ^
fs/proc/base.acc: In function ‘void simple_transaction_set(file*, size_t)’:
fs/proc/base.acc:19981:48: warning: invalid conversion from ‘void*’ to ‘simple_transaction_argresp*’ [-fpermissive]
  struct simple_transaction_argresp *ar = file->private_data;
                                                ^
fs/proc/base.acc: In function ‘net* PDE_NET(proc_dir_entry*)’:
fs/proc/base.acc:20211:22: warning: invalid conversion from ‘void*’ to ‘net*’ [-fpermissive]
  return pde->parent->data;
                      ^
fs/proc/base.acc: In function ‘task_struct* next_thread(task_struct*)’:
fs/proc/base.acc:24777:165: warning: taking address of temporary [-fpermissive]
  return ({ typeof( ((struct task_struct *)0)->thread_group ) *__mptr = ((__get__ZN9list_head4nextE_882(&__get__ZN11task_struct12thread_groupE_883(&p->thread_group).next))); (struct task_struct *)( (char *)__mptr - ((size_t) &((struct task_struct *)0)->thread_group) );})
                                                                                                                                                                     ^
fs/proc/base.acc: In function ‘void set_compound_page_dtor(page*, void (*)(page*))’:
fs/proc/base.acc:27055:19: warning: invalid conversion from ‘void*’ to ‘list_head*’ [-fpermissive]
  page[1].lru.next = (void *)dtor;
                   ^
fs/proc/base.acc: In function ‘void set_compound_order(page*, long unsigned int)’:
fs/proc/base.acc:27142:19: warning: invalid conversion from ‘void*’ to ‘list_head*’ [-fpermissive]
  page[1].lru.prev = (void *)order;
                   ^
fs/proc/base.acc: In function ‘zone_type page_zonenum(page*)’:
fs/proc/base.acc:27146:83: warning: invalid conversion from ‘long unsigned int’ to ‘zone_type’ [-fpermissive]
  return (page->flags >> (((((sizeof(unsigned long)*8) - 0) - 9) - 2) * (2 != 0))) & ((1UL << 2) - 1);
                                                                                   ^
fs/proc/base.acc: In function ‘void zone_page_state_add(long int, zone*, zone_stat_item)’:
fs/proc/base.acc:27321:55: warning: taking address of temporary [-fpermissive]
  atomic_long_add(x, &__get_vm_stat_1078(&vm_stat[item]));
                                                       ^
fs/proc/base.acc: In function ‘long unsigned int global_page_state(zone_stat_item)’:
fs/proc/base.acc:27361:62: warning: taking address of temporary [-fpermissive]
  long x = atomic_long_read(&__get_vm_stat_1079(&vm_stat[item]));
                                                              ^
fs/proc/base.acc: At global scope:
fs/proc/base.acc:30666:16: warning: declaration of ‘int (* ctl_table::proc_handler)(ctl_table*, int, file*, void*, size_t*, loff_t*)’ [-fpermissive]
  proc_handler *proc_handler;
                ^
fs/proc/base.acc:30626:13: warning: changes meaning of ‘proc_handler’ from ‘typedef int proc_handler(struct ctl_table*, int, struct file*, void*, size_t*, loff_t*)’ [-fpermissive]
 typedef int proc_handler (struct ctl_table *ctl, int write, struct file * filp,
             ^
