fs/proc/task_mmu.acc: In function ‘thread_info* current_thread_info()’:
fs/proc/task_mmu.acc:7030:5: warning: invalid conversion from ‘void*’ to ‘thread_info*’ [-fpermissive]
  ti = (void *)(({ typeof(_proxy_pda.kernelstack) ret__; switch (sizeof(_proxy_pda.kernelstack)) { case 2: asm("mov" "w %%gs:%c1,%0" : "=r" (ret__) : "i" (((size_t) &((struct x8664_pda *)0)->kernelstack)), "m" (__get__proxy_pda_442(&_proxy_pda).kernelstack)); break; case 4: asm("mov" "l %%gs:%c1,%0": "=r" (ret__): "i" (((size_t) &((struct x8664_pda *)0)->kernelstack)), "m" (__get__proxy_pda_443(&_proxy_pda).kernelstack)); break; case 8: asm("mov" "q %%gs:%c1,%0": "=r" (ret__) : "i" (((size_t) &((struct x8664_pda *)0)->kernelstack)), "m" (__get__proxy_pda_444(&_proxy_pda).kernelstack)); break; default: __bad_pda_field(); } ret__; }) + (5*8) - (((1UL) << 12) << 1));
     ^
fs/proc/task_mmu.acc: In function ‘void hlist_del(hlist_node*)’:
fs/proc/task_mmu.acc:8353:10: warning: invalid conversion from ‘void*’ to ‘hlist_node*’ [-fpermissive]
  n->next = ((void *) 0x00100100);
          ^
fs/proc/task_mmu.acc:8354:11: warning: invalid conversion from ‘void*’ to ‘hlist_node**’ [-fpermissive]
  n->pprev = ((void *) 0x00200200);
           ^
fs/proc/task_mmu.acc: In function ‘void set_compound_page_dtor(page*, void (*)(page*))’:
fs/proc/task_mmu.acc:13661:19: warning: invalid conversion from ‘void*’ to ‘list_head*’ [-fpermissive]
  page[1].lru.next = (void *)dtor;
                   ^
fs/proc/task_mmu.acc: In function ‘void set_compound_order(page*, long unsigned int)’:
fs/proc/task_mmu.acc:13748:19: warning: invalid conversion from ‘void*’ to ‘list_head*’ [-fpermissive]
  page[1].lru.prev = (void *)order;
                   ^
fs/proc/task_mmu.acc: In function ‘zone_type page_zonenum(page*)’:
fs/proc/task_mmu.acc:13752:83: warning: invalid conversion from ‘long unsigned int’ to ‘zone_type’ [-fpermissive]
  return (page->flags >> (((((sizeof(unsigned long)*8) - 0) - 9) - 2) * (2 != 0))) & ((1UL << 2) - 1);
                                                                                   ^
fs/proc/task_mmu.acc: In function ‘void timer_stats_account_hrtimer(hrtimer*)’:
fs/proc/task_mmu.acc:14632:43: warning: invalid conversion from ‘hrtimer_restart (*)(hrtimer*)’ to ‘void*’ [-fpermissive]
      timer->function, timer->start_comm, 0);
                                           ^
fs/proc/task_mmu.acc:14625:13: warning:   initializing argument 4 of ‘void timer_stats_update_stats(void*, pid_t, void*, void*, char*, unsigned int)’ [-fpermissive]
 extern void timer_stats_update_stats(void *timer, pid_t pid, void *startf,
             ^
fs/proc/task_mmu.acc: In function ‘int timer_pending(timer_list*)’:
fs/proc/task_mmu.acc:14774:88: warning: taking address of temporary [-fpermissive]
  return __get__ZN9list_head4nextE_865(&__get__ZN10timer_list5entryE_866(&timer->entry).next) != 0;
                                                                                        ^
fs/proc/task_mmu.acc: In function ‘void zone_page_state_add(long int, zone*, zone_stat_item)’:
fs/proc/task_mmu.acc:15634:54: warning: taking address of temporary [-fpermissive]
  atomic_long_add(x, &__get_vm_stat_872(&vm_stat[item]));
                                                      ^
fs/proc/task_mmu.acc: In function ‘long unsigned int global_page_state(zone_stat_item)’:
fs/proc/task_mmu.acc:15674:61: warning: taking address of temporary [-fpermissive]
  long x = atomic_long_read(&__get_vm_stat_873(&vm_stat[item]));
                                                             ^
fs/proc/task_mmu.acc: In function ‘void list_del_rcu(list_head*)’:
fs/proc/task_mmu.acc:17004:14: warning: invalid conversion from ‘void*’ to ‘list_head*’ [-fpermissive]
  entry->prev = ((void *) 0x00200200);
              ^
fs/proc/task_mmu.acc: In function ‘void list_replace_rcu(list_head*, list_head*)’:
fs/proc/task_mmu.acc:17090:12: warning: invalid conversion from ‘void*’ to ‘list_head*’ [-fpermissive]
  old->prev = ((void *) 0x00200200);
            ^
fs/proc/task_mmu.acc: In function ‘void hlist_del_rcu(hlist_node*)’:
fs/proc/task_mmu.acc:17220:11: warning: invalid conversion from ‘void*’ to ‘hlist_node**’ [-fpermissive]
  n->pprev = ((void *) 0x00200200);
           ^
fs/proc/task_mmu.acc: In function ‘void hlist_replace_rcu(hlist_node*, hlist_node*)’:
fs/proc/task_mmu.acc:17302:13: warning: invalid conversion from ‘void*’ to ‘hlist_node**’ [-fpermissive]
  old->pprev = ((void *) 0x00200200);
             ^
fs/proc/task_mmu.acc: In function ‘int dname_external(dentry*)’:
fs/proc/task_mmu.acc:17765:81: warning: taking address of temporary [-fpermissive]
  return __get__ZN4qstr4nameE_916(&__get__ZN6dentry6d_nameE_917(&dentry->d_name).name) != __get__ZN6dentry7d_inameE_918(dentry->d_iname);
                                                                                 ^
fs/proc/task_mmu.acc: In function ‘pid_namespace* ns_of_pid(pid*)’:
fs/proc/task_mmu.acc:18361:113: warning: taking address of temporary [-fpermissive]
   ns = __get__ZN4upid2nsE_922(&__get__ZN3pid7numbersE_923(&pid->numbers[__get__ZN3pid5levelE_924(&pid->level)]).ns);
                                                                                                                 ^
fs/proc/task_mmu.acc: In function ‘pid_t pid_nr(pid*)’:
fs/proc/task_mmu.acc:18438:77: warning: taking address of temporary [-fpermissive]
   nr = __get__ZN4upid2nrE_925(&__get__ZN3pid7numbersE_926(&pid->numbers[0]).nr);
                                                                             ^
fs/proc/task_mmu.acc: In function ‘void simple_transaction_set(file*, size_t)’:
fs/proc/task_mmu.acc:21810:48: warning: invalid conversion from ‘void*’ to ‘simple_transaction_argresp*’ [-fpermissive]
  struct simple_transaction_argresp *ar = file->private_data;
                                                ^
fs/proc/task_mmu.acc: In function ‘void copy_user_highpage(page*, page*, long unsigned int, vm_area_struct*)’:
fs/proc/task_mmu.acc:22247:36: warning: invalid conversion from ‘void*’ to ‘char*’ [-fpermissive]
  vfrom = kmap_atomic(from, KM_USER0);
                                    ^
fs/proc/task_mmu.acc:22248:32: warning: invalid conversion from ‘void*’ to ‘char*’ [-fpermissive]
  vto = kmap_atomic(to, KM_USER1);
                                ^
fs/proc/task_mmu.acc: In function ‘void copy_highpage(page*, page*)’:
fs/proc/task_mmu.acc:22260:36: warning: invalid conversion from ‘void*’ to ‘char*’ [-fpermissive]
  vfrom = kmap_atomic(from, KM_USER0);
                                    ^
fs/proc/task_mmu.acc:22261:32: warning: invalid conversion from ‘void*’ to ‘char*’ [-fpermissive]
  vto = kmap_atomic(to, KM_USER1);
                                ^
fs/proc/task_mmu.acc: In function ‘task_struct* next_thread(task_struct*)’:
fs/proc/task_mmu.acc:26593:167: warning: taking address of temporary [-fpermissive]
  return ({ typeof( ((struct task_struct *)0)->thread_group ) *__mptr = ((__get__ZN9list_head4nextE_1079(&__get__ZN11task_struct12thread_groupE_1080(&p->thread_group).next))); (struct task_struct *)( (char *)__mptr - ((size_t) &((struct task_struct *)0)->thread_group) );})
                                                                                                                                                                       ^
fs/proc/task_mmu.acc: In function ‘hugetlbfs_sb_info* HUGETLBFS_SB(super_block*)’:
fs/proc/task_mmu.acc:29072:62: warning: invalid conversion from ‘void*’ to ‘hugetlbfs_sb_info*’ [-fpermissive]
  return __get__ZN11super_block9s_fs_infoE_1133(&sb->s_fs_info);
                                                              ^
fs/proc/task_mmu.acc: In function ‘net* PDE_NET(proc_dir_entry*)’:
fs/proc/task_mmu.acc:31039:22: warning: invalid conversion from ‘void*’ to ‘net*’ [-fpermissive]
  return pde->parent->data;
                      ^
fs/proc/task_mmu.acc: In function ‘void* m_start(seq_file*, loff_t*)’:
fs/proc/task_mmu.acc:32154:38: warning: invalid conversion from ‘void*’ to ‘proc_maps_private*’ [-fpermissive]
  struct proc_maps_private *priv = m->_private;
                                      ^
fs/proc/task_mmu.acc: In function ‘void* m_next(seq_file*, void*, loff_t*)’:
fs/proc/task_mmu.acc:32283:38: warning: invalid conversion from ‘void*’ to ‘proc_maps_private*’ [-fpermissive]
  struct proc_maps_private *priv = m->_private;
                                      ^
fs/proc/task_mmu.acc:32284:31: warning: invalid conversion from ‘void*’ to ‘vm_area_struct*’ [-fpermissive]
  struct vm_area_struct *vma = v;
                               ^
fs/proc/task_mmu.acc: In function ‘void m_stop(seq_file*, void*)’:
fs/proc/task_mmu.acc:32296:38: warning: invalid conversion from ‘void*’ to ‘proc_maps_private*’ [-fpermissive]
  struct proc_maps_private *priv = m->_private;
                                      ^
fs/proc/task_mmu.acc:32297:31: warning: invalid conversion from ‘void*’ to ‘vm_area_struct*’ [-fpermissive]
  struct vm_area_struct *vma = v;
                               ^
fs/proc/task_mmu.acc: In function ‘int show_map(seq_file*, void*)’:
fs/proc/task_mmu.acc:33095:31: warning: invalid conversion from ‘void*’ to ‘vm_area_struct*’ [-fpermissive]
  struct vm_area_struct *vma = v;
                               ^
fs/proc/task_mmu.acc:33096:38: warning: invalid conversion from ‘void*’ to ‘proc_maps_private*’ [-fpermissive]
  struct proc_maps_private *priv = m->_private;
                                      ^
