fs/ext3/symlink.acc: In function ‘void hlist_del(hlist_node*)’:
fs/ext3/symlink.acc:8132:10: warning: invalid conversion from ‘void*’ to ‘hlist_node*’ [-fpermissive]
  n->next = ((void *) 0x00100100);
          ^
fs/ext3/symlink.acc:8133:11: warning: invalid conversion from ‘void*’ to ‘hlist_node**’ [-fpermissive]
  n->pprev = ((void *) 0x00200200);
           ^
fs/ext3/symlink.acc: In function ‘thread_info* current_thread_info()’:
fs/ext3/symlink.acc:8582:5: warning: invalid conversion from ‘void*’ to ‘thread_info*’ [-fpermissive]
  ti = (void *)(({ typeof(_proxy_pda.kernelstack) ret__; switch (sizeof(_proxy_pda.kernelstack)) { case 2: asm("mov" "w %%gs:%c1,%0" : "=r" (ret__) : "i" (((size_t) &((struct x8664_pda *)0)->kernelstack)), "m" (__get__proxy_pda_477(&_proxy_pda).kernelstack)); break; case 4: asm("mov" "l %%gs:%c1,%0": "=r" (ret__): "i" (((size_t) &((struct x8664_pda *)0)->kernelstack)), "m" (__get__proxy_pda_478(&_proxy_pda).kernelstack)); break; case 8: asm("mov" "q %%gs:%c1,%0": "=r" (ret__) : "i" (((size_t) &((struct x8664_pda *)0)->kernelstack)), "m" (__get__proxy_pda_479(&_proxy_pda).kernelstack)); break; default: __bad_pda_field(); } ret__; }) + (5*8) - (((1UL) << 12) << 1));
     ^
fs/ext3/symlink.acc: In function ‘void timer_stats_account_hrtimer(hrtimer*)’:
fs/ext3/symlink.acc:13409:43: warning: invalid conversion from ‘hrtimer_restart (*)(hrtimer*)’ to ‘void*’ [-fpermissive]
      timer->function, timer->start_comm, 0);
                                           ^
fs/ext3/symlink.acc:13402:13: warning:   initializing argument 4 of ‘void timer_stats_update_stats(void*, pid_t, void*, void*, char*, unsigned int)’ [-fpermissive]
 extern void timer_stats_update_stats(void *timer, pid_t pid, void *startf,
             ^
fs/ext3/symlink.acc: In function ‘int timer_pending(timer_list*)’:
fs/ext3/symlink.acc:13551:88: warning: taking address of temporary [-fpermissive]
  return __get__ZN9list_head4nextE_700(&__get__ZN10timer_list5entryE_701(&timer->entry).next) != 0;
                                                                                        ^
fs/ext3/symlink.acc: In function ‘void list_del_rcu(list_head*)’:
fs/ext3/symlink.acc:14849:14: warning: invalid conversion from ‘void*’ to ‘list_head*’ [-fpermissive]
  entry->prev = ((void *) 0x00200200);
              ^
fs/ext3/symlink.acc: In function ‘void list_replace_rcu(list_head*, list_head*)’:
fs/ext3/symlink.acc:14935:12: warning: invalid conversion from ‘void*’ to ‘list_head*’ [-fpermissive]
  old->prev = ((void *) 0x00200200);
            ^
fs/ext3/symlink.acc: In function ‘void hlist_del_rcu(hlist_node*)’:
fs/ext3/symlink.acc:15065:11: warning: invalid conversion from ‘void*’ to ‘hlist_node**’ [-fpermissive]
  n->pprev = ((void *) 0x00200200);
           ^
fs/ext3/symlink.acc: In function ‘void hlist_replace_rcu(hlist_node*, hlist_node*)’:
fs/ext3/symlink.acc:15147:13: warning: invalid conversion from ‘void*’ to ‘hlist_node**’ [-fpermissive]
  old->pprev = ((void *) 0x00200200);
             ^
fs/ext3/symlink.acc: In function ‘int dname_external(dentry*)’:
fs/ext3/symlink.acc:15610:81: warning: taking address of temporary [-fpermissive]
  return __get__ZN4qstr4nameE_728(&__get__ZN6dentry6d_nameE_729(&dentry->d_name).name) != __get__ZN6dentry7d_inameE_730(dentry->d_iname);
                                                                                 ^
fs/ext3/symlink.acc: In function ‘pid_namespace* ns_of_pid(pid*)’:
fs/ext3/symlink.acc:16295:113: warning: taking address of temporary [-fpermissive]
   ns = __get__ZN4upid2nsE_738(&__get__ZN3pid7numbersE_739(&pid->numbers[__get__ZN3pid5levelE_740(&pid->level)]).ns);
                                                                                                                 ^
fs/ext3/symlink.acc: In function ‘pid_t pid_nr(pid*)’:
fs/ext3/symlink.acc:16372:77: warning: taking address of temporary [-fpermissive]
   nr = __get__ZN4upid2nrE_741(&__get__ZN3pid7numbersE_742(&pid->numbers[0]).nr);
                                                                             ^
fs/ext3/symlink.acc: In function ‘void simple_transaction_set(file*, size_t)’:
fs/ext3/symlink.acc:19744:48: warning: invalid conversion from ‘void*’ to ‘simple_transaction_argresp*’ [-fpermissive]
  struct simple_transaction_argresp *ar = file->private_data;
                                                ^
fs/ext3/symlink.acc: In function ‘void set_compound_page_dtor(page*, void (*)(page*))’:
fs/ext3/symlink.acc:20817:19: warning: invalid conversion from ‘void*’ to ‘list_head*’ [-fpermissive]
  page[1].lru.next = (void *)dtor;
                   ^
fs/ext3/symlink.acc: In function ‘void set_compound_order(page*, long unsigned int)’:
fs/ext3/symlink.acc:20904:19: warning: invalid conversion from ‘void*’ to ‘list_head*’ [-fpermissive]
  page[1].lru.prev = (void *)order;
                   ^
fs/ext3/symlink.acc: In function ‘zone_type page_zonenum(page*)’:
fs/ext3/symlink.acc:20908:83: warning: invalid conversion from ‘long unsigned int’ to ‘zone_type’ [-fpermissive]
  return (page->flags >> (((((sizeof(unsigned long)*8) - 0) - 9) - 2) * (2 != 0))) & ((1UL << 2) - 1);
                                                                                   ^
fs/ext3/symlink.acc: In function ‘void zone_page_state_add(long int, zone*, zone_stat_item)’:
fs/ext3/symlink.acc:21083:54: warning: taking address of temporary [-fpermissive]
  atomic_long_add(x, &__get_vm_stat_958(&vm_stat[item]));
                                                      ^
fs/ext3/symlink.acc: In function ‘long unsigned int global_page_state(zone_stat_item)’:
fs/ext3/symlink.acc:21123:61: warning: taking address of temporary [-fpermissive]
  long x = atomic_long_read(&__get_vm_stat_959(&vm_stat[item]));
                                                             ^
fs/ext3/symlink.acc: In function ‘void copy_user_highpage(page*, page*, long unsigned int, vm_area_struct*)’:
fs/ext3/symlink.acc:22230:36: warning: invalid conversion from ‘void*’ to ‘char*’ [-fpermissive]
  vfrom = kmap_atomic(from, KM_USER0);
                                    ^
fs/ext3/symlink.acc:22231:32: warning: invalid conversion from ‘void*’ to ‘char*’ [-fpermissive]
  vto = kmap_atomic(to, KM_USER1);
                                ^
fs/ext3/symlink.acc: In function ‘void copy_highpage(page*, page*)’:
fs/ext3/symlink.acc:22243:36: warning: invalid conversion from ‘void*’ to ‘char*’ [-fpermissive]
  vfrom = kmap_atomic(from, KM_USER0);
                                    ^
fs/ext3/symlink.acc:22244:32: warning: invalid conversion from ‘void*’ to ‘char*’ [-fpermissive]
  vto = kmap_atomic(to, KM_USER1);
                                ^
fs/ext3/symlink.acc: In function ‘task_struct* next_thread(task_struct*)’:
fs/ext3/symlink.acc:26576:167: warning: taking address of temporary [-fpermissive]
  return ({ typeof( ((struct task_struct *)0)->thread_group ) *__mptr = ((__get__ZN9list_head4nextE_1079(&__get__ZN11task_struct12thread_groupE_1080(&p->thread_group).next))); (struct task_struct *)( (char *)__mptr - ((size_t) &((struct task_struct *)0)->thread_group) );})
                                                                                                                                                                       ^
fs/ext3/symlink.acc: In function ‘journal_head* bh2jh(buffer_head*)’:
fs/ext3/symlink.acc:29349:13: warning: invalid conversion from ‘void*’ to ‘journal_head*’ [-fpermissive]
  return bh->b_private;
             ^
fs/ext3/symlink.acc: In function ‘handle_t* journal_current_handle()’:
fs/ext3/symlink.acc:29804:80: warning: invalid conversion from ‘void*’ to ‘handle_t* {aka handle_s*}’ [-fpermissive]
  return __get__ZN11task_struct12journal_infoE_1251(&get_current()->journal_info);
                                                                                ^
fs/ext3/symlink.acc: In function ‘handle_t* jbd_alloc_handle(gfp_t)’:
fs/ext3/symlink.acc:29872:53: warning: invalid conversion from ‘void*’ to ‘handle_t* {aka handle_s*}’ [-fpermissive]
  return kmem_cache_alloc(jbd_handle_cache, gfp_flags);
                                                     ^
fs/ext3/symlink.acc: In function ‘ext3_sb_info* EXT3_SB(super_block*)’:
fs/ext3/symlink.acc:30393:62: warning: invalid conversion from ‘void*’ to ‘ext3_sb_info*’ [-fpermissive]
  return __get__ZN11super_block9s_fs_infoE_1262(&sb->s_fs_info);
                                                              ^
