fs/anon_inodes.acc: In function ‘void list_del(list_head*)’:
fs/anon_inodes.acc:1311:14: warning: invalid conversion from ‘void*’ to ‘list_head*’ [-fpermissive]
  entry->next = ((void *) 0x00100100 + (0xdead000000000000UL));
              ^
fs/anon_inodes.acc:1312:14: warning: invalid conversion from ‘void*’ to ‘list_head*’ [-fpermissive]
  entry->prev = ((void *) 0x00200200 + (0xdead000000000000UL));
              ^
fs/anon_inodes.acc: In function ‘void hlist_del(hlist_node*)’:
fs/anon_inodes.acc:2287:10: warning: invalid conversion from ‘void*’ to ‘hlist_node*’ [-fpermissive]
  n->next = ((void *) 0x00100100 + (0xdead000000000000UL));
          ^
fs/anon_inodes.acc:2288:11: warning: invalid conversion from ‘void*’ to ‘hlist_node**’ [-fpermissive]
  n->pprev = ((void *) 0x00200200 + (0xdead000000000000UL));
           ^
fs/anon_inodes.acc: At global scope:
fs/anon_inodes.acc:13087:16: warning: declaration of ‘int (* ctl_table::proc_handler)(ctl_table*, int, void*, size_t*, loff_t*)’ [-fpermissive]
  proc_handler *proc_handler;
                ^
fs/anon_inodes.acc:13043:13: warning: changes meaning of ‘proc_handler’ from ‘typedef int proc_handler(struct ctl_table*, int, void*, size_t*, loff_t*)’ [-fpermissive]
 typedef int proc_handler (struct ctl_table *ctl, int write,
             ^
fs/anon_inodes.acc: In function ‘void list_del_rcu(list_head*)’:
fs/anon_inodes.acc:14757:14: warning: invalid conversion from ‘void*’ to ‘list_head*’ [-fpermissive]
  entry->prev = ((void *) 0x00200200 + (0xdead000000000000UL));
              ^
fs/anon_inodes.acc: In function ‘void list_replace_rcu(list_head*, list_head*)’:
fs/anon_inodes.acc:14843:12: warning: invalid conversion from ‘void*’ to ‘list_head*’ [-fpermissive]
  old->prev = ((void *) 0x00200200 + (0xdead000000000000UL));
            ^
fs/anon_inodes.acc: In function ‘void hlist_del_rcu(hlist_node*)’:
fs/anon_inodes.acc:14977:11: warning: invalid conversion from ‘void*’ to ‘hlist_node**’ [-fpermissive]
  n->pprev = ((void *) 0x00200200 + (0xdead000000000000UL));
           ^
fs/anon_inodes.acc: In function ‘void hlist_replace_rcu(hlist_node*, hlist_node*)’:
fs/anon_inodes.acc:15059:13: warning: invalid conversion from ‘void*’ to ‘hlist_node**’ [-fpermissive]
  old->pprev = ((void *) 0x00200200 + (0xdead000000000000UL));
             ^
fs/anon_inodes.acc: In function ‘void hlist_bl_del(hlist_bl_node*)’:
fs/anon_inodes.acc:15580:10: warning: invalid conversion from ‘void*’ to ‘hlist_bl_node*’ [-fpermissive]
  n->next = ((void *) 0x00100100 + (0xdead000000000000UL));
          ^
fs/anon_inodes.acc:15581:11: warning: invalid conversion from ‘void*’ to ‘hlist_bl_node**’ [-fpermissive]
  n->pprev = ((void *) 0x00200200 + (0xdead000000000000UL));
           ^
fs/anon_inodes.acc: In function ‘void hlist_bl_del_rcu(hlist_bl_node*)’:
fs/anon_inodes.acc:15668:11: warning: invalid conversion from ‘void*’ to ‘hlist_bl_node**’ [-fpermissive]
  n->pprev = ((void *) 0x00200200 + (0xdead000000000000UL));
           ^
fs/anon_inodes.acc: In function ‘int dname_external(dentry*)’:
fs/anon_inodes.acc:15969:81: warning: taking address of temporary [-fpermissive]
  return __get__ZN4qstr4nameE_266(&__get__ZN6dentry6d_nameE_267(&dentry->d_name).name) != __get__ZN6dentry7d_inameE_268(dentry->d_iname);
                                                                                 ^
fs/anon_inodes.acc: In function ‘pid_namespace* ns_of_pid(pid*)’:
fs/anon_inodes.acc:19261:113: warning: taking address of temporary [-fpermissive]
   ns = __get__ZN4upid2nsE_355(&__get__ZN3pid7numbersE_356(&pid->numbers[__get__ZN3pid5levelE_357(&pid->level)]).ns);
                                                                                                                 ^
fs/anon_inodes.acc: In function ‘bool is_child_reaper(pid*)’:
fs/anon_inodes.acc:19378:114: warning: taking address of temporary [-fpermissive]
  return __get__ZN4upid2nrE_358(&__get__ZN3pid7numbersE_359(&pid->numbers[__get__ZN3pid5levelE_360(&pid->level)]).nr) == 1;
                                                                                                                  ^
fs/anon_inodes.acc: In function ‘pid_t pid_nr(pid*)’:
fs/anon_inodes.acc:19454:77: warning: taking address of temporary [-fpermissive]
   nr = __get__ZN4upid2nrE_361(&__get__ZN3pid7numbersE_362(&pid->numbers[0]).nr);
                                                                             ^
fs/anon_inodes.acc: In function ‘int timer_pending(timer_list*)’:
fs/anon_inodes.acc:21270:88: warning: taking address of temporary [-fpermissive]
  return __get__ZN9list_head4nextE_383(&__get__ZN10timer_list5entryE_384(&timer->entry).next) != 0;
                                                                                        ^
fs/anon_inodes.acc: At global scope:
fs/anon_inodes.acc:23313:80: warning: invalid conversion from ‘void*’ to ‘long unsigned int*’ [-fpermissive]
 static unsigned long * vvaraddr_jiffies = (void *)((-10*1024*1024 - 4096) + (0));
                                                                                ^
fs/anon_inodes.acc:23314:76: warning: invalid conversion from ‘void*’ to ‘int*’ [-fpermissive]
 static int * vvaraddr_vgetcpu_mode = (void *)((-10*1024*1024 - 4096) + (16));
                                                                            ^
fs/anon_inodes.acc:23315:105: warning: invalid conversion from ‘void*’ to ‘vsyscall_gtod_data*’ [-fpermissive]
 static struct vsyscall_gtod_data * vvaraddr_vsyscall_gtod_data = (void *)((-10*1024*1024 - 4096) + (128));
                                                                                                         ^
fs/anon_inodes.acc: In function ‘bool dir_emit_dot(file*, dir_context*)’:
fs/anon_inodes.acc:29407:135: warning: taking address of temporary [-fpermissive]
      __get__ZN5inode5i_inoE_609(&__get__ZN6dentry7d_inodeE_610(&__get__ZN4path6dentryE_611(&__get__ZN4file6f_pathE_612(&file->f_path).dentry)->d_inode)->i_ino), 4) == 0;
                                                                                                                                       ^
fs/anon_inodes.acc: In function ‘bool dir_emit_dotdot(file*, dir_context*)’:
fs/anon_inodes.acc:29482:87: warning: taking address of temporary [-fpermissive]
      parent_ino(__get__ZN4path6dentryE_615(&__get__ZN4file6f_pathE_616(&file->f_path).dentry)), 4) == 0;
                                                                                       ^
fs/anon_inodes.acc: In function ‘zone_type gfp_zone(gfp_t)’:
fs/anon_inodes.acc:31831:274: warning: invalid conversion from ‘int’ to ‘zone_type’ [-fpermissive]
  z = (( (ZONE_NORMAL << 0 * 2) | (ZONE_DMA << 0x01u * 2) | (ZONE_NORMAL << 0x02u * 2) | (ZONE_DMA32 << 0x04u * 2) | (ZONE_NORMAL << 0x08u * 2) | (ZONE_DMA << (0x08u | 0x01u) * 2) | (ZONE_MOVABLE << (0x08u | 0x02u) * 2) | (ZONE_DMA32 << (0x08u | 0x04u) * 2) ) >> (bit * 2)) &
                                                                                                                                                                                                                                                                                  ^
fs/anon_inodes.acc: In function ‘task_struct* next_thread(task_struct*)’:
fs/anon_inodes.acc:37539:176: warning: taking address of temporary [-fpermissive]
  return ({typeof (*p->thread_group.next) *__ptr = (typeof (*p->thread_group.next) *)__get__ZN9list_head4nextE_895(&__get__ZN11task_struct12thread_groupE_896(&p->thread_group).next); ({ typeof( ((struct task_struct *)0)->thread_group ) *__mptr = ((typeof(p->thread_group.next))(__ptr)); (struct task_struct *)( (char *)__mptr - ((size_t) &((struct task_struct *)0)->thread_group) );}); })
                                                                                                                                                                                ^
fs/anon_inodes.acc: In function ‘char* anon_inodefs_dname(dentry*, char*, int)’:
fs/anon_inodes.acc:40489:77: warning: taking address of temporary [-fpermissive]
     __get__ZN4qstr4nameE_928(&__get__ZN6dentry6d_nameE_929(&dentry->d_name).name));
                                                                             ^
