fs/exec.acc: In function ‘void list_del(list_head*)’:
fs/exec.acc:807:14: warning: invalid conversion from ‘void*’ to ‘list_head*’ [-fpermissive]
  entry->next = ((void *) 0x00100100 + (0xdead000000000000UL));
              ^
fs/exec.acc:808:14: warning: invalid conversion from ‘void*’ to ‘list_head*’ [-fpermissive]
  entry->prev = ((void *) 0x00200200 + (0xdead000000000000UL));
              ^
fs/exec.acc: In function ‘void hlist_del(hlist_node*)’:
fs/exec.acc:1783:10: warning: invalid conversion from ‘void*’ to ‘hlist_node*’ [-fpermissive]
  n->next = ((void *) 0x00100100 + (0xdead000000000000UL));
          ^
fs/exec.acc:1784:11: warning: invalid conversion from ‘void*’ to ‘hlist_node**’ [-fpermissive]
  n->pprev = ((void *) 0x00200200 + (0xdead000000000000UL));
           ^
fs/exec.acc: In function ‘int timer_pending(timer_list*)’:
fs/exec.acc:15129:88: warning: taking address of temporary [-fpermissive]
  return __get__ZN9list_head4nextE_324(&__get__ZN10timer_list5entryE_325(&timer->entry).next) != 0;
                                                                                        ^
fs/exec.acc: At global scope:
fs/exec.acc:19132:80: warning: invalid conversion from ‘void*’ to ‘long unsigned int*’ [-fpermissive]
 static unsigned long * vvaraddr_jiffies = (void *)((-10*1024*1024 - 4096) + (0));
                                                                                ^
fs/exec.acc:19133:76: warning: invalid conversion from ‘void*’ to ‘int*’ [-fpermissive]
 static int * vvaraddr_vgetcpu_mode = (void *)((-10*1024*1024 - 4096) + (16));
                                                                            ^
fs/exec.acc:19134:105: warning: invalid conversion from ‘void*’ to ‘vsyscall_gtod_data*’ [-fpermissive]
 static struct vsyscall_gtod_data * vvaraddr_vsyscall_gtod_data = (void *)((-10*1024*1024 - 4096) + (128));
                                                                                                         ^
fs/exec.acc: In function ‘zone_type gfp_zone(gfp_t)’:
fs/exec.acc:21039:274: warning: invalid conversion from ‘int’ to ‘zone_type’ [-fpermissive]
  z = (( (ZONE_NORMAL << 0 * 2) | (ZONE_DMA << 0x01u * 2) | (ZONE_NORMAL << 0x02u * 2) | (ZONE_DMA32 << 0x04u * 2) | (ZONE_NORMAL << 0x08u * 2) | (ZONE_DMA << (0x08u | 0x01u) * 2) | (ZONE_MOVABLE << (0x08u | 0x02u) * 2) | (ZONE_DMA32 << (0x08u | 0x04u) * 2) ) >> (bit * 2)) &
                                                                                                                                                                                                                                                                                  ^
fs/exec.acc: In function ‘void list_del_rcu(list_head*)’:
fs/exec.acc:22456:14: warning: invalid conversion from ‘void*’ to ‘list_head*’ [-fpermissive]
  entry->prev = ((void *) 0x00200200 + (0xdead000000000000UL));
              ^
fs/exec.acc: In function ‘void list_replace_rcu(list_head*, list_head*)’:
fs/exec.acc:22542:12: warning: invalid conversion from ‘void*’ to ‘list_head*’ [-fpermissive]
  old->prev = ((void *) 0x00200200 + (0xdead000000000000UL));
            ^
fs/exec.acc: In function ‘void hlist_del_rcu(hlist_node*)’:
fs/exec.acc:22676:11: warning: invalid conversion from ‘void*’ to ‘hlist_node**’ [-fpermissive]
  n->pprev = ((void *) 0x00200200 + (0xdead000000000000UL));
           ^
fs/exec.acc: In function ‘void hlist_replace_rcu(hlist_node*, hlist_node*)’:
fs/exec.acc:22758:13: warning: invalid conversion from ‘void*’ to ‘hlist_node**’ [-fpermissive]
  old->pprev = ((void *) 0x00200200 + (0xdead000000000000UL));
             ^
fs/exec.acc: In function ‘void hlist_bl_del(hlist_bl_node*)’:
fs/exec.acc:23279:10: warning: invalid conversion from ‘void*’ to ‘hlist_bl_node*’ [-fpermissive]
  n->next = ((void *) 0x00100100 + (0xdead000000000000UL));
          ^
fs/exec.acc:23280:11: warning: invalid conversion from ‘void*’ to ‘hlist_bl_node**’ [-fpermissive]
  n->pprev = ((void *) 0x00200200 + (0xdead000000000000UL));
           ^
fs/exec.acc: In function ‘void hlist_bl_del_rcu(hlist_bl_node*)’:
fs/exec.acc:23367:11: warning: invalid conversion from ‘void*’ to ‘hlist_bl_node**’ [-fpermissive]
  n->pprev = ((void *) 0x00200200 + (0xdead000000000000UL));
           ^
fs/exec.acc: In function ‘int dname_external(dentry*)’:
fs/exec.acc:23663:81: warning: taking address of temporary [-fpermissive]
  return __get__ZN4qstr4nameE_532(&__get__ZN6dentry6d_nameE_533(&dentry->d_name).name) != __get__ZN6dentry7d_inameE_534(dentry->d_iname);
                                                                                 ^
fs/exec.acc: In function ‘pid_namespace* ns_of_pid(pid*)’:
fs/exec.acc:24755:113: warning: taking address of temporary [-fpermissive]
   ns = __get__ZN4upid2nsE_560(&__get__ZN3pid7numbersE_561(&pid->numbers[__get__ZN3pid5levelE_562(&pid->level)]).ns);
                                                                                                                 ^
fs/exec.acc: In function ‘bool is_child_reaper(pid*)’:
fs/exec.acc:24872:114: warning: taking address of temporary [-fpermissive]
  return __get__ZN4upid2nrE_563(&__get__ZN3pid7numbersE_564(&pid->numbers[__get__ZN3pid5levelE_565(&pid->level)]).nr) == 1;
                                                                                                                  ^
fs/exec.acc: In function ‘pid_t pid_nr(pid*)’:
fs/exec.acc:24948:77: warning: taking address of temporary [-fpermissive]
   nr = __get__ZN4upid2nrE_566(&__get__ZN3pid7numbersE_567(&pid->numbers[0]).nr);
                                                                             ^
fs/exec.acc: In function ‘bool dir_emit_dot(file*, dir_context*)’:
fs/exec.acc:30026:135: warning: taking address of temporary [-fpermissive]
      __get__ZN5inode5i_inoE_670(&__get__ZN6dentry7d_inodeE_671(&__get__ZN4path6dentryE_672(&__get__ZN4file6f_pathE_673(&file->f_path).dentry)->d_inode)->i_ino), 4) == 0;
                                                                                                                                       ^
fs/exec.acc: In function ‘bool dir_emit_dotdot(file*, dir_context*)’:
fs/exec.acc:30101:87: warning: taking address of temporary [-fpermissive]
      parent_ino(__get__ZN4path6dentryE_676(&__get__ZN4file6f_pathE_677(&file->f_path).dentry)), 4) == 0;
                                                                                       ^
fs/exec.acc: In function ‘void set_compound_page_dtor(page*, void (*)(page*))’:
fs/exec.acc:32926:19: warning: invalid conversion from ‘void*’ to ‘list_head*’ [-fpermissive]
  page[1].lru.next = (void *)dtor;
                   ^
fs/exec.acc: In function ‘void set_compound_order(page*, long unsigned int)’:
fs/exec.acc:33013:19: warning: invalid conversion from ‘void*’ to ‘list_head*’ [-fpermissive]
  page[1].lru.prev = (void *)order;
                   ^
fs/exec.acc: In function ‘zone_type page_zonenum(page*)’:
fs/exec.acc:33058:83: warning: invalid conversion from ‘long unsigned int’ to ‘zone_type’ [-fpermissive]
  return (page->flags >> (((((sizeof(unsigned long)*8) - 0) - 6) - 2) * (2 != 0))) & ((1UL << 2) - 1);
                                                                                   ^
fs/exec.acc: In function ‘void zone_page_state_add(long int, zone*, zone_stat_item)’:
fs/exec.acc:33303:55: warning: taking address of temporary [-fpermissive]
  atomic_long_add(x, &__get_vm_stat_1098(&vm_stat[item]));
                                                       ^
fs/exec.acc: In function ‘long unsigned int global_page_state(zone_stat_item)’:
fs/exec.acc:33343:62: warning: taking address of temporary [-fpermissive]
  long x = atomic_long_read(&__get_vm_stat_1099(&vm_stat[item]));
                                                              ^
fs/exec.acc: At global scope:
fs/exec.acc:39801:16: warning: declaration of ‘int (* ctl_table::proc_handler)(ctl_table*, int, void*, size_t*, loff_t*)’ [-fpermissive]
  proc_handler *proc_handler;
                ^
fs/exec.acc:39757:13: warning: changes meaning of ‘proc_handler’ from ‘typedef int proc_handler(struct ctl_table*, int, void*, size_t*, loff_t*)’ [-fpermissive]
 typedef int proc_handler (struct ctl_table *ctl, int write,
             ^
fs/exec.acc: In function ‘task_struct* next_thread(task_struct*)’:
fs/exec.acc:43119:178: warning: taking address of temporary [-fpermissive]
  return ({typeof (*p->thread_group.next) *__ptr = (typeof (*p->thread_group.next) *)__get__ZN9list_head4nextE_1393(&__get__ZN11task_struct12thread_groupE_1394(&p->thread_group).next); ({ typeof( ((struct task_struct *)0)->thread_group ) *__mptr = ((typeof(p->thread_group.next))(__ptr)); (struct task_struct *)( (char *)__mptr - ((size_t) &((struct task_struct *)0)->thread_group) );}); })
                                                                                                                                                                                  ^
fs/exec.acc: In function ‘int seq_nodemask(seq_file*, nodemask_t*)’:
fs/exec.acc:46187:121: warning: ISO C++ forbids casting to an array type ‘long unsigned int [1]’ [-fpermissive]
         return seq_bitmap(m, (typeof(mask->bits))g_map(__get__ZN9_nodemask4bitsE_1509(mask->bits), sizeof(*(mask->bits))), (1 << 6));
                                                                                                                         ^
fs/exec.acc: In function ‘pinctrl* pinctrl_get_select(device*, char*)’:
fs/exec.acc:46405:28: warning: invalid conversion from ‘void*’ to ‘pinctrl*’ [-fpermissive]
   return ERR_PTR(PTR_ERR(s));
                            ^
fs/exec.acc:46411:21: warning: invalid conversion from ‘void*’ to ‘pinctrl*’ [-fpermissive]
   return ERR_PTR(ret);
                     ^
fs/exec.acc: In function ‘pinctrl* devm_pinctrl_get_select(device*, char*)’:
fs/exec.acc:46437:20: warning: invalid conversion from ‘void*’ to ‘pinctrl*’ [-fpermissive]
   return ERR_CAST(s);
                    ^
fs/exec.acc:46443:21: warning: invalid conversion from ‘void*’ to ‘pinctrl*’ [-fpermissive]
   return ERR_PTR(ret);
                     ^
fs/exec.acc: In function ‘void copy_user_highpage(page*, page*, long unsigned int, vm_area_struct*)’:
fs/exec.acc:48037:26: warning: invalid conversion from ‘void*’ to ‘char*’ [-fpermissive]
  vfrom = kmap_atomic(from);
                          ^
fs/exec.acc:48038:22: warning: invalid conversion from ‘void*’ to ‘char*’ [-fpermissive]
  vto = kmap_atomic(to);
                      ^
fs/exec.acc: In function ‘void copy_highpage(page*, page*)’:
fs/exec.acc:48050:26: warning: invalid conversion from ‘void*’ to ‘char*’ [-fpermissive]
  vfrom = kmap_atomic(from);
                          ^
fs/exec.acc:48051:22: warning: invalid conversion from ‘void*’ to ‘char*’ [-fpermissive]
  vto = kmap_atomic(to);
                      ^
fs/exec.acc: In function ‘long unsigned int stack_frame(task_struct*, pt_regs*)’:
fs/exec.acc:49896:113: warning: taking address of temporary [-fpermissive]
  return *(unsigned long *)__get__ZN13thread_struct2spE_1597(&__get__ZN11task_struct6threadE_1598(&task->thread).sp);
                                                                                                                 ^
fs/exec.acc: In function ‘void* arch_compat_alloc_user_space(long int)’:
fs/exec.acc:50902:153: warning: taking address of temporary [-fpermissive]
   sp = __get__ZN7pt_regs2spE_1610(&((struct pt_regs *)__get__ZN13thread_struct3sp0E_1611(&__get__ZN11task_struct6threadE_1612(&(get_current())->thread).sp0) - 1)->sp);
                                                                                                                                                         ^
fs/exec.acc: At global scope:
fs/exec.acc:57551:10: warning: ‘struct fsnotify_group::<anonymous union>::inotify_group_private_data’ invalid; an anonymous union can only have non-static data members [-fpermissive]
   struct inotify_group_private_data {
          ^
fs/exec.acc:57561:10: warning: ‘struct fsnotify_group::<anonymous union>::fanotify_group_private_data’ invalid; an anonymous union can only have non-static data members [-fpermissive]
   struct fanotify_group_private_data {
          ^
fs/exec.acc: In function ‘void fsnotify_move(inode*, inode*, unsigned char*, int, inode*, dentry*)’:
fs/exec.acc:58301:101: warning: taking address of temporary [-fpermissive]
  unsigned char *new_name = __get__ZN4qstr4nameE_1694(&__get__ZN6dentry6d_nameE_1695(&moved->d_name).name);
                                                                                                     ^
fs/exec.acc: In function ‘void fsnotify_create(inode*, dentry*)’:
fs/exec.acc:58472:157: warning: taking address of temporary [-fpermissive]
  fsnotify(inode, 0x00000100, __get__ZN6dentry7d_inodeE_1697(&dentry->d_inode), 2, __get__ZN4qstr4nameE_1698(&__get__ZN6dentry6d_nameE_1699(&dentry->d_name).name), 0);
                                                                                                                                                             ^
fs/exec.acc: In function ‘void fsnotify_link(inode*, inode*, dentry*)’:
fs/exec.acc:58555:116: warning: taking address of temporary [-fpermissive]
  fsnotify(dir, 0x00000100, inode, 2, __get__ZN4qstr4nameE_1700(&__get__ZN6dentry6d_nameE_1701(&new_dentry->d_name).name), 0);
                                                                                                                    ^
fs/exec.acc: In function ‘void fsnotify_mkdir(inode*, dentry*)’:
fs/exec.acc:58673:110: warning: taking address of temporary [-fpermissive]
  fsnotify(inode, mask, d_inode, 2, __get__ZN4qstr4nameE_1703(&__get__ZN6dentry6d_nameE_1704(&dentry->d_name).name), 0);
                                                                                                              ^
fs/exec.acc: In function ‘unsigned char* fsnotify_oldname_init(unsigned char*)’:
fs/exec.acc:59228:84: warning: invalid conversion from ‘char*’ to ‘unsigned char*’ [-fpermissive]
  return kstrdup((char *)name, ((( gfp_t)0x10u) | (( gfp_t)0x40u) | (( gfp_t)0x80u)));
                                                                                    ^
fs/exec.acc: In function ‘int desc_empty(void*)’:
fs/exec.acc:60845:14: warning: invalid conversion from ‘void*’ to ‘u32* {aka unsigned int*}’ [-fpermissive]
  u32 *desc = ptr;
              ^
fs/exec.acc: In function ‘void set_tssldt_descriptor(void*, long unsigned int, unsigned int, unsigned int)’:
fs/exec.acc:60888:31: warning: invalid conversion from ‘void*’ to ‘ldttss_desc64*’ [-fpermissive]
  struct ldttss_desc64 *desc = d;
                               ^
