fs/pipe.acc: In function ‘void list_del(list_head*)’:
fs/pipe.acc:825:14: warning: invalid conversion from ‘void*’ to ‘list_head*’ [-fpermissive]
  entry->next = ((void *) 0x00100100 + (0xdead000000000000UL));
              ^
fs/pipe.acc:826:14: warning: invalid conversion from ‘void*’ to ‘list_head*’ [-fpermissive]
  entry->prev = ((void *) 0x00200200 + (0xdead000000000000UL));
              ^
fs/pipe.acc: In function ‘void hlist_del(hlist_node*)’:
fs/pipe.acc:1801:10: warning: invalid conversion from ‘void*’ to ‘hlist_node*’ [-fpermissive]
  n->next = ((void *) 0x00100100 + (0xdead000000000000UL));
          ^
fs/pipe.acc:1802:11: warning: invalid conversion from ‘void*’ to ‘hlist_node**’ [-fpermissive]
  n->pprev = ((void *) 0x00200200 + (0xdead000000000000UL));
           ^
fs/pipe.acc: In function ‘int timer_pending(timer_list*)’:
fs/pipe.acc:15142:88: warning: taking address of temporary [-fpermissive]
  return __get__ZN9list_head4nextE_324(&__get__ZN10timer_list5entryE_325(&timer->entry).next) != 0;
                                                                                        ^
fs/pipe.acc: At global scope:
fs/pipe.acc:19145:80: warning: invalid conversion from ‘void*’ to ‘long unsigned int*’ [-fpermissive]
 static unsigned long * vvaraddr_jiffies = (void *)((-10*1024*1024 - 4096) + (0));
                                                                                ^
fs/pipe.acc:19146:76: warning: invalid conversion from ‘void*’ to ‘int*’ [-fpermissive]
 static int * vvaraddr_vgetcpu_mode = (void *)((-10*1024*1024 - 4096) + (16));
                                                                            ^
fs/pipe.acc:19147:105: warning: invalid conversion from ‘void*’ to ‘vsyscall_gtod_data*’ [-fpermissive]
 static struct vsyscall_gtod_data * vvaraddr_vsyscall_gtod_data = (void *)((-10*1024*1024 - 4096) + (128));
                                                                                                         ^
fs/pipe.acc: In function ‘zone_type gfp_zone(gfp_t)’:
fs/pipe.acc:21052:274: warning: invalid conversion from ‘int’ to ‘zone_type’ [-fpermissive]
  z = (( (ZONE_NORMAL << 0 * 2) | (ZONE_DMA << 0x01u * 2) | (ZONE_NORMAL << 0x02u * 2) | (ZONE_DMA32 << 0x04u * 2) | (ZONE_NORMAL << 0x08u * 2) | (ZONE_DMA << (0x08u | 0x01u) * 2) | (ZONE_MOVABLE << (0x08u | 0x02u) * 2) | (ZONE_DMA32 << (0x08u | 0x04u) * 2) ) >> (bit * 2)) &
                                                                                                                                                                                                                                                                                  ^
fs/pipe.acc: In function ‘void list_del_rcu(list_head*)’:
fs/pipe.acc:22102:14: warning: invalid conversion from ‘void*’ to ‘list_head*’ [-fpermissive]
  entry->prev = ((void *) 0x00200200 + (0xdead000000000000UL));
              ^
fs/pipe.acc: In function ‘void list_replace_rcu(list_head*, list_head*)’:
fs/pipe.acc:22188:12: warning: invalid conversion from ‘void*’ to ‘list_head*’ [-fpermissive]
  old->prev = ((void *) 0x00200200 + (0xdead000000000000UL));
            ^
fs/pipe.acc: In function ‘void hlist_del_rcu(hlist_node*)’:
fs/pipe.acc:22322:11: warning: invalid conversion from ‘void*’ to ‘hlist_node**’ [-fpermissive]
  n->pprev = ((void *) 0x00200200 + (0xdead000000000000UL));
           ^
fs/pipe.acc: In function ‘void hlist_replace_rcu(hlist_node*, hlist_node*)’:
fs/pipe.acc:22404:13: warning: invalid conversion from ‘void*’ to ‘hlist_node**’ [-fpermissive]
  old->pprev = ((void *) 0x00200200 + (0xdead000000000000UL));
             ^
fs/pipe.acc: In function ‘void hlist_bl_del(hlist_bl_node*)’:
fs/pipe.acc:22838:10: warning: invalid conversion from ‘void*’ to ‘hlist_bl_node*’ [-fpermissive]
  n->next = ((void *) 0x00100100 + (0xdead000000000000UL));
          ^
fs/pipe.acc:22839:11: warning: invalid conversion from ‘void*’ to ‘hlist_bl_node**’ [-fpermissive]
  n->pprev = ((void *) 0x00200200 + (0xdead000000000000UL));
           ^
fs/pipe.acc: In function ‘void hlist_bl_del_rcu(hlist_bl_node*)’:
fs/pipe.acc:22926:11: warning: invalid conversion from ‘void*’ to ‘hlist_bl_node**’ [-fpermissive]
  n->pprev = ((void *) 0x00200200 + (0xdead000000000000UL));
           ^
fs/pipe.acc: In function ‘int dname_external(dentry*)’:
fs/pipe.acc:23222:81: warning: taking address of temporary [-fpermissive]
  return __get__ZN4qstr4nameE_527(&__get__ZN6dentry6d_nameE_528(&dentry->d_name).name) != __get__ZN6dentry7d_inameE_529(dentry->d_iname);
                                                                                 ^
fs/pipe.acc: In function ‘pid_namespace* ns_of_pid(pid*)’:
fs/pipe.acc:24653:113: warning: taking address of temporary [-fpermissive]
   ns = __get__ZN4upid2nsE_559(&__get__ZN3pid7numbersE_560(&pid->numbers[__get__ZN3pid5levelE_561(&pid->level)]).ns);
                                                                                                                 ^
fs/pipe.acc: In function ‘bool is_child_reaper(pid*)’:
fs/pipe.acc:24770:114: warning: taking address of temporary [-fpermissive]
  return __get__ZN4upid2nrE_562(&__get__ZN3pid7numbersE_563(&pid->numbers[__get__ZN3pid5levelE_564(&pid->level)]).nr) == 1;
                                                                                                                  ^
fs/pipe.acc: In function ‘pid_t pid_nr(pid*)’:
fs/pipe.acc:24846:77: warning: taking address of temporary [-fpermissive]
   nr = __get__ZN4upid2nrE_565(&__get__ZN3pid7numbersE_566(&pid->numbers[0]).nr);
                                                                             ^
fs/pipe.acc: In function ‘bool dir_emit_dot(file*, dir_context*)’:
fs/pipe.acc:29878:135: warning: taking address of temporary [-fpermissive]
      __get__ZN5inode5i_inoE_669(&__get__ZN6dentry7d_inodeE_670(&__get__ZN4path6dentryE_671(&__get__ZN4file6f_pathE_672(&file->f_path).dentry)->d_inode)->i_ino), 4) == 0;
                                                                                                                                       ^
fs/pipe.acc: In function ‘bool dir_emit_dotdot(file*, dir_context*)’:
fs/pipe.acc:29953:87: warning: taking address of temporary [-fpermissive]
      parent_ino(__get__ZN4path6dentryE_675(&__get__ZN4file6f_pathE_676(&file->f_path).dentry)), 4) == 0;
                                                                                       ^
fs/pipe.acc: In function ‘void set_compound_page_dtor(page*, void (*)(page*))’:
fs/pipe.acc:31707:19: warning: invalid conversion from ‘void*’ to ‘list_head*’ [-fpermissive]
  page[1].lru.next = (void *)dtor;
                   ^
fs/pipe.acc: In function ‘void set_compound_order(page*, long unsigned int)’:
fs/pipe.acc:31794:19: warning: invalid conversion from ‘void*’ to ‘list_head*’ [-fpermissive]
  page[1].lru.prev = (void *)order;
                   ^
fs/pipe.acc: In function ‘zone_type page_zonenum(page*)’:
fs/pipe.acc:31839:83: warning: invalid conversion from ‘long unsigned int’ to ‘zone_type’ [-fpermissive]
  return (page->flags >> (((((sizeof(unsigned long)*8) - 0) - 6) - 2) * (2 != 0))) & ((1UL << 2) - 1);
                                                                                   ^
fs/pipe.acc: In function ‘void zone_page_state_add(long int, zone*, zone_stat_item)’:
fs/pipe.acc:32084:55: warning: taking address of temporary [-fpermissive]
  atomic_long_add(x, &__get_vm_stat_1085(&vm_stat[item]));
                                                       ^
fs/pipe.acc: In function ‘long unsigned int global_page_state(zone_stat_item)’:
fs/pipe.acc:32124:62: warning: taking address of temporary [-fpermissive]
  long x = atomic_long_read(&__get_vm_stat_1086(&vm_stat[item]));
                                                              ^
fs/pipe.acc: At global scope:
fs/pipe.acc:35416:16: warning: declaration of ‘int (* ctl_table::proc_handler)(ctl_table*, int, void*, size_t*, loff_t*)’ [-fpermissive]
  proc_handler *proc_handler;
                ^
fs/pipe.acc:35372:13: warning: changes meaning of ‘proc_handler’ from ‘typedef int proc_handler(struct ctl_table*, int, void*, size_t*, loff_t*)’ [-fpermissive]
 typedef int proc_handler (struct ctl_table *ctl, int write,
             ^
fs/pipe.acc: In function ‘void copy_user_highpage(page*, page*, long unsigned int, vm_area_struct*)’:
fs/pipe.acc:40156:26: warning: invalid conversion from ‘void*’ to ‘char*’ [-fpermissive]
  vfrom = kmap_atomic(from);
                          ^
fs/pipe.acc:40157:22: warning: invalid conversion from ‘void*’ to ‘char*’ [-fpermissive]
  vto = kmap_atomic(to);
                      ^
fs/pipe.acc: In function ‘void copy_highpage(page*, page*)’:
fs/pipe.acc:40169:26: warning: invalid conversion from ‘void*’ to ‘char*’ [-fpermissive]
  vfrom = kmap_atomic(from);
                          ^
fs/pipe.acc:40170:22: warning: invalid conversion from ‘void*’ to ‘char*’ [-fpermissive]
  vto = kmap_atomic(to);
                      ^
fs/pipe.acc: In function ‘task_struct* next_thread(task_struct*)’:
fs/pipe.acc:45624:178: warning: taking address of temporary [-fpermissive]
  return ({typeof (*p->thread_group.next) *__ptr = (typeof (*p->thread_group.next) *)__get__ZN9list_head4nextE_1475(&__get__ZN11task_struct12thread_groupE_1476(&p->thread_group).next); ({ typeof( ((struct task_struct *)0)->thread_group ) *__mptr = ((typeof(p->thread_group.next))(__ptr)); (struct task_struct *)( (char *)__mptr - ((size_t) &((struct task_struct *)0)->thread_group) );}); })
                                                                                                                                                                                  ^
fs/pipe.acc: In function ‘int seq_nodemask(seq_file*, nodemask_t*)’:
fs/pipe.acc:48052:121: warning: ISO C++ forbids casting to an array type ‘long unsigned int [1]’ [-fpermissive]
         return seq_bitmap(m, (typeof(mask->bits))g_map(__get__ZN9_nodemask4bitsE_1529(mask->bits), sizeof(*(mask->bits))), (1 << 6));
                                                                                                                         ^
fs/pipe.acc: In function ‘long unsigned int stack_frame(task_struct*, pt_regs*)’:
fs/pipe.acc:49001:113: warning: taking address of temporary [-fpermissive]
  return *(unsigned long *)__get__ZN13thread_struct2spE_1534(&__get__ZN11task_struct6threadE_1535(&task->thread).sp);
                                                                                                                 ^
fs/pipe.acc: In function ‘void* arch_compat_alloc_user_space(long int)’:
fs/pipe.acc:50007:153: warning: taking address of temporary [-fpermissive]
   sp = __get__ZN7pt_regs2spE_1547(&((struct pt_regs *)__get__ZN13thread_struct3sp0E_1548(&__get__ZN11task_struct6threadE_1549(&(get_current())->thread).sp0) - 1)->sp);
                                                                                                                                                         ^
fs/pipe.acc: In function ‘pinctrl* pinctrl_get_select(device*, char*)’:
fs/pipe.acc:50687:28: warning: invalid conversion from ‘void*’ to ‘pinctrl*’ [-fpermissive]
   return ERR_PTR(PTR_ERR(s));
                            ^
fs/pipe.acc:50693:21: warning: invalid conversion from ‘void*’ to ‘pinctrl*’ [-fpermissive]
   return ERR_PTR(ret);
                     ^
fs/pipe.acc: In function ‘pinctrl* devm_pinctrl_get_select(device*, char*)’:
fs/pipe.acc:50719:20: warning: invalid conversion from ‘void*’ to ‘pinctrl*’ [-fpermissive]
   return ERR_CAST(s);
                    ^
fs/pipe.acc:50725:21: warning: invalid conversion from ‘void*’ to ‘pinctrl*’ [-fpermissive]
   return ERR_PTR(ret);
                     ^
