drivers/tty/tty_io.acc: In function ‘void list_del(list_head*)’:
drivers/tty/tty_io.acc:795:14: warning: invalid conversion from ‘void*’ to ‘list_head*’ [-fpermissive]
  entry->next = ((void *) 0x00100100 + (0xdead000000000000UL));
              ^
drivers/tty/tty_io.acc:796:14: warning: invalid conversion from ‘void*’ to ‘list_head*’ [-fpermissive]
  entry->prev = ((void *) 0x00200200 + (0xdead000000000000UL));
              ^
drivers/tty/tty_io.acc: In function ‘void hlist_del(hlist_node*)’:
drivers/tty/tty_io.acc:1771:10: warning: invalid conversion from ‘void*’ to ‘hlist_node*’ [-fpermissive]
  n->next = ((void *) 0x00100100 + (0xdead000000000000UL));
          ^
drivers/tty/tty_io.acc:1772:11: warning: invalid conversion from ‘void*’ to ‘hlist_node**’ [-fpermissive]
  n->pprev = ((void *) 0x00200200 + (0xdead000000000000UL));
           ^
drivers/tty/tty_io.acc: In function ‘int timer_pending(timer_list*)’:
drivers/tty/tty_io.acc:15663:88: warning: taking address of temporary [-fpermissive]
  return __get__ZN9list_head4nextE_343(&__get__ZN10timer_list5entryE_344(&timer->entry).next) != 0;
                                                                                        ^
drivers/tty/tty_io.acc: At global scope:
drivers/tty/tty_io.acc:20078:80: warning: invalid conversion from ‘void*’ to ‘long unsigned int*’ [-fpermissive]
 static unsigned long * vvaraddr_jiffies = (void *)((-10*1024*1024 - 4096) + (0));
                                                                                ^
drivers/tty/tty_io.acc:20079:76: warning: invalid conversion from ‘void*’ to ‘int*’ [-fpermissive]
 static int * vvaraddr_vgetcpu_mode = (void *)((-10*1024*1024 - 4096) + (16));
                                                                            ^
drivers/tty/tty_io.acc:20080:105: warning: invalid conversion from ‘void*’ to ‘vsyscall_gtod_data*’ [-fpermissive]
 static struct vsyscall_gtod_data * vvaraddr_vsyscall_gtod_data = (void *)((-10*1024*1024 - 4096) + (128));
                                                                                                         ^
drivers/tty/tty_io.acc: In function ‘zone_type gfp_zone(gfp_t)’:
drivers/tty/tty_io.acc:22684:274: warning: invalid conversion from ‘int’ to ‘zone_type’ [-fpermissive]
  z = (( (ZONE_NORMAL << 0 * 2) | (ZONE_DMA << 0x01u * 2) | (ZONE_NORMAL << 0x02u * 2) | (ZONE_DMA32 << 0x04u * 2) | (ZONE_NORMAL << 0x08u * 2) | (ZONE_DMA << (0x08u | 0x01u) * 2) | (ZONE_MOVABLE << (0x08u | 0x02u) * 2) | (ZONE_DMA32 << (0x08u | 0x04u) * 2) ) >> (bit * 2)) &
                                                                                                                                                                                                                                                                                  ^
drivers/tty/tty_io.acc: In function ‘pid_namespace* ns_of_pid(pid*)’:
drivers/tty/tty_io.acc:24930:113: warning: taking address of temporary [-fpermissive]
   ns = __get__ZN4upid2nsE_626(&__get__ZN3pid7numbersE_627(&pid->numbers[__get__ZN3pid5levelE_628(&pid->level)]).ns);
                                                                                                                 ^
drivers/tty/tty_io.acc: In function ‘bool is_child_reaper(pid*)’:
drivers/tty/tty_io.acc:25047:114: warning: taking address of temporary [-fpermissive]
  return __get__ZN4upid2nrE_629(&__get__ZN3pid7numbersE_630(&pid->numbers[__get__ZN3pid5levelE_631(&pid->level)]).nr) == 1;
                                                                                                                  ^
drivers/tty/tty_io.acc: In function ‘pid_t pid_nr(pid*)’:
drivers/tty/tty_io.acc:25123:77: warning: taking address of temporary [-fpermissive]
   nr = __get__ZN4upid2nrE_632(&__get__ZN3pid7numbersE_633(&pid->numbers[0]).nr);
                                                                             ^
drivers/tty/tty_io.acc: In function ‘void list_del_rcu(list_head*)’:
drivers/tty/tty_io.acc:25607:14: warning: invalid conversion from ‘void*’ to ‘list_head*’ [-fpermissive]
  entry->prev = ((void *) 0x00200200 + (0xdead000000000000UL));
              ^
drivers/tty/tty_io.acc: In function ‘void list_replace_rcu(list_head*, list_head*)’:
drivers/tty/tty_io.acc:25693:12: warning: invalid conversion from ‘void*’ to ‘list_head*’ [-fpermissive]
  old->prev = ((void *) 0x00200200 + (0xdead000000000000UL));
            ^
drivers/tty/tty_io.acc: In function ‘void hlist_del_rcu(hlist_node*)’:
drivers/tty/tty_io.acc:25827:11: warning: invalid conversion from ‘void*’ to ‘hlist_node**’ [-fpermissive]
  n->pprev = ((void *) 0x00200200 + (0xdead000000000000UL));
           ^
drivers/tty/tty_io.acc: In function ‘void hlist_replace_rcu(hlist_node*, hlist_node*)’:
drivers/tty/tty_io.acc:25909:13: warning: invalid conversion from ‘void*’ to ‘hlist_node**’ [-fpermissive]
  old->pprev = ((void *) 0x00200200 + (0xdead000000000000UL));
             ^
drivers/tty/tty_io.acc: At global scope:
drivers/tty/tty_io.acc:27721:16: warning: declaration of ‘int (* ctl_table::proc_handler)(ctl_table*, int, void*, size_t*, loff_t*)’ [-fpermissive]
  proc_handler *proc_handler;
                ^
drivers/tty/tty_io.acc:27677:13: warning: changes meaning of ‘proc_handler’ from ‘typedef int proc_handler(struct ctl_table*, int, void*, size_t*, loff_t*)’ [-fpermissive]
 typedef int proc_handler (struct ctl_table *ctl, int write,
             ^
drivers/tty/tty_io.acc: In function ‘task_struct* next_thread(task_struct*)’:
drivers/tty/tty_io.acc:31091:176: warning: taking address of temporary [-fpermissive]
  return ({typeof (*p->thread_group.next) *__ptr = (typeof (*p->thread_group.next) *)__get__ZN9list_head4nextE_753(&__get__ZN11task_struct12thread_groupE_754(&p->thread_group).next); ({ typeof( ((struct task_struct *)0)->thread_group ) *__mptr = ((typeof(p->thread_group.next))(__ptr)); (struct task_struct *)( (char *)__mptr - ((size_t) &((struct task_struct *)0)->thread_group) );}); })
                                                                                                                                                                                ^
drivers/tty/tty_io.acc: In function ‘void hlist_bl_del(hlist_bl_node*)’:
drivers/tty/tty_io.acc:33030:10: warning: invalid conversion from ‘void*’ to ‘hlist_bl_node*’ [-fpermissive]
  n->next = ((void *) 0x00100100 + (0xdead000000000000UL));
          ^
drivers/tty/tty_io.acc:33031:11: warning: invalid conversion from ‘void*’ to ‘hlist_bl_node**’ [-fpermissive]
  n->pprev = ((void *) 0x00200200 + (0xdead000000000000UL));
           ^
drivers/tty/tty_io.acc: In function ‘void hlist_bl_del_rcu(hlist_bl_node*)’:
drivers/tty/tty_io.acc:33118:11: warning: invalid conversion from ‘void*’ to ‘hlist_bl_node**’ [-fpermissive]
  n->pprev = ((void *) 0x00200200 + (0xdead000000000000UL));
           ^
drivers/tty/tty_io.acc: In function ‘int dname_external(dentry*)’:
drivers/tty/tty_io.acc:33414:81: warning: taking address of temporary [-fpermissive]
  return __get__ZN4qstr4nameE_824(&__get__ZN6dentry6d_nameE_825(&dentry->d_name).name) != __get__ZN6dentry7d_inameE_826(dentry->d_iname);
                                                                                 ^
drivers/tty/tty_io.acc: In function ‘bool dir_emit_dot(file*, dir_context*)’:
drivers/tty/tty_io.acc:38712:135: warning: taking address of temporary [-fpermissive]
      __get__ZN5inode5i_inoE_939(&__get__ZN6dentry7d_inodeE_940(&__get__ZN4path6dentryE_941(&__get__ZN4file6f_pathE_942(&file->f_path).dentry)->d_inode)->i_ino), 4) == 0;
                                                                                                                                       ^
drivers/tty/tty_io.acc: In function ‘bool dir_emit_dotdot(file*, dir_context*)’:
drivers/tty/tty_io.acc:38787:87: warning: taking address of temporary [-fpermissive]
      parent_ino(__get__ZN4path6dentryE_945(&__get__ZN4file6f_pathE_946(&file->f_path).dentry)), 4) == 0;
                                                                                       ^
drivers/tty/tty_io.acc: In function ‘void set_compound_page_dtor(page*, void (*)(page*))’:
drivers/tty/tty_io.acc:42658:19: warning: invalid conversion from ‘void*’ to ‘list_head*’ [-fpermissive]
  page[1].lru.next = (void *)dtor;
                   ^
drivers/tty/tty_io.acc: In function ‘void set_compound_order(page*, long unsigned int)’:
drivers/tty/tty_io.acc:42745:19: warning: invalid conversion from ‘void*’ to ‘list_head*’ [-fpermissive]
  page[1].lru.prev = (void *)order;
                   ^
drivers/tty/tty_io.acc: In function ‘zone_type page_zonenum(page*)’:
drivers/tty/tty_io.acc:42790:83: warning: invalid conversion from ‘long unsigned int’ to ‘zone_type’ [-fpermissive]
  return (page->flags >> (((((sizeof(unsigned long)*8) - 0) - 6) - 2) * (2 != 0))) & ((1UL << 2) - 1);
                                                                                   ^
drivers/tty/tty_io.acc: In function ‘void zone_page_state_add(long int, zone*, zone_stat_item)’:
drivers/tty/tty_io.acc:43035:55: warning: taking address of temporary [-fpermissive]
  atomic_long_add(x, &__get_vm_stat_1401(&vm_stat[item]));
                                                       ^
drivers/tty/tty_io.acc: In function ‘long unsigned int global_page_state(zone_stat_item)’:
drivers/tty/tty_io.acc:43075:62: warning: taking address of temporary [-fpermissive]
  long x = atomic_long_read(&__get_vm_stat_1402(&vm_stat[item]));
                                                              ^
drivers/tty/tty_io.acc: In function ‘int seq_nodemask(seq_file*, nodemask_t*)’:
drivers/tty/tty_io.acc:47678:121: warning: ISO C++ forbids casting to an array type ‘long unsigned int [1]’ [-fpermissive]
         return seq_bitmap(m, (typeof(mask->bits))g_map(__get__ZN9_nodemask4bitsE_1518(mask->bits), sizeof(*(mask->bits))), (1 << 6));
                                                                                                                         ^
drivers/tty/tty_io.acc: In function ‘pinctrl* pinctrl_get_select(device*, char*)’:
drivers/tty/tty_io.acc:47896:28: warning: invalid conversion from ‘void*’ to ‘pinctrl*’ [-fpermissive]
   return ERR_PTR(PTR_ERR(s));
                            ^
drivers/tty/tty_io.acc:47902:21: warning: invalid conversion from ‘void*’ to ‘pinctrl*’ [-fpermissive]
   return ERR_PTR(ret);
                     ^
drivers/tty/tty_io.acc: In function ‘pinctrl* devm_pinctrl_get_select(device*, char*)’:
drivers/tty/tty_io.acc:47928:20: warning: invalid conversion from ‘void*’ to ‘pinctrl*’ [-fpermissive]
   return ERR_CAST(s);
                    ^
drivers/tty/tty_io.acc:47934:21: warning: invalid conversion from ‘void*’ to ‘pinctrl*’ [-fpermissive]
   return ERR_PTR(ret);
                     ^
