net/ipv6/udp.acc: In function ‘void list_del(list_head*)’:
net/ipv6/udp.acc:9359:14: warning: invalid conversion from ‘void*’ to ‘list_head*’ [-fpermissive]
  entry->next = ((void *) 0x00100100 + (0xdead000000000000UL));
              ^
net/ipv6/udp.acc:9360:14: warning: invalid conversion from ‘void*’ to ‘list_head*’ [-fpermissive]
  entry->prev = ((void *) 0x00200200 + (0xdead000000000000UL));
              ^
net/ipv6/udp.acc: In function ‘void hlist_del(hlist_node*)’:
net/ipv6/udp.acc:10335:10: warning: invalid conversion from ‘void*’ to ‘hlist_node*’ [-fpermissive]
  n->next = ((void *) 0x00100100 + (0xdead000000000000UL));
          ^
net/ipv6/udp.acc:10336:11: warning: invalid conversion from ‘void*’ to ‘hlist_node**’ [-fpermissive]
  n->pprev = ((void *) 0x00200200 + (0xdead000000000000UL));
           ^
net/ipv6/udp.acc: In function ‘int timer_pending(timer_list*)’:
net/ipv6/udp.acc:12892:88: warning: taking address of temporary [-fpermissive]
  return __get__ZN9list_head4nextE_236(&__get__ZN10timer_list5entryE_237(&timer->entry).next) != 0;
                                                                                        ^
net/ipv6/udp.acc: In function ‘int seq_nodemask(seq_file*, nodemask_t*)’:
net/ipv6/udp.acc:17856:120: warning: ISO C++ forbids casting to an array type ‘long unsigned int [1]’ [-fpermissive]
         return seq_bitmap(m, (typeof(mask->bits))g_map(__get__ZN9_nodemask4bitsE_347(mask->bits), sizeof(*(mask->bits))), (1 << 6));
                                                                                                                        ^
net/ipv6/udp.acc: In function ‘pinctrl* pinctrl_get_select(device*, char*)’:
net/ipv6/udp.acc:18074:28: warning: invalid conversion from ‘void*’ to ‘pinctrl*’ [-fpermissive]
   return ERR_PTR(PTR_ERR(s));
                            ^
net/ipv6/udp.acc:18080:21: warning: invalid conversion from ‘void*’ to ‘pinctrl*’ [-fpermissive]
   return ERR_PTR(ret);
                     ^
net/ipv6/udp.acc: In function ‘pinctrl* devm_pinctrl_get_select(device*, char*)’:
net/ipv6/udp.acc:18106:20: warning: invalid conversion from ‘void*’ to ‘pinctrl*’ [-fpermissive]
   return ERR_CAST(s);
                    ^
net/ipv6/udp.acc:18112:21: warning: invalid conversion from ‘void*’ to ‘pinctrl*’ [-fpermissive]
   return ERR_PTR(ret);
                     ^
net/ipv6/udp.acc: At global scope:
net/ipv6/udp.acc:21911:80: warning: invalid conversion from ‘void*’ to ‘long unsigned int*’ [-fpermissive]
 static unsigned long * vvaraddr_jiffies = (void *)((-10*1024*1024 - 4096) + (0));
                                                                                ^
net/ipv6/udp.acc:21912:76: warning: invalid conversion from ‘void*’ to ‘int*’ [-fpermissive]
 static int * vvaraddr_vgetcpu_mode = (void *)((-10*1024*1024 - 4096) + (16));
                                                                            ^
net/ipv6/udp.acc:21913:105: warning: invalid conversion from ‘void*’ to ‘vsyscall_gtod_data*’ [-fpermissive]
 static struct vsyscall_gtod_data * vvaraddr_vsyscall_gtod_data = (void *)((-10*1024*1024 - 4096) + (128));
                                                                                                         ^
net/ipv6/udp.acc: In function ‘zone_type gfp_zone(gfp_t)’:
net/ipv6/udp.acc:23818:274: warning: invalid conversion from ‘int’ to ‘zone_type’ [-fpermissive]
  z = (( (ZONE_NORMAL << 0 * 2) | (ZONE_DMA << 0x01u * 2) | (ZONE_NORMAL << 0x02u * 2) | (ZONE_DMA32 << 0x04u * 2) | (ZONE_NORMAL << 0x08u * 2) | (ZONE_DMA << (0x08u | 0x01u) * 2) | (ZONE_MOVABLE << (0x08u | 0x02u) * 2) | (ZONE_DMA32 << (0x08u | 0x04u) * 2) ) >> (bit * 2)) &
                                                                                                                                                                                                                                                                                  ^
net/ipv6/udp.acc: In function ‘void list_del_rcu(list_head*)’:
net/ipv6/udp.acc:25108:14: warning: invalid conversion from ‘void*’ to ‘list_head*’ [-fpermissive]
  entry->prev = ((void *) 0x00200200 + (0xdead000000000000UL));
              ^
net/ipv6/udp.acc: In function ‘void list_replace_rcu(list_head*, list_head*)’:
net/ipv6/udp.acc:25194:12: warning: invalid conversion from ‘void*’ to ‘list_head*’ [-fpermissive]
  old->prev = ((void *) 0x00200200 + (0xdead000000000000UL));
            ^
net/ipv6/udp.acc: In function ‘void hlist_del_rcu(hlist_node*)’:
net/ipv6/udp.acc:25328:11: warning: invalid conversion from ‘void*’ to ‘hlist_node**’ [-fpermissive]
  n->pprev = ((void *) 0x00200200 + (0xdead000000000000UL));
           ^
net/ipv6/udp.acc: In function ‘void hlist_replace_rcu(hlist_node*, hlist_node*)’:
net/ipv6/udp.acc:25410:13: warning: invalid conversion from ‘void*’ to ‘hlist_node**’ [-fpermissive]
  old->pprev = ((void *) 0x00200200 + (0xdead000000000000UL));
             ^
net/ipv6/udp.acc: In function ‘void hlist_bl_del(hlist_bl_node*)’:
net/ipv6/udp.acc:26035:10: warning: invalid conversion from ‘void*’ to ‘hlist_bl_node*’ [-fpermissive]
  n->next = ((void *) 0x00100100 + (0xdead000000000000UL));
          ^
net/ipv6/udp.acc:26036:11: warning: invalid conversion from ‘void*’ to ‘hlist_bl_node**’ [-fpermissive]
  n->pprev = ((void *) 0x00200200 + (0xdead000000000000UL));
           ^
net/ipv6/udp.acc: In function ‘void hlist_bl_del_rcu(hlist_bl_node*)’:
net/ipv6/udp.acc:26123:11: warning: invalid conversion from ‘void*’ to ‘hlist_bl_node**’ [-fpermissive]
  n->pprev = ((void *) 0x00200200 + (0xdead000000000000UL));
           ^
net/ipv6/udp.acc: In function ‘int dname_external(dentry*)’:
net/ipv6/udp.acc:26419:81: warning: taking address of temporary [-fpermissive]
  return __get__ZN4qstr4nameE_602(&__get__ZN6dentry6d_nameE_603(&dentry->d_name).name) != __get__ZN6dentry7d_inameE_604(dentry->d_iname);
                                                                                 ^
net/ipv6/udp.acc: In function ‘pid_namespace* ns_of_pid(pid*)’:
net/ipv6/udp.acc:27655:113: warning: taking address of temporary [-fpermissive]
   ns = __get__ZN4upid2nsE_632(&__get__ZN3pid7numbersE_633(&pid->numbers[__get__ZN3pid5levelE_634(&pid->level)]).ns);
                                                                                                                 ^
net/ipv6/udp.acc: In function ‘bool is_child_reaper(pid*)’:
net/ipv6/udp.acc:27772:114: warning: taking address of temporary [-fpermissive]
  return __get__ZN4upid2nrE_635(&__get__ZN3pid7numbersE_636(&pid->numbers[__get__ZN3pid5levelE_637(&pid->level)]).nr) == 1;
                                                                                                                  ^
net/ipv6/udp.acc: In function ‘pid_t pid_nr(pid*)’:
net/ipv6/udp.acc:27848:77: warning: taking address of temporary [-fpermissive]
   nr = __get__ZN4upid2nrE_638(&__get__ZN3pid7numbersE_639(&pid->numbers[0]).nr);
                                                                             ^
net/ipv6/udp.acc: In function ‘bool dir_emit_dot(file*, dir_context*)’:
net/ipv6/udp.acc:32851:135: warning: taking address of temporary [-fpermissive]
      __get__ZN5inode5i_inoE_742(&__get__ZN6dentry7d_inodeE_743(&__get__ZN4path6dentryE_744(&__get__ZN4file6f_pathE_745(&file->f_path).dentry)->d_inode)->i_ino), 4) == 0;
                                                                                                                                       ^
net/ipv6/udp.acc: In function ‘bool dir_emit_dotdot(file*, dir_context*)’:
net/ipv6/udp.acc:32926:87: warning: taking address of temporary [-fpermissive]
      parent_ino(__get__ZN4path6dentryE_748(&__get__ZN4file6f_pathE_749(&file->f_path).dentry)), 4) == 0;
                                                                                       ^
net/ipv6/udp.acc: In function ‘void set_compound_page_dtor(page*, void (*)(page*))’:
net/ipv6/udp.acc:34680:19: warning: invalid conversion from ‘void*’ to ‘list_head*’ [-fpermissive]
  page[1].lru.next = (void *)dtor;
                   ^
net/ipv6/udp.acc: In function ‘void set_compound_order(page*, long unsigned int)’:
net/ipv6/udp.acc:34767:19: warning: invalid conversion from ‘void*’ to ‘list_head*’ [-fpermissive]
  page[1].lru.prev = (void *)order;
                   ^
net/ipv6/udp.acc: In function ‘zone_type page_zonenum(page*)’:
net/ipv6/udp.acc:34812:83: warning: invalid conversion from ‘long unsigned int’ to ‘zone_type’ [-fpermissive]
  return (page->flags >> (((((sizeof(unsigned long)*8) - 0) - 6) - 2) * (2 != 0))) & ((1UL << 2) - 1);
                                                                                   ^
net/ipv6/udp.acc: In function ‘void zone_page_state_add(long int, zone*, zone_stat_item)’:
net/ipv6/udp.acc:35057:55: warning: taking address of temporary [-fpermissive]
  atomic_long_add(x, &__get_vm_stat_1158(&vm_stat[item]));
                                                       ^
net/ipv6/udp.acc: In function ‘long unsigned int global_page_state(zone_stat_item)’:
net/ipv6/udp.acc:35097:62: warning: taking address of temporary [-fpermissive]
  long x = atomic_long_read(&__get_vm_stat_1159(&vm_stat[item]));
                                                              ^
net/ipv6/udp.acc: In function ‘bool dmaf_p_disabled_continue(dma_ctrl_flags)’:
net/ipv6/udp.acc:38176:49: warning: invalid conversion from ‘int’ to ‘dma_ctrl_flags’ [-fpermissive]
  enum dma_ctrl_flags mask = DMA_PREP_CONTINUE | DMA_PREP_PQ_DISABLE_P;
                                                 ^
net/ipv6/udp.acc: In function ‘void async_tx_ack(dma_async_tx_descriptor*)’:
net/ipv6/udp.acc:38237:12: warning: invalid conversion from ‘int’ to ‘dma_ctrl_flags’ [-fpermissive]
  tx->flags |= DMA_CTRL_ACK;
            ^
net/ipv6/udp.acc: In function ‘void async_tx_clear_ack(dma_async_tx_descriptor*)’:
net/ipv6/udp.acc:38242:12: warning: invalid conversion from ‘int’ to ‘dma_ctrl_flags’ [-fpermissive]
  tx->flags &= ~DMA_CTRL_ACK;
            ^
net/ipv6/udp.acc: At global scope:
net/ipv6/udp.acc:42623:16: warning: declaration of ‘int (* ctl_table::proc_handler)(ctl_table*, int, void*, size_t*, loff_t*)’ [-fpermissive]
  proc_handler *proc_handler;
                ^
net/ipv6/udp.acc:42579:13: warning: changes meaning of ‘proc_handler’ from ‘typedef int proc_handler(struct ctl_table*, int, void*, size_t*, loff_t*)’ [-fpermissive]
 typedef int proc_handler (struct ctl_table *ctl, int write,
             ^
net/ipv6/udp.acc: In function ‘task_struct* next_thread(task_struct*)’:
net/ipv6/udp.acc:45941:178: warning: taking address of temporary [-fpermissive]
  return ({typeof (*p->thread_group.next) *__ptr = (typeof (*p->thread_group.next) *)__get__ZN9list_head4nextE_1531(&__get__ZN11task_struct12thread_groupE_1532(&p->thread_group).next); ({ typeof( ((struct task_struct *)0)->thread_group ) *__mptr = ((typeof(p->thread_group.next))(__ptr)); (struct task_struct *)( (char *)__mptr - ((size_t) &((struct task_struct *)0)->thread_group) );}); })
                                                                                                                                                                                  ^
net/ipv6/udp.acc: In function ‘void* arch_compat_alloc_user_space(long int)’:
net/ipv6/udp.acc:47336:153: warning: taking address of temporary [-fpermissive]
   sp = __get__ZN7pt_regs2spE_1551(&((struct pt_regs *)__get__ZN13thread_struct3sp0E_1552(&__get__ZN11task_struct6threadE_1553(&(get_current())->thread).sp0) - 1)->sp);
                                                                                                                                                         ^
net/ipv6/udp.acc: In function ‘ts_config* alloc_ts_config(size_t, gfp_t)’:
net/ipv6/udp.acc:48555:73: warning: invalid conversion from ‘void*’ to ‘ts_config*’ [-fpermissive]
  conf = kzalloc((((sizeof(*conf)) + 8 -1) & ~(8 -1)) + payload, gfp_mask);
                                                                         ^
net/ipv6/udp.acc:48557:21: warning: invalid conversion from ‘void*’ to ‘ts_config*’ [-fpermissive]
   return ERR_PTR(-12);
                     ^
net/ipv6/udp.acc: In function ‘void hlist_nulls_del(hlist_nulls_node*)’:
net/ipv6/udp.acc:54667:11: warning: invalid conversion from ‘void*’ to ‘hlist_nulls_node**’ [-fpermissive]
  n->pprev = ((void *) 0x00200200 + (0xdead000000000000UL));
           ^
net/ipv6/udp.acc: In function ‘netdev_queue* netdev_get_tx_queue(net_device*, unsigned int)’:
net/ipv6/udp.acc:61732:92: warning: taking address of temporary [-fpermissive]
  return &__get__ZN10net_device3_txE_2016(&__get__ZN10net_device3_txE_2017(&dev->_tx)[index]);
                                                                                            ^
net/ipv6/udp.acc: In function ‘void netdev_for_each_tx_queue(net_device*, void (*)(net_device*, netdev_queue*, void*), void*)’:
net/ipv6/udp.acc:61849:89: warning: taking address of temporary [-fpermissive]
   f(dev, &__get__ZN10net_device3_txE_2019(&__get__ZN10net_device3_txE_2020(&dev->_tx)[i]), arg);
                                                                                         ^
net/ipv6/udp.acc: In function ‘net_device* next_net_device(net_device*)’:
net/ipv6/udp.acc:62322:92: warning: taking address of temporary [-fpermissive]
  lh = __get__ZN9list_head4nextE_2027(&__get__ZN10net_device8dev_listE_2028(&dev->dev_list).next);
                                                                                            ^
net/ipv6/udp.acc: In function ‘net_device* first_net_device(net*)’:
net/ipv6/udp.acc:62409:150: warning: taking address of temporary [-fpermissive]
   ({ typeof( ((struct net_device *)0)->dev_list ) *__mptr = (__get__ZN9list_head4nextE_2029(&__get__ZN3net13dev_base_headE_2030(&net->dev_base_head).next)); (struct net_device *)( (char *)__mptr - ((size_t) &((struct net_device *)0)->dev_list) );});
                                                                                                                                                      ^
net/ipv6/udp.acc: In function ‘void hlist_nulls_del_rcu(hlist_nulls_node*)’:
net/ipv6/udp.acc:66281:11: warning: invalid conversion from ‘void*’ to ‘hlist_nulls_node**’ [-fpermissive]
  n->pprev = ((void *) 0x00200200 + (0xdead000000000000UL));
           ^
net/ipv6/udp.acc: In function ‘nlattr* nlmsg_attrdata(nlmsghdr*, int)’:
net/ipv6/udp.acc:67238:38: warning: invalid conversion from ‘void*’ to ‘unsigned char*’ [-fpermissive]
  unsigned char *data = nlmsg_data(nlh);
                                      ^
net/ipv6/udp.acc: In function ‘sock* sk_next(sock*)’:
net/ipv6/udp.acc:69566:104: warning: taking address of temporary [-fpermissive]
  return __get__ZN10hlist_node4nextE_2300(&__get__ZN4sock11__sk_commonE_2302(&sk->__sk_common).skc_node.next) ?
                                                                                                        ^
net/ipv6/udp.acc:69567:163: warning: taking address of temporary [-fpermissive]
   ({ typeof( ((struct sock *)0)->__sk_common.skc_node ) *__mptr = (__get__ZN10hlist_node4nextE_2303(&__get__ZN4sock11__sk_commonE_2305(&sk->__sk_common).skc_node.next)); (struct sock *)( (char *)__mptr - ((size_t) &((struct sock *)0)->__sk_common.skc_node) );}) : 0;
                                                                                                                                                                   ^
net/ipv6/udp.acc: In function ‘sock* sk_nulls_next(sock*)’:
net/ipv6/udp.acc:69712:129: warning: taking address of temporary [-fpermissive]
  return (!is_a_nulls(__get__ZN16hlist_nulls_node4nextE_2306(&__get__ZN4sock11__sk_commonE_2308(&sk->__sk_common).skc_nulls_node.next))) ?
                                                                                                                                 ^
net/ipv6/udp.acc:69713:181: warning: taking address of temporary [-fpermissive]
   ({ typeof( ((struct sock *)0)->__sk_common.skc_nulls_node ) *__mptr = (__get__ZN16hlist_nulls_node4nextE_2309(&__get__ZN4sock11__sk_commonE_2311(&sk->__sk_common).skc_nulls_node.next)); (struct sock *)( (char *)__mptr - ((size_t) &((struct sock *)0)->__sk_common.skc_nulls_node) );})
                                                                                                                                                                                     ^
net/ipv6/udp.acc: In function ‘u32 jhash(void*, u32, u32)’:
net/ipv6/udp.acc:74170:10: warning: invalid conversion from ‘void*’ to ‘u8* {aka unsigned char*}’ [-fpermissive]
  u8 *k = key;
          ^
net/ipv6/udp.acc: In function ‘request_sock* reqsk_alloc(request_sock_ops*)’:
net/ipv6/udp.acc:74365:115: warning: invalid conversion from ‘void*’ to ‘request_sock*’ [-fpermissive]
  struct request_sock *req = kmem_cache_alloc(__get__ZN16request_sock_ops4slabE_2516(&ops->slab), ((( gfp_t)0x20u)));
                                                                                                                   ^
net/ipv6/udp.acc: In function ‘int fastopen_init_queue(sock*, int)’:
net/ipv6/udp.acc:77539:62: warning: invalid conversion from ‘void*’ to ‘fastopen_queue*’ [-fpermissive]
       __get__ZN4sock13sk_allocationE_2596(&sk->sk_allocation));
                                                              ^
net/ipv6/udp.acc: In function ‘u32 ndisc_hashfn(void*, net_device*, __u32*)’:
net/ipv6/udp.acc:79766:13: warning: invalid conversion from ‘void*’ to ‘u32* {aka unsigned int*}’ [-fpermissive]
  u32 *p32 = pkey;
             ^
net/ipv6/udp.acc: In function ‘neighbour* __ipv6_neigh_lookup_noref(net_device*, void*)’:
net/ipv6/udp.acc:79777:13: warning: invalid conversion from ‘void*’ to ‘u32* {aka unsigned int*}’ [-fpermissive]
  u32 *p32 = pkey;
             ^
net/ipv6/udp.acc: In function ‘int __ipv6_addr_diff32(void*, void*, int)’:
net/ipv6/udp.acc:81395:15: warning: invalid conversion from ‘void*’ to ‘__be32* {aka unsigned int*}’ [-fpermissive]
  __be32 *a1 = token1, *a2 = token2;
               ^
net/ipv6/udp.acc:81395:29: warning: invalid conversion from ‘void*’ to ‘__be32* {aka unsigned int*}’ [-fpermissive]
  __be32 *a1 = token1, *a2 = token2;
                             ^
net/ipv6/udp.acc: In function ‘int __ipv6_addr_diff64(void*, void*, int)’:
net/ipv6/udp.acc:81411:15: warning: invalid conversion from ‘void*’ to ‘__be64* {aka long long unsigned int*}’ [-fpermissive]
  __be64 *a1 = token1, *a2 = token2;
               ^
net/ipv6/udp.acc:81411:29: warning: invalid conversion from ‘void*’ to ‘__be64* {aka long long unsigned int*}’ [-fpermissive]
  __be64 *a1 = token1, *a2 = token2;
                             ^
net/ipv6/udp.acc: In function ‘raw_iter_state* raw_seq_private(seq_file*)’:
net/ipv6/udp.acc:82530:14: warning: invalid conversion from ‘void*’ to ‘raw_iter_state*’ [-fpermissive]
  return seq->_private;
              ^
net/ipv6/udp.acc: In function ‘void ip_select_ident(sk_buff*, dst_entry*, sock*)’:
net/ipv6/udp.acc:83551:102: warning: taking address of temporary [-fpermissive]
   iph->id = (sk && __get__ZN4sock11__sk_commonE_2745(&__get__ZN9inet_sock2skE_2746(&inet_sk(sk)->sk).__sk_common).skc_daddr) ?
                                                                                                      ^
net/ipv6/udp.acc: In function ‘void ip_select_ident_more(sk_buff*, dst_entry*, sock*, int)’:
net/ipv6/udp.acc:83772:95: warning: taking address of temporary [-fpermissive]
   if (sk && __get__ZN4sock11__sk_commonE_2750(&__get__ZN9inet_sock2skE_2751(&inet_sk(sk)->sk).__sk_common).skc_daddr) {
                                                                                               ^
net/ipv6/udp.acc: In function ‘bool addr_match(void*, void*, int)’:
net/ipv6/udp.acc:86800:15: warning: invalid conversion from ‘void*’ to ‘__be32* {aka unsigned int*}’ [-fpermissive]
  __be32 *a1 = token1;
               ^
net/ipv6/udp.acc:86801:15: warning: invalid conversion from ‘void*’ to ‘__be32* {aka unsigned int*}’ [-fpermissive]
  __be32 *a2 = token2;
               ^
net/ipv6/udp.acc: In function ‘udp_hslot* udp_hashslot(_udp_table*, net*, unsigned int)’:
net/ipv6/udp.acc:90165:160: warning: taking address of temporary [-fpermissive]
  return &__get__ZN10_udp_table4hashE_3101(&__get__ZN10_udp_table4hashE_3102(&table->hash)[udp_hashfn(net, num, __get__ZN10_udp_table4maskE_3103(&table->mask))]);
                                                                                                                                                                ^
net/ipv6/udp.acc: In function ‘udp_hslot* udp_hashslot2(_udp_table*, unsigned int)’:
net/ipv6/udp.acc:90276:148: warning: taking address of temporary [-fpermissive]
  return &__get__ZN10_udp_table5hash2E_3104(&__get__ZN10_udp_table5hash2E_3105(&table->hash2)[hash & __get__ZN10_udp_table4maskE_3106(&table->mask)]);
                                                                                                                                                    ^
net/ipv6/udp.acc: In function ‘int udp6_seq_show(seq_file*, void*)’:
net/ipv6/udp.acc:91438:139: warning: taking address of temporary [-fpermissive]
   __u16 destp = (__builtin_constant_p((__u16)(( __u16)(__be16)(__get__ZN4sock11__sk_commonE_3162(&__get__ZN9inet_sock2skE_3163(&inet->sk).__sk_common).skc_dport))) ? ((__u16)( (((__u16)(( __u16)(__be16)(__get__ZN4sock11__sk_commonE_3165(&__get__ZN9inet_sock2skE_3166(&inet->sk).__sk_common).skc_dport)) & (__u16)0x00ffU) << 8) | (((__u16)(( __u16)(__be16)(__get__ZN4sock11__sk_commonE_3168(&__get__ZN9inet_sock2skE_3169(&inet->sk).__sk_common).skc_dport)) & (__u16)0xff00U) >> 8))) : __fswab16(( __u16)(__be16)(__get__ZN4sock11__sk_commonE_3171(&__get__ZN9inet_sock2skE_3172(&inet->sk).__sk_common).skc_dport)));
                                                                                                                                           ^
net/ipv6/udp.acc:91438:279: warning: taking address of temporary [-fpermissive]
   __u16 destp = (__builtin_constant_p((__u16)(( __u16)(__be16)(__get__ZN4sock11__sk_commonE_3162(&__get__ZN9inet_sock2skE_3163(&inet->sk).__sk_common).skc_dport))) ? ((__u16)( (((__u16)(( __u16)(__be16)(__get__ZN4sock11__sk_commonE_3165(&__get__ZN9inet_sock2skE_3166(&inet->sk).__sk_common).skc_dport)) & (__u16)0x00ffU) << 8) | (((__u16)(( __u16)(__be16)(__get__ZN4sock11__sk_commonE_3168(&__get__ZN9inet_sock2skE_3169(&inet->sk).__sk_common).skc_dport)) & (__u16)0xff00U) >> 8))) : __fswab16(( __u16)(__be16)(__get__ZN4sock11__sk_commonE_3171(&__get__ZN9inet_sock2skE_3172(&inet->sk).__sk_common).skc_dport)));
                                                                                                                                                                                                                                                                                       ^
net/ipv6/udp.acc:91438:432: warning: taking address of temporary [-fpermissive]
   __u16 destp = (__builtin_constant_p((__u16)(( __u16)(__be16)(__get__ZN4sock11__sk_commonE_3162(&__get__ZN9inet_sock2skE_3163(&inet->sk).__sk_common).skc_dport))) ? ((__u16)( (((__u16)(( __u16)(__be16)(__get__ZN4sock11__sk_commonE_3165(&__get__ZN9inet_sock2skE_3166(&inet->sk).__sk_common).skc_dport)) & (__u16)0x00ffU) << 8) | (((__u16)(( __u16)(__be16)(__get__ZN4sock11__sk_commonE_3168(&__get__ZN9inet_sock2skE_3169(&inet->sk).__sk_common).skc_dport)) & (__u16)0xff00U) >> 8))) : __fswab16(( __u16)(__be16)(__get__ZN4sock11__sk_commonE_3171(&__get__ZN9inet_sock2skE_3172(&inet->sk).__sk_common).skc_dport)));
                                                                                                                                                                                                                                                                                                                                                                                                                                                ^
net/ipv6/udp.acc:91438:587: warning: taking address of temporary [-fpermissive]
   __u16 destp = (__builtin_constant_p((__u16)(( __u16)(__be16)(__get__ZN4sock11__sk_commonE_3162(&__get__ZN9inet_sock2skE_3163(&inet->sk).__sk_common).skc_dport))) ? ((__u16)( (((__u16)(( __u16)(__be16)(__get__ZN4sock11__sk_commonE_3165(&__get__ZN9inet_sock2skE_3166(&inet->sk).__sk_common).skc_dport)) & (__u16)0x00ffU) << 8) | (((__u16)(( __u16)(__be16)(__get__ZN4sock11__sk_commonE_3168(&__get__ZN9inet_sock2skE_3169(&inet->sk).__sk_common).skc_dport)) & (__u16)0xff00U) >> 8))) : __fswab16(( __u16)(__be16)(__get__ZN4sock11__sk_commonE_3171(&__get__ZN9inet_sock2skE_3172(&inet->sk).__sk_common).skc_dport)));
                                                                                                                                                                                                                                                                                                                                                                                                                                                                                                                                                                                                           ^
