kernel/capability.acc: In function ‘void list_del(list_head*)’:
kernel/capability.acc:4153:14: warning: invalid conversion from ‘void*’ to ‘list_head*’ [-fpermissive]
  entry->next = ((void *) 0x00100100 + (0xdead000000000000UL));
              ^
kernel/capability.acc:4154:14: warning: invalid conversion from ‘void*’ to ‘list_head*’ [-fpermissive]
  entry->prev = ((void *) 0x00200200 + (0xdead000000000000UL));
              ^
kernel/capability.acc: In function ‘void hlist_del(hlist_node*)’:
kernel/capability.acc:5129:10: warning: invalid conversion from ‘void*’ to ‘hlist_node*’ [-fpermissive]
  n->next = ((void *) 0x00100100 + (0xdead000000000000UL));
          ^
kernel/capability.acc:5130:11: warning: invalid conversion from ‘void*’ to ‘hlist_node**’ [-fpermissive]
  n->pprev = ((void *) 0x00200200 + (0xdead000000000000UL));
           ^
kernel/capability.acc: In function ‘int timer_pending(timer_list*)’:
kernel/capability.acc:15209:88: warning: taking address of temporary [-fpermissive]
  return __get__ZN9list_head4nextE_302(&__get__ZN10timer_list5entryE_303(&timer->entry).next) != 0;
                                                                                        ^
kernel/capability.acc: At global scope:
kernel/capability.acc:19624:80: warning: invalid conversion from ‘void*’ to ‘long unsigned int*’ [-fpermissive]
 static unsigned long * vvaraddr_jiffies = (void *)((-10*1024*1024 - 4096) + (0));
                                                                                ^
kernel/capability.acc:19625:76: warning: invalid conversion from ‘void*’ to ‘int*’ [-fpermissive]
 static int * vvaraddr_vgetcpu_mode = (void *)((-10*1024*1024 - 4096) + (16));
                                                                            ^
kernel/capability.acc:19626:105: warning: invalid conversion from ‘void*’ to ‘vsyscall_gtod_data*’ [-fpermissive]
 static struct vsyscall_gtod_data * vvaraddr_vsyscall_gtod_data = (void *)((-10*1024*1024 - 4096) + (128));
                                                                                                         ^
kernel/capability.acc: In function ‘zone_type gfp_zone(gfp_t)’:
kernel/capability.acc:22230:274: warning: invalid conversion from ‘int’ to ‘zone_type’ [-fpermissive]
  z = (( (ZONE_NORMAL << 0 * 2) | (ZONE_DMA << 0x01u * 2) | (ZONE_NORMAL << 0x02u * 2) | (ZONE_DMA32 << 0x04u * 2) | (ZONE_NORMAL << 0x08u * 2) | (ZONE_DMA << (0x08u | 0x01u) * 2) | (ZONE_MOVABLE << (0x08u | 0x02u) * 2) | (ZONE_DMA32 << (0x08u | 0x04u) * 2) ) >> (bit * 2)) &
                                                                                                                                                                                                                                                                                  ^
kernel/capability.acc: In function ‘pid_namespace* ns_of_pid(pid*)’:
kernel/capability.acc:24902:113: warning: taking address of temporary [-fpermissive]
   ns = __get__ZN4upid2nsE_626(&__get__ZN3pid7numbersE_627(&pid->numbers[__get__ZN3pid5levelE_628(&pid->level)]).ns);
                                                                                                                 ^
kernel/capability.acc: In function ‘bool is_child_reaper(pid*)’:
kernel/capability.acc:25019:114: warning: taking address of temporary [-fpermissive]
  return __get__ZN4upid2nrE_629(&__get__ZN3pid7numbersE_630(&pid->numbers[__get__ZN3pid5levelE_631(&pid->level)]).nr) == 1;
                                                                                                                  ^
kernel/capability.acc: In function ‘pid_t pid_nr(pid*)’:
kernel/capability.acc:25095:77: warning: taking address of temporary [-fpermissive]
   nr = __get__ZN4upid2nrE_632(&__get__ZN3pid7numbersE_633(&pid->numbers[0]).nr);
                                                                             ^
kernel/capability.acc: In function ‘void list_del_rcu(list_head*)’:
kernel/capability.acc:25579:14: warning: invalid conversion from ‘void*’ to ‘list_head*’ [-fpermissive]
  entry->prev = ((void *) 0x00200200 + (0xdead000000000000UL));
              ^
kernel/capability.acc: In function ‘void list_replace_rcu(list_head*, list_head*)’:
kernel/capability.acc:25665:12: warning: invalid conversion from ‘void*’ to ‘list_head*’ [-fpermissive]
  old->prev = ((void *) 0x00200200 + (0xdead000000000000UL));
            ^
kernel/capability.acc: In function ‘void hlist_del_rcu(hlist_node*)’:
kernel/capability.acc:25799:11: warning: invalid conversion from ‘void*’ to ‘hlist_node**’ [-fpermissive]
  n->pprev = ((void *) 0x00200200 + (0xdead000000000000UL));
           ^
kernel/capability.acc: In function ‘void hlist_replace_rcu(hlist_node*, hlist_node*)’:
kernel/capability.acc:25881:13: warning: invalid conversion from ‘void*’ to ‘hlist_node**’ [-fpermissive]
  old->pprev = ((void *) 0x00200200 + (0xdead000000000000UL));
             ^
kernel/capability.acc: At global scope:
kernel/capability.acc:27693:16: warning: declaration of ‘int (* ctl_table::proc_handler)(ctl_table*, int, void*, size_t*, loff_t*)’ [-fpermissive]
  proc_handler *proc_handler;
                ^
kernel/capability.acc:27649:13: warning: changes meaning of ‘proc_handler’ from ‘typedef int proc_handler(struct ctl_table*, int, void*, size_t*, loff_t*)’ [-fpermissive]
 typedef int proc_handler (struct ctl_table *ctl, int write,
             ^
kernel/capability.acc: In function ‘task_struct* next_thread(task_struct*)’:
kernel/capability.acc:31063:176: warning: taking address of temporary [-fpermissive]
  return ({typeof (*p->thread_group.next) *__ptr = (typeof (*p->thread_group.next) *)__get__ZN9list_head4nextE_753(&__get__ZN11task_struct12thread_groupE_754(&p->thread_group).next); ({ typeof( ((struct task_struct *)0)->thread_group ) *__mptr = ((typeof(p->thread_group.next))(__ptr)); (struct task_struct *)( (char *)__mptr - ((size_t) &((struct task_struct *)0)->thread_group) );}); })
                                                                                                                                                                                ^
kernel/capability.acc: In function ‘void hlist_bl_del(hlist_bl_node*)’:
kernel/capability.acc:33552:10: warning: invalid conversion from ‘void*’ to ‘hlist_bl_node*’ [-fpermissive]
  n->next = ((void *) 0x00100100 + (0xdead000000000000UL));
          ^
kernel/capability.acc:33553:11: warning: invalid conversion from ‘void*’ to ‘hlist_bl_node**’ [-fpermissive]
  n->pprev = ((void *) 0x00200200 + (0xdead000000000000UL));
           ^
kernel/capability.acc: In function ‘void hlist_bl_del_rcu(hlist_bl_node*)’:
kernel/capability.acc:33640:11: warning: invalid conversion from ‘void*’ to ‘hlist_bl_node**’ [-fpermissive]
  n->pprev = ((void *) 0x00200200 + (0xdead000000000000UL));
           ^
kernel/capability.acc: In function ‘int dname_external(dentry*)’:
kernel/capability.acc:33936:81: warning: taking address of temporary [-fpermissive]
  return __get__ZN4qstr4nameE_798(&__get__ZN6dentry6d_nameE_799(&dentry->d_name).name) != __get__ZN6dentry7d_inameE_800(dentry->d_iname);
                                                                                 ^
kernel/capability.acc: In function ‘bool dir_emit_dot(file*, dir_context*)’:
kernel/capability.acc:39361:135: warning: taking address of temporary [-fpermissive]
      __get__ZN5inode5i_inoE_915(&__get__ZN6dentry7d_inodeE_916(&__get__ZN4path6dentryE_917(&__get__ZN4file6f_pathE_918(&file->f_path).dentry)->d_inode)->i_ino), 4) == 0;
                                                                                                                                       ^
kernel/capability.acc: In function ‘bool dir_emit_dotdot(file*, dir_context*)’:
kernel/capability.acc:39436:87: warning: taking address of temporary [-fpermissive]
      parent_ino(__get__ZN4path6dentryE_921(&__get__ZN4file6f_pathE_922(&file->f_path).dentry)), 4) == 0;
                                                                                       ^
kernel/capability.acc: In function ‘void set_compound_page_dtor(page*, void (*)(page*))’:
kernel/capability.acc:41190:19: warning: invalid conversion from ‘void*’ to ‘list_head*’ [-fpermissive]
  page[1].lru.next = (void *)dtor;
                   ^
kernel/capability.acc: In function ‘void set_compound_order(page*, long unsigned int)’:
kernel/capability.acc:41277:19: warning: invalid conversion from ‘void*’ to ‘list_head*’ [-fpermissive]
  page[1].lru.prev = (void *)order;
                   ^
kernel/capability.acc: In function ‘zone_type page_zonenum(page*)’:
kernel/capability.acc:41322:83: warning: invalid conversion from ‘long unsigned int’ to ‘zone_type’ [-fpermissive]
  return (page->flags >> (((((sizeof(unsigned long)*8) - 0) - 6) - 2) * (2 != 0))) & ((1UL << 2) - 1);
                                                                                   ^
kernel/capability.acc: In function ‘void zone_page_state_add(long int, zone*, zone_stat_item)’:
kernel/capability.acc:41567:55: warning: taking address of temporary [-fpermissive]
  atomic_long_add(x, &__get_vm_stat_1331(&vm_stat[item]));
                                                       ^
kernel/capability.acc: In function ‘long unsigned int global_page_state(zone_stat_item)’:
kernel/capability.acc:41607:62: warning: taking address of temporary [-fpermissive]
  long x = atomic_long_read(&__get_vm_stat_1332(&vm_stat[item]));
                                                              ^
kernel/capability.acc: In function ‘int seq_nodemask(seq_file*, nodemask_t*)’:
kernel/capability.acc:46000:121: warning: ISO C++ forbids casting to an array type ‘long unsigned int [1]’ [-fpermissive]
         return seq_bitmap(m, (typeof(mask->bits))g_map(__get__ZN9_nodemask4bitsE_1445(mask->bits), sizeof(*(mask->bits))), (1 << 6));
                                                                                                                         ^
kernel/capability.acc: In function ‘long unsigned int stack_frame(task_struct*, pt_regs*)’:
kernel/capability.acc:47263:113: warning: taking address of temporary [-fpermissive]
  return *(unsigned long *)__get__ZN13thread_struct2spE_1489(&__get__ZN11task_struct6threadE_1490(&task->thread).sp);
                                                                                                                 ^
kernel/capability.acc: In function ‘void* arch_compat_alloc_user_space(long int)’:
kernel/capability.acc:48269:153: warning: taking address of temporary [-fpermissive]
   sp = __get__ZN7pt_regs2spE_1502(&((struct pt_regs *)__get__ZN13thread_struct3sp0E_1503(&__get__ZN11task_struct6threadE_1504(&(get_current())->thread).sp0) - 1)->sp);
                                                                                                                                                         ^
kernel/capability.acc: In function ‘pinctrl* pinctrl_get_select(device*, char*)’:
kernel/capability.acc:48949:28: warning: invalid conversion from ‘void*’ to ‘pinctrl*’ [-fpermissive]
   return ERR_PTR(PTR_ERR(s));
                            ^
kernel/capability.acc:48955:21: warning: invalid conversion from ‘void*’ to ‘pinctrl*’ [-fpermissive]
   return ERR_PTR(ret);
                     ^
kernel/capability.acc: In function ‘pinctrl* devm_pinctrl_get_select(device*, char*)’:
kernel/capability.acc:48981:20: warning: invalid conversion from ‘void*’ to ‘pinctrl*’ [-fpermissive]
   return ERR_CAST(s);
                    ^
kernel/capability.acc:48987:21: warning: invalid conversion from ‘void*’ to ‘pinctrl*’ [-fpermissive]
   return ERR_PTR(ret);
                     ^
