kernel/cred.acc: In function ‘void list_del(list_head*)’:
kernel/cred.acc:1321:14: warning: invalid conversion from ‘void*’ to ‘list_head*’ [-fpermissive]
  entry->next = ((void *) 0x00100100 + (0xdead000000000000UL));
              ^
kernel/cred.acc:1322:14: warning: invalid conversion from ‘void*’ to ‘list_head*’ [-fpermissive]
  entry->prev = ((void *) 0x00200200 + (0xdead000000000000UL));
              ^
kernel/cred.acc: In function ‘void hlist_del(hlist_node*)’:
kernel/cred.acc:2297:10: warning: invalid conversion from ‘void*’ to ‘hlist_node*’ [-fpermissive]
  n->next = ((void *) 0x00100100 + (0xdead000000000000UL));
          ^
kernel/cred.acc:2298:11: warning: invalid conversion from ‘void*’ to ‘hlist_node**’ [-fpermissive]
  n->pprev = ((void *) 0x00200200 + (0xdead000000000000UL));
           ^
kernel/cred.acc: At global scope:
kernel/cred.acc:13088:16: warning: declaration of ‘int (* ctl_table::proc_handler)(ctl_table*, int, void*, size_t*, loff_t*)’ [-fpermissive]
  proc_handler *proc_handler;
                ^
kernel/cred.acc:13044:13: warning: changes meaning of ‘proc_handler’ from ‘typedef int proc_handler(struct ctl_table*, int, void*, size_t*, loff_t*)’ [-fpermissive]
 typedef int proc_handler (struct ctl_table *ctl, int write,
             ^
kernel/cred.acc: In function ‘int timer_pending(timer_list*)’:
kernel/cred.acc:17296:88: warning: taking address of temporary [-fpermissive]
  return __get__ZN9list_head4nextE_336(&__get__ZN10timer_list5entryE_337(&timer->entry).next) != 0;
                                                                                        ^
kernel/cred.acc: At global scope:
kernel/cred.acc:21245:80: warning: invalid conversion from ‘void*’ to ‘long unsigned int*’ [-fpermissive]
 static unsigned long * vvaraddr_jiffies = (void *)((-10*1024*1024 - 4096) + (0));
                                                                                ^
kernel/cred.acc:21246:76: warning: invalid conversion from ‘void*’ to ‘int*’ [-fpermissive]
 static int * vvaraddr_vgetcpu_mode = (void *)((-10*1024*1024 - 4096) + (16));
                                                                            ^
kernel/cred.acc:21247:105: warning: invalid conversion from ‘void*’ to ‘vsyscall_gtod_data*’ [-fpermissive]
 static struct vsyscall_gtod_data * vvaraddr_vsyscall_gtod_data = (void *)((-10*1024*1024 - 4096) + (128));
                                                                                                         ^
kernel/cred.acc: In function ‘zone_type gfp_zone(gfp_t)’:
kernel/cred.acc:23152:274: warning: invalid conversion from ‘int’ to ‘zone_type’ [-fpermissive]
  z = (( (ZONE_NORMAL << 0 * 2) | (ZONE_DMA << 0x01u * 2) | (ZONE_NORMAL << 0x02u * 2) | (ZONE_DMA32 << 0x04u * 2) | (ZONE_NORMAL << 0x08u * 2) | (ZONE_DMA << (0x08u | 0x01u) * 2) | (ZONE_MOVABLE << (0x08u | 0x02u) * 2) | (ZONE_DMA32 << (0x08u | 0x04u) * 2) ) >> (bit * 2)) &
                                                                                                                                                                                                                                                                                  ^
kernel/cred.acc: In function ‘pid_namespace* ns_of_pid(pid*)’:
kernel/cred.acc:27330:113: warning: taking address of temporary [-fpermissive]
   ns = __get__ZN4upid2nsE_632(&__get__ZN3pid7numbersE_633(&pid->numbers[__get__ZN3pid5levelE_634(&pid->level)]).ns);
                                                                                                                 ^
kernel/cred.acc: In function ‘bool is_child_reaper(pid*)’:
kernel/cred.acc:27447:114: warning: taking address of temporary [-fpermissive]
  return __get__ZN4upid2nrE_635(&__get__ZN3pid7numbersE_636(&pid->numbers[__get__ZN3pid5levelE_637(&pid->level)]).nr) == 1;
                                                                                                                  ^
kernel/cred.acc: In function ‘pid_t pid_nr(pid*)’:
kernel/cred.acc:27523:77: warning: taking address of temporary [-fpermissive]
   nr = __get__ZN4upid2nrE_638(&__get__ZN3pid7numbersE_639(&pid->numbers[0]).nr);
                                                                             ^
kernel/cred.acc: In function ‘void list_del_rcu(list_head*)’:
kernel/cred.acc:28007:14: warning: invalid conversion from ‘void*’ to ‘list_head*’ [-fpermissive]
  entry->prev = ((void *) 0x00200200 + (0xdead000000000000UL));
              ^
kernel/cred.acc: In function ‘void list_replace_rcu(list_head*, list_head*)’:
kernel/cred.acc:28093:12: warning: invalid conversion from ‘void*’ to ‘list_head*’ [-fpermissive]
  old->prev = ((void *) 0x00200200 + (0xdead000000000000UL));
            ^
kernel/cred.acc: In function ‘void hlist_del_rcu(hlist_node*)’:
kernel/cred.acc:28227:11: warning: invalid conversion from ‘void*’ to ‘hlist_node**’ [-fpermissive]
  n->pprev = ((void *) 0x00200200 + (0xdead000000000000UL));
           ^
kernel/cred.acc: In function ‘void hlist_replace_rcu(hlist_node*, hlist_node*)’:
kernel/cred.acc:28309:13: warning: invalid conversion from ‘void*’ to ‘hlist_node**’ [-fpermissive]
  old->pprev = ((void *) 0x00200200 + (0xdead000000000000UL));
             ^
kernel/cred.acc: In function ‘task_struct* next_thread(task_struct*)’:
kernel/cred.acc:31971:176: warning: taking address of temporary [-fpermissive]
  return ({typeof (*p->thread_group.next) *__ptr = (typeof (*p->thread_group.next) *)__get__ZN9list_head4nextE_758(&__get__ZN11task_struct12thread_groupE_759(&p->thread_group).next); ({ typeof( ((struct task_struct *)0)->thread_group ) *__mptr = ((typeof(p->thread_group.next))(__ptr)); (struct task_struct *)( (char *)__mptr - ((size_t) &((struct task_struct *)0)->thread_group) );}); })
                                                                                                                                                                                ^
kernel/cred.acc: In function ‘void hlist_bl_del(hlist_bl_node*)’:
kernel/cred.acc:34136:10: warning: invalid conversion from ‘void*’ to ‘hlist_bl_node*’ [-fpermissive]
  n->next = ((void *) 0x00100100 + (0xdead000000000000UL));
          ^
kernel/cred.acc:34137:11: warning: invalid conversion from ‘void*’ to ‘hlist_bl_node**’ [-fpermissive]
  n->pprev = ((void *) 0x00200200 + (0xdead000000000000UL));
           ^
kernel/cred.acc: In function ‘void hlist_bl_del_rcu(hlist_bl_node*)’:
kernel/cred.acc:34224:11: warning: invalid conversion from ‘void*’ to ‘hlist_bl_node**’ [-fpermissive]
  n->pprev = ((void *) 0x00200200 + (0xdead000000000000UL));
           ^
kernel/cred.acc: In function ‘int dname_external(dentry*)’:
kernel/cred.acc:34520:81: warning: taking address of temporary [-fpermissive]
  return __get__ZN4qstr4nameE_801(&__get__ZN6dentry6d_nameE_802(&dentry->d_name).name) != __get__ZN6dentry7d_inameE_803(dentry->d_iname);
                                                                                 ^
kernel/cred.acc: In function ‘bool dir_emit_dot(file*, dir_context*)’:
kernel/cred.acc:39772:135: warning: taking address of temporary [-fpermissive]
      __get__ZN5inode5i_inoE_916(&__get__ZN6dentry7d_inodeE_917(&__get__ZN4path6dentryE_918(&__get__ZN4file6f_pathE_919(&file->f_path).dentry)->d_inode)->i_ino), 4) == 0;
                                                                                                                                       ^
kernel/cred.acc: In function ‘bool dir_emit_dotdot(file*, dir_context*)’:
kernel/cred.acc:39847:87: warning: taking address of temporary [-fpermissive]
      parent_ino(__get__ZN4path6dentryE_922(&__get__ZN4file6f_pathE_923(&file->f_path).dentry)), 4) == 0;
                                                                                       ^
kernel/cred.acc: In function ‘void* arch_compat_alloc_user_space(long int)’:
kernel/cred.acc:40457:150: warning: taking address of temporary [-fpermissive]
   sp = __get__ZN7pt_regs2spE_930(&((struct pt_regs *)__get__ZN13thread_struct3sp0E_931(&__get__ZN11task_struct6threadE_932(&(get_current())->thread).sp0) - 1)->sp);
                                                                                                                                                      ^
kernel/cred.acc: In function ‘void set_compound_page_dtor(page*, void (*)(page*))’:
kernel/cred.acc:42860:19: warning: invalid conversion from ‘void*’ to ‘list_head*’ [-fpermissive]
  page[1].lru.next = (void *)dtor;
                   ^
kernel/cred.acc: In function ‘void set_compound_order(page*, long unsigned int)’:
kernel/cred.acc:42947:19: warning: invalid conversion from ‘void*’ to ‘list_head*’ [-fpermissive]
  page[1].lru.prev = (void *)order;
                   ^
kernel/cred.acc: In function ‘zone_type page_zonenum(page*)’:
kernel/cred.acc:42992:83: warning: invalid conversion from ‘long unsigned int’ to ‘zone_type’ [-fpermissive]
  return (page->flags >> (((((sizeof(unsigned long)*8) - 0) - 6) - 2) * (2 != 0))) & ((1UL << 2) - 1);
                                                                                   ^
kernel/cred.acc: In function ‘void zone_page_state_add(long int, zone*, zone_stat_item)’:
kernel/cred.acc:43237:55: warning: taking address of temporary [-fpermissive]
  atomic_long_add(x, &__get_vm_stat_1356(&vm_stat[item]));
                                                       ^
kernel/cred.acc: In function ‘long unsigned int global_page_state(zone_stat_item)’:
kernel/cred.acc:43277:62: warning: taking address of temporary [-fpermissive]
  long x = atomic_long_read(&__get_vm_stat_1357(&vm_stat[item]));
                                                              ^
kernel/cred.acc: In function ‘ts_config* alloc_ts_config(size_t, gfp_t)’:
kernel/cred.acc:47540:73: warning: invalid conversion from ‘void*’ to ‘ts_config*’ [-fpermissive]
  conf = kzalloc((((sizeof(*conf)) + 8 -1) & ~(8 -1)) + payload, gfp_mask);
                                                                         ^
kernel/cred.acc:47542:21: warning: invalid conversion from ‘void*’ to ‘ts_config*’ [-fpermissive]
   return ERR_PTR(-12);
                     ^
kernel/cred.acc: In function ‘int seq_nodemask(seq_file*, nodemask_t*)’:
kernel/cred.acc:47978:121: warning: ISO C++ forbids casting to an array type ‘long unsigned int [1]’ [-fpermissive]
         return seq_bitmap(m, (typeof(mask->bits))g_map(__get__ZN9_nodemask4bitsE_1475(mask->bits), sizeof(*(mask->bits))), (1 << 6));
                                                                                                                         ^
kernel/cred.acc: In function ‘pinctrl* pinctrl_get_select(device*, char*)’:
kernel/cred.acc:48196:28: warning: invalid conversion from ‘void*’ to ‘pinctrl*’ [-fpermissive]
   return ERR_PTR(PTR_ERR(s));
                            ^
kernel/cred.acc:48202:21: warning: invalid conversion from ‘void*’ to ‘pinctrl*’ [-fpermissive]
   return ERR_PTR(ret);
                     ^
kernel/cred.acc: In function ‘pinctrl* devm_pinctrl_get_select(device*, char*)’:
kernel/cred.acc:48228:20: warning: invalid conversion from ‘void*’ to ‘pinctrl*’ [-fpermissive]
   return ERR_CAST(s);
                    ^
kernel/cred.acc:48234:21: warning: invalid conversion from ‘void*’ to ‘pinctrl*’ [-fpermissive]
   return ERR_PTR(ret);
                     ^
kernel/cred.acc: In function ‘bool dmaf_p_disabled_continue(dma_ctrl_flags)’:
kernel/cred.acc:49928:49: warning: invalid conversion from ‘int’ to ‘dma_ctrl_flags’ [-fpermissive]
  enum dma_ctrl_flags mask = DMA_PREP_CONTINUE | DMA_PREP_PQ_DISABLE_P;
                                                 ^
kernel/cred.acc: In function ‘void async_tx_ack(dma_async_tx_descriptor*)’:
kernel/cred.acc:49989:12: warning: invalid conversion from ‘int’ to ‘dma_ctrl_flags’ [-fpermissive]
  tx->flags |= DMA_CTRL_ACK;
            ^
kernel/cred.acc: In function ‘void async_tx_clear_ack(dma_async_tx_descriptor*)’:
kernel/cred.acc:49994:12: warning: invalid conversion from ‘int’ to ‘dma_ctrl_flags’ [-fpermissive]
  tx->flags &= ~DMA_CTRL_ACK;
            ^
kernel/cred.acc: In function ‘void hlist_nulls_del(hlist_nulls_node*)’:
kernel/cred.acc:54443:11: warning: invalid conversion from ‘void*’ to ‘hlist_nulls_node**’ [-fpermissive]
  n->pprev = ((void *) 0x00200200 + (0xdead000000000000UL));
           ^
