kernel/delayacct.acc: In function ‘void list_del(list_head*)’:
kernel/delayacct.acc:4153:14: warning: invalid conversion from ‘void*’ to ‘list_head*’ [-fpermissive]
  entry->next = ((void *) 0x00100100 + (0xdead000000000000UL));
              ^
kernel/delayacct.acc:4154:14: warning: invalid conversion from ‘void*’ to ‘list_head*’ [-fpermissive]
  entry->prev = ((void *) 0x00200200 + (0xdead000000000000UL));
              ^
kernel/delayacct.acc: In function ‘void hlist_del(hlist_node*)’:
kernel/delayacct.acc:5129:10: warning: invalid conversion from ‘void*’ to ‘hlist_node*’ [-fpermissive]
  n->next = ((void *) 0x00100100 + (0xdead000000000000UL));
          ^
kernel/delayacct.acc:5130:11: warning: invalid conversion from ‘void*’ to ‘hlist_node**’ [-fpermissive]
  n->pprev = ((void *) 0x00200200 + (0xdead000000000000UL));
           ^
kernel/delayacct.acc: In function ‘int timer_pending(timer_list*)’:
kernel/delayacct.acc:15209:88: warning: taking address of temporary [-fpermissive]
  return __get__ZN9list_head4nextE_302(&__get__ZN10timer_list5entryE_303(&timer->entry).next) != 0;
                                                                                        ^
kernel/delayacct.acc: At global scope:
kernel/delayacct.acc:19624:80: warning: invalid conversion from ‘void*’ to ‘long unsigned int*’ [-fpermissive]
 static unsigned long * vvaraddr_jiffies = (void *)((-10*1024*1024 - 4096) + (0));
                                                                                ^
kernel/delayacct.acc:19625:76: warning: invalid conversion from ‘void*’ to ‘int*’ [-fpermissive]
 static int * vvaraddr_vgetcpu_mode = (void *)((-10*1024*1024 - 4096) + (16));
                                                                            ^
kernel/delayacct.acc:19626:105: warning: invalid conversion from ‘void*’ to ‘vsyscall_gtod_data*’ [-fpermissive]
 static struct vsyscall_gtod_data * vvaraddr_vsyscall_gtod_data = (void *)((-10*1024*1024 - 4096) + (128));
                                                                                                         ^
kernel/delayacct.acc: In function ‘zone_type gfp_zone(gfp_t)’:
kernel/delayacct.acc:22230:274: warning: invalid conversion from ‘int’ to ‘zone_type’ [-fpermissive]
  z = (( (ZONE_NORMAL << 0 * 2) | (ZONE_DMA << 0x01u * 2) | (ZONE_NORMAL << 0x02u * 2) | (ZONE_DMA32 << 0x04u * 2) | (ZONE_NORMAL << 0x08u * 2) | (ZONE_DMA << (0x08u | 0x01u) * 2) | (ZONE_MOVABLE << (0x08u | 0x02u) * 2) | (ZONE_DMA32 << (0x08u | 0x04u) * 2) ) >> (bit * 2)) &
                                                                                                                                                                                                                                                                                  ^
kernel/delayacct.acc: In function ‘pid_namespace* ns_of_pid(pid*)’:
kernel/delayacct.acc:24902:113: warning: taking address of temporary [-fpermissive]
   ns = __get__ZN4upid2nsE_626(&__get__ZN3pid7numbersE_627(&pid->numbers[__get__ZN3pid5levelE_628(&pid->level)]).ns);
                                                                                                                 ^
kernel/delayacct.acc: In function ‘bool is_child_reaper(pid*)’:
kernel/delayacct.acc:25019:114: warning: taking address of temporary [-fpermissive]
  return __get__ZN4upid2nrE_629(&__get__ZN3pid7numbersE_630(&pid->numbers[__get__ZN3pid5levelE_631(&pid->level)]).nr) == 1;
                                                                                                                  ^
kernel/delayacct.acc: In function ‘pid_t pid_nr(pid*)’:
kernel/delayacct.acc:25095:77: warning: taking address of temporary [-fpermissive]
   nr = __get__ZN4upid2nrE_632(&__get__ZN3pid7numbersE_633(&pid->numbers[0]).nr);
                                                                             ^
kernel/delayacct.acc: In function ‘void list_del_rcu(list_head*)’:
kernel/delayacct.acc:25579:14: warning: invalid conversion from ‘void*’ to ‘list_head*’ [-fpermissive]
  entry->prev = ((void *) 0x00200200 + (0xdead000000000000UL));
              ^
kernel/delayacct.acc: In function ‘void list_replace_rcu(list_head*, list_head*)’:
kernel/delayacct.acc:25665:12: warning: invalid conversion from ‘void*’ to ‘list_head*’ [-fpermissive]
  old->prev = ((void *) 0x00200200 + (0xdead000000000000UL));
            ^
kernel/delayacct.acc: In function ‘void hlist_del_rcu(hlist_node*)’:
kernel/delayacct.acc:25799:11: warning: invalid conversion from ‘void*’ to ‘hlist_node**’ [-fpermissive]
  n->pprev = ((void *) 0x00200200 + (0xdead000000000000UL));
           ^
kernel/delayacct.acc: In function ‘void hlist_replace_rcu(hlist_node*, hlist_node*)’:
kernel/delayacct.acc:25881:13: warning: invalid conversion from ‘void*’ to ‘hlist_node**’ [-fpermissive]
  old->pprev = ((void *) 0x00200200 + (0xdead000000000000UL));
             ^
kernel/delayacct.acc: At global scope:
kernel/delayacct.acc:27693:16: warning: declaration of ‘int (* ctl_table::proc_handler)(ctl_table*, int, void*, size_t*, loff_t*)’ [-fpermissive]
  proc_handler *proc_handler;
                ^
kernel/delayacct.acc:27649:13: warning: changes meaning of ‘proc_handler’ from ‘typedef int proc_handler(struct ctl_table*, int, void*, size_t*, loff_t*)’ [-fpermissive]
 typedef int proc_handler (struct ctl_table *ctl, int write,
             ^
kernel/delayacct.acc: In function ‘task_struct* next_thread(task_struct*)’:
kernel/delayacct.acc:31063:176: warning: taking address of temporary [-fpermissive]
  return ({typeof (*p->thread_group.next) *__ptr = (typeof (*p->thread_group.next) *)__get__ZN9list_head4nextE_753(&__get__ZN11task_struct12thread_groupE_754(&p->thread_group).next); ({ typeof( ((struct task_struct *)0)->thread_group ) *__mptr = ((typeof(p->thread_group.next))(__ptr)); (struct task_struct *)( (char *)__mptr - ((size_t) &((struct task_struct *)0)->thread_group) );}); })
                                                                                                                                                                                ^
