kernel/pid.acc: In function ‘void list_del(list_head*)’:
kernel/pid.acc:819:14: warning: invalid conversion from ‘void*’ to ‘list_head*’ [-fpermissive]
  entry->next = ((void *) 0x00100100 + (0xdead000000000000UL));
              ^
kernel/pid.acc:820:14: warning: invalid conversion from ‘void*’ to ‘list_head*’ [-fpermissive]
  entry->prev = ((void *) 0x00200200 + (0xdead000000000000UL));
              ^
kernel/pid.acc: In function ‘void hlist_del(hlist_node*)’:
kernel/pid.acc:1795:10: warning: invalid conversion from ‘void*’ to ‘hlist_node*’ [-fpermissive]
  n->next = ((void *) 0x00100100 + (0xdead000000000000UL));
          ^
kernel/pid.acc:1796:11: warning: invalid conversion from ‘void*’ to ‘hlist_node**’ [-fpermissive]
  n->pprev = ((void *) 0x00200200 + (0xdead000000000000UL));
           ^
kernel/pid.acc: In function ‘int timer_pending(timer_list*)’:
kernel/pid.acc:15136:88: warning: taking address of temporary [-fpermissive]
  return __get__ZN9list_head4nextE_324(&__get__ZN10timer_list5entryE_325(&timer->entry).next) != 0;
                                                                                        ^
kernel/pid.acc: At global scope:
kernel/pid.acc:19139:80: warning: invalid conversion from ‘void*’ to ‘long unsigned int*’ [-fpermissive]
 static unsigned long * vvaraddr_jiffies = (void *)((-10*1024*1024 - 4096) + (0));
                                                                                ^
kernel/pid.acc:19140:76: warning: invalid conversion from ‘void*’ to ‘int*’ [-fpermissive]
 static int * vvaraddr_vgetcpu_mode = (void *)((-10*1024*1024 - 4096) + (16));
                                                                            ^
kernel/pid.acc:19141:105: warning: invalid conversion from ‘void*’ to ‘vsyscall_gtod_data*’ [-fpermissive]
 static struct vsyscall_gtod_data * vvaraddr_vsyscall_gtod_data = (void *)((-10*1024*1024 - 4096) + (128));
                                                                                                         ^
kernel/pid.acc: In function ‘zone_type gfp_zone(gfp_t)’:
kernel/pid.acc:21046:274: warning: invalid conversion from ‘int’ to ‘zone_type’ [-fpermissive]
  z = (( (ZONE_NORMAL << 0 * 2) | (ZONE_DMA << 0x01u * 2) | (ZONE_NORMAL << 0x02u * 2) | (ZONE_DMA32 << 0x04u * 2) | (ZONE_NORMAL << 0x08u * 2) | (ZONE_DMA << (0x08u | 0x01u) * 2) | (ZONE_MOVABLE << (0x08u | 0x02u) * 2) | (ZONE_DMA32 << (0x08u | 0x04u) * 2) ) >> (bit * 2)) &
                                                                                                                                                                                                                                                                                  ^
kernel/pid.acc: In function ‘void list_del_rcu(list_head*)’:
kernel/pid.acc:22096:14: warning: invalid conversion from ‘void*’ to ‘list_head*’ [-fpermissive]
  entry->prev = ((void *) 0x00200200 + (0xdead000000000000UL));
              ^
kernel/pid.acc: In function ‘void list_replace_rcu(list_head*, list_head*)’:
kernel/pid.acc:22182:12: warning: invalid conversion from ‘void*’ to ‘list_head*’ [-fpermissive]
  old->prev = ((void *) 0x00200200 + (0xdead000000000000UL));
            ^
kernel/pid.acc: In function ‘void hlist_del_rcu(hlist_node*)’:
kernel/pid.acc:22316:11: warning: invalid conversion from ‘void*’ to ‘hlist_node**’ [-fpermissive]
  n->pprev = ((void *) 0x00200200 + (0xdead000000000000UL));
           ^
kernel/pid.acc: In function ‘void hlist_replace_rcu(hlist_node*, hlist_node*)’:
kernel/pid.acc:22398:13: warning: invalid conversion from ‘void*’ to ‘hlist_node**’ [-fpermissive]
  old->pprev = ((void *) 0x00200200 + (0xdead000000000000UL));
             ^
kernel/pid.acc: In function ‘void hlist_bl_del(hlist_bl_node*)’:
kernel/pid.acc:22832:10: warning: invalid conversion from ‘void*’ to ‘hlist_bl_node*’ [-fpermissive]
  n->next = ((void *) 0x00100100 + (0xdead000000000000UL));
          ^
kernel/pid.acc:22833:11: warning: invalid conversion from ‘void*’ to ‘hlist_bl_node**’ [-fpermissive]
  n->pprev = ((void *) 0x00200200 + (0xdead000000000000UL));
           ^
kernel/pid.acc: In function ‘void hlist_bl_del_rcu(hlist_bl_node*)’:
kernel/pid.acc:22920:11: warning: invalid conversion from ‘void*’ to ‘hlist_bl_node**’ [-fpermissive]
  n->pprev = ((void *) 0x00200200 + (0xdead000000000000UL));
           ^
kernel/pid.acc: In function ‘int dname_external(dentry*)’:
kernel/pid.acc:23216:81: warning: taking address of temporary [-fpermissive]
  return __get__ZN4qstr4nameE_527(&__get__ZN6dentry6d_nameE_528(&dentry->d_name).name) != __get__ZN6dentry7d_inameE_529(dentry->d_iname);
                                                                                 ^
kernel/pid.acc: In function ‘pid_namespace* ns_of_pid(pid*)’:
kernel/pid.acc:24647:113: warning: taking address of temporary [-fpermissive]
   ns = __get__ZN4upid2nsE_559(&__get__ZN3pid7numbersE_560(&pid->numbers[__get__ZN3pid5levelE_561(&pid->level)]).ns);
                                                                                                                 ^
kernel/pid.acc: In function ‘bool is_child_reaper(pid*)’:
kernel/pid.acc:24764:114: warning: taking address of temporary [-fpermissive]
  return __get__ZN4upid2nrE_562(&__get__ZN3pid7numbersE_563(&pid->numbers[__get__ZN3pid5levelE_564(&pid->level)]).nr) == 1;
                                                                                                                  ^
kernel/pid.acc: In function ‘pid_t pid_nr(pid*)’:
kernel/pid.acc:24840:77: warning: taking address of temporary [-fpermissive]
   nr = __get__ZN4upid2nrE_565(&__get__ZN3pid7numbersE_566(&pid->numbers[0]).nr);
                                                                             ^
kernel/pid.acc: In function ‘bool dir_emit_dot(file*, dir_context*)’:
kernel/pid.acc:29872:135: warning: taking address of temporary [-fpermissive]
      __get__ZN5inode5i_inoE_669(&__get__ZN6dentry7d_inodeE_670(&__get__ZN4path6dentryE_671(&__get__ZN4file6f_pathE_672(&file->f_path).dentry)->d_inode)->i_ino), 4) == 0;
                                                                                                                                       ^
kernel/pid.acc: In function ‘bool dir_emit_dotdot(file*, dir_context*)’:
kernel/pid.acc:29947:87: warning: taking address of temporary [-fpermissive]
      parent_ino(__get__ZN4path6dentryE_675(&__get__ZN4file6f_pathE_676(&file->f_path).dentry)), 4) == 0;
                                                                                       ^
kernel/pid.acc: In function ‘void set_compound_page_dtor(page*, void (*)(page*))’:
kernel/pid.acc:31701:19: warning: invalid conversion from ‘void*’ to ‘list_head*’ [-fpermissive]
  page[1].lru.next = (void *)dtor;
                   ^
kernel/pid.acc: In function ‘void set_compound_order(page*, long unsigned int)’:
kernel/pid.acc:31788:19: warning: invalid conversion from ‘void*’ to ‘list_head*’ [-fpermissive]
  page[1].lru.prev = (void *)order;
                   ^
kernel/pid.acc: In function ‘zone_type page_zonenum(page*)’:
kernel/pid.acc:31833:83: warning: invalid conversion from ‘long unsigned int’ to ‘zone_type’ [-fpermissive]
  return (page->flags >> (((((sizeof(unsigned long)*8) - 0) - 6) - 2) * (2 != 0))) & ((1UL << 2) - 1);
                                                                                   ^
kernel/pid.acc: In function ‘void zone_page_state_add(long int, zone*, zone_stat_item)’:
kernel/pid.acc:32078:55: warning: taking address of temporary [-fpermissive]
  atomic_long_add(x, &__get_vm_stat_1085(&vm_stat[item]));
                                                       ^
kernel/pid.acc: In function ‘long unsigned int global_page_state(zone_stat_item)’:
kernel/pid.acc:32118:62: warning: taking address of temporary [-fpermissive]
  long x = atomic_long_read(&__get_vm_stat_1086(&vm_stat[item]));
                                                              ^
kernel/pid.acc: At global scope:
kernel/pid.acc:39717:16: warning: declaration of ‘int (* ctl_table::proc_handler)(ctl_table*, int, void*, size_t*, loff_t*)’ [-fpermissive]
  proc_handler *proc_handler;
                ^
kernel/pid.acc:39673:13: warning: changes meaning of ‘proc_handler’ from ‘typedef int proc_handler(struct ctl_table*, int, void*, size_t*, loff_t*)’ [-fpermissive]
 typedef int proc_handler (struct ctl_table *ctl, int write,
             ^
kernel/pid.acc: In function ‘task_struct* next_thread(task_struct*)’:
kernel/pid.acc:43035:178: warning: taking address of temporary [-fpermissive]
  return ({typeof (*p->thread_group.next) *__ptr = (typeof (*p->thread_group.next) *)__get__ZN9list_head4nextE_1385(&__get__ZN11task_struct12thread_groupE_1386(&p->thread_group).next); ({ typeof( ((struct task_struct *)0)->thread_group ) *__mptr = ((typeof(p->thread_group.next))(__ptr)); (struct task_struct *)( (char *)__mptr - ((size_t) &((struct task_struct *)0)->thread_group) );}); })
                                                                                                                                                                                  ^
kernel/pid.acc: In function ‘void* arch_compat_alloc_user_space(long int)’:
kernel/pid.acc:45384:153: warning: taking address of temporary [-fpermissive]
   sp = __get__ZN7pt_regs2spE_1421(&((struct pt_regs *)__get__ZN13thread_struct3sp0E_1422(&__get__ZN11task_struct6threadE_1423(&(get_current())->thread).sp0) - 1)->sp);
                                                                                                                                                         ^
kernel/pid.acc: In function ‘ts_config* alloc_ts_config(size_t, gfp_t)’:
kernel/pid.acc:47827:73: warning: invalid conversion from ‘void*’ to ‘ts_config*’ [-fpermissive]
  conf = kzalloc((((sizeof(*conf)) + 8 -1) & ~(8 -1)) + payload, gfp_mask);
                                                                         ^
kernel/pid.acc:47829:21: warning: invalid conversion from ‘void*’ to ‘ts_config*’ [-fpermissive]
   return ERR_PTR(-12);
                     ^
kernel/pid.acc: In function ‘int seq_nodemask(seq_file*, nodemask_t*)’:
kernel/pid.acc:48265:121: warning: ISO C++ forbids casting to an array type ‘long unsigned int [1]’ [-fpermissive]
         return seq_bitmap(m, (typeof(mask->bits))g_map(__get__ZN9_nodemask4bitsE_1475(mask->bits), sizeof(*(mask->bits))), (1 << 6));
                                                                                                                         ^
kernel/pid.acc: In function ‘pinctrl* pinctrl_get_select(device*, char*)’:
kernel/pid.acc:48483:28: warning: invalid conversion from ‘void*’ to ‘pinctrl*’ [-fpermissive]
   return ERR_PTR(PTR_ERR(s));
                            ^
kernel/pid.acc:48489:21: warning: invalid conversion from ‘void*’ to ‘pinctrl*’ [-fpermissive]
   return ERR_PTR(ret);
                     ^
kernel/pid.acc: In function ‘pinctrl* devm_pinctrl_get_select(device*, char*)’:
kernel/pid.acc:48515:20: warning: invalid conversion from ‘void*’ to ‘pinctrl*’ [-fpermissive]
   return ERR_CAST(s);
                    ^
kernel/pid.acc:48521:21: warning: invalid conversion from ‘void*’ to ‘pinctrl*’ [-fpermissive]
   return ERR_PTR(ret);
                     ^
kernel/pid.acc: In function ‘bool dmaf_p_disabled_continue(dma_ctrl_flags)’:
kernel/pid.acc:50215:49: warning: invalid conversion from ‘int’ to ‘dma_ctrl_flags’ [-fpermissive]
  enum dma_ctrl_flags mask = DMA_PREP_CONTINUE | DMA_PREP_PQ_DISABLE_P;
                                                 ^
kernel/pid.acc: In function ‘void async_tx_ack(dma_async_tx_descriptor*)’:
kernel/pid.acc:50276:12: warning: invalid conversion from ‘int’ to ‘dma_ctrl_flags’ [-fpermissive]
  tx->flags |= DMA_CTRL_ACK;
            ^
kernel/pid.acc: In function ‘void async_tx_clear_ack(dma_async_tx_descriptor*)’:
kernel/pid.acc:50281:12: warning: invalid conversion from ‘int’ to ‘dma_ctrl_flags’ [-fpermissive]
  tx->flags &= ~DMA_CTRL_ACK;
            ^
kernel/pid.acc: In function ‘void hlist_nulls_del(hlist_nulls_node*)’:
kernel/pid.acc:54730:11: warning: invalid conversion from ‘void*’ to ‘hlist_nulls_node**’ [-fpermissive]
  n->pprev = ((void *) 0x00200200 + (0xdead000000000000UL));
           ^
kernel/pid.acc: In function ‘long unsigned int stack_frame(task_struct*, pt_regs*)’:
kernel/pid.acc:57304:113: warning: taking address of temporary [-fpermissive]
  return *(unsigned long *)__get__ZN13thread_struct2spE_1922(&__get__ZN11task_struct6threadE_1923(&task->thread).sp);
                                                                                                                 ^
kernel/pid.acc: In function ‘pid* find_pid_ns(int, pid_namespace*)’:
kernel/pid.acc:59893:177: warning: taking address of temporary [-fpermissive]
         struct hlist_head *head = &__get_pid_hash_1951(&__get_pid_hash_1952(&pid_hash)[hash_64((unsigned long)nr + (unsigned long)ns, __get_pidhash_shift_1953(&pidhash_shift))]);
                                                                                                                                                                                 ^
kernel/pid.acc: In function ‘task_struct* pid_task(pid*, pid_type)’:
kernel/pid.acc:60003:105: warning: taking address of temporary [-fpermissive]
                 first = __get__ZN10hlist_head5firstE_1961(&(&__get__ZN3pid5tasksE_1962(&pid->tasks[type]))->first);
                                                                                                         ^
kernel/pid.acc:60003:109: warning: taking address of temporary [-fpermissive]
                 first = __get__ZN10hlist_head5firstE_1961(&(&__get__ZN3pid5tasksE_1962(&pid->tasks[type]))->first);
                                                                                                             ^
kernel/pid.acc: In function ‘pid_t pid_nr_ns(pid*, pid_namespace*)’:
kernel/pid.acc:60350:102: warning: taking address of temporary [-fpermissive]
   upid = &__get__ZN3pid7numbersE_1970(&pid->numbers[__get__ZN13pid_namespace5levelE_1971(&ns->level)]);
                                                                                                      ^
