kernel/time.acc: In function ‘void list_del(list_head*)’:
kernel/time.acc:3643:14: warning: invalid conversion from ‘void*’ to ‘list_head*’ [-fpermissive]
  entry->next = ((void *) 0x00100100 + (0xdead000000000000UL));
              ^
kernel/time.acc:3644:14: warning: invalid conversion from ‘void*’ to ‘list_head*’ [-fpermissive]
  entry->prev = ((void *) 0x00200200 + (0xdead000000000000UL));
              ^
kernel/time.acc: In function ‘void hlist_del(hlist_node*)’:
kernel/time.acc:4619:10: warning: invalid conversion from ‘void*’ to ‘hlist_node*’ [-fpermissive]
  n->next = ((void *) 0x00100100 + (0xdead000000000000UL));
          ^
kernel/time.acc:4620:11: warning: invalid conversion from ‘void*’ to ‘hlist_node**’ [-fpermissive]
  n->pprev = ((void *) 0x00200200 + (0xdead000000000000UL));
           ^
kernel/time.acc: In function ‘int timer_pending(timer_list*)’:
kernel/time.acc:12551:88: warning: taking address of temporary [-fpermissive]
  return __get__ZN9list_head4nextE_240(&__get__ZN10timer_list5entryE_241(&timer->entry).next) != 0;
                                                                                        ^
kernel/time.acc: At global scope:
kernel/time.acc:19761:80: warning: invalid conversion from ‘void*’ to ‘long unsigned int*’ [-fpermissive]
 static unsigned long * vvaraddr_jiffies = (void *)((-10*1024*1024 - 4096) + (0));
                                                                                ^
kernel/time.acc:19762:76: warning: invalid conversion from ‘void*’ to ‘int*’ [-fpermissive]
 static int * vvaraddr_vgetcpu_mode = (void *)((-10*1024*1024 - 4096) + (16));
                                                                            ^
kernel/time.acc:19763:105: warning: invalid conversion from ‘void*’ to ‘vsyscall_gtod_data*’ [-fpermissive]
 static struct vsyscall_gtod_data * vvaraddr_vsyscall_gtod_data = (void *)((-10*1024*1024 - 4096) + (128));
                                                                                                         ^
kernel/time.acc:23120:16: warning: declaration of ‘int (* ctl_table::proc_handler)(ctl_table*, int, void*, size_t*, loff_t*)’ [-fpermissive]
  proc_handler *proc_handler;
                ^
kernel/time.acc:23076:13: warning: changes meaning of ‘proc_handler’ from ‘typedef int proc_handler(struct ctl_table*, int, void*, size_t*, loff_t*)’ [-fpermissive]
 typedef int proc_handler (struct ctl_table *ctl, int write,
             ^
kernel/time.acc: In function ‘zone_type gfp_zone(gfp_t)’:
kernel/time.acc:25525:274: warning: invalid conversion from ‘int’ to ‘zone_type’ [-fpermissive]
  z = (( (ZONE_NORMAL << 0 * 2) | (ZONE_DMA << 0x01u * 2) | (ZONE_NORMAL << 0x02u * 2) | (ZONE_DMA32 << 0x04u * 2) | (ZONE_NORMAL << 0x08u * 2) | (ZONE_DMA << (0x08u | 0x01u) * 2) | (ZONE_MOVABLE << (0x08u | 0x02u) * 2) | (ZONE_DMA32 << (0x08u | 0x04u) * 2) ) >> (bit * 2)) &
                                                                                                                                                                                                                                                                                  ^
kernel/time.acc: In function ‘void list_del_rcu(list_head*)’:
kernel/time.acc:25919:14: warning: invalid conversion from ‘void*’ to ‘list_head*’ [-fpermissive]
  entry->prev = ((void *) 0x00200200 + (0xdead000000000000UL));
              ^
kernel/time.acc: In function ‘void list_replace_rcu(list_head*, list_head*)’:
kernel/time.acc:26005:12: warning: invalid conversion from ‘void*’ to ‘list_head*’ [-fpermissive]
  old->prev = ((void *) 0x00200200 + (0xdead000000000000UL));
            ^
kernel/time.acc: In function ‘void hlist_del_rcu(hlist_node*)’:
kernel/time.acc:26139:11: warning: invalid conversion from ‘void*’ to ‘hlist_node**’ [-fpermissive]
  n->pprev = ((void *) 0x00200200 + (0xdead000000000000UL));
           ^
kernel/time.acc: In function ‘void hlist_replace_rcu(hlist_node*, hlist_node*)’:
kernel/time.acc:26221:13: warning: invalid conversion from ‘void*’ to ‘hlist_node**’ [-fpermissive]
  old->pprev = ((void *) 0x00200200 + (0xdead000000000000UL));
             ^
kernel/time.acc: In function ‘void hlist_bl_del(hlist_bl_node*)’:
kernel/time.acc:26655:10: warning: invalid conversion from ‘void*’ to ‘hlist_bl_node*’ [-fpermissive]
  n->next = ((void *) 0x00100100 + (0xdead000000000000UL));
          ^
kernel/time.acc:26656:11: warning: invalid conversion from ‘void*’ to ‘hlist_bl_node**’ [-fpermissive]
  n->pprev = ((void *) 0x00200200 + (0xdead000000000000UL));
           ^
kernel/time.acc: In function ‘void hlist_bl_del_rcu(hlist_bl_node*)’:
kernel/time.acc:26743:11: warning: invalid conversion from ‘void*’ to ‘hlist_bl_node**’ [-fpermissive]
  n->pprev = ((void *) 0x00200200 + (0xdead000000000000UL));
           ^
kernel/time.acc: In function ‘int dname_external(dentry*)’:
kernel/time.acc:27039:81: warning: taking address of temporary [-fpermissive]
  return __get__ZN4qstr4nameE_609(&__get__ZN6dentry6d_nameE_610(&dentry->d_name).name) != __get__ZN6dentry7d_inameE_611(dentry->d_iname);
                                                                                 ^
kernel/time.acc: In function ‘pid_namespace* ns_of_pid(pid*)’:
kernel/time.acc:28350:113: warning: taking address of temporary [-fpermissive]
   ns = __get__ZN4upid2nsE_639(&__get__ZN3pid7numbersE_640(&pid->numbers[__get__ZN3pid5levelE_641(&pid->level)]).ns);
                                                                                                                 ^
kernel/time.acc: In function ‘bool is_child_reaper(pid*)’:
kernel/time.acc:28467:114: warning: taking address of temporary [-fpermissive]
  return __get__ZN4upid2nrE_642(&__get__ZN3pid7numbersE_643(&pid->numbers[__get__ZN3pid5levelE_644(&pid->level)]).nr) == 1;
                                                                                                                  ^
kernel/time.acc: In function ‘pid_t pid_nr(pid*)’:
kernel/time.acc:28543:77: warning: taking address of temporary [-fpermissive]
   nr = __get__ZN4upid2nrE_645(&__get__ZN3pid7numbersE_646(&pid->numbers[0]).nr);
                                                                             ^
kernel/time.acc: In function ‘bool dir_emit_dot(file*, dir_context*)’:
kernel/time.acc:32318:135: warning: taking address of temporary [-fpermissive]
      __get__ZN5inode5i_inoE_716(&__get__ZN6dentry7d_inodeE_717(&__get__ZN4path6dentryE_718(&__get__ZN4file6f_pathE_719(&file->f_path).dentry)->d_inode)->i_ino), 4) == 0;
                                                                                                                                       ^
kernel/time.acc: In function ‘bool dir_emit_dotdot(file*, dir_context*)’:
kernel/time.acc:32393:87: warning: taking address of temporary [-fpermissive]
      parent_ino(__get__ZN4path6dentryE_722(&__get__ZN4file6f_pathE_723(&file->f_path).dentry)), 4) == 0;
                                                                                       ^
kernel/time.acc: In function ‘void set_compound_page_dtor(page*, void (*)(page*))’:
kernel/time.acc:34147:19: warning: invalid conversion from ‘void*’ to ‘list_head*’ [-fpermissive]
  page[1].lru.next = (void *)dtor;
                   ^
kernel/time.acc: In function ‘void set_compound_order(page*, long unsigned int)’:
kernel/time.acc:34234:19: warning: invalid conversion from ‘void*’ to ‘list_head*’ [-fpermissive]
  page[1].lru.prev = (void *)order;
                   ^
kernel/time.acc: In function ‘zone_type page_zonenum(page*)’:
kernel/time.acc:34279:83: warning: invalid conversion from ‘long unsigned int’ to ‘zone_type’ [-fpermissive]
  return (page->flags >> (((((sizeof(unsigned long)*8) - 0) - 6) - 2) * (2 != 0))) & ((1UL << 2) - 1);
                                                                                   ^
kernel/time.acc: In function ‘void zone_page_state_add(long int, zone*, zone_stat_item)’:
kernel/time.acc:34524:55: warning: taking address of temporary [-fpermissive]
  atomic_long_add(x, &__get_vm_stat_1132(&vm_stat[item]));
                                                       ^
kernel/time.acc: In function ‘long unsigned int global_page_state(zone_stat_item)’:
kernel/time.acc:34564:62: warning: taking address of temporary [-fpermissive]
  long x = atomic_long_read(&__get_vm_stat_1133(&vm_stat[item]));
                                                              ^
kernel/time.acc: In function ‘int seq_nodemask(seq_file*, nodemask_t*)’:
kernel/time.acc:37095:121: warning: ISO C++ forbids casting to an array type ‘long unsigned int [1]’ [-fpermissive]
         return seq_bitmap(m, (typeof(mask->bits))g_map(__get__ZN9_nodemask4bitsE_1233(mask->bits), sizeof(*(mask->bits))), (1 << 6));
                                                                                                                         ^
kernel/time.acc: In function ‘task_struct* next_thread(task_struct*)’:
kernel/time.acc:43626:178: warning: taking address of temporary [-fpermissive]
  return ({typeof (*p->thread_group.next) *__ptr = (typeof (*p->thread_group.next) *)__get__ZN9list_head4nextE_1442(&__get__ZN11task_struct12thread_groupE_1443(&p->thread_group).next); ({ typeof( ((struct task_struct *)0)->thread_group ) *__mptr = ((typeof(p->thread_group.next))(__ptr)); (struct task_struct *)( (char *)__mptr - ((size_t) &((struct task_struct *)0)->thread_group) );}); })
                                                                                                                                                                                  ^
kernel/time.acc: In function ‘long unsigned int stack_frame(task_struct*, pt_regs*)’:
kernel/time.acc:45180:113: warning: taking address of temporary [-fpermissive]
  return *(unsigned long *)__get__ZN13thread_struct2spE_1475(&__get__ZN11task_struct6threadE_1476(&task->thread).sp);
                                                                                                                 ^
kernel/time.acc: In function ‘void* arch_compat_alloc_user_space(long int)’:
kernel/time.acc:46304:153: warning: taking address of temporary [-fpermissive]
   sp = __get__ZN7pt_regs2spE_1489(&((struct pt_regs *)__get__ZN13thread_struct3sp0E_1490(&__get__ZN11task_struct6threadE_1491(&(get_current())->thread).sp0) - 1)->sp);
                                                                                                                                                         ^
kernel/time.acc: In function ‘pinctrl* pinctrl_get_select(device*, char*)’:
kernel/time.acc:47368:28: warning: invalid conversion from ‘void*’ to ‘pinctrl*’ [-fpermissive]
   return ERR_PTR(PTR_ERR(s));
                            ^
kernel/time.acc:47374:21: warning: invalid conversion from ‘void*’ to ‘pinctrl*’ [-fpermissive]
   return ERR_PTR(ret);
                     ^
kernel/time.acc: In function ‘pinctrl* devm_pinctrl_get_select(device*, char*)’:
kernel/time.acc:47400:20: warning: invalid conversion from ‘void*’ to ‘pinctrl*’ [-fpermissive]
   return ERR_CAST(s);
                    ^
kernel/time.acc:47406:21: warning: invalid conversion from ‘void*’ to ‘pinctrl*’ [-fpermissive]
   return ERR_PTR(ret);
                     ^
