syscalls.acc: In function ‘void list_del(list_head*)’:
syscalls.acc:4153:14: warning: invalid conversion from ‘void*’ to ‘list_head*’ [-fpermissive]
  entry->next = ((void *) 0x00100100 + (0xdead000000000000UL));
              ^
syscalls.acc:4154:14: warning: invalid conversion from ‘void*’ to ‘list_head*’ [-fpermissive]
  entry->prev = ((void *) 0x00200200 + (0xdead000000000000UL));
              ^
syscalls.acc: In function ‘void hlist_del(hlist_node*)’:
syscalls.acc:5129:10: warning: invalid conversion from ‘void*’ to ‘hlist_node*’ [-fpermissive]
  n->next = ((void *) 0x00100100 + (0xdead000000000000UL));
          ^
syscalls.acc:5130:11: warning: invalid conversion from ‘void*’ to ‘hlist_node**’ [-fpermissive]
  n->pprev = ((void *) 0x00200200 + (0xdead000000000000UL));
           ^
syscalls.acc: In function ‘int timer_pending(timer_list*)’:
syscalls.acc:15209:88: warning: taking address of temporary [-fpermissive]
  return __get__ZN9list_head4nextE_302(&__get__ZN10timer_list5entryE_303(&timer->entry).next) != 0;
                                                                                        ^
syscalls.acc: At global scope:
syscalls.acc:19624:80: warning: invalid conversion from ‘void*’ to ‘long unsigned int*’ [-fpermissive]
 static unsigned long * vvaraddr_jiffies = (void *)((-10*1024*1024 - 4096) + (0));
                                                                                ^
syscalls.acc:19625:76: warning: invalid conversion from ‘void*’ to ‘int*’ [-fpermissive]
 static int * vvaraddr_vgetcpu_mode = (void *)((-10*1024*1024 - 4096) + (16));
                                                                            ^
syscalls.acc:19626:105: warning: invalid conversion from ‘void*’ to ‘vsyscall_gtod_data*’ [-fpermissive]
 static struct vsyscall_gtod_data * vvaraddr_vsyscall_gtod_data = (void *)((-10*1024*1024 - 4096) + (128));
                                                                                                         ^
syscalls.acc: In function ‘zone_type gfp_zone(gfp_t)’:
syscalls.acc:22230:274: warning: invalid conversion from ‘int’ to ‘zone_type’ [-fpermissive]
  z = (( (ZONE_NORMAL << 0 * 2) | (ZONE_DMA << 0x01u * 2) | (ZONE_NORMAL << 0x02u * 2) | (ZONE_DMA32 << 0x04u * 2) | (ZONE_NORMAL << 0x08u * 2) | (ZONE_DMA << (0x08u | 0x01u) * 2) | (ZONE_MOVABLE << (0x08u | 0x02u) * 2) | (ZONE_DMA32 << (0x08u | 0x04u) * 2) ) >> (bit * 2)) &
                                                                                                                                                                                                                                                                                  ^
syscalls.acc: In function ‘pid_namespace* ns_of_pid(pid*)’:
syscalls.acc:24902:113: warning: taking address of temporary [-fpermissive]
   ns = __get__ZN4upid2nsE_626(&__get__ZN3pid7numbersE_627(&pid->numbers[__get__ZN3pid5levelE_628(&pid->level)]).ns);
                                                                                                                 ^
syscalls.acc: In function ‘bool is_child_reaper(pid*)’:
syscalls.acc:25019:114: warning: taking address of temporary [-fpermissive]
  return __get__ZN4upid2nrE_629(&__get__ZN3pid7numbersE_630(&pid->numbers[__get__ZN3pid5levelE_631(&pid->level)]).nr) == 1;
                                                                                                                  ^
syscalls.acc: In function ‘pid_t pid_nr(pid*)’:
syscalls.acc:25095:77: warning: taking address of temporary [-fpermissive]
   nr = __get__ZN4upid2nrE_632(&__get__ZN3pid7numbersE_633(&pid->numbers[0]).nr);
                                                                             ^
syscalls.acc: In function ‘void list_del_rcu(list_head*)’:
syscalls.acc:25579:14: warning: invalid conversion from ‘void*’ to ‘list_head*’ [-fpermissive]
  entry->prev = ((void *) 0x00200200 + (0xdead000000000000UL));
              ^
syscalls.acc: In function ‘void list_replace_rcu(list_head*, list_head*)’:
syscalls.acc:25665:12: warning: invalid conversion from ‘void*’ to ‘list_head*’ [-fpermissive]
  old->prev = ((void *) 0x00200200 + (0xdead000000000000UL));
            ^
syscalls.acc: In function ‘void hlist_del_rcu(hlist_node*)’:
syscalls.acc:25799:11: warning: invalid conversion from ‘void*’ to ‘hlist_node**’ [-fpermissive]
  n->pprev = ((void *) 0x00200200 + (0xdead000000000000UL));
           ^
syscalls.acc: In function ‘void hlist_replace_rcu(hlist_node*, hlist_node*)’:
syscalls.acc:25881:13: warning: invalid conversion from ‘void*’ to ‘hlist_node**’ [-fpermissive]
  old->pprev = ((void *) 0x00200200 + (0xdead000000000000UL));
             ^
syscalls.acc: At global scope:
syscalls.acc:27693:16: warning: declaration of ‘int (* ctl_table::proc_handler)(ctl_table*, int, void*, size_t*, loff_t*)’ [-fpermissive]
  proc_handler *proc_handler;
                ^
syscalls.acc:27649:13: warning: changes meaning of ‘proc_handler’ from ‘typedef int proc_handler(struct ctl_table*, int, void*, size_t*, loff_t*)’ [-fpermissive]
 typedef int proc_handler (struct ctl_table *ctl, int write,
             ^
syscalls.acc: In function ‘task_struct* next_thread(task_struct*)’:
syscalls.acc:31063:176: warning: taking address of temporary [-fpermissive]
  return ({typeof (*p->thread_group.next) *__ptr = (typeof (*p->thread_group.next) *)__get__ZN9list_head4nextE_753(&__get__ZN11task_struct12thread_groupE_754(&p->thread_group).next); ({ typeof( ((struct task_struct *)0)->thread_group ) *__mptr = ((typeof(p->thread_group.next))(__ptr)); (struct task_struct *)( (char *)__mptr - ((size_t) &((struct task_struct *)0)->thread_group) );}); })
                                                                                                                                                                                ^
syscalls.acc: In function ‘int seq_nodemask(seq_file*, nodemask_t*)’:
syscalls.acc:33058:120: warning: ISO C++ forbids casting to an array type ‘long unsigned int [1]’ [-fpermissive]
         return seq_bitmap(m, (typeof(mask->bits))g_map(__get__ZN9_nodemask4bitsE_794(mask->bits), sizeof(*(mask->bits))), (1 << 6));
                                                                                                                        ^
syscalls.acc: In function ‘pinctrl* pinctrl_get_select(device*, char*)’:
syscalls.acc:33276:28: warning: invalid conversion from ‘void*’ to ‘pinctrl*’ [-fpermissive]
   return ERR_PTR(PTR_ERR(s));
                            ^
syscalls.acc:33282:21: warning: invalid conversion from ‘void*’ to ‘pinctrl*’ [-fpermissive]
   return ERR_PTR(ret);
                     ^
syscalls.acc: In function ‘pinctrl* devm_pinctrl_get_select(device*, char*)’:
syscalls.acc:33308:20: warning: invalid conversion from ‘void*’ to ‘pinctrl*’ [-fpermissive]
   return ERR_CAST(s);
                    ^
syscalls.acc:33314:21: warning: invalid conversion from ‘void*’ to ‘pinctrl*’ [-fpermissive]
   return ERR_PTR(ret);
                     ^
syscalls.acc: In function ‘void hlist_bl_del(hlist_bl_node*)’:
syscalls.acc:34956:10: warning: invalid conversion from ‘void*’ to ‘hlist_bl_node*’ [-fpermissive]
  n->next = ((void *) 0x00100100 + (0xdead000000000000UL));
          ^
syscalls.acc:34957:11: warning: invalid conversion from ‘void*’ to ‘hlist_bl_node**’ [-fpermissive]
  n->pprev = ((void *) 0x00200200 + (0xdead000000000000UL));
           ^
syscalls.acc: In function ‘void hlist_bl_del_rcu(hlist_bl_node*)’:
syscalls.acc:35044:11: warning: invalid conversion from ‘void*’ to ‘hlist_bl_node**’ [-fpermissive]
  n->pprev = ((void *) 0x00200200 + (0xdead000000000000UL));
           ^
syscalls.acc: In function ‘int dname_external(dentry*)’:
syscalls.acc:35340:81: warning: taking address of temporary [-fpermissive]
  return __get__ZN4qstr4nameE_848(&__get__ZN6dentry6d_nameE_849(&dentry->d_name).name) != __get__ZN6dentry7d_inameE_850(dentry->d_iname);
                                                                                 ^
syscalls.acc: In function ‘bool dir_emit_dot(file*, dir_context*)’:
syscalls.acc:40690:135: warning: taking address of temporary [-fpermissive]
      __get__ZN5inode5i_inoE_965(&__get__ZN6dentry7d_inodeE_966(&__get__ZN4path6dentryE_967(&__get__ZN4file6f_pathE_968(&file->f_path).dentry)->d_inode)->i_ino), 4) == 0;
                                                                                                                                       ^
syscalls.acc: In function ‘bool dir_emit_dotdot(file*, dir_context*)’:
syscalls.acc:40765:87: warning: taking address of temporary [-fpermissive]
      parent_ino(__get__ZN4path6dentryE_971(&__get__ZN4file6f_pathE_972(&file->f_path).dentry)), 4) == 0;
                                                                                       ^
syscalls.acc: In function ‘void set_compound_page_dtor(page*, void (*)(page*))’:
syscalls.acc:42519:19: warning: invalid conversion from ‘void*’ to ‘list_head*’ [-fpermissive]
  page[1].lru.next = (void *)dtor;
                   ^
syscalls.acc: In function ‘void set_compound_order(page*, long unsigned int)’:
syscalls.acc:42606:19: warning: invalid conversion from ‘void*’ to ‘list_head*’ [-fpermissive]
  page[1].lru.prev = (void *)order;
                   ^
syscalls.acc: In function ‘zone_type page_zonenum(page*)’:
syscalls.acc:42651:83: warning: invalid conversion from ‘long unsigned int’ to ‘zone_type’ [-fpermissive]
  return (page->flags >> (((((sizeof(unsigned long)*8) - 0) - 6) - 2) * (2 != 0))) & ((1UL << 2) - 1);
                                                                                   ^
syscalls.acc: In function ‘void zone_page_state_add(long int, zone*, zone_stat_item)’:
syscalls.acc:42896:55: warning: taking address of temporary [-fpermissive]
  atomic_long_add(x, &__get_vm_stat_1381(&vm_stat[item]));
                                                       ^
syscalls.acc: In function ‘long unsigned int global_page_state(zone_stat_item)’:
syscalls.acc:42936:62: warning: taking address of temporary [-fpermissive]
  long x = atomic_long_read(&__get_vm_stat_1382(&vm_stat[item]));
                                                              ^
syscalls.acc: In function ‘bool dmaf_p_disabled_continue(dma_ctrl_flags)’:
syscalls.acc:46015:49: warning: invalid conversion from ‘int’ to ‘dma_ctrl_flags’ [-fpermissive]
  enum dma_ctrl_flags mask = DMA_PREP_CONTINUE | DMA_PREP_PQ_DISABLE_P;
                                                 ^
syscalls.acc: In function ‘void async_tx_ack(dma_async_tx_descriptor*)’:
syscalls.acc:46076:12: warning: invalid conversion from ‘int’ to ‘dma_ctrl_flags’ [-fpermissive]
  tx->flags |= DMA_CTRL_ACK;
            ^
syscalls.acc: In function ‘void async_tx_clear_ack(dma_async_tx_descriptor*)’:
syscalls.acc:46081:12: warning: invalid conversion from ‘int’ to ‘dma_ctrl_flags’ [-fpermissive]
  tx->flags &= ~DMA_CTRL_ACK;
            ^
syscalls.acc: In function ‘void* arch_compat_alloc_user_space(long int)’:
syscalls.acc:47172:153: warning: taking address of temporary [-fpermissive]
   sp = __get__ZN7pt_regs2spE_1553(&((struct pt_regs *)__get__ZN13thread_struct3sp0E_1554(&__get__ZN11task_struct6threadE_1555(&(get_current())->thread).sp0) - 1)->sp);
                                                                                                                                                         ^
syscalls.acc: In function ‘ts_config* alloc_ts_config(size_t, gfp_t)’:
syscalls.acc:48728:73: warning: invalid conversion from ‘void*’ to ‘ts_config*’ [-fpermissive]
  conf = kzalloc((((sizeof(*conf)) + 8 -1) & ~(8 -1)) + payload, gfp_mask);
                                                                         ^
syscalls.acc:48730:21: warning: invalid conversion from ‘void*’ to ‘ts_config*’ [-fpermissive]
   return ERR_PTR(-12);
                     ^
syscalls.acc: In function ‘void hlist_nulls_del(hlist_nulls_node*)’:
syscalls.acc:54956:11: warning: invalid conversion from ‘void*’ to ‘hlist_nulls_node**’ [-fpermissive]
  n->pprev = ((void *) 0x00200200 + (0xdead000000000000UL));
           ^
syscalls.acc: In function ‘netdev_queue* netdev_get_tx_queue(net_device*, unsigned int)’:
syscalls.acc:61930:92: warning: taking address of temporary [-fpermissive]
  return &__get__ZN10net_device3_txE_2019(&__get__ZN10net_device3_txE_2020(&dev->_tx)[index]);
                                                                                            ^
syscalls.acc: In function ‘void netdev_for_each_tx_queue(net_device*, void (*)(net_device*, netdev_queue*, void*), void*)’:
syscalls.acc:62047:89: warning: taking address of temporary [-fpermissive]
   f(dev, &__get__ZN10net_device3_txE_2022(&__get__ZN10net_device3_txE_2023(&dev->_tx)[i]), arg);
                                                                                         ^
syscalls.acc: In function ‘net_device* next_net_device(net_device*)’:
syscalls.acc:62520:92: warning: taking address of temporary [-fpermissive]
  lh = __get__ZN9list_head4nextE_2030(&__get__ZN10net_device8dev_listE_2031(&dev->dev_list).next);
                                                                                            ^
syscalls.acc: In function ‘net_device* first_net_device(net*)’:
syscalls.acc:62607:150: warning: taking address of temporary [-fpermissive]
   ({ typeof( ((struct net_device *)0)->dev_list ) *__mptr = (__get__ZN9list_head4nextE_2032(&__get__ZN3net13dev_base_headE_2033(&net->dev_base_head).next)); (struct net_device *)( (char *)__mptr - ((size_t) &((struct net_device *)0)->dev_list) );});
                                                                                                                                                      ^
syscalls.acc: In function ‘void emulate_uname(new_utsname*)’:
syscalls.acc:65317:185: warning: taking address of temporary [-fpermissive]
     task = ({typeof (*(&init_task)->tasks.next) *__ptr = (typeof (*(&init_task)->tasks.next) *)__get__ZN9list_head4nextE_2167(&__get__ZN11task_struct5tasksE_2168(&(&init_task)->tasks).next); ({ typeof( ((struct task_struct *)0)->tasks ) *__mptr = ((typeof((&init_task)->tasks.next))(__ptr)); (struct task_struct *)( (char *)__mptr - ((size_t) &((struct task_struct *)0)->tasks) );}); });
                                                                                                                                                                                         ^
