%anon239
%anon244
%anon308
%anon339
%anon399
AC::Action
Introspect
fdtable
files_struct
fuse_file_info
fuse_node
group_info
hlist_head
hlist_node
inet_connection_sock
inet_connection_sock::%anon664
inet_hashinfo
inet_sock
inet_timewait_sock
inode
k_sigaction
kern_rlimit
kern_sigaction
kern_timespec
kernel_cap_struct
list_head
listen_sock
mm_struct
new_utsname
nsproxy
pid
pid_link
pid_namespace
request_sock
request_sock_ops
request_sock_queue
sched_entity
seq_file
sighand_struct
signal_struct
sigpending
sock
sock_common
sockaddr_un
stat
task_delay_info
task_struct
tcp_iter_state
tcp_sock
thread_info
timer_list
tty_driver
tty_struct
unix_address
unix_sock
upid
