mm/vmalloc.acc: In function ‘void list_del(list_head*)’:
mm/vmalloc.acc:801:14: warning: invalid conversion from ‘void*’ to ‘list_head*’ [-fpermissive]
  entry->next = ((void *) 0x00100100 + (0xdead000000000000UL));
              ^
mm/vmalloc.acc:802:14: warning: invalid conversion from ‘void*’ to ‘list_head*’ [-fpermissive]
  entry->prev = ((void *) 0x00200200 + (0xdead000000000000UL));
              ^
mm/vmalloc.acc: In function ‘void hlist_del(hlist_node*)’:
mm/vmalloc.acc:1777:10: warning: invalid conversion from ‘void*’ to ‘hlist_node*’ [-fpermissive]
  n->next = ((void *) 0x00100100 + (0xdead000000000000UL));
          ^
mm/vmalloc.acc:1778:11: warning: invalid conversion from ‘void*’ to ‘hlist_node**’ [-fpermissive]
  n->pprev = ((void *) 0x00200200 + (0xdead000000000000UL));
           ^
mm/vmalloc.acc: In function ‘int timer_pending(timer_list*)’:
mm/vmalloc.acc:15355:88: warning: taking address of temporary [-fpermissive]
  return __get__ZN9list_head4nextE_325(&__get__ZN10timer_list5entryE_326(&timer->entry).next) != 0;
                                                                                        ^
mm/vmalloc.acc: At global scope:
mm/vmalloc.acc:19124:80: warning: invalid conversion from ‘void*’ to ‘long unsigned int*’ [-fpermissive]
 static unsigned long * vvaraddr_jiffies = (void *)((-10*1024*1024 - 4096) + (0));
                                                                                ^
mm/vmalloc.acc:19125:76: warning: invalid conversion from ‘void*’ to ‘int*’ [-fpermissive]
 static int * vvaraddr_vgetcpu_mode = (void *)((-10*1024*1024 - 4096) + (16));
                                                                            ^
mm/vmalloc.acc:19126:105: warning: invalid conversion from ‘void*’ to ‘vsyscall_gtod_data*’ [-fpermissive]
 static struct vsyscall_gtod_data * vvaraddr_vsyscall_gtod_data = (void *)((-10*1024*1024 - 4096) + (128));
                                                                                                         ^
mm/vmalloc.acc: In function ‘zone_type gfp_zone(gfp_t)’:
mm/vmalloc.acc:21031:274: warning: invalid conversion from ‘int’ to ‘zone_type’ [-fpermissive]
  z = (( (ZONE_NORMAL << 0 * 2) | (ZONE_DMA << 0x01u * 2) | (ZONE_NORMAL << 0x02u * 2) | (ZONE_DMA32 << 0x04u * 2) | (ZONE_NORMAL << 0x08u * 2) | (ZONE_DMA << (0x08u | 0x01u) * 2) | (ZONE_MOVABLE << (0x08u | 0x02u) * 2) | (ZONE_DMA32 << (0x08u | 0x04u) * 2) ) >> (bit * 2)) &
                                                                                                                                                                                                                                                                                  ^
mm/vmalloc.acc: In function ‘void list_del_rcu(list_head*)’:
mm/vmalloc.acc:22081:14: warning: invalid conversion from ‘void*’ to ‘list_head*’ [-fpermissive]
  entry->prev = ((void *) 0x00200200 + (0xdead000000000000UL));
              ^
mm/vmalloc.acc: In function ‘void list_replace_rcu(list_head*, list_head*)’:
mm/vmalloc.acc:22167:12: warning: invalid conversion from ‘void*’ to ‘list_head*’ [-fpermissive]
  old->prev = ((void *) 0x00200200 + (0xdead000000000000UL));
            ^
mm/vmalloc.acc: In function ‘void hlist_del_rcu(hlist_node*)’:
mm/vmalloc.acc:22301:11: warning: invalid conversion from ‘void*’ to ‘hlist_node**’ [-fpermissive]
  n->pprev = ((void *) 0x00200200 + (0xdead000000000000UL));
           ^
mm/vmalloc.acc: In function ‘void hlist_replace_rcu(hlist_node*, hlist_node*)’:
mm/vmalloc.acc:22383:13: warning: invalid conversion from ‘void*’ to ‘hlist_node**’ [-fpermissive]
  old->pprev = ((void *) 0x00200200 + (0xdead000000000000UL));
             ^
mm/vmalloc.acc: In function ‘void hlist_bl_del(hlist_bl_node*)’:
mm/vmalloc.acc:22817:10: warning: invalid conversion from ‘void*’ to ‘hlist_bl_node*’ [-fpermissive]
  n->next = ((void *) 0x00100100 + (0xdead000000000000UL));
          ^
mm/vmalloc.acc:22818:11: warning: invalid conversion from ‘void*’ to ‘hlist_bl_node**’ [-fpermissive]
  n->pprev = ((void *) 0x00200200 + (0xdead000000000000UL));
           ^
mm/vmalloc.acc: In function ‘void hlist_bl_del_rcu(hlist_bl_node*)’:
mm/vmalloc.acc:22905:11: warning: invalid conversion from ‘void*’ to ‘hlist_bl_node**’ [-fpermissive]
  n->pprev = ((void *) 0x00200200 + (0xdead000000000000UL));
           ^
mm/vmalloc.acc: In function ‘int dname_external(dentry*)’:
mm/vmalloc.acc:23201:81: warning: taking address of temporary [-fpermissive]
  return __get__ZN4qstr4nameE_527(&__get__ZN6dentry6d_nameE_528(&dentry->d_name).name) != __get__ZN6dentry7d_inameE_529(dentry->d_iname);
                                                                                 ^
mm/vmalloc.acc: In function ‘pid_namespace* ns_of_pid(pid*)’:
mm/vmalloc.acc:24632:113: warning: taking address of temporary [-fpermissive]
   ns = __get__ZN4upid2nsE_559(&__get__ZN3pid7numbersE_560(&pid->numbers[__get__ZN3pid5levelE_561(&pid->level)]).ns);
                                                                                                                 ^
mm/vmalloc.acc: In function ‘bool is_child_reaper(pid*)’:
mm/vmalloc.acc:24749:114: warning: taking address of temporary [-fpermissive]
  return __get__ZN4upid2nrE_562(&__get__ZN3pid7numbersE_563(&pid->numbers[__get__ZN3pid5levelE_564(&pid->level)]).nr) == 1;
                                                                                                                  ^
mm/vmalloc.acc: In function ‘pid_t pid_nr(pid*)’:
mm/vmalloc.acc:24825:77: warning: taking address of temporary [-fpermissive]
   nr = __get__ZN4upid2nrE_565(&__get__ZN3pid7numbersE_566(&pid->numbers[0]).nr);
                                                                             ^
mm/vmalloc.acc: In function ‘bool dir_emit_dot(file*, dir_context*)’:
mm/vmalloc.acc:29857:135: warning: taking address of temporary [-fpermissive]
      __get__ZN5inode5i_inoE_669(&__get__ZN6dentry7d_inodeE_670(&__get__ZN4path6dentryE_671(&__get__ZN4file6f_pathE_672(&file->f_path).dentry)->d_inode)->i_ino), 4) == 0;
                                                                                                                                       ^
mm/vmalloc.acc: In function ‘bool dir_emit_dotdot(file*, dir_context*)’:
mm/vmalloc.acc:29932:87: warning: taking address of temporary [-fpermissive]
      parent_ino(__get__ZN4path6dentryE_675(&__get__ZN4file6f_pathE_676(&file->f_path).dentry)), 4) == 0;
                                                                                       ^
mm/vmalloc.acc: In function ‘void set_compound_page_dtor(page*, void (*)(page*))’:
mm/vmalloc.acc:31686:19: warning: invalid conversion from ‘void*’ to ‘list_head*’ [-fpermissive]
  page[1].lru.next = (void *)dtor;
                   ^
mm/vmalloc.acc: In function ‘void set_compound_order(page*, long unsigned int)’:
mm/vmalloc.acc:31773:19: warning: invalid conversion from ‘void*’ to ‘list_head*’ [-fpermissive]
  page[1].lru.prev = (void *)order;
                   ^
mm/vmalloc.acc: In function ‘zone_type page_zonenum(page*)’:
mm/vmalloc.acc:31818:83: warning: invalid conversion from ‘long unsigned int’ to ‘zone_type’ [-fpermissive]
  return (page->flags >> (((((sizeof(unsigned long)*8) - 0) - 6) - 2) * (2 != 0))) & ((1UL << 2) - 1);
                                                                                   ^
mm/vmalloc.acc: In function ‘void zone_page_state_add(long int, zone*, zone_stat_item)’:
mm/vmalloc.acc:32063:55: warning: taking address of temporary [-fpermissive]
  atomic_long_add(x, &__get_vm_stat_1085(&vm_stat[item]));
                                                       ^
mm/vmalloc.acc: In function ‘long unsigned int global_page_state(zone_stat_item)’:
mm/vmalloc.acc:32103:62: warning: taking address of temporary [-fpermissive]
  long x = atomic_long_read(&__get_vm_stat_1086(&vm_stat[item]));
                                                              ^
mm/vmalloc.acc: At global scope:
mm/vmalloc.acc:35394:16: warning: declaration of ‘int (* ctl_table::proc_handler)(ctl_table*, int, void*, size_t*, loff_t*)’ [-fpermissive]
  proc_handler *proc_handler;
                ^
mm/vmalloc.acc:35350:13: warning: changes meaning of ‘proc_handler’ from ‘typedef int proc_handler(struct ctl_table*, int, void*, size_t*, loff_t*)’ [-fpermissive]
 typedef int proc_handler (struct ctl_table *ctl, int write,
             ^
mm/vmalloc.acc: In function ‘void copy_user_highpage(page*, page*, long unsigned int, vm_area_struct*)’:
mm/vmalloc.acc:39446:26: warning: invalid conversion from ‘void*’ to ‘char*’ [-fpermissive]
  vfrom = kmap_atomic(from);
                          ^
mm/vmalloc.acc:39447:22: warning: invalid conversion from ‘void*’ to ‘char*’ [-fpermissive]
  vto = kmap_atomic(to);
                      ^
mm/vmalloc.acc: In function ‘void copy_highpage(page*, page*)’:
mm/vmalloc.acc:39459:26: warning: invalid conversion from ‘void*’ to ‘char*’ [-fpermissive]
  vfrom = kmap_atomic(from);
                          ^
mm/vmalloc.acc:39460:22: warning: invalid conversion from ‘void*’ to ‘char*’ [-fpermissive]
  vto = kmap_atomic(to);
                      ^
mm/vmalloc.acc: In function ‘task_struct* next_thread(task_struct*)’:
mm/vmalloc.acc:44211:178: warning: taking address of temporary [-fpermissive]
  return ({typeof (*p->thread_group.next) *__ptr = (typeof (*p->thread_group.next) *)__get__ZN9list_head4nextE_1440(&__get__ZN11task_struct12thread_groupE_1441(&p->thread_group).next); ({ typeof( ((struct task_struct *)0)->thread_group ) *__mptr = ((typeof(p->thread_group.next))(__ptr)); (struct task_struct *)( (char *)__mptr - ((size_t) &((struct task_struct *)0)->thread_group) );}); })
                                                                                                                                                                                  ^
mm/vmalloc.acc: In function ‘int seq_nodemask(seq_file*, nodemask_t*)’:
mm/vmalloc.acc:46059:121: warning: ISO C++ forbids casting to an array type ‘long unsigned int [1]’ [-fpermissive]
         return seq_bitmap(m, (typeof(mask->bits))g_map(__get__ZN9_nodemask4bitsE_1484(mask->bits), sizeof(*(mask->bits))), (1 << 6));
                                                                                                                         ^
mm/vmalloc.acc: In function ‘void get_vmalloc_info(vmalloc_info*)’:
mm/vmalloc.acc:46663:361: warning: taking address of temporary [-fpermissive]
  for (va = ({ typeof( ((typeof(*va) *)0)->list ) *__mptr = (__get__ZN9list_head4nextE_1523(&(&vmap_area_list)->next)); (typeof(*va) *)( (char *)__mptr - ((size_t) &((typeof(*va) *)0)->list) );}); &va->list != (&vmap_area_list); va = ({ typeof( ((typeof(*(va)) *)0)->list ) *__mptr = (__get__ZN9list_head4nextE_1524(&__get__ZN9vmap_area4listE_1525(&(va)->list).next)); (typeof(*(va)) *)( (char *)__mptr - ((size_t) &((typeof(*(va)) *)0)->list) );})) {
                                                                                                                                                                                                                                                                                                                                                                         ^
