kernel/cpuset.acc: In function ‘void hlist_del(hlist_node*)’:
kernel/cpuset.acc:8105:10: warning: invalid conversion from ‘void*’ to ‘hlist_node*’ [-fpermissive]
  n->next = ((void *) 0x00100100);
          ^
kernel/cpuset.acc:8106:11: warning: invalid conversion from ‘void*’ to ‘hlist_node**’ [-fpermissive]
  n->pprev = ((void *) 0x00200200);
           ^
kernel/cpuset.acc: In function ‘thread_info* current_thread_info()’:
kernel/cpuset.acc:8840:5: warning: invalid conversion from ‘void*’ to ‘thread_info*’ [-fpermissive]
  ti = (void *)(({ typeof(_proxy_pda.kernelstack) ret__; switch (sizeof(_proxy_pda.kernelstack)) { case 2: asm("mov" "w %%gs:%c1,%0" : "=r" (ret__) : "i" (((size_t) &((struct x8664_pda *)0)->kernelstack)), "m" (__get__proxy_pda_478(&_proxy_pda).kernelstack)); break; case 4: asm("mov" "l %%gs:%c1,%0": "=r" (ret__): "i" (((size_t) &((struct x8664_pda *)0)->kernelstack)), "m" (__get__proxy_pda_479(&_proxy_pda).kernelstack)); break; case 8: asm("mov" "q %%gs:%c1,%0": "=r" (ret__) : "i" (((size_t) &((struct x8664_pda *)0)->kernelstack)), "m" (__get__proxy_pda_480(&_proxy_pda).kernelstack)); break; default: __bad_pda_field(); } ret__; }) + (5*8) - (((1UL) << 12) << 1));
     ^
kernel/cpuset.acc: In function ‘void timer_stats_account_hrtimer(hrtimer*)’:
kernel/cpuset.acc:14377:43: warning: invalid conversion from ‘hrtimer_restart (*)(hrtimer*)’ to ‘void*’ [-fpermissive]
      timer->function, timer->start_comm, 0);
                                           ^
kernel/cpuset.acc:14370:13: warning:   initializing argument 4 of ‘void timer_stats_update_stats(void*, pid_t, void*, void*, char*, unsigned int)’ [-fpermissive]
 extern void timer_stats_update_stats(void *timer, pid_t pid, void *startf,
             ^
kernel/cpuset.acc: In function ‘int timer_pending(timer_list*)’:
kernel/cpuset.acc:14519:88: warning: taking address of temporary [-fpermissive]
  return __get__ZN9list_head4nextE_704(&__get__ZN10timer_list5entryE_705(&timer->entry).next) != 0;
                                                                                        ^
kernel/cpuset.acc: In function ‘pid_namespace* ns_of_pid(pid*)’:
kernel/cpuset.acc:17741:113: warning: taking address of temporary [-fpermissive]
   ns = __get__ZN4upid2nsE_782(&__get__ZN3pid7numbersE_783(&pid->numbers[__get__ZN3pid5levelE_784(&pid->level)]).ns);
                                                                                                                 ^
kernel/cpuset.acc: In function ‘pid_t pid_nr(pid*)’:
kernel/cpuset.acc:17818:77: warning: taking address of temporary [-fpermissive]
   nr = __get__ZN4upid2nrE_785(&__get__ZN3pid7numbersE_786(&pid->numbers[0]).nr);
                                                                             ^
kernel/cpuset.acc: In function ‘task_struct* next_thread(task_struct*)’:
kernel/cpuset.acc:21484:165: warning: taking address of temporary [-fpermissive]
  return ({ typeof( ((struct task_struct *)0)->thread_group ) *__mptr = ((__get__ZN9list_head4nextE_829(&__get__ZN11task_struct12thread_groupE_830(&p->thread_group).next))); (struct task_struct *)( (char *)__mptr - ((size_t) &((struct task_struct *)0)->thread_group) );})
                                                                                                                                                                     ^
kernel/cpuset.acc: In function ‘void list_del_rcu(list_head*)’:
kernel/cpuset.acc:23161:14: warning: invalid conversion from ‘void*’ to ‘list_head*’ [-fpermissive]
  entry->prev = ((void *) 0x00200200);
              ^
kernel/cpuset.acc: In function ‘void list_replace_rcu(list_head*, list_head*)’:
kernel/cpuset.acc:23247:12: warning: invalid conversion from ‘void*’ to ‘list_head*’ [-fpermissive]
  old->prev = ((void *) 0x00200200);
            ^
kernel/cpuset.acc: In function ‘void hlist_del_rcu(hlist_node*)’:
kernel/cpuset.acc:23377:11: warning: invalid conversion from ‘void*’ to ‘hlist_node**’ [-fpermissive]
  n->pprev = ((void *) 0x00200200);
           ^
kernel/cpuset.acc: In function ‘void hlist_replace_rcu(hlist_node*, hlist_node*)’:
kernel/cpuset.acc:23459:13: warning: invalid conversion from ‘void*’ to ‘hlist_node**’ [-fpermissive]
  old->pprev = ((void *) 0x00200200);
             ^
kernel/cpuset.acc: In function ‘int dname_external(dentry*)’:
kernel/cpuset.acc:23922:81: warning: taking address of temporary [-fpermissive]
  return __get__ZN4qstr4nameE_871(&__get__ZN6dentry6d_nameE_872(&dentry->d_name).name) != __get__ZN6dentry7d_inameE_873(dentry->d_iname);
                                                                                 ^
kernel/cpuset.acc: In function ‘void simple_transaction_set(file*, size_t)’:
kernel/cpuset.acc:27117:48: warning: invalid conversion from ‘void*’ to ‘simple_transaction_argresp*’ [-fpermissive]
  struct simple_transaction_argresp *ar = file->private_data;
                                                ^
kernel/cpuset.acc: In function ‘void set_compound_page_dtor(page*, void (*)(page*))’:
kernel/cpuset.acc:28920:19: warning: invalid conversion from ‘void*’ to ‘list_head*’ [-fpermissive]
  page[1].lru.next = (void *)dtor;
                   ^
kernel/cpuset.acc: In function ‘void set_compound_order(page*, long unsigned int)’:
kernel/cpuset.acc:29007:19: warning: invalid conversion from ‘void*’ to ‘list_head*’ [-fpermissive]
  page[1].lru.prev = (void *)order;
                   ^
kernel/cpuset.acc: In function ‘zone_type page_zonenum(page*)’:
kernel/cpuset.acc:29011:83: warning: invalid conversion from ‘long unsigned int’ to ‘zone_type’ [-fpermissive]
  return (page->flags >> (((((sizeof(unsigned long)*8) - 0) - 9) - 2) * (2 != 0))) & ((1UL << 2) - 1);
                                                                                   ^
kernel/cpuset.acc: In function ‘void zone_page_state_add(long int, zone*, zone_stat_item)’:
kernel/cpuset.acc:29186:55: warning: taking address of temporary [-fpermissive]
  atomic_long_add(x, &__get_vm_stat_1105(&vm_stat[item]));
                                                       ^
kernel/cpuset.acc: In function ‘long unsigned int global_page_state(zone_stat_item)’:
kernel/cpuset.acc:29226:62: warning: taking address of temporary [-fpermissive]
  long x = atomic_long_read(&__get_vm_stat_1106(&vm_stat[item]));
                                                              ^
kernel/cpuset.acc: In function ‘void copy_user_highpage(page*, page*, long unsigned int, vm_area_struct*)’:
kernel/cpuset.acc:30333:36: warning: invalid conversion from ‘void*’ to ‘char*’ [-fpermissive]
  vfrom = kmap_atomic(from, KM_USER0);
                                    ^
kernel/cpuset.acc:30334:32: warning: invalid conversion from ‘void*’ to ‘char*’ [-fpermissive]
  vto = kmap_atomic(to, KM_USER1);
                                ^
kernel/cpuset.acc: In function ‘void copy_highpage(page*, page*)’:
kernel/cpuset.acc:30346:36: warning: invalid conversion from ‘void*’ to ‘char*’ [-fpermissive]
  vfrom = kmap_atomic(from, KM_USER0);
                                    ^
kernel/cpuset.acc:30347:32: warning: invalid conversion from ‘void*’ to ‘char*’ [-fpermissive]
  vto = kmap_atomic(to, KM_USER1);
                                ^
kernel/cpuset.acc: In function ‘net* PDE_NET(proc_dir_entry*)’:
kernel/cpuset.acc:31529:22: warning: invalid conversion from ‘void*’ to ‘net*’ [-fpermissive]
  return pde->parent->data;
                      ^
kernel/cpuset.acc: At global scope:
kernel/cpuset.acc:32956:16: warning: declaration of ‘int (* ctl_table::proc_handler)(ctl_table*, int, file*, void*, size_t*, loff_t*)’ [-fpermissive]
  proc_handler *proc_handler;
                ^
kernel/cpuset.acc:32916:13: warning: changes meaning of ‘proc_handler’ from ‘typedef int proc_handler(struct ctl_table*, int, struct file*, void*, size_t*, loff_t*)’ [-fpermissive]
 typedef int proc_handler (struct ctl_table *ctl, int write, struct file * filp,
             ^
kernel/cpuset.acc:34557:16: warning: declaration of ‘int (* backing_dev_info::congested_fn)(void*, int)’ [-fpermissive]
  congested_fn *congested_fn;
                ^
kernel/cpuset.acc:34541:14: warning: changes meaning of ‘congested_fn’ from ‘typedef int congested_fn(void*, int)’ [-fpermissive]
 typedef int (congested_fn)(void *, int);
              ^
kernel/cpuset.acc: In function ‘void cpuset_task_status_allowed(seq_file*, task_struct*)’:
kernel/cpuset.acc:34950:142: warning: taking address of temporary [-fpermissive]
  m->count += __cpumask_scnprintf((m->buf + m->count), (m->size - m->count), &(__get__ZN11task_struct12cpus_allowedE_1339(&task->cpus_allowed)), 64)
                                                                                                                                              ^
kernel/cpuset.acc:34954:142: warning: taking address of temporary [-fpermissive]
  m->count += __cpulist_scnprintf((m->buf + m->count), (m->size - m->count), &(__get__ZN11task_struct12cpus_allowedE_1344(&task->cpus_allowed)), 64)
                                                                                                                                              ^
kernel/cpuset.acc:34958:143: warning: taking address of temporary [-fpermissive]
  m->count += __nodemask_scnprintf((m->buf + m->count), (m->size - m->count), &(__get__ZN11task_struct12mems_allowedE_1349(&task->mems_allowed)), (1 << 9))
                                                                                                                                               ^
kernel/cpuset.acc:34962:143: warning: taking address of temporary [-fpermissive]
  m->count += __nodelist_scnprintf((m->buf + m->count), (m->size - m->count), &(__get__ZN11task_struct12mems_allowedE_1354(&task->mems_allowed)), (1 << 9))
                                                                                                                                               ^
