kernel/delayacct.acc: In function ‘thread_info* current_thread_info()’:
kernel/delayacct.acc:7469:5: warning: invalid conversion from ‘void*’ to ‘thread_info*’ [-fpermissive]
  ti = (void *)(({ typeof(_proxy_pda.kernelstack) ret__; switch (sizeof(_proxy_pda.kernelstack)) { case 2: asm("mov" "w %%gs:%c1,%0" : "=r" (ret__) : "i" (((size_t) &((struct x8664_pda *)0)->kernelstack)), "m" (__get__proxy_pda_451(&_proxy_pda).kernelstack)); break; case 4: asm("mov" "l %%gs:%c1,%0": "=r" (ret__): "i" (((size_t) &((struct x8664_pda *)0)->kernelstack)), "m" (__get__proxy_pda_452(&_proxy_pda).kernelstack)); break; case 8: asm("mov" "q %%gs:%c1,%0": "=r" (ret__) : "i" (((size_t) &((struct x8664_pda *)0)->kernelstack)), "m" (__get__proxy_pda_453(&_proxy_pda).kernelstack)); break; default: __bad_pda_field(); } ret__; }) + (5*8) - (((1UL) << 12) << 1));
     ^
kernel/delayacct.acc: In function ‘void hlist_del(hlist_node*)’:
kernel/delayacct.acc:8792:10: warning: invalid conversion from ‘void*’ to ‘hlist_node*’ [-fpermissive]
  n->next = ((void *) 0x00100100);
          ^
kernel/delayacct.acc:8793:11: warning: invalid conversion from ‘void*’ to ‘hlist_node**’ [-fpermissive]
  n->pprev = ((void *) 0x00200200);
           ^
kernel/delayacct.acc: In function ‘void timer_stats_account_hrtimer(hrtimer*)’:
kernel/delayacct.acc:14288:43: warning: invalid conversion from ‘hrtimer_restart (*)(hrtimer*)’ to ‘void*’ [-fpermissive]
      timer->function, timer->start_comm, 0);
                                           ^
kernel/delayacct.acc:14281:13: warning:   initializing argument 4 of ‘void timer_stats_update_stats(void*, pid_t, void*, void*, char*, unsigned int)’ [-fpermissive]
 extern void timer_stats_update_stats(void *timer, pid_t pid, void *startf,
             ^
kernel/delayacct.acc: In function ‘int timer_pending(timer_list*)’:
kernel/delayacct.acc:14430:88: warning: taking address of temporary [-fpermissive]
  return __get__ZN9list_head4nextE_713(&__get__ZN10timer_list5entryE_714(&timer->entry).next) != 0;
                                                                                        ^
kernel/delayacct.acc: In function ‘pid_namespace* ns_of_pid(pid*)’:
kernel/delayacct.acc:16228:113: warning: taking address of temporary [-fpermissive]
   ns = __get__ZN4upid2nsE_766(&__get__ZN3pid7numbersE_767(&pid->numbers[__get__ZN3pid5levelE_768(&pid->level)]).ns);
                                                                                                                 ^
kernel/delayacct.acc: In function ‘pid_t pid_nr(pid*)’:
kernel/delayacct.acc:16305:77: warning: taking address of temporary [-fpermissive]
   nr = __get__ZN4upid2nrE_769(&__get__ZN3pid7numbersE_770(&pid->numbers[0]).nr);
                                                                             ^
kernel/delayacct.acc: In function ‘task_struct* next_thread(task_struct*)’:
kernel/delayacct.acc:19971:165: warning: taking address of temporary [-fpermissive]
  return ({ typeof( ((struct task_struct *)0)->thread_group ) *__mptr = ((__get__ZN9list_head4nextE_813(&__get__ZN11task_struct12thread_groupE_814(&p->thread_group).next))); (struct task_struct *)( (char *)__mptr - ((size_t) &((struct task_struct *)0)->thread_group) );})
                                                                                                                                                                     ^
kernel/delayacct.acc: At global scope:
kernel/delayacct.acc:21531:16: warning: declaration of ‘int (* ctl_table::proc_handler)(ctl_table*, int, file*, void*, size_t*, loff_t*)’ [-fpermissive]
  proc_handler *proc_handler;
                ^
kernel/delayacct.acc:21491:13: warning: changes meaning of ‘proc_handler’ from ‘typedef int proc_handler(struct ctl_table*, int, struct file*, void*, size_t*, loff_t*)’ [-fpermissive]
 typedef int proc_handler (struct ctl_table *ctl, int write, struct file * filp,
             ^
kernel/delayacct.acc: In function ‘ts_config* alloc_ts_config(size_t, gfp_t)’:
kernel/delayacct.acc:23633:73: warning: invalid conversion from ‘void*’ to ‘ts_config*’ [-fpermissive]
  conf = kzalloc((((sizeof(*conf)) + 8 -1) & ~(8 -1)) + payload, gfp_mask);
                                                                         ^
kernel/delayacct.acc:23635:21: warning: invalid conversion from ‘void*’ to ‘ts_config*’ [-fpermissive]
   return ERR_PTR(-12);
                     ^
kernel/delayacct.acc: In function ‘void set_compound_page_dtor(page*, void (*)(page*))’:
kernel/delayacct.acc:25582:19: warning: invalid conversion from ‘void*’ to ‘list_head*’ [-fpermissive]
  page[1].lru.next = (void *)dtor;
                   ^
kernel/delayacct.acc: In function ‘void set_compound_order(page*, long unsigned int)’:
kernel/delayacct.acc:25669:19: warning: invalid conversion from ‘void*’ to ‘list_head*’ [-fpermissive]
  page[1].lru.prev = (void *)order;
                   ^
kernel/delayacct.acc: In function ‘zone_type page_zonenum(page*)’:
kernel/delayacct.acc:25673:83: warning: invalid conversion from ‘long unsigned int’ to ‘zone_type’ [-fpermissive]
  return (page->flags >> (((((sizeof(unsigned long)*8) - 0) - 9) - 2) * (2 != 0))) & ((1UL << 2) - 1);
                                                                                   ^
kernel/delayacct.acc: In function ‘void zone_page_state_add(long int, zone*, zone_stat_item)’:
kernel/delayacct.acc:25848:55: warning: taking address of temporary [-fpermissive]
  atomic_long_add(x, &__get_vm_stat_1032(&vm_stat[item]));
                                                       ^
kernel/delayacct.acc: In function ‘long unsigned int global_page_state(zone_stat_item)’:
kernel/delayacct.acc:25888:62: warning: taking address of temporary [-fpermissive]
  long x = atomic_long_read(&__get_vm_stat_1033(&vm_stat[item]));
                                                              ^
kernel/delayacct.acc: In function ‘void async_tx_ack(dma_async_tx_descriptor*)’:
kernel/delayacct.acc:27920:12: warning: invalid conversion from ‘int’ to ‘dma_ctrl_flags’ [-fpermissive]
  tx->flags |= DMA_CTRL_ACK;
            ^
kernel/delayacct.acc: In function ‘nlattr* nlmsg_attrdata(nlmsghdr*, int)’:
kernel/delayacct.acc:29476:38: warning: invalid conversion from ‘void*’ to ‘unsigned char*’ [-fpermissive]
  unsigned char *data = nlmsg_data(nlh);
                                      ^
kernel/delayacct.acc: In function ‘int nla_nest_compat_end(sk_buff*, nlattr*)’:
kernel/delayacct.acc:29909:38: warning: invalid conversion from ‘void*’ to ‘nlattr*’ [-fpermissive]
  struct nlattr *nest = (void *)start + ( ((start->nla_len)+4 -1) & ~(4 -1) );
                                      ^
kernel/delayacct.acc: In function ‘void* genlmsg_put(sk_buff*, u32, u32, genl_family*, int, u8)’:
kernel/delayacct.acc:30005:22: warning: invalid conversion from ‘void*’ to ‘genlmsghdr*’ [-fpermissive]
  hdr = nlmsg_data(nlh);
                      ^
