kernel/exit.acc: In function ‘thread_info* current_thread_info()’:
kernel/exit.acc:7036:5: warning: invalid conversion from ‘void*’ to ‘thread_info*’ [-fpermissive]
  ti = (void *)(({ typeof(_proxy_pda.kernelstack) ret__; switch (sizeof(_proxy_pda.kernelstack)) { case 2: asm("mov" "w %%gs:%c1,%0" : "=r" (ret__) : "i" (((size_t) &((struct x8664_pda *)0)->kernelstack)), "m" (__get__proxy_pda_442(&_proxy_pda).kernelstack)); break; case 4: asm("mov" "l %%gs:%c1,%0": "=r" (ret__): "i" (((size_t) &((struct x8664_pda *)0)->kernelstack)), "m" (__get__proxy_pda_443(&_proxy_pda).kernelstack)); break; case 8: asm("mov" "q %%gs:%c1,%0": "=r" (ret__) : "i" (((size_t) &((struct x8664_pda *)0)->kernelstack)), "m" (__get__proxy_pda_444(&_proxy_pda).kernelstack)); break; default: __bad_pda_field(); } ret__; }) + (5*8) - (((1UL) << 12) << 1));
     ^
kernel/exit.acc: In function ‘void hlist_del(hlist_node*)’:
kernel/exit.acc:8359:10: warning: invalid conversion from ‘void*’ to ‘hlist_node*’ [-fpermissive]
  n->next = ((void *) 0x00100100);
          ^
kernel/exit.acc:8360:11: warning: invalid conversion from ‘void*’ to ‘hlist_node**’ [-fpermissive]
  n->pprev = ((void *) 0x00200200);
           ^
kernel/exit.acc: In function ‘void set_compound_page_dtor(page*, void (*)(page*))’:
kernel/exit.acc:13667:19: warning: invalid conversion from ‘void*’ to ‘list_head*’ [-fpermissive]
  page[1].lru.next = (void *)dtor;
                   ^
kernel/exit.acc: In function ‘void set_compound_order(page*, long unsigned int)’:
kernel/exit.acc:13754:19: warning: invalid conversion from ‘void*’ to ‘list_head*’ [-fpermissive]
  page[1].lru.prev = (void *)order;
                   ^
kernel/exit.acc: In function ‘zone_type page_zonenum(page*)’:
kernel/exit.acc:13758:83: warning: invalid conversion from ‘long unsigned int’ to ‘zone_type’ [-fpermissive]
  return (page->flags >> (((((sizeof(unsigned long)*8) - 0) - 9) - 2) * (2 != 0))) & ((1UL << 2) - 1);
                                                                                   ^
kernel/exit.acc: In function ‘void timer_stats_account_hrtimer(hrtimer*)’:
kernel/exit.acc:14638:43: warning: invalid conversion from ‘hrtimer_restart (*)(hrtimer*)’ to ‘void*’ [-fpermissive]
      timer->function, timer->start_comm, 0);
                                           ^
kernel/exit.acc:14631:13: warning:   initializing argument 4 of ‘void timer_stats_update_stats(void*, pid_t, void*, void*, char*, unsigned int)’ [-fpermissive]
 extern void timer_stats_update_stats(void *timer, pid_t pid, void *startf,
             ^
kernel/exit.acc: In function ‘int timer_pending(timer_list*)’:
kernel/exit.acc:14780:88: warning: taking address of temporary [-fpermissive]
  return __get__ZN9list_head4nextE_865(&__get__ZN10timer_list5entryE_866(&timer->entry).next) != 0;
                                                                                        ^
kernel/exit.acc: In function ‘void zone_page_state_add(long int, zone*, zone_stat_item)’:
kernel/exit.acc:15640:54: warning: taking address of temporary [-fpermissive]
  atomic_long_add(x, &__get_vm_stat_872(&vm_stat[item]));
                                                      ^
kernel/exit.acc: In function ‘long unsigned int global_page_state(zone_stat_item)’:
kernel/exit.acc:15680:61: warning: taking address of temporary [-fpermissive]
  long x = atomic_long_read(&__get_vm_stat_873(&vm_stat[item]));
                                                             ^
kernel/exit.acc: In function ‘pid_namespace* ns_of_pid(pid*)’:
kernel/exit.acc:18067:113: warning: taking address of temporary [-fpermissive]
   ns = __get__ZN4upid2nsE_950(&__get__ZN3pid7numbersE_951(&pid->numbers[__get__ZN3pid5levelE_952(&pid->level)]).ns);
                                                                                                                 ^
kernel/exit.acc: In function ‘pid_t pid_nr(pid*)’:
kernel/exit.acc:18144:77: warning: taking address of temporary [-fpermissive]
   nr = __get__ZN4upid2nrE_953(&__get__ZN3pid7numbersE_954(&pid->numbers[0]).nr);
                                                                             ^
kernel/exit.acc: In function ‘task_struct* next_thread(task_struct*)’:
kernel/exit.acc:21810:165: warning: taking address of temporary [-fpermissive]
  return ({ typeof( ((struct task_struct *)0)->thread_group ) *__mptr = ((__get__ZN9list_head4nextE_997(&__get__ZN11task_struct12thread_groupE_998(&p->thread_group).next))); (struct task_struct *)( (char *)__mptr - ((size_t) &((struct task_struct *)0)->thread_group) );})
                                                                                                                                                                     ^
kernel/exit.acc: In function ‘void list_del_rcu(list_head*)’:
kernel/exit.acc:24912:14: warning: invalid conversion from ‘void*’ to ‘list_head*’ [-fpermissive]
  entry->prev = ((void *) 0x00200200);
              ^
kernel/exit.acc: In function ‘void list_replace_rcu(list_head*, list_head*)’:
kernel/exit.acc:24998:12: warning: invalid conversion from ‘void*’ to ‘list_head*’ [-fpermissive]
  old->prev = ((void *) 0x00200200);
            ^
kernel/exit.acc: In function ‘void hlist_del_rcu(hlist_node*)’:
kernel/exit.acc:25128:11: warning: invalid conversion from ‘void*’ to ‘hlist_node**’ [-fpermissive]
  n->pprev = ((void *) 0x00200200);
           ^
kernel/exit.acc: In function ‘void hlist_replace_rcu(hlist_node*, hlist_node*)’:
kernel/exit.acc:25210:13: warning: invalid conversion from ‘void*’ to ‘hlist_node**’ [-fpermissive]
  old->pprev = ((void *) 0x00200200);
             ^
kernel/exit.acc: In function ‘int dname_external(dentry*)’:
kernel/exit.acc:25673:83: warning: taking address of temporary [-fpermissive]
  return __get__ZN4qstr4nameE_1063(&__get__ZN6dentry6d_nameE_1064(&dentry->d_name).name) != __get__ZN6dentry7d_inameE_1065(dentry->d_iname);
                                                                                   ^
kernel/exit.acc: In function ‘void simple_transaction_set(file*, size_t)’:
kernel/exit.acc:28891:48: warning: invalid conversion from ‘void*’ to ‘simple_transaction_argresp*’ [-fpermissive]
  struct simple_transaction_argresp *ar = file->private_data;
                                                ^
kernel/exit.acc: At global scope:
kernel/exit.acc:31223:16: warning: declaration of ‘int (* ctl_table::proc_handler)(ctl_table*, int, file*, void*, size_t*, loff_t*)’ [-fpermissive]
  proc_handler *proc_handler;
                ^
kernel/exit.acc:31183:13: warning: changes meaning of ‘proc_handler’ from ‘typedef int proc_handler(struct ctl_table*, int, struct file*, void*, size_t*, loff_t*)’ [-fpermissive]
 typedef int proc_handler (struct ctl_table *ctl, int write, struct file * filp,
             ^
kernel/exit.acc: In function ‘net* PDE_NET(proc_dir_entry*)’:
kernel/exit.acc:34650:22: warning: invalid conversion from ‘void*’ to ‘net*’ [-fpermissive]
  return pde->parent->data;
                      ^
kernel/exit.acc: In function ‘void copy_user_highpage(page*, page*, long unsigned int, vm_area_struct*)’:
kernel/exit.acc:34855:36: warning: invalid conversion from ‘void*’ to ‘char*’ [-fpermissive]
  vfrom = kmap_atomic(from, KM_USER0);
                                    ^
kernel/exit.acc:34856:32: warning: invalid conversion from ‘void*’ to ‘char*’ [-fpermissive]
  vto = kmap_atomic(to, KM_USER1);
                                ^
kernel/exit.acc: In function ‘void copy_highpage(page*, page*)’:
kernel/exit.acc:34868:36: warning: invalid conversion from ‘void*’ to ‘char*’ [-fpermissive]
  vfrom = kmap_atomic(from, KM_USER0);
                                    ^
kernel/exit.acc:34869:32: warning: invalid conversion from ‘void*’ to ‘char*’ [-fpermissive]
  vto = kmap_atomic(to, KM_USER1);
                                ^
kernel/exit.acc: In function ‘ts_config* alloc_ts_config(size_t, gfp_t)’:
kernel/exit.acc:36218:73: warning: invalid conversion from ‘void*’ to ‘ts_config*’ [-fpermissive]
  conf = kzalloc((((sizeof(*conf)) + 8 -1) & ~(8 -1)) + payload, gfp_mask);
                                                                         ^
kernel/exit.acc:36220:21: warning: invalid conversion from ‘void*’ to ‘ts_config*’ [-fpermissive]
   return ERR_PTR(-12);
                     ^
kernel/exit.acc: In function ‘void async_tx_ack(dma_async_tx_descriptor*)’:
kernel/exit.acc:38438:12: warning: invalid conversion from ‘int’ to ‘dma_ctrl_flags’ [-fpermissive]
  tx->flags |= DMA_CTRL_ACK;
            ^
kernel/exit.acc: In function ‘nlattr* nlmsg_attrdata(nlmsghdr*, int)’:
kernel/exit.acc:39994:38: warning: invalid conversion from ‘void*’ to ‘unsigned char*’ [-fpermissive]
  unsigned char *data = nlmsg_data(nlh);
                                      ^
kernel/exit.acc: In function ‘int nla_nest_compat_end(sk_buff*, nlattr*)’:
kernel/exit.acc:40427:38: warning: invalid conversion from ‘void*’ to ‘nlattr*’ [-fpermissive]
  struct nlattr *nest = (void *)start + ( ((start->nla_len)+4 -1) & ~(4 -1) );
                                      ^
kernel/exit.acc: In function ‘void* genlmsg_put(sk_buff*, u32, u32, genl_family*, int, u8)’:
kernel/exit.acc:40523:22: warning: invalid conversion from ‘void*’ to ‘genlmsghdr*’ [-fpermissive]
  hdr = nlmsg_data(nlh);
                      ^
kernel/exit.acc: In function ‘void* compat_alloc_user_space(long int)’:
kernel/exit.acc:43309:142: warning: taking address of temporary [-fpermissive]
  struct pt_regs *regs = ((struct pt_regs *)__get__ZN13thread_struct3sp0E_1468(&__get__ZN11task_struct6threadE_1469(&(get_current())->thread).sp0) - 1);
                                                                                                                                              ^
kernel/exit.acc: In function ‘void disk_stat_set_all(gendisk*, int)’:
kernel/exit.acc:44323:97: warning: taking address of temporary [-fpermissive]
  for (((i)) = -1; ((i)) = __next_cpu((((i))), &((__get_cpu_possible_map_1491(&cpu_possible_map)))), ((i)) < 64; )
                                                                                                 ^
kernel/exit.acc: In function ‘void part_stat_set_all(hd_struct*, int)’:
kernel/exit.acc:44401:97: warning: taking address of temporary [-fpermissive]
  for (((i)) = -1; ((i)) = __next_cpu((((i))), &((__get_cpu_possible_map_1494(&cpu_possible_map)))), ((i)) < 64; )
                                                                                                 ^
kernel/exit.acc: In function ‘int init_disk_stats(gendisk*)’:
kernel/exit.acc:44442:195: warning: taking address of temporary [-fpermissive]
  disk->dkstats = (struct disk_stats *)__percpu_alloc_mask(((sizeof(struct disk_stats))), (((( gfp_t)0x10u) | (( gfp_t)0x40u) | (( gfp_t)0x80u))), &(__get_cpu_possible_map_1497(&cpu_possible_map)));
                                                                                                                                                                                                   ^
kernel/exit.acc: In function ‘int init_part_stats(hd_struct*)’:
kernel/exit.acc:44490:195: warning: taking address of temporary [-fpermissive]
  part->dkstats = (struct disk_stats *)__percpu_alloc_mask(((sizeof(struct disk_stats))), (((( gfp_t)0x10u) | (( gfp_t)0x40u) | (( gfp_t)0x80u))), &(__get_cpu_possible_map_1500(&cpu_possible_map)));
                                                                                                                                                                                                   ^
kernel/exit.acc: At global scope:
kernel/exit.acc:44800:16: warning: declaration of ‘int (* backing_dev_info::congested_fn)(void*, int)’ [-fpermissive]
  congested_fn *congested_fn;
                ^
kernel/exit.acc:44784:14: warning: changes meaning of ‘congested_fn’ from ‘typedef int congested_fn(void*, int)’ [-fpermissive]
 typedef int (congested_fn)(void *, int);
              ^
kernel/exit.acc: In function ‘char* __bio_kmap_irq(bio*, short unsigned int, long unsigned int*)’:
kernel/exit.acc:45490:71: warning: invalid conversion from ‘void*’ to ‘char*’ [-fpermissive]
  return (lowmem_page_address(((&((bio)->bi_io_vec[(idx)])))->bv_page) + ((&((bio)->bi_io_vec[(idx)])))->bv_offset);
                                                                       ^
kernel/exit.acc: At global scope:
kernel/exit.acc:45830:21: warning: declaration of ‘int (* elevator_ops::elevator_merge_fn)(request_queue*, request**, bio*)’ [-fpermissive]
  elevator_merge_fn *elevator_merge_fn;
                     ^
kernel/exit.acc:45801:14: warning: changes meaning of ‘elevator_merge_fn’ from ‘typedef int elevator_merge_fn(struct request_queue*, struct request**, struct bio*)’ [-fpermissive]
 typedef int (elevator_merge_fn) (struct request_queue *, struct request **,
              ^
kernel/exit.acc:45831:22: warning: declaration of ‘void (* elevator_ops::elevator_merged_fn)(request_queue*, request*, int)’ [-fpermissive]
  elevator_merged_fn *elevator_merged_fn;
                      ^
kernel/exit.acc:45806:15: warning: changes meaning of ‘elevator_merged_fn’ from ‘typedef void elevator_merged_fn(struct request_queue*, struct request*, int)’ [-fpermissive]
 typedef void (elevator_merged_fn) (struct request_queue *, struct request *, int);
               ^
kernel/exit.acc:45832:25: warning: declaration of ‘void (* elevator_ops::elevator_merge_req_fn)(request_queue*, request*, request*)’ [-fpermissive]
  elevator_merge_req_fn *elevator_merge_req_fn;
                         ^
kernel/exit.acc:45804:15: warning: changes meaning of ‘elevator_merge_req_fn’ from ‘typedef void elevator_merge_req_fn(struct request_queue*, struct request*, struct request*)’ [-fpermissive]
 typedef void (elevator_merge_req_fn) (struct request_queue *, struct request *, struct request *);
               ^
kernel/exit.acc:45833:27: warning: declaration of ‘int (* elevator_ops::elevator_allow_merge_fn)(request_queue*, request*, bio*)’ [-fpermissive]
  elevator_allow_merge_fn *elevator_allow_merge_fn;
                           ^
kernel/exit.acc:45808:14: warning: changes meaning of ‘elevator_allow_merge_fn’ from ‘typedef int elevator_allow_merge_fn(struct request_queue*, struct request*, struct bio*)’ [-fpermissive]
 typedef int (elevator_allow_merge_fn) (struct request_queue *, struct request *, struct bio *);
              ^
kernel/exit.acc:45835:24: warning: declaration of ‘int (* elevator_ops::elevator_dispatch_fn)(request_queue*, int)’ [-fpermissive]
  elevator_dispatch_fn *elevator_dispatch_fn;
                        ^
kernel/exit.acc:45810:14: warning: changes meaning of ‘elevator_dispatch_fn’ from ‘typedef int elevator_dispatch_fn(struct request_queue*, int)’ [-fpermissive]
 typedef int (elevator_dispatch_fn) (struct request_queue *, int);
              ^
kernel/exit.acc:45836:23: warning: declaration of ‘void (* elevator_ops::elevator_add_req_fn)(request_queue*, request*)’ [-fpermissive]
  elevator_add_req_fn *elevator_add_req_fn;
                       ^
kernel/exit.acc:45812:15: warning: changes meaning of ‘elevator_add_req_fn’ from ‘typedef void elevator_add_req_fn(struct request_queue*, struct request*)’ [-fpermissive]
 typedef void (elevator_add_req_fn) (struct request_queue *, struct request *);
               ^
kernel/exit.acc:45837:28: warning: declaration of ‘void (* elevator_ops::elevator_activate_req_fn)(request_queue*, request*)’ [-fpermissive]
  elevator_activate_req_fn *elevator_activate_req_fn;
                            ^
kernel/exit.acc:45820:15: warning: changes meaning of ‘elevator_activate_req_fn’ from ‘typedef void elevator_activate_req_fn(struct request_queue*, struct request*)’ [-fpermissive]
 typedef void (elevator_activate_req_fn) (struct request_queue *, struct request *);
               ^
kernel/exit.acc:45838:30: warning: declaration of ‘void (* elevator_ops::elevator_deactivate_req_fn)(request_queue*, request*)’ [-fpermissive]
  elevator_deactivate_req_fn *elevator_deactivate_req_fn;
                              ^
kernel/exit.acc:45821:15: warning: changes meaning of ‘elevator_deactivate_req_fn’ from ‘typedef void elevator_deactivate_req_fn(struct request_queue*, struct request*)’ [-fpermissive]
 typedef void (elevator_deactivate_req_fn) (struct request_queue *, struct request *);
               ^
kernel/exit.acc:45840:27: warning: declaration of ‘int (* elevator_ops::elevator_queue_empty_fn)(request_queue*)’ [-fpermissive]
  elevator_queue_empty_fn *elevator_queue_empty_fn;
                           ^
kernel/exit.acc:45813:14: warning: changes meaning of ‘elevator_queue_empty_fn’ from ‘typedef int elevator_queue_empty_fn(struct request_queue*)’ [-fpermissive]
 typedef int (elevator_queue_empty_fn) (struct request_queue *);
              ^
kernel/exit.acc:45841:29: warning: declaration of ‘void (* elevator_ops::elevator_completed_req_fn)(request_queue*, request*)’ [-fpermissive]
  elevator_completed_req_fn *elevator_completed_req_fn;
                             ^
kernel/exit.acc:45815:15: warning: changes meaning of ‘elevator_completed_req_fn’ from ‘typedef void elevator_completed_req_fn(struct request_queue*, struct request*)’ [-fpermissive]
 typedef void (elevator_completed_req_fn) (struct request_queue *, struct request *);
               ^
kernel/exit.acc:45846:23: warning: declaration of ‘int (* elevator_ops::elevator_set_req_fn)(request_queue*, request*, gfp_t)’ [-fpermissive]
  elevator_set_req_fn *elevator_set_req_fn;
                       ^
kernel/exit.acc:45818:14: warning: changes meaning of ‘elevator_set_req_fn’ from ‘typedef int elevator_set_req_fn(struct request_queue*, struct request*, gfp_t)’ [-fpermissive]
 typedef int (elevator_set_req_fn) (struct request_queue *, struct request *, gfp_t);
              ^
kernel/exit.acc:45847:23: warning: declaration of ‘void (* elevator_ops::elevator_put_req_fn)(request*)’ [-fpermissive]
  elevator_put_req_fn *elevator_put_req_fn;
                       ^
kernel/exit.acc:45819:15: warning: changes meaning of ‘elevator_put_req_fn’ from ‘typedef void elevator_put_req_fn(struct request*)’ [-fpermissive]
 typedef void (elevator_put_req_fn) (struct request *);
               ^
kernel/exit.acc:45849:25: warning: declaration of ‘int (* elevator_ops::elevator_may_queue_fn)(request_queue*, int)’ [-fpermissive]
  elevator_may_queue_fn *elevator_may_queue_fn;
                         ^
kernel/exit.acc:45816:14: warning: changes meaning of ‘elevator_may_queue_fn’ from ‘typedef int elevator_may_queue_fn(struct request_queue*, int)’ [-fpermissive]
 typedef int (elevator_may_queue_fn) (struct request_queue *, int);
              ^
kernel/exit.acc:45851:20: warning: declaration of ‘void* (* elevator_ops::elevator_init_fn)(request_queue*)’ [-fpermissive]
  elevator_init_fn *elevator_init_fn;
                    ^
kernel/exit.acc:45823:16: warning: changes meaning of ‘elevator_init_fn’ from ‘typedef void* elevator_init_fn(struct request_queue*)’ [-fpermissive]
 typedef void *(elevator_init_fn) (struct request_queue *);
                ^
kernel/exit.acc:45852:20: warning: declaration of ‘void (* elevator_ops::elevator_exit_fn)(elevator_t*)’ [-fpermissive]
  elevator_exit_fn *elevator_exit_fn;
                    ^
kernel/exit.acc:45824:15: warning: changes meaning of ‘elevator_exit_fn’ from ‘typedef void elevator_exit_fn(elevator_t*)’ [-fpermissive]
 typedef void (elevator_exit_fn) (elevator_t *);
               ^
kernel/exit.acc:46039:19: warning: declaration of ‘int (* request_queue::make_request_fn)(request_queue*, bio*)’ [-fpermissive]
  make_request_fn *make_request_fn;
                   ^
kernel/exit.acc:45967:14: warning: changes meaning of ‘make_request_fn’ from ‘typedef int make_request_fn(struct request_queue*, struct bio*)’ [-fpermissive]
 typedef int (make_request_fn) (struct request_queue *q, struct bio *bio);
              ^
kernel/exit.acc:46040:14: warning: declaration of ‘int (* request_queue::prep_rq_fn)(request_queue*, request*)’ [-fpermissive]
  prep_rq_fn *prep_rq_fn;
              ^
kernel/exit.acc:45968:14: warning: changes meaning of ‘prep_rq_fn’ from ‘typedef int prep_rq_fn(struct request_queue*, struct request*)’ [-fpermissive]
 typedef int (prep_rq_fn) (struct request_queue *, struct request *);
              ^
kernel/exit.acc:46041:13: warning: declaration of ‘void (* request_queue::unplug_fn)(request_queue*)’ [-fpermissive]
  unplug_fn *unplug_fn;
             ^
kernel/exit.acc:45969:15: warning: changes meaning of ‘unplug_fn’ from ‘typedef void unplug_fn(struct request_queue*)’ [-fpermissive]
 typedef void (unplug_fn) (struct request_queue *);
               ^
kernel/exit.acc:46042:17: warning: declaration of ‘int (* request_queue::merge_bvec_fn)(request_queue*, bvec_merge_data*, bio_vec*)’ [-fpermissive]
  merge_bvec_fn *merge_bvec_fn;
                 ^
kernel/exit.acc:45983:14: warning: changes meaning of ‘merge_bvec_fn’ from ‘typedef int merge_bvec_fn(struct request_queue*, struct bvec_merge_data*, struct bio_vec*)’ [-fpermissive]
 typedef int (merge_bvec_fn) (struct request_queue *, struct bvec_merge_data *,
              ^
kernel/exit.acc:46043:20: warning: declaration of ‘void (* request_queue::prepare_flush_fn)(request_queue*, request*)’ [-fpermissive]
  prepare_flush_fn *prepare_flush_fn;
                    ^
kernel/exit.acc:45985:15: warning: changes meaning of ‘prepare_flush_fn’ from ‘typedef void prepare_flush_fn(struct request_queue*, struct request*)’ [-fpermissive]
 typedef void (prepare_flush_fn) (struct request_queue *, struct request *);
               ^
kernel/exit.acc:46044:19: warning: declaration of ‘void (* request_queue::softirq_done_fn)(request*)’ [-fpermissive]
  softirq_done_fn *softirq_done_fn;
                   ^
kernel/exit.acc:45986:15: warning: changes meaning of ‘softirq_done_fn’ from ‘typedef void softirq_done_fn(struct request*)’ [-fpermissive]
 typedef void (softirq_done_fn)(struct request *);
               ^
kernel/exit.acc: In function ‘int desc_empty(void*)’:
kernel/exit.acc:47625:14: warning: invalid conversion from ‘void*’ to ‘u32* {aka unsigned int*}’ [-fpermissive]
  u32 *desc = ptr;
              ^
kernel/exit.acc: In function ‘void set_tssldt_descriptor(void*, long unsigned int, unsigned int, unsigned int)’:
kernel/exit.acc:47674:31: warning: invalid conversion from ‘void*’ to ‘ldttss_desc64*’ [-fpermissive]
  struct ldttss_desc64 *desc = d;
                               ^
kernel/exit.acc: In function ‘void enter_lazy_tlb(mm_struct*, task_struct*)’:
kernel/exit.acc:48433:282: warning: using temporary as lvalue [-fpermissive]
   do { typedef typeof(_proxy_pda.mmu_state) T__; if (0) { T__ tmp__; tmp__ = (2); } switch (sizeof(_proxy_pda.mmu_state)) { case 2: asm("mov" "w %1,%%gs:%c2" : "+m" (__get__proxy_pda_1790(&_proxy_pda).mmu_state) : "ri" ((T__)2), "i"(((size_t) &((struct x8664_pda *)0)->mmu_state))); break; case 4: asm("mov" "l %1,%%gs:%c2" : "+m" (__get__proxy_pda_1791(&_proxy_pda).mmu_state) : "ri" ((T__)2), "i" (((size_t) &((struct x8664_pda *)0)->mmu_state))); break; case 8: asm("mov" "q %1,%%gs:%c2": "+m" (__get__proxy_pda_1792(&_proxy_pda).mmu_state) : "ri" ((T__)2), "i"(((size_t) &((struct x8664_pda *)0)->mmu_state))); break; default: __bad_pda_field(); } } while (0);
                                                                                                                                                                                                                                                                                          ^
kernel/exit.acc:48433:449: warning: using temporary as lvalue [-fpermissive]
   do { typedef typeof(_proxy_pda.mmu_state) T__; if (0) { T__ tmp__; tmp__ = (2); } switch (sizeof(_proxy_pda.mmu_state)) { case 2: asm("mov" "w %1,%%gs:%c2" : "+m" (__get__proxy_pda_1790(&_proxy_pda).mmu_state) : "ri" ((T__)2), "i"(((size_t) &((struct x8664_pda *)0)->mmu_state))); break; case 4: asm("mov" "l %1,%%gs:%c2" : "+m" (__get__proxy_pda_1791(&_proxy_pda).mmu_state) : "ri" ((T__)2), "i" (((size_t) &((struct x8664_pda *)0)->mmu_state))); break; case 8: asm("mov" "q %1,%%gs:%c2": "+m" (__get__proxy_pda_1792(&_proxy_pda).mmu_state) : "ri" ((T__)2), "i"(((size_t) &((struct x8664_pda *)0)->mmu_state))); break; default: __bad_pda_field(); } } while (0);
                                                                                                                                                                                                                                                                                                                                                                                                                                                                 ^
kernel/exit.acc:48433:614: warning: using temporary as lvalue [-fpermissive]
   do { typedef typeof(_proxy_pda.mmu_state) T__; if (0) { T__ tmp__; tmp__ = (2); } switch (sizeof(_proxy_pda.mmu_state)) { case 2: asm("mov" "w %1,%%gs:%c2" : "+m" (__get__proxy_pda_1790(&_proxy_pda).mmu_state) : "ri" ((T__)2), "i"(((size_t) &((struct x8664_pda *)0)->mmu_state))); break; case 4: asm("mov" "l %1,%%gs:%c2" : "+m" (__get__proxy_pda_1791(&_proxy_pda).mmu_state) : "ri" ((T__)2), "i" (((size_t) &((struct x8664_pda *)0)->mmu_state))); break; case 8: asm("mov" "q %1,%%gs:%c2": "+m" (__get__proxy_pda_1792(&_proxy_pda).mmu_state) : "ri" ((T__)2), "i"(((size_t) &((struct x8664_pda *)0)->mmu_state))); break; default: __bad_pda_field(); } } while (0);
                                                                                                                                                                                                                                                                                                                                                                                                                                                                                                                                                                                                                                      ^
kernel/exit.acc: In function ‘void switch_mm(mm_struct*, mm_struct*, task_struct*)’:
kernel/exit.acc:49213:82: warning: taking address of temporary [-fpermissive]
   __cpu_clear((cpu), &(__get__ZN9mm_struct11cpu_vm_maskE_1796(&prev->cpu_vm_mask)));
                                                                                  ^
kernel/exit.acc:49215:282: warning: using temporary as lvalue [-fpermissive]
   do { typedef typeof(_proxy_pda.mmu_state) T__; if (0) { T__ tmp__; tmp__ = (1); } switch (sizeof(_proxy_pda.mmu_state)) { case 2: asm("mov" "w %1,%%gs:%c2" : "+m" (__get__proxy_pda_1797(&_proxy_pda).mmu_state) : "ri" ((T__)1), "i"(((size_t) &((struct x8664_pda *)0)->mmu_state))); break; case 4: asm("mov" "l %1,%%gs:%c2" : "+m" (__get__proxy_pda_1798(&_proxy_pda).mmu_state) : "ri" ((T__)1), "i" (((size_t) &((struct x8664_pda *)0)->mmu_state))); break; case 8: asm("mov" "q %1,%%gs:%c2": "+m" (__get__proxy_pda_1799(&_proxy_pda).mmu_state) : "ri" ((T__)1), "i"(((size_t) &((struct x8664_pda *)0)->mmu_state))); break; default: __bad_pda_field(); } } while (0);
                                                                                                                                                                                                                                                                                          ^
kernel/exit.acc:49215:449: warning: using temporary as lvalue [-fpermissive]
   do { typedef typeof(_proxy_pda.mmu_state) T__; if (0) { T__ tmp__; tmp__ = (1); } switch (sizeof(_proxy_pda.mmu_state)) { case 2: asm("mov" "w %1,%%gs:%c2" : "+m" (__get__proxy_pda_1797(&_proxy_pda).mmu_state) : "ri" ((T__)1), "i"(((size_t) &((struct x8664_pda *)0)->mmu_state))); break; case 4: asm("mov" "l %1,%%gs:%c2" : "+m" (__get__proxy_pda_1798(&_proxy_pda).mmu_state) : "ri" ((T__)1), "i" (((size_t) &((struct x8664_pda *)0)->mmu_state))); break; case 8: asm("mov" "q %1,%%gs:%c2": "+m" (__get__proxy_pda_1799(&_proxy_pda).mmu_state) : "ri" ((T__)1), "i"(((size_t) &((struct x8664_pda *)0)->mmu_state))); break; default: __bad_pda_field(); } } while (0);
                                                                                                                                                                                                                                                                                                                                                                                                                                                                 ^
kernel/exit.acc:49215:614: warning: using temporary as lvalue [-fpermissive]
   do { typedef typeof(_proxy_pda.mmu_state) T__; if (0) { T__ tmp__; tmp__ = (1); } switch (sizeof(_proxy_pda.mmu_state)) { case 2: asm("mov" "w %1,%%gs:%c2" : "+m" (__get__proxy_pda_1797(&_proxy_pda).mmu_state) : "ri" ((T__)1), "i"(((size_t) &((struct x8664_pda *)0)->mmu_state))); break; case 4: asm("mov" "l %1,%%gs:%c2" : "+m" (__get__proxy_pda_1798(&_proxy_pda).mmu_state) : "ri" ((T__)1), "i" (((size_t) &((struct x8664_pda *)0)->mmu_state))); break; case 8: asm("mov" "q %1,%%gs:%c2": "+m" (__get__proxy_pda_1799(&_proxy_pda).mmu_state) : "ri" ((T__)1), "i"(((size_t) &((struct x8664_pda *)0)->mmu_state))); break; default: __bad_pda_field(); } } while (0);
                                                                                                                                                                                                                                                                                                                                                                                                                                                                                                                                                                                                                                      ^
kernel/exit.acc:49216:288: warning: using temporary as lvalue [-fpermissive]
   do { typedef typeof(_proxy_pda.active_mm) T__; if (0) { T__ tmp__; tmp__ = (next); } switch (sizeof(_proxy_pda.active_mm)) { case 2: asm("mov" "w %1,%%gs:%c2" : "+m" (__get__proxy_pda_1800(&_proxy_pda).active_mm) : "ri" ((T__)next), "i"(((size_t) &((struct x8664_pda *)0)->active_mm))); break; case 4: asm("mov" "l %1,%%gs:%c2" : "+m" (__get__proxy_pda_1801(&_proxy_pda).active_mm) : "ri" ((T__)next), "i" (((size_t) &((struct x8664_pda *)0)->active_mm))); break; case 8: asm("mov" "q %1,%%gs:%c2": "+m" (__get__proxy_pda_1802(&_proxy_pda).active_mm) : "ri" ((T__)next), "i"(((size_t) &((struct x8664_pda *)0)->active_mm))); break; default: __bad_pda_field(); } } while (0);
                                                                                                                                                                                                                                                                                                ^
kernel/exit.acc:49216:458: warning: using temporary as lvalue [-fpermissive]
   do { typedef typeof(_proxy_pda.active_mm) T__; if (0) { T__ tmp__; tmp__ = (next); } switch (sizeof(_proxy_pda.active_mm)) { case 2: asm("mov" "w %1,%%gs:%c2" : "+m" (__get__proxy_pda_1800(&_proxy_pda).active_mm) : "ri" ((T__)next), "i"(((size_t) &((struct x8664_pda *)0)->active_mm))); break; case 4: asm("mov" "l %1,%%gs:%c2" : "+m" (__get__proxy_pda_1801(&_proxy_pda).active_mm) : "ri" ((T__)next), "i" (((size_t) &((struct x8664_pda *)0)->active_mm))); break; case 8: asm("mov" "q %1,%%gs:%c2": "+m" (__get__proxy_pda_1802(&_proxy_pda).active_mm) : "ri" ((T__)next), "i"(((size_t) &((struct x8664_pda *)0)->active_mm))); break; default: __bad_pda_field(); } } while (0);
                                                                                                                                                                                                                                                                                                                                                                                                                                                                          ^
kernel/exit.acc:49216:626: warning: using temporary as lvalue [-fpermissive]
   do { typedef typeof(_proxy_pda.active_mm) T__; if (0) { T__ tmp__; tmp__ = (next); } switch (sizeof(_proxy_pda.active_mm)) { case 2: asm("mov" "w %1,%%gs:%c2" : "+m" (__get__proxy_pda_1800(&_proxy_pda).active_mm) : "ri" ((T__)next), "i"(((size_t) &((struct x8664_pda *)0)->active_mm))); break; case 4: asm("mov" "l %1,%%gs:%c2" : "+m" (__get__proxy_pda_1801(&_proxy_pda).active_mm) : "ri" ((T__)next), "i" (((size_t) &((struct x8664_pda *)0)->active_mm))); break; case 8: asm("mov" "q %1,%%gs:%c2": "+m" (__get__proxy_pda_1802(&_proxy_pda).active_mm) : "ri" ((T__)next), "i"(((size_t) &((struct x8664_pda *)0)->active_mm))); break; default: __bad_pda_field(); } } while (0);
                                                                                                                                                                                                                                                                                                                                                                                                                                                                                                                                                                                                                                                  ^
kernel/exit.acc:49218:80: warning: taking address of temporary [-fpermissive]
   __cpu_set((cpu), &(__get__ZN9mm_struct11cpu_vm_maskE_1803(&next->cpu_vm_mask)));
                                                                                ^
kernel/exit.acc:49226:282: warning: using temporary as lvalue [-fpermissive]
   do { typedef typeof(_proxy_pda.mmu_state) T__; if (0) { T__ tmp__; tmp__ = (1); } switch (sizeof(_proxy_pda.mmu_state)) { case 2: asm("mov" "w %1,%%gs:%c2" : "+m" (__get__proxy_pda_1809(&_proxy_pda).mmu_state) : "ri" ((T__)1), "i"(((size_t) &((struct x8664_pda *)0)->mmu_state))); break; case 4: asm("mov" "l %1,%%gs:%c2" : "+m" (__get__proxy_pda_1810(&_proxy_pda).mmu_state) : "ri" ((T__)1), "i" (((size_t) &((struct x8664_pda *)0)->mmu_state))); break; case 8: asm("mov" "q %1,%%gs:%c2": "+m" (__get__proxy_pda_1811(&_proxy_pda).mmu_state) : "ri" ((T__)1), "i"(((size_t) &((struct x8664_pda *)0)->mmu_state))); break; default: __bad_pda_field(); } } while (0);
                                                                                                                                                                                                                                                                                          ^
kernel/exit.acc:49226:449: warning: using temporary as lvalue [-fpermissive]
   do { typedef typeof(_proxy_pda.mmu_state) T__; if (0) { T__ tmp__; tmp__ = (1); } switch (sizeof(_proxy_pda.mmu_state)) { case 2: asm("mov" "w %1,%%gs:%c2" : "+m" (__get__proxy_pda_1809(&_proxy_pda).mmu_state) : "ri" ((T__)1), "i"(((size_t) &((struct x8664_pda *)0)->mmu_state))); break; case 4: asm("mov" "l %1,%%gs:%c2" : "+m" (__get__proxy_pda_1810(&_proxy_pda).mmu_state) : "ri" ((T__)1), "i" (((size_t) &((struct x8664_pda *)0)->mmu_state))); break; case 8: asm("mov" "q %1,%%gs:%c2": "+m" (__get__proxy_pda_1811(&_proxy_pda).mmu_state) : "ri" ((T__)1), "i"(((size_t) &((struct x8664_pda *)0)->mmu_state))); break; default: __bad_pda_field(); } } while (0);
                                                                                                                                                                                                                                                                                                                                                                                                                                                                 ^
kernel/exit.acc:49226:614: warning: using temporary as lvalue [-fpermissive]
   do { typedef typeof(_proxy_pda.mmu_state) T__; if (0) { T__ tmp__; tmp__ = (1); } switch (sizeof(_proxy_pda.mmu_state)) { case 2: asm("mov" "w %1,%%gs:%c2" : "+m" (__get__proxy_pda_1809(&_proxy_pda).mmu_state) : "ri" ((T__)1), "i"(((size_t) &((struct x8664_pda *)0)->mmu_state))); break; case 4: asm("mov" "l %1,%%gs:%c2" : "+m" (__get__proxy_pda_1810(&_proxy_pda).mmu_state) : "ri" ((T__)1), "i" (((size_t) &((struct x8664_pda *)0)->mmu_state))); break; case 8: asm("mov" "q %1,%%gs:%c2": "+m" (__get__proxy_pda_1811(&_proxy_pda).mmu_state) : "ri" ((T__)1), "i"(((size_t) &((struct x8664_pda *)0)->mmu_state))); break; default: __bad_pda_field(); } } while (0);
                                                                                                                                                                                                                                                                                                                                                                                                                                                                                                                                                                                                                                      ^
kernel/exit.acc:49229:94: warning: taking address of temporary [-fpermissive]
   if (!__cpu_test_and_set((cpu), &(__get__ZN9mm_struct11cpu_vm_maskE_1815(&next->cpu_vm_mask)))) {
                                                                                              ^
