kernel/hrtimer.acc: In function ‘void hlist_del(hlist_node*)’:
kernel/hrtimer.acc:8105:10: warning: invalid conversion from ‘void*’ to ‘hlist_node*’ [-fpermissive]
  n->next = ((void *) 0x00100100);
          ^
kernel/hrtimer.acc:8106:11: warning: invalid conversion from ‘void*’ to ‘hlist_node**’ [-fpermissive]
  n->pprev = ((void *) 0x00200200);
           ^
kernel/hrtimer.acc: In function ‘thread_info* current_thread_info()’:
kernel/hrtimer.acc:8840:5: warning: invalid conversion from ‘void*’ to ‘thread_info*’ [-fpermissive]
  ti = (void *)(({ typeof(_proxy_pda.kernelstack) ret__; switch (sizeof(_proxy_pda.kernelstack)) { case 2: asm("mov" "w %%gs:%c1,%0" : "=r" (ret__) : "i" (((size_t) &((struct x8664_pda *)0)->kernelstack)), "m" (__get__proxy_pda_478(&_proxy_pda).kernelstack)); break; case 4: asm("mov" "l %%gs:%c1,%0": "=r" (ret__): "i" (((size_t) &((struct x8664_pda *)0)->kernelstack)), "m" (__get__proxy_pda_479(&_proxy_pda).kernelstack)); break; case 8: asm("mov" "q %%gs:%c1,%0": "=r" (ret__) : "i" (((size_t) &((struct x8664_pda *)0)->kernelstack)), "m" (__get__proxy_pda_480(&_proxy_pda).kernelstack)); break; default: __bad_pda_field(); } ret__; }) + (5*8) - (((1UL) << 12) << 1));
     ^
kernel/hrtimer.acc: In function ‘void timer_stats_account_hrtimer(hrtimer*)’:
kernel/hrtimer.acc:14377:43: warning: invalid conversion from ‘hrtimer_restart (*)(hrtimer*)’ to ‘void*’ [-fpermissive]
      timer->function, timer->start_comm, 0);
                                           ^
kernel/hrtimer.acc:14370:13: warning:   initializing argument 4 of ‘void timer_stats_update_stats(void*, pid_t, void*, void*, char*, unsigned int)’ [-fpermissive]
 extern void timer_stats_update_stats(void *timer, pid_t pid, void *startf,
             ^
kernel/hrtimer.acc: In function ‘int timer_pending(timer_list*)’:
kernel/hrtimer.acc:14519:88: warning: taking address of temporary [-fpermissive]
  return __get__ZN9list_head4nextE_704(&__get__ZN10timer_list5entryE_705(&timer->entry).next) != 0;
                                                                                        ^
kernel/hrtimer.acc: At global scope:
kernel/hrtimer.acc:19004:16: warning: declaration of ‘int (* ctl_table::proc_handler)(ctl_table*, int, file*, void*, size_t*, loff_t*)’ [-fpermissive]
  proc_handler *proc_handler;
                ^
kernel/hrtimer.acc:18964:13: warning: changes meaning of ‘proc_handler’ from ‘typedef int proc_handler(struct ctl_table*, int, struct file*, void*, size_t*, loff_t*)’ [-fpermissive]
 typedef int proc_handler (struct ctl_table *ctl, int write, struct file * filp,
             ^
kernel/hrtimer.acc: In function ‘pid_namespace* ns_of_pid(pid*)’:
kernel/hrtimer.acc:20630:113: warning: taking address of temporary [-fpermissive]
   ns = __get__ZN4upid2nsE_797(&__get__ZN3pid7numbersE_798(&pid->numbers[__get__ZN3pid5levelE_799(&pid->level)]).ns);
                                                                                                                 ^
kernel/hrtimer.acc: In function ‘pid_t pid_nr(pid*)’:
kernel/hrtimer.acc:20707:77: warning: taking address of temporary [-fpermissive]
   nr = __get__ZN4upid2nrE_800(&__get__ZN3pid7numbersE_801(&pid->numbers[0]).nr);
                                                                             ^
kernel/hrtimer.acc: In function ‘task_struct* next_thread(task_struct*)’:
kernel/hrtimer.acc:24316:165: warning: taking address of temporary [-fpermissive]
  return ({ typeof( ((struct task_struct *)0)->thread_group ) *__mptr = ((__get__ZN9list_head4nextE_844(&__get__ZN11task_struct12thread_groupE_845(&p->thread_group).next))); (struct task_struct *)( (char *)__mptr - ((size_t) &((struct task_struct *)0)->thread_group) );})
                                                                                                                                                                     ^
