kernel/pid.acc: In function ‘thread_info* current_thread_info()’:
kernel/pid.acc:7030:5: warning: invalid conversion from ‘void*’ to ‘thread_info*’ [-fpermissive]
  ti = (void *)(({ typeof(_proxy_pda.kernelstack) ret__; switch (sizeof(_proxy_pda.kernelstack)) { case 2: asm("mov" "w %%gs:%c1,%0" : "=r" (ret__) : "i" (((size_t) &((struct x8664_pda *)0)->kernelstack)), "m" (__get__proxy_pda_442(&_proxy_pda).kernelstack)); break; case 4: asm("mov" "l %%gs:%c1,%0": "=r" (ret__): "i" (((size_t) &((struct x8664_pda *)0)->kernelstack)), "m" (__get__proxy_pda_443(&_proxy_pda).kernelstack)); break; case 8: asm("mov" "q %%gs:%c1,%0": "=r" (ret__) : "i" (((size_t) &((struct x8664_pda *)0)->kernelstack)), "m" (__get__proxy_pda_444(&_proxy_pda).kernelstack)); break; default: __bad_pda_field(); } ret__; }) + (5*8) - (((1UL) << 12) << 1));
     ^
kernel/pid.acc: In function ‘void hlist_del(hlist_node*)’:
kernel/pid.acc:8353:10: warning: invalid conversion from ‘void*’ to ‘hlist_node*’ [-fpermissive]
  n->next = ((void *) 0x00100100);
          ^
kernel/pid.acc:8354:11: warning: invalid conversion from ‘void*’ to ‘hlist_node**’ [-fpermissive]
  n->pprev = ((void *) 0x00200200);
           ^
kernel/pid.acc: In function ‘void set_compound_page_dtor(page*, void (*)(page*))’:
kernel/pid.acc:13661:19: warning: invalid conversion from ‘void*’ to ‘list_head*’ [-fpermissive]
  page[1].lru.next = (void *)dtor;
                   ^
kernel/pid.acc: In function ‘void set_compound_order(page*, long unsigned int)’:
kernel/pid.acc:13748:19: warning: invalid conversion from ‘void*’ to ‘list_head*’ [-fpermissive]
  page[1].lru.prev = (void *)order;
                   ^
kernel/pid.acc: In function ‘zone_type page_zonenum(page*)’:
kernel/pid.acc:13752:83: warning: invalid conversion from ‘long unsigned int’ to ‘zone_type’ [-fpermissive]
  return (page->flags >> (((((sizeof(unsigned long)*8) - 0) - 9) - 2) * (2 != 0))) & ((1UL << 2) - 1);
                                                                                   ^
kernel/pid.acc: In function ‘void timer_stats_account_hrtimer(hrtimer*)’:
kernel/pid.acc:14632:43: warning: invalid conversion from ‘hrtimer_restart (*)(hrtimer*)’ to ‘void*’ [-fpermissive]
      timer->function, timer->start_comm, 0);
                                           ^
kernel/pid.acc:14625:13: warning:   initializing argument 4 of ‘void timer_stats_update_stats(void*, pid_t, void*, void*, char*, unsigned int)’ [-fpermissive]
 extern void timer_stats_update_stats(void *timer, pid_t pid, void *startf,
             ^
kernel/pid.acc: In function ‘int timer_pending(timer_list*)’:
kernel/pid.acc:14774:88: warning: taking address of temporary [-fpermissive]
  return __get__ZN9list_head4nextE_865(&__get__ZN10timer_list5entryE_866(&timer->entry).next) != 0;
                                                                                        ^
kernel/pid.acc: In function ‘void zone_page_state_add(long int, zone*, zone_stat_item)’:
kernel/pid.acc:15634:54: warning: taking address of temporary [-fpermissive]
  atomic_long_add(x, &__get_vm_stat_872(&vm_stat[item]));
                                                      ^
kernel/pid.acc: In function ‘long unsigned int global_page_state(zone_stat_item)’:
kernel/pid.acc:15674:61: warning: taking address of temporary [-fpermissive]
  long x = atomic_long_read(&__get_vm_stat_873(&vm_stat[item]));
                                                             ^
kernel/pid.acc: In function ‘void list_del_rcu(list_head*)’:
kernel/pid.acc:18217:14: warning: invalid conversion from ‘void*’ to ‘list_head*’ [-fpermissive]
  entry->prev = ((void *) 0x00200200);
              ^
kernel/pid.acc: In function ‘void list_replace_rcu(list_head*, list_head*)’:
kernel/pid.acc:18303:12: warning: invalid conversion from ‘void*’ to ‘list_head*’ [-fpermissive]
  old->prev = ((void *) 0x00200200);
            ^
kernel/pid.acc: In function ‘void hlist_del_rcu(hlist_node*)’:
kernel/pid.acc:18433:11: warning: invalid conversion from ‘void*’ to ‘hlist_node**’ [-fpermissive]
  n->pprev = ((void *) 0x00200200);
           ^
kernel/pid.acc: In function ‘void hlist_replace_rcu(hlist_node*, hlist_node*)’:
kernel/pid.acc:18515:13: warning: invalid conversion from ‘void*’ to ‘hlist_node**’ [-fpermissive]
  old->pprev = ((void *) 0x00200200);
             ^
kernel/pid.acc: In function ‘pid_namespace* ns_of_pid(pid*)’:
kernel/pid.acc:20580:113: warning: taking address of temporary [-fpermissive]
   ns = __get__ZN4upid2nsE_982(&__get__ZN3pid7numbersE_983(&pid->numbers[__get__ZN3pid5levelE_984(&pid->level)]).ns);
                                                                                                                 ^
kernel/pid.acc: In function ‘pid_t pid_nr(pid*)’:
kernel/pid.acc:20657:77: warning: taking address of temporary [-fpermissive]
   nr = __get__ZN4upid2nrE_985(&__get__ZN3pid7numbersE_986(&pid->numbers[0]).nr);
                                                                             ^
kernel/pid.acc: In function ‘task_struct* next_thread(task_struct*)’:
kernel/pid.acc:24323:167: warning: taking address of temporary [-fpermissive]
  return ({ typeof( ((struct task_struct *)0)->thread_group ) *__mptr = ((__get__ZN9list_head4nextE_1029(&__get__ZN11task_struct12thread_groupE_1030(&p->thread_group).next))); (struct task_struct *)( (char *)__mptr - ((size_t) &((struct task_struct *)0)->thread_group) );})
                                                                                                                                                                       ^
kernel/pid.acc: At global scope:
kernel/pid.acc:27427:16: warning: declaration of ‘int (* ctl_table::proc_handler)(ctl_table*, int, file*, void*, size_t*, loff_t*)’ [-fpermissive]
  proc_handler *proc_handler;
                ^
kernel/pid.acc:27387:13: warning: changes meaning of ‘proc_handler’ from ‘typedef int proc_handler(struct ctl_table*, int, struct file*, void*, size_t*, loff_t*)’ [-fpermissive]
 typedef int proc_handler (struct ctl_table *ctl, int write, struct file * filp,
             ^
kernel/pid.acc: In function ‘pid* find_pid_ns(int, pid_namespace*)’:
kernel/pid.acc:29273:177: warning: taking address of temporary [-fpermissive]
         struct hlist_head *head = &__get_pid_hash_1056(&__get_pid_hash_1057(&pid_hash)[hash_64((unsigned long)nr + (unsigned long)ns, __get_pidhash_shift_1058(&pidhash_shift))]);
                                                                                                                                                                                 ^
kernel/pid.acc: In function ‘task_struct* pid_task(pid*, pid_type)’:
kernel/pid.acc:29376:105: warning: taking address of temporary [-fpermissive]
                 first = __get__ZN10hlist_head5firstE_1067(&(&__get__ZN3pid5tasksE_1068(&pid->tasks[type]))->first);
                                                                                                         ^
kernel/pid.acc:29376:109: warning: taking address of temporary [-fpermissive]
                 first = __get__ZN10hlist_head5firstE_1067(&(&__get__ZN3pid5tasksE_1068(&pid->tasks[type]))->first);
                                                                                                             ^
kernel/pid.acc: In function ‘pid_t pid_nr_ns(pid*, pid_namespace*)’:
kernel/pid.acc:29753:102: warning: taking address of temporary [-fpermissive]
   upid = &__get__ZN3pid7numbersE_1077(&pid->numbers[__get__ZN13pid_namespace5levelE_1078(&ns->level)]);
                                                                                                      ^
