mm/page_alloc.acc: In function ‘thread_info* current_thread_info()’:
mm/page_alloc.acc:7027:5: warning: invalid conversion from ‘void*’ to ‘thread_info*’ [-fpermissive]
  ti = (void *)(({ typeof(_proxy_pda.kernelstack) ret__; switch (sizeof(_proxy_pda.kernelstack)) { case 2: asm("mov" "w %%gs:%c1,%0" : "=r" (ret__) : "i" (((size_t) &((struct x8664_pda *)0)->kernelstack)), "m" (__get__proxy_pda_442(&_proxy_pda).kernelstack)); break; case 4: asm("mov" "l %%gs:%c1,%0": "=r" (ret__): "i" (((size_t) &((struct x8664_pda *)0)->kernelstack)), "m" (__get__proxy_pda_443(&_proxy_pda).kernelstack)); break; case 8: asm("mov" "q %%gs:%c1,%0": "=r" (ret__) : "i" (((size_t) &((struct x8664_pda *)0)->kernelstack)), "m" (__get__proxy_pda_444(&_proxy_pda).kernelstack)); break; default: __bad_pda_field(); } ret__; }) + (5*8) - (((1UL) << 12) << 1));
     ^
mm/page_alloc.acc: In function ‘void hlist_del(hlist_node*)’:
mm/page_alloc.acc:8350:10: warning: invalid conversion from ‘void*’ to ‘hlist_node*’ [-fpermissive]
  n->next = ((void *) 0x00100100);
          ^
mm/page_alloc.acc:8351:11: warning: invalid conversion from ‘void*’ to ‘hlist_node**’ [-fpermissive]
  n->pprev = ((void *) 0x00200200);
           ^
mm/page_alloc.acc: In function ‘void set_compound_page_dtor(page*, void (*)(page*))’:
mm/page_alloc.acc:13658:19: warning: invalid conversion from ‘void*’ to ‘list_head*’ [-fpermissive]
  page[1].lru.next = (void *)dtor;
                   ^
mm/page_alloc.acc: In function ‘void set_compound_order(page*, long unsigned int)’:
mm/page_alloc.acc:13745:19: warning: invalid conversion from ‘void*’ to ‘list_head*’ [-fpermissive]
  page[1].lru.prev = (void *)order;
                   ^
mm/page_alloc.acc: In function ‘zone_type page_zonenum(page*)’:
mm/page_alloc.acc:13749:83: warning: invalid conversion from ‘long unsigned int’ to ‘zone_type’ [-fpermissive]
  return (page->flags >> (((((sizeof(unsigned long)*8) - 0) - 9) - 2) * (2 != 0))) & ((1UL << 2) - 1);
                                                                                   ^
mm/page_alloc.acc: In function ‘void timer_stats_account_hrtimer(hrtimer*)’:
mm/page_alloc.acc:14629:43: warning: invalid conversion from ‘hrtimer_restart (*)(hrtimer*)’ to ‘void*’ [-fpermissive]
      timer->function, timer->start_comm, 0);
                                           ^
mm/page_alloc.acc:14622:13: warning:   initializing argument 4 of ‘void timer_stats_update_stats(void*, pid_t, void*, void*, char*, unsigned int)’ [-fpermissive]
 extern void timer_stats_update_stats(void *timer, pid_t pid, void *startf,
             ^
mm/page_alloc.acc: In function ‘int timer_pending(timer_list*)’:
mm/page_alloc.acc:14771:88: warning: taking address of temporary [-fpermissive]
  return __get__ZN9list_head4nextE_865(&__get__ZN10timer_list5entryE_866(&timer->entry).next) != 0;
                                                                                        ^
mm/page_alloc.acc: In function ‘void zone_page_state_add(long int, zone*, zone_stat_item)’:
mm/page_alloc.acc:15631:54: warning: taking address of temporary [-fpermissive]
  atomic_long_add(x, &__get_vm_stat_872(&vm_stat[item]));
                                                      ^
mm/page_alloc.acc: In function ‘long unsigned int global_page_state(zone_stat_item)’:
mm/page_alloc.acc:15671:61: warning: taking address of temporary [-fpermissive]
  long x = atomic_long_read(&__get_vm_stat_873(&vm_stat[item]));
                                                             ^
mm/page_alloc.acc: In function ‘pid_namespace* ns_of_pid(pid*)’:
mm/page_alloc.acc:18154:113: warning: taking address of temporary [-fpermissive]
   ns = __get__ZN4upid2nsE_950(&__get__ZN3pid7numbersE_951(&pid->numbers[__get__ZN3pid5levelE_952(&pid->level)]).ns);
                                                                                                                 ^
mm/page_alloc.acc: In function ‘pid_t pid_nr(pid*)’:
mm/page_alloc.acc:18231:77: warning: taking address of temporary [-fpermissive]
   nr = __get__ZN4upid2nrE_953(&__get__ZN3pid7numbersE_954(&pid->numbers[0]).nr);
                                                                             ^
mm/page_alloc.acc: In function ‘task_struct* next_thread(task_struct*)’:
mm/page_alloc.acc:21897:165: warning: taking address of temporary [-fpermissive]
  return ({ typeof( ((struct task_struct *)0)->thread_group ) *__mptr = ((__get__ZN9list_head4nextE_997(&__get__ZN11task_struct12thread_groupE_998(&p->thread_group).next))); (struct task_struct *)( (char *)__mptr - ((size_t) &((struct task_struct *)0)->thread_group) );})
                                                                                                                                                                     ^
mm/page_alloc.acc: In function ‘void list_del_rcu(list_head*)’:
mm/page_alloc.acc:23949:14: warning: invalid conversion from ‘void*’ to ‘list_head*’ [-fpermissive]
  entry->prev = ((void *) 0x00200200);
              ^
mm/page_alloc.acc: In function ‘void list_replace_rcu(list_head*, list_head*)’:
mm/page_alloc.acc:24035:12: warning: invalid conversion from ‘void*’ to ‘list_head*’ [-fpermissive]
  old->prev = ((void *) 0x00200200);
            ^
mm/page_alloc.acc: In function ‘void hlist_del_rcu(hlist_node*)’:
mm/page_alloc.acc:24165:11: warning: invalid conversion from ‘void*’ to ‘hlist_node**’ [-fpermissive]
  n->pprev = ((void *) 0x00200200);
           ^
mm/page_alloc.acc: In function ‘void hlist_replace_rcu(hlist_node*, hlist_node*)’:
mm/page_alloc.acc:24247:13: warning: invalid conversion from ‘void*’ to ‘hlist_node**’ [-fpermissive]
  old->pprev = ((void *) 0x00200200);
             ^
mm/page_alloc.acc: In function ‘int dname_external(dentry*)’:
mm/page_alloc.acc:24710:83: warning: taking address of temporary [-fpermissive]
  return __get__ZN4qstr4nameE_1050(&__get__ZN6dentry6d_nameE_1051(&dentry->d_name).name) != __get__ZN6dentry7d_inameE_1052(dentry->d_iname);
                                                                                   ^
mm/page_alloc.acc: In function ‘void simple_transaction_set(file*, size_t)’:
mm/page_alloc.acc:28007:48: warning: invalid conversion from ‘void*’ to ‘simple_transaction_argresp*’ [-fpermissive]
  struct simple_transaction_argresp *ar = file->private_data;
                                                ^
mm/page_alloc.acc: In function ‘void copy_user_highpage(page*, page*, long unsigned int, vm_area_struct*)’:
mm/page_alloc.acc:28435:36: warning: invalid conversion from ‘void*’ to ‘char*’ [-fpermissive]
  vfrom = kmap_atomic(from, KM_USER0);
                                    ^
mm/page_alloc.acc:28436:32: warning: invalid conversion from ‘void*’ to ‘char*’ [-fpermissive]
  vto = kmap_atomic(to, KM_USER1);
                                ^
mm/page_alloc.acc: In function ‘void copy_highpage(page*, page*)’:
mm/page_alloc.acc:28448:36: warning: invalid conversion from ‘void*’ to ‘char*’ [-fpermissive]
  vfrom = kmap_atomic(from, KM_USER0);
                                    ^
mm/page_alloc.acc:28449:32: warning: invalid conversion from ‘void*’ to ‘char*’ [-fpermissive]
  vto = kmap_atomic(to, KM_USER1);
                                ^
mm/page_alloc.acc: In function ‘int desc_empty(void*)’:
mm/page_alloc.acc:30972:14: warning: invalid conversion from ‘void*’ to ‘u32* {aka unsigned int*}’ [-fpermissive]
  u32 *desc = ptr;
              ^
mm/page_alloc.acc: In function ‘void set_tssldt_descriptor(void*, long unsigned int, unsigned int, unsigned int)’:
mm/page_alloc.acc:31021:31: warning: invalid conversion from ‘void*’ to ‘ldttss_desc64*’ [-fpermissive]
  struct ldttss_desc64 *desc = d;
                               ^
mm/page_alloc.acc: In function ‘int kstat_irqs(int)’:
mm/page_alloc.acc:31586:103: warning: taking address of temporary [-fpermissive]
  for (((cpu)) = -1; ((cpu)) = __next_cpu((((cpu))), &((__get_cpu_possible_map_1190(&cpu_possible_map)))), ((cpu)) < 64; )
                                                                                                       ^
mm/page_alloc.acc: In function ‘void __save_init_fpu(task_struct*)’:
mm/page_alloc.acc:31997:106: warning: taking address of temporary [-fpermissive]
         : "=m" (__get__ZN13thread_struct6xstateE_1204(&__get__ZN11task_struct6threadE_1205(&tsk->thread).xstate)->fxsave)
                                                                                                          ^
mm/page_alloc.acc: In function ‘short unsigned int get_fpu_cwd(task_struct*)’:
mm/page_alloc.acc:32455:99: warning: taking address of temporary [-fpermissive]
   return __get__ZN13thread_struct6xstateE_1217(&__get__ZN11task_struct6threadE_1218(&tsk->thread).xstate)->fxsave.cwd;
                                                                                                   ^
mm/page_alloc.acc:32457:115: warning: taking address of temporary [-fpermissive]
   return (unsigned short)__get__ZN13thread_struct6xstateE_1221(&__get__ZN11task_struct6threadE_1222(&tsk->thread).xstate)->fsave.cwd;
                                                                                                                   ^
mm/page_alloc.acc: In function ‘short unsigned int get_fpu_swd(task_struct*)’:
mm/page_alloc.acc:32604:99: warning: taking address of temporary [-fpermissive]
   return __get__ZN13thread_struct6xstateE_1227(&__get__ZN11task_struct6threadE_1228(&tsk->thread).xstate)->fxsave.swd;
                                                                                                   ^
mm/page_alloc.acc:32606:115: warning: taking address of temporary [-fpermissive]
   return (unsigned short)__get__ZN13thread_struct6xstateE_1231(&__get__ZN11task_struct6threadE_1232(&tsk->thread).xstate)->fsave.swd;
                                                                                                                   ^
mm/page_alloc.acc: In function ‘short unsigned int get_fpu_mxcsr(task_struct*)’:
mm/page_alloc.acc:32683:99: warning: taking address of temporary [-fpermissive]
   return __get__ZN13thread_struct6xstateE_1237(&__get__ZN11task_struct6threadE_1238(&tsk->thread).xstate)->fxsave.mxcsr;
                                                                                                   ^
mm/page_alloc.acc: In function ‘void disk_stat_set_all(gendisk*, int)’:
mm/page_alloc.acc:33827:97: warning: taking address of temporary [-fpermissive]
  for (((i)) = -1; ((i)) = __next_cpu((((i))), &((__get_cpu_possible_map_1260(&cpu_possible_map)))), ((i)) < 64; )
                                                                                                 ^
mm/page_alloc.acc: In function ‘void part_stat_set_all(hd_struct*, int)’:
mm/page_alloc.acc:33905:97: warning: taking address of temporary [-fpermissive]
  for (((i)) = -1; ((i)) = __next_cpu((((i))), &((__get_cpu_possible_map_1263(&cpu_possible_map)))), ((i)) < 64; )
                                                                                                 ^
mm/page_alloc.acc: In function ‘int init_disk_stats(gendisk*)’:
mm/page_alloc.acc:33946:195: warning: taking address of temporary [-fpermissive]
  disk->dkstats = (struct disk_stats *)__percpu_alloc_mask(((sizeof(struct disk_stats))), (((( gfp_t)0x10u) | (( gfp_t)0x40u) | (( gfp_t)0x80u))), &(__get_cpu_possible_map_1266(&cpu_possible_map)));
                                                                                                                                                                                                   ^
mm/page_alloc.acc: In function ‘int init_part_stats(hd_struct*)’:
mm/page_alloc.acc:33994:195: warning: taking address of temporary [-fpermissive]
  part->dkstats = (struct disk_stats *)__percpu_alloc_mask(((sizeof(struct disk_stats))), (((( gfp_t)0x10u) | (( gfp_t)0x40u) | (( gfp_t)0x80u))), &(__get_cpu_possible_map_1269(&cpu_possible_map)));
                                                                                                                                                                                                   ^
mm/page_alloc.acc: At global scope:
mm/page_alloc.acc:34304:16: warning: declaration of ‘int (* backing_dev_info::congested_fn)(void*, int)’ [-fpermissive]
  congested_fn *congested_fn;
                ^
mm/page_alloc.acc:34288:14: warning: changes meaning of ‘congested_fn’ from ‘typedef int congested_fn(void*, int)’ [-fpermissive]
 typedef int (congested_fn)(void *, int);
              ^
mm/page_alloc.acc: In function ‘char* __bio_kmap_irq(bio*, short unsigned int, long unsigned int*)’:
mm/page_alloc.acc:35111:71: warning: invalid conversion from ‘void*’ to ‘char*’ [-fpermissive]
  return (lowmem_page_address(((&((bio)->bi_io_vec[(idx)])))->bv_page) + ((&((bio)->bi_io_vec[(idx)])))->bv_offset);
                                                                       ^
mm/page_alloc.acc: At global scope:
mm/page_alloc.acc:35470:21: warning: declaration of ‘int (* elevator_ops::elevator_merge_fn)(request_queue*, request**, bio*)’ [-fpermissive]
  elevator_merge_fn *elevator_merge_fn;
                     ^
mm/page_alloc.acc:35441:14: warning: changes meaning of ‘elevator_merge_fn’ from ‘typedef int elevator_merge_fn(struct request_queue*, struct request**, struct bio*)’ [-fpermissive]
 typedef int (elevator_merge_fn) (struct request_queue *, struct request **,
              ^
mm/page_alloc.acc:35471:22: warning: declaration of ‘void (* elevator_ops::elevator_merged_fn)(request_queue*, request*, int)’ [-fpermissive]
  elevator_merged_fn *elevator_merged_fn;
                      ^
mm/page_alloc.acc:35446:15: warning: changes meaning of ‘elevator_merged_fn’ from ‘typedef void elevator_merged_fn(struct request_queue*, struct request*, int)’ [-fpermissive]
 typedef void (elevator_merged_fn) (struct request_queue *, struct request *, int);
               ^
mm/page_alloc.acc:35472:25: warning: declaration of ‘void (* elevator_ops::elevator_merge_req_fn)(request_queue*, request*, request*)’ [-fpermissive]
  elevator_merge_req_fn *elevator_merge_req_fn;
                         ^
mm/page_alloc.acc:35444:15: warning: changes meaning of ‘elevator_merge_req_fn’ from ‘typedef void elevator_merge_req_fn(struct request_queue*, struct request*, struct request*)’ [-fpermissive]
 typedef void (elevator_merge_req_fn) (struct request_queue *, struct request *, struct request *);
               ^
mm/page_alloc.acc:35473:27: warning: declaration of ‘int (* elevator_ops::elevator_allow_merge_fn)(request_queue*, request*, bio*)’ [-fpermissive]
  elevator_allow_merge_fn *elevator_allow_merge_fn;
                           ^
mm/page_alloc.acc:35448:14: warning: changes meaning of ‘elevator_allow_merge_fn’ from ‘typedef int elevator_allow_merge_fn(struct request_queue*, struct request*, struct bio*)’ [-fpermissive]
 typedef int (elevator_allow_merge_fn) (struct request_queue *, struct request *, struct bio *);
              ^
mm/page_alloc.acc:35475:24: warning: declaration of ‘int (* elevator_ops::elevator_dispatch_fn)(request_queue*, int)’ [-fpermissive]
  elevator_dispatch_fn *elevator_dispatch_fn;
                        ^
mm/page_alloc.acc:35450:14: warning: changes meaning of ‘elevator_dispatch_fn’ from ‘typedef int elevator_dispatch_fn(struct request_queue*, int)’ [-fpermissive]
 typedef int (elevator_dispatch_fn) (struct request_queue *, int);
              ^
mm/page_alloc.acc:35476:23: warning: declaration of ‘void (* elevator_ops::elevator_add_req_fn)(request_queue*, request*)’ [-fpermissive]
  elevator_add_req_fn *elevator_add_req_fn;
                       ^
mm/page_alloc.acc:35452:15: warning: changes meaning of ‘elevator_add_req_fn’ from ‘typedef void elevator_add_req_fn(struct request_queue*, struct request*)’ [-fpermissive]
 typedef void (elevator_add_req_fn) (struct request_queue *, struct request *);
               ^
mm/page_alloc.acc:35477:28: warning: declaration of ‘void (* elevator_ops::elevator_activate_req_fn)(request_queue*, request*)’ [-fpermissive]
  elevator_activate_req_fn *elevator_activate_req_fn;
                            ^
mm/page_alloc.acc:35460:15: warning: changes meaning of ‘elevator_activate_req_fn’ from ‘typedef void elevator_activate_req_fn(struct request_queue*, struct request*)’ [-fpermissive]
 typedef void (elevator_activate_req_fn) (struct request_queue *, struct request *);
               ^
mm/page_alloc.acc:35478:30: warning: declaration of ‘void (* elevator_ops::elevator_deactivate_req_fn)(request_queue*, request*)’ [-fpermissive]
  elevator_deactivate_req_fn *elevator_deactivate_req_fn;
                              ^
mm/page_alloc.acc:35461:15: warning: changes meaning of ‘elevator_deactivate_req_fn’ from ‘typedef void elevator_deactivate_req_fn(struct request_queue*, struct request*)’ [-fpermissive]
 typedef void (elevator_deactivate_req_fn) (struct request_queue *, struct request *);
               ^
mm/page_alloc.acc:35480:27: warning: declaration of ‘int (* elevator_ops::elevator_queue_empty_fn)(request_queue*)’ [-fpermissive]
  elevator_queue_empty_fn *elevator_queue_empty_fn;
                           ^
mm/page_alloc.acc:35453:14: warning: changes meaning of ‘elevator_queue_empty_fn’ from ‘typedef int elevator_queue_empty_fn(struct request_queue*)’ [-fpermissive]
 typedef int (elevator_queue_empty_fn) (struct request_queue *);
              ^
mm/page_alloc.acc:35481:29: warning: declaration of ‘void (* elevator_ops::elevator_completed_req_fn)(request_queue*, request*)’ [-fpermissive]
  elevator_completed_req_fn *elevator_completed_req_fn;
                             ^
mm/page_alloc.acc:35455:15: warning: changes meaning of ‘elevator_completed_req_fn’ from ‘typedef void elevator_completed_req_fn(struct request_queue*, struct request*)’ [-fpermissive]
 typedef void (elevator_completed_req_fn) (struct request_queue *, struct request *);
               ^
mm/page_alloc.acc:35486:23: warning: declaration of ‘int (* elevator_ops::elevator_set_req_fn)(request_queue*, request*, gfp_t)’ [-fpermissive]
  elevator_set_req_fn *elevator_set_req_fn;
                       ^
mm/page_alloc.acc:35458:14: warning: changes meaning of ‘elevator_set_req_fn’ from ‘typedef int elevator_set_req_fn(struct request_queue*, struct request*, gfp_t)’ [-fpermissive]
 typedef int (elevator_set_req_fn) (struct request_queue *, struct request *, gfp_t);
              ^
mm/page_alloc.acc:35487:23: warning: declaration of ‘void (* elevator_ops::elevator_put_req_fn)(request*)’ [-fpermissive]
  elevator_put_req_fn *elevator_put_req_fn;
                       ^
mm/page_alloc.acc:35459:15: warning: changes meaning of ‘elevator_put_req_fn’ from ‘typedef void elevator_put_req_fn(struct request*)’ [-fpermissive]
 typedef void (elevator_put_req_fn) (struct request *);
               ^
mm/page_alloc.acc:35489:25: warning: declaration of ‘int (* elevator_ops::elevator_may_queue_fn)(request_queue*, int)’ [-fpermissive]
  elevator_may_queue_fn *elevator_may_queue_fn;
                         ^
mm/page_alloc.acc:35456:14: warning: changes meaning of ‘elevator_may_queue_fn’ from ‘typedef int elevator_may_queue_fn(struct request_queue*, int)’ [-fpermissive]
 typedef int (elevator_may_queue_fn) (struct request_queue *, int);
              ^
mm/page_alloc.acc:35491:20: warning: declaration of ‘void* (* elevator_ops::elevator_init_fn)(request_queue*)’ [-fpermissive]
  elevator_init_fn *elevator_init_fn;
                    ^
mm/page_alloc.acc:35463:16: warning: changes meaning of ‘elevator_init_fn’ from ‘typedef void* elevator_init_fn(struct request_queue*)’ [-fpermissive]
 typedef void *(elevator_init_fn) (struct request_queue *);
                ^
mm/page_alloc.acc:35492:20: warning: declaration of ‘void (* elevator_ops::elevator_exit_fn)(elevator_t*)’ [-fpermissive]
  elevator_exit_fn *elevator_exit_fn;
                    ^
mm/page_alloc.acc:35464:15: warning: changes meaning of ‘elevator_exit_fn’ from ‘typedef void elevator_exit_fn(elevator_t*)’ [-fpermissive]
 typedef void (elevator_exit_fn) (elevator_t *);
               ^
mm/page_alloc.acc:35679:19: warning: declaration of ‘int (* request_queue::make_request_fn)(request_queue*, bio*)’ [-fpermissive]
  make_request_fn *make_request_fn;
                   ^
mm/page_alloc.acc:35607:14: warning: changes meaning of ‘make_request_fn’ from ‘typedef int make_request_fn(struct request_queue*, struct bio*)’ [-fpermissive]
 typedef int (make_request_fn) (struct request_queue *q, struct bio *bio);
              ^
mm/page_alloc.acc:35680:14: warning: declaration of ‘int (* request_queue::prep_rq_fn)(request_queue*, request*)’ [-fpermissive]
  prep_rq_fn *prep_rq_fn;
              ^
mm/page_alloc.acc:35608:14: warning: changes meaning of ‘prep_rq_fn’ from ‘typedef int prep_rq_fn(struct request_queue*, struct request*)’ [-fpermissive]
 typedef int (prep_rq_fn) (struct request_queue *, struct request *);
              ^
mm/page_alloc.acc:35681:13: warning: declaration of ‘void (* request_queue::unplug_fn)(request_queue*)’ [-fpermissive]
  unplug_fn *unplug_fn;
             ^
mm/page_alloc.acc:35609:15: warning: changes meaning of ‘unplug_fn’ from ‘typedef void unplug_fn(struct request_queue*)’ [-fpermissive]
 typedef void (unplug_fn) (struct request_queue *);
               ^
mm/page_alloc.acc:35682:17: warning: declaration of ‘int (* request_queue::merge_bvec_fn)(request_queue*, bvec_merge_data*, bio_vec*)’ [-fpermissive]
  merge_bvec_fn *merge_bvec_fn;
                 ^
mm/page_alloc.acc:35623:14: warning: changes meaning of ‘merge_bvec_fn’ from ‘typedef int merge_bvec_fn(struct request_queue*, struct bvec_merge_data*, struct bio_vec*)’ [-fpermissive]
 typedef int (merge_bvec_fn) (struct request_queue *, struct bvec_merge_data *,
              ^
mm/page_alloc.acc:35683:20: warning: declaration of ‘void (* request_queue::prepare_flush_fn)(request_queue*, request*)’ [-fpermissive]
  prepare_flush_fn *prepare_flush_fn;
                    ^
mm/page_alloc.acc:35625:15: warning: changes meaning of ‘prepare_flush_fn’ from ‘typedef void prepare_flush_fn(struct request_queue*, struct request*)’ [-fpermissive]
 typedef void (prepare_flush_fn) (struct request_queue *, struct request *);
               ^
mm/page_alloc.acc:35684:19: warning: declaration of ‘void (* request_queue::softirq_done_fn)(request*)’ [-fpermissive]
  softirq_done_fn *softirq_done_fn;
                   ^
mm/page_alloc.acc:35626:15: warning: changes meaning of ‘softirq_done_fn’ from ‘typedef void softirq_done_fn(struct request*)’ [-fpermissive]
 typedef void (softirq_done_fn)(struct request *);
               ^
mm/page_alloc.acc:37381:16: warning: declaration of ‘int (* ctl_table::proc_handler)(ctl_table*, int, file*, void*, size_t*, loff_t*)’ [-fpermissive]
  proc_handler *proc_handler;
                ^
mm/page_alloc.acc:37341:13: warning: changes meaning of ‘proc_handler’ from ‘typedef int proc_handler(struct ctl_table*, int, struct file*, void*, size_t*, loff_t*)’ [-fpermissive]
 typedef int proc_handler (struct ctl_table *ctl, int write, struct file * filp,
             ^
