arch/x86/mm/pageattr.acc: In function ‘void hlist_del(hlist_node*)’:
arch/x86/mm/pageattr.acc:8139:10: warning: invalid conversion from ‘void*’ to ‘hlist_node*’ [-fpermissive]
  n->next = ((void *) 0x00100100);
          ^
arch/x86/mm/pageattr.acc:8140:11: warning: invalid conversion from ‘void*’ to ‘hlist_node**’ [-fpermissive]
  n->pprev = ((void *) 0x00200200);
           ^
arch/x86/mm/pageattr.acc: In function ‘thread_info* current_thread_info()’:
arch/x86/mm/pageattr.acc:8589:5: warning: invalid conversion from ‘void*’ to ‘thread_info*’ [-fpermissive]
  ti = (void *)(({ typeof(_proxy_pda.kernelstack) ret__; switch (sizeof(_proxy_pda.kernelstack)) { case 2: asm("mov" "w %%gs:%c1,%0" : "=r" (ret__) : "i" (((size_t) &((struct x8664_pda *)0)->kernelstack)), "m" (__get__proxy_pda_477(&_proxy_pda).kernelstack)); break; case 4: asm("mov" "l %%gs:%c1,%0": "=r" (ret__): "i" (((size_t) &((struct x8664_pda *)0)->kernelstack)), "m" (__get__proxy_pda_478(&_proxy_pda).kernelstack)); break; case 8: asm("mov" "q %%gs:%c1,%0": "=r" (ret__) : "i" (((size_t) &((struct x8664_pda *)0)->kernelstack)), "m" (__get__proxy_pda_479(&_proxy_pda).kernelstack)); break; default: __bad_pda_field(); } ret__; }) + (5*8) - (((1UL) << 12) << 1));
     ^
arch/x86/mm/pageattr.acc: In function ‘void timer_stats_account_hrtimer(hrtimer*)’:
arch/x86/mm/pageattr.acc:13416:43: warning: invalid conversion from ‘hrtimer_restart (*)(hrtimer*)’ to ‘void*’ [-fpermissive]
      timer->function, timer->start_comm, 0);
                                           ^
arch/x86/mm/pageattr.acc:13409:13: warning:   initializing argument 4 of ‘void timer_stats_update_stats(void*, pid_t, void*, void*, char*, unsigned int)’ [-fpermissive]
 extern void timer_stats_update_stats(void *timer, pid_t pid, void *startf,
             ^
arch/x86/mm/pageattr.acc: In function ‘int timer_pending(timer_list*)’:
arch/x86/mm/pageattr.acc:13558:88: warning: taking address of temporary [-fpermissive]
  return __get__ZN9list_head4nextE_700(&__get__ZN10timer_list5entryE_701(&timer->entry).next) != 0;
                                                                                        ^
arch/x86/mm/pageattr.acc: In function ‘void list_del_rcu(list_head*)’:
arch/x86/mm/pageattr.acc:14856:14: warning: invalid conversion from ‘void*’ to ‘list_head*’ [-fpermissive]
  entry->prev = ((void *) 0x00200200);
              ^
arch/x86/mm/pageattr.acc: In function ‘void list_replace_rcu(list_head*, list_head*)’:
arch/x86/mm/pageattr.acc:14942:12: warning: invalid conversion from ‘void*’ to ‘list_head*’ [-fpermissive]
  old->prev = ((void *) 0x00200200);
            ^
arch/x86/mm/pageattr.acc: In function ‘void hlist_del_rcu(hlist_node*)’:
arch/x86/mm/pageattr.acc:15072:11: warning: invalid conversion from ‘void*’ to ‘hlist_node**’ [-fpermissive]
  n->pprev = ((void *) 0x00200200);
           ^
arch/x86/mm/pageattr.acc: In function ‘void hlist_replace_rcu(hlist_node*, hlist_node*)’:
arch/x86/mm/pageattr.acc:15154:13: warning: invalid conversion from ‘void*’ to ‘hlist_node**’ [-fpermissive]
  old->pprev = ((void *) 0x00200200);
             ^
arch/x86/mm/pageattr.acc: In function ‘int dname_external(dentry*)’:
arch/x86/mm/pageattr.acc:15617:81: warning: taking address of temporary [-fpermissive]
  return __get__ZN4qstr4nameE_728(&__get__ZN6dentry6d_nameE_729(&dentry->d_name).name) != __get__ZN6dentry7d_inameE_730(dentry->d_iname);
                                                                                 ^
arch/x86/mm/pageattr.acc: In function ‘pid_namespace* ns_of_pid(pid*)’:
arch/x86/mm/pageattr.acc:16302:113: warning: taking address of temporary [-fpermissive]
   ns = __get__ZN4upid2nsE_738(&__get__ZN3pid7numbersE_739(&pid->numbers[__get__ZN3pid5levelE_740(&pid->level)]).ns);
                                                                                                                 ^
arch/x86/mm/pageattr.acc: In function ‘pid_t pid_nr(pid*)’:
arch/x86/mm/pageattr.acc:16379:77: warning: taking address of temporary [-fpermissive]
   nr = __get__ZN4upid2nrE_741(&__get__ZN3pid7numbersE_742(&pid->numbers[0]).nr);
                                                                             ^
arch/x86/mm/pageattr.acc: In function ‘void simple_transaction_set(file*, size_t)’:
arch/x86/mm/pageattr.acc:19751:48: warning: invalid conversion from ‘void*’ to ‘simple_transaction_argresp*’ [-fpermissive]
  struct simple_transaction_argresp *ar = file->private_data;
                                                ^
arch/x86/mm/pageattr.acc: In function ‘void set_compound_page_dtor(page*, void (*)(page*))’:
arch/x86/mm/pageattr.acc:20818:19: warning: invalid conversion from ‘void*’ to ‘list_head*’ [-fpermissive]
  page[1].lru.next = (void *)dtor;
                   ^
arch/x86/mm/pageattr.acc: In function ‘void set_compound_order(page*, long unsigned int)’:
arch/x86/mm/pageattr.acc:20905:19: warning: invalid conversion from ‘void*’ to ‘list_head*’ [-fpermissive]
  page[1].lru.prev = (void *)order;
                   ^
arch/x86/mm/pageattr.acc: In function ‘zone_type page_zonenum(page*)’:
arch/x86/mm/pageattr.acc:20909:83: warning: invalid conversion from ‘long unsigned int’ to ‘zone_type’ [-fpermissive]
  return (page->flags >> (((((sizeof(unsigned long)*8) - 0) - 9) - 2) * (2 != 0))) & ((1UL << 2) - 1);
                                                                                   ^
arch/x86/mm/pageattr.acc: In function ‘void zone_page_state_add(long int, zone*, zone_stat_item)’:
arch/x86/mm/pageattr.acc:21084:54: warning: taking address of temporary [-fpermissive]
  atomic_long_add(x, &__get_vm_stat_958(&vm_stat[item]));
                                                      ^
arch/x86/mm/pageattr.acc: In function ‘long unsigned int global_page_state(zone_stat_item)’:
arch/x86/mm/pageattr.acc:21124:61: warning: taking address of temporary [-fpermissive]
  long x = atomic_long_read(&__get_vm_stat_959(&vm_stat[item]));
                                                             ^
arch/x86/mm/pageattr.acc: In function ‘void copy_user_highpage(page*, page*, long unsigned int, vm_area_struct*)’:
arch/x86/mm/pageattr.acc:22224:36: warning: invalid conversion from ‘void*’ to ‘char*’ [-fpermissive]
  vfrom = kmap_atomic(from, KM_USER0);
                                    ^
arch/x86/mm/pageattr.acc:22225:32: warning: invalid conversion from ‘void*’ to ‘char*’ [-fpermissive]
  vto = kmap_atomic(to, KM_USER1);
                                ^
arch/x86/mm/pageattr.acc: In function ‘void copy_highpage(page*, page*)’:
arch/x86/mm/pageattr.acc:22237:36: warning: invalid conversion from ‘void*’ to ‘char*’ [-fpermissive]
  vfrom = kmap_atomic(from, KM_USER0);
                                    ^
arch/x86/mm/pageattr.acc:22238:32: warning: invalid conversion from ‘void*’ to ‘char*’ [-fpermissive]
  vto = kmap_atomic(to, KM_USER1);
                                ^
arch/x86/mm/pageattr.acc: In function ‘task_struct* next_thread(task_struct*)’:
arch/x86/mm/pageattr.acc:28328:167: warning: taking address of temporary [-fpermissive]
  return ({ typeof( ((struct task_struct *)0)->thread_group ) *__mptr = ((__get__ZN9list_head4nextE_1096(&__get__ZN11task_struct12thread_groupE_1097(&p->thread_group).next))); (struct task_struct *)( (char *)__mptr - ((size_t) &((struct task_struct *)0)->thread_group) );})
                                                                                                                                                                       ^
