kernel/sched/cputime.acc: In function ‘void list_del(list_head*)’:
kernel/sched/cputime.acc:4154:14: warning: invalid conversion from ‘void*’ to ‘list_head*’ [-fpermissive]
  entry->next = ((void *) 0x00100100 + (0xdead000000000000UL));
              ^
kernel/sched/cputime.acc:4155:14: warning: invalid conversion from ‘void*’ to ‘list_head*’ [-fpermissive]
  entry->prev = ((void *) 0x00200200 + (0xdead000000000000UL));
              ^
kernel/sched/cputime.acc: In function ‘void hlist_del(hlist_node*)’:
kernel/sched/cputime.acc:5130:10: warning: invalid conversion from ‘void*’ to ‘hlist_node*’ [-fpermissive]
  n->next = ((void *) 0x00100100 + (0xdead000000000000UL));
          ^
kernel/sched/cputime.acc:5131:11: warning: invalid conversion from ‘void*’ to ‘hlist_node**’ [-fpermissive]
  n->pprev = ((void *) 0x00200200 + (0xdead000000000000UL));
           ^
kernel/sched/cputime.acc: In function ‘int timer_pending(timer_list*)’:
kernel/sched/cputime.acc:15210:88: warning: taking address of temporary [-fpermissive]
  return __get__ZN9list_head4nextE_302(&__get__ZN10timer_list5entryE_303(&timer->entry).next) != 0;
                                                                                        ^
kernel/sched/cputime.acc: At global scope:
kernel/sched/cputime.acc:19625:80: warning: invalid conversion from ‘void*’ to ‘long unsigned int*’ [-fpermissive]
 static unsigned long * vvaraddr_jiffies = (void *)((-10*1024*1024 - 4096) + (0));
                                                                                ^
kernel/sched/cputime.acc:19626:76: warning: invalid conversion from ‘void*’ to ‘int*’ [-fpermissive]
 static int * vvaraddr_vgetcpu_mode = (void *)((-10*1024*1024 - 4096) + (16));
                                                                            ^
kernel/sched/cputime.acc:19627:105: warning: invalid conversion from ‘void*’ to ‘vsyscall_gtod_data*’ [-fpermissive]
 static struct vsyscall_gtod_data * vvaraddr_vsyscall_gtod_data = (void *)((-10*1024*1024 - 4096) + (128));
                                                                                                         ^
kernel/sched/cputime.acc: In function ‘zone_type gfp_zone(gfp_t)’:
kernel/sched/cputime.acc:22231:274: warning: invalid conversion from ‘int’ to ‘zone_type’ [-fpermissive]
  z = (( (ZONE_NORMAL << 0 * 2) | (ZONE_DMA << 0x01u * 2) | (ZONE_NORMAL << 0x02u * 2) | (ZONE_DMA32 << 0x04u * 2) | (ZONE_NORMAL << 0x08u * 2) | (ZONE_DMA << (0x08u | 0x01u) * 2) | (ZONE_MOVABLE << (0x08u | 0x02u) * 2) | (ZONE_DMA32 << (0x08u | 0x04u) * 2) ) >> (bit * 2)) &
                                                                                                                                                                                                                                                                                  ^
kernel/sched/cputime.acc: In function ‘pid_namespace* ns_of_pid(pid*)’:
kernel/sched/cputime.acc:24903:113: warning: taking address of temporary [-fpermissive]
   ns = __get__ZN4upid2nsE_626(&__get__ZN3pid7numbersE_627(&pid->numbers[__get__ZN3pid5levelE_628(&pid->level)]).ns);
                                                                                                                 ^
kernel/sched/cputime.acc: In function ‘bool is_child_reaper(pid*)’:
kernel/sched/cputime.acc:25020:114: warning: taking address of temporary [-fpermissive]
  return __get__ZN4upid2nrE_629(&__get__ZN3pid7numbersE_630(&pid->numbers[__get__ZN3pid5levelE_631(&pid->level)]).nr) == 1;
                                                                                                                  ^
kernel/sched/cputime.acc: In function ‘pid_t pid_nr(pid*)’:
kernel/sched/cputime.acc:25096:77: warning: taking address of temporary [-fpermissive]
   nr = __get__ZN4upid2nrE_632(&__get__ZN3pid7numbersE_633(&pid->numbers[0]).nr);
                                                                             ^
kernel/sched/cputime.acc: In function ‘void list_del_rcu(list_head*)’:
kernel/sched/cputime.acc:25580:14: warning: invalid conversion from ‘void*’ to ‘list_head*’ [-fpermissive]
  entry->prev = ((void *) 0x00200200 + (0xdead000000000000UL));
              ^
kernel/sched/cputime.acc: In function ‘void list_replace_rcu(list_head*, list_head*)’:
kernel/sched/cputime.acc:25666:12: warning: invalid conversion from ‘void*’ to ‘list_head*’ [-fpermissive]
  old->prev = ((void *) 0x00200200 + (0xdead000000000000UL));
            ^
kernel/sched/cputime.acc: In function ‘void hlist_del_rcu(hlist_node*)’:
kernel/sched/cputime.acc:25800:11: warning: invalid conversion from ‘void*’ to ‘hlist_node**’ [-fpermissive]
  n->pprev = ((void *) 0x00200200 + (0xdead000000000000UL));
           ^
kernel/sched/cputime.acc: In function ‘void hlist_replace_rcu(hlist_node*, hlist_node*)’:
kernel/sched/cputime.acc:25882:13: warning: invalid conversion from ‘void*’ to ‘hlist_node**’ [-fpermissive]
  old->pprev = ((void *) 0x00200200 + (0xdead000000000000UL));
             ^
kernel/sched/cputime.acc: At global scope:
kernel/sched/cputime.acc:27694:16: warning: declaration of ‘int (* ctl_table::proc_handler)(ctl_table*, int, void*, size_t*, loff_t*)’ [-fpermissive]
  proc_handler *proc_handler;
                ^
kernel/sched/cputime.acc:27650:13: warning: changes meaning of ‘proc_handler’ from ‘typedef int proc_handler(struct ctl_table*, int, void*, size_t*, loff_t*)’ [-fpermissive]
 typedef int proc_handler (struct ctl_table *ctl, int write,
             ^
kernel/sched/cputime.acc: In function ‘task_struct* next_thread(task_struct*)’:
kernel/sched/cputime.acc:31064:176: warning: taking address of temporary [-fpermissive]
  return ({typeof (*p->thread_group.next) *__ptr = (typeof (*p->thread_group.next) *)__get__ZN9list_head4nextE_753(&__get__ZN11task_struct12thread_groupE_754(&p->thread_group).next); ({ typeof( ((struct task_struct *)0)->thread_group ) *__mptr = ((typeof(p->thread_group.next))(__ptr)); (struct task_struct *)( (char *)__mptr - ((size_t) &((struct task_struct *)0)->thread_group) );}); })
                                                                                                                                                                                ^
kernel/sched/cputime.acc: In function ‘ctx_state exception_enter()’:
kernel/sched/cputime.acc:34670:10: warning: invalid conversion from ‘int’ to ‘ctx_state’ [-fpermissive]
   return 0;
          ^
kernel/sched/cputime.acc: In function ‘int seq_nodemask(seq_file*, nodemask_t*)’:
kernel/sched/cputime.acc:35601:120: warning: ISO C++ forbids casting to an array type ‘long unsigned int [1]’ [-fpermissive]
         return seq_bitmap(m, (typeof(mask->bits))g_map(__get__ZN9_nodemask4bitsE_905(mask->bits), sizeof(*(mask->bits))), (1 << 6));
                                                                                                                        ^
kernel/sched/cputime.acc: In function ‘pinctrl* pinctrl_get_select(device*, char*)’:
kernel/sched/cputime.acc:35819:28: warning: invalid conversion from ‘void*’ to ‘pinctrl*’ [-fpermissive]
   return ERR_PTR(PTR_ERR(s));
                            ^
kernel/sched/cputime.acc:35825:21: warning: invalid conversion from ‘void*’ to ‘pinctrl*’ [-fpermissive]
   return ERR_PTR(ret);
                     ^
kernel/sched/cputime.acc: In function ‘pinctrl* devm_pinctrl_get_select(device*, char*)’:
kernel/sched/cputime.acc:35851:20: warning: invalid conversion from ‘void*’ to ‘pinctrl*’ [-fpermissive]
   return ERR_CAST(s);
                    ^
kernel/sched/cputime.acc:35857:21: warning: invalid conversion from ‘void*’ to ‘pinctrl*’ [-fpermissive]
   return ERR_PTR(ret);
                     ^
kernel/sched/cputime.acc: In function ‘void hlist_bl_del(hlist_bl_node*)’:
kernel/sched/cputime.acc:39146:10: warning: invalid conversion from ‘void*’ to ‘hlist_bl_node*’ [-fpermissive]
  n->next = ((void *) 0x00100100 + (0xdead000000000000UL));
          ^
kernel/sched/cputime.acc:39147:11: warning: invalid conversion from ‘void*’ to ‘hlist_bl_node**’ [-fpermissive]
  n->pprev = ((void *) 0x00200200 + (0xdead000000000000UL));
           ^
kernel/sched/cputime.acc: In function ‘void hlist_bl_del_rcu(hlist_bl_node*)’:
kernel/sched/cputime.acc:39234:11: warning: invalid conversion from ‘void*’ to ‘hlist_bl_node**’ [-fpermissive]
  n->pprev = ((void *) 0x00200200 + (0xdead000000000000UL));
           ^
kernel/sched/cputime.acc: In function ‘int dname_external(dentry*)’:
kernel/sched/cputime.acc:39530:81: warning: taking address of temporary [-fpermissive]
  return __get__ZN4qstr4nameE_980(&__get__ZN6dentry6d_nameE_981(&dentry->d_name).name) != __get__ZN6dentry7d_inameE_982(dentry->d_iname);
                                                                                 ^
kernel/sched/cputime.acc: In function ‘bool dir_emit_dot(file*, dir_context*)’:
kernel/sched/cputime.acc:44782:139: warning: taking address of temporary [-fpermissive]
      __get__ZN5inode5i_inoE_1095(&__get__ZN6dentry7d_inodeE_1096(&__get__ZN4path6dentryE_1097(&__get__ZN4file6f_pathE_1098(&file->f_path).dentry)->d_inode)->i_ino), 4) == 0;
                                                                                                                                           ^
kernel/sched/cputime.acc: In function ‘bool dir_emit_dotdot(file*, dir_context*)’:
kernel/sched/cputime.acc:44857:89: warning: taking address of temporary [-fpermissive]
      parent_ino(__get__ZN4path6dentryE_1101(&__get__ZN4file6f_pathE_1102(&file->f_path).dentry)), 4) == 0;
                                                                                         ^
