net/ipv4/tcp_ipv4.acc: In function ‘void list_del(list_head*)’:
net/ipv4/tcp_ipv4.acc:821:14: warning: invalid conversion from ‘void*’ to ‘list_head*’ [-fpermissive]
  entry->next = ((void *) 0x00100100 + (0xdead000000000000UL));
              ^
net/ipv4/tcp_ipv4.acc:822:14: warning: invalid conversion from ‘void*’ to ‘list_head*’ [-fpermissive]
  entry->prev = ((void *) 0x00200200 + (0xdead000000000000UL));
              ^
net/ipv4/tcp_ipv4.acc: In function ‘void hlist_del(hlist_node*)’:
net/ipv4/tcp_ipv4.acc:1797:10: warning: invalid conversion from ‘void*’ to ‘hlist_node*’ [-fpermissive]
  n->next = ((void *) 0x00100100 + (0xdead000000000000UL));
          ^
net/ipv4/tcp_ipv4.acc:1798:11: warning: invalid conversion from ‘void*’ to ‘hlist_node**’ [-fpermissive]
  n->pprev = ((void *) 0x00200200 + (0xdead000000000000UL));
           ^
net/ipv4/tcp_ipv4.acc: In function ‘int timer_pending(timer_list*)’:
net/ipv4/tcp_ipv4.acc:15346:88: warning: taking address of temporary [-fpermissive]
  return __get__ZN9list_head4nextE_326(&__get__ZN10timer_list5entryE_327(&timer->entry).next) != 0;
                                                                                        ^
net/ipv4/tcp_ipv4.acc: At global scope:
net/ipv4/tcp_ipv4.acc:19349:80: warning: invalid conversion from ‘void*’ to ‘long unsigned int*’ [-fpermissive]
 static unsigned long * vvaraddr_jiffies = (void *)((-10*1024*1024 - 4096) + (0));
                                                                                ^
net/ipv4/tcp_ipv4.acc:19350:76: warning: invalid conversion from ‘void*’ to ‘int*’ [-fpermissive]
 static int * vvaraddr_vgetcpu_mode = (void *)((-10*1024*1024 - 4096) + (16));
                                                                            ^
net/ipv4/tcp_ipv4.acc:19351:105: warning: invalid conversion from ‘void*’ to ‘vsyscall_gtod_data*’ [-fpermissive]
 static struct vsyscall_gtod_data * vvaraddr_vsyscall_gtod_data = (void *)((-10*1024*1024 - 4096) + (128));
                                                                                                         ^
net/ipv4/tcp_ipv4.acc: In function ‘zone_type gfp_zone(gfp_t)’:
net/ipv4/tcp_ipv4.acc:21256:274: warning: invalid conversion from ‘int’ to ‘zone_type’ [-fpermissive]
  z = (( (ZONE_NORMAL << 0 * 2) | (ZONE_DMA << 0x01u * 2) | (ZONE_NORMAL << 0x02u * 2) | (ZONE_DMA32 << 0x04u * 2) | (ZONE_NORMAL << 0x08u * 2) | (ZONE_DMA << (0x08u | 0x01u) * 2) | (ZONE_MOVABLE << (0x08u | 0x02u) * 2) | (ZONE_DMA32 << (0x08u | 0x04u) * 2) ) >> (bit * 2)) &
                                                                                                                                                                                                                                                                                  ^
net/ipv4/tcp_ipv4.acc: At global scope:
net/ipv4/tcp_ipv4.acc:22329:16: warning: declaration of ‘int (* ctl_table::proc_handler)(ctl_table*, int, void*, size_t*, loff_t*)’ [-fpermissive]
  proc_handler *proc_handler;
                ^
net/ipv4/tcp_ipv4.acc:22285:13: warning: changes meaning of ‘proc_handler’ from ‘typedef int proc_handler(struct ctl_table*, int, void*, size_t*, loff_t*)’ [-fpermissive]
 typedef int proc_handler (struct ctl_table *ctl, int write,
             ^
net/ipv4/tcp_ipv4.acc: In function ‘u32 jhash(void*, u32, u32)’:
net/ipv4/tcp_ipv4.acc:24555:10: warning: invalid conversion from ‘void*’ to ‘u8* {aka unsigned char*}’ [-fpermissive]
  u8 *k = key;
          ^
net/ipv4/tcp_ipv4.acc: In function ‘void list_del_rcu(list_head*)’:
net/ipv4/tcp_ipv4.acc:25671:14: warning: invalid conversion from ‘void*’ to ‘list_head*’ [-fpermissive]
  entry->prev = ((void *) 0x00200200 + (0xdead000000000000UL));
              ^
net/ipv4/tcp_ipv4.acc: In function ‘void list_replace_rcu(list_head*, list_head*)’:
net/ipv4/tcp_ipv4.acc:25757:12: warning: invalid conversion from ‘void*’ to ‘list_head*’ [-fpermissive]
  old->prev = ((void *) 0x00200200 + (0xdead000000000000UL));
            ^
net/ipv4/tcp_ipv4.acc: In function ‘void hlist_del_rcu(hlist_node*)’:
net/ipv4/tcp_ipv4.acc:25891:11: warning: invalid conversion from ‘void*’ to ‘hlist_node**’ [-fpermissive]
  n->pprev = ((void *) 0x00200200 + (0xdead000000000000UL));
           ^
net/ipv4/tcp_ipv4.acc: In function ‘void hlist_replace_rcu(hlist_node*, hlist_node*)’:
net/ipv4/tcp_ipv4.acc:25973:13: warning: invalid conversion from ‘void*’ to ‘hlist_node**’ [-fpermissive]
  old->pprev = ((void *) 0x00200200 + (0xdead000000000000UL));
             ^
net/ipv4/tcp_ipv4.acc: In function ‘void hlist_bl_del(hlist_bl_node*)’:
net/ipv4/tcp_ipv4.acc:27335:10: warning: invalid conversion from ‘void*’ to ‘hlist_bl_node*’ [-fpermissive]
  n->next = ((void *) 0x00100100 + (0xdead000000000000UL));
          ^
net/ipv4/tcp_ipv4.acc:27336:11: warning: invalid conversion from ‘void*’ to ‘hlist_bl_node**’ [-fpermissive]
  n->pprev = ((void *) 0x00200200 + (0xdead000000000000UL));
           ^
net/ipv4/tcp_ipv4.acc: In function ‘void hlist_bl_del_rcu(hlist_bl_node*)’:
net/ipv4/tcp_ipv4.acc:27423:11: warning: invalid conversion from ‘void*’ to ‘hlist_bl_node**’ [-fpermissive]
  n->pprev = ((void *) 0x00200200 + (0xdead000000000000UL));
           ^
net/ipv4/tcp_ipv4.acc: In function ‘int dname_external(dentry*)’:
net/ipv4/tcp_ipv4.acc:27719:81: warning: taking address of temporary [-fpermissive]
  return __get__ZN4qstr4nameE_551(&__get__ZN6dentry6d_nameE_552(&dentry->d_name).name) != __get__ZN6dentry7d_inameE_553(dentry->d_iname);
                                                                                 ^
net/ipv4/tcp_ipv4.acc: In function ‘pid_namespace* ns_of_pid(pid*)’:
net/ipv4/tcp_ipv4.acc:28811:113: warning: taking address of temporary [-fpermissive]
   ns = __get__ZN4upid2nsE_579(&__get__ZN3pid7numbersE_580(&pid->numbers[__get__ZN3pid5levelE_581(&pid->level)]).ns);
                                                                                                                 ^
net/ipv4/tcp_ipv4.acc: In function ‘bool is_child_reaper(pid*)’:
net/ipv4/tcp_ipv4.acc:28928:114: warning: taking address of temporary [-fpermissive]
  return __get__ZN4upid2nrE_582(&__get__ZN3pid7numbersE_583(&pid->numbers[__get__ZN3pid5levelE_584(&pid->level)]).nr) == 1;
                                                                                                                  ^
net/ipv4/tcp_ipv4.acc: In function ‘pid_t pid_nr(pid*)’:
net/ipv4/tcp_ipv4.acc:29004:77: warning: taking address of temporary [-fpermissive]
   nr = __get__ZN4upid2nrE_585(&__get__ZN3pid7numbersE_586(&pid->numbers[0]).nr);
                                                                             ^
net/ipv4/tcp_ipv4.acc: In function ‘bool dir_emit_dot(file*, dir_context*)’:
net/ipv4/tcp_ipv4.acc:33869:135: warning: taking address of temporary [-fpermissive]
      __get__ZN5inode5i_inoE_685(&__get__ZN6dentry7d_inodeE_686(&__get__ZN4path6dentryE_687(&__get__ZN4file6f_pathE_688(&file->f_path).dentry)->d_inode)->i_ino), 4) == 0;
                                                                                                                                       ^
net/ipv4/tcp_ipv4.acc: In function ‘bool dir_emit_dotdot(file*, dir_context*)’:
net/ipv4/tcp_ipv4.acc:33944:87: warning: taking address of temporary [-fpermissive]
      parent_ino(__get__ZN4path6dentryE_691(&__get__ZN4file6f_pathE_692(&file->f_path).dentry)), 4) == 0;
                                                                                       ^
net/ipv4/tcp_ipv4.acc: In function ‘ts_config* alloc_ts_config(size_t, gfp_t)’:
net/ipv4/tcp_ipv4.acc:35252:73: warning: invalid conversion from ‘void*’ to ‘ts_config*’ [-fpermissive]
  conf = kzalloc((((sizeof(*conf)) + 8 -1) & ~(8 -1)) + payload, gfp_mask);
                                                                         ^
net/ipv4/tcp_ipv4.acc:35254:21: warning: invalid conversion from ‘void*’ to ‘ts_config*’ [-fpermissive]
   return ERR_PTR(-12);
                     ^
net/ipv4/tcp_ipv4.acc: In function ‘int seq_nodemask(seq_file*, nodemask_t*)’:
net/ipv4/tcp_ipv4.acc:35986:120: warning: ISO C++ forbids casting to an array type ‘long unsigned int [1]’ [-fpermissive]
         return seq_bitmap(m, (typeof(mask->bits))g_map(__get__ZN9_nodemask4bitsE_731(mask->bits), sizeof(*(mask->bits))), (1 << 6));
                                                                                                                        ^
net/ipv4/tcp_ipv4.acc: In function ‘pinctrl* pinctrl_get_select(device*, char*)’:
net/ipv4/tcp_ipv4.acc:36204:28: warning: invalid conversion from ‘void*’ to ‘pinctrl*’ [-fpermissive]
   return ERR_PTR(PTR_ERR(s));
                            ^
net/ipv4/tcp_ipv4.acc:36210:21: warning: invalid conversion from ‘void*’ to ‘pinctrl*’ [-fpermissive]
   return ERR_PTR(ret);
                     ^
net/ipv4/tcp_ipv4.acc: In function ‘pinctrl* devm_pinctrl_get_select(device*, char*)’:
net/ipv4/tcp_ipv4.acc:36236:20: warning: invalid conversion from ‘void*’ to ‘pinctrl*’ [-fpermissive]
   return ERR_CAST(s);
                    ^
net/ipv4/tcp_ipv4.acc:36242:21: warning: invalid conversion from ‘void*’ to ‘pinctrl*’ [-fpermissive]
   return ERR_PTR(ret);
                     ^
net/ipv4/tcp_ipv4.acc: In function ‘void set_compound_page_dtor(page*, void (*)(page*))’:
net/ipv4/tcp_ipv4.acc:39012:19: warning: invalid conversion from ‘void*’ to ‘list_head*’ [-fpermissive]
  page[1].lru.next = (void *)dtor;
                   ^
net/ipv4/tcp_ipv4.acc: In function ‘void set_compound_order(page*, long unsigned int)’:
net/ipv4/tcp_ipv4.acc:39099:19: warning: invalid conversion from ‘void*’ to ‘list_head*’ [-fpermissive]
  page[1].lru.prev = (void *)order;
                   ^
net/ipv4/tcp_ipv4.acc: In function ‘zone_type page_zonenum(page*)’:
net/ipv4/tcp_ipv4.acc:39144:83: warning: invalid conversion from ‘long unsigned int’ to ‘zone_type’ [-fpermissive]
  return (page->flags >> (((((sizeof(unsigned long)*8) - 0) - 6) - 2) * (2 != 0))) & ((1UL << 2) - 1);
                                                                                   ^
net/ipv4/tcp_ipv4.acc: In function ‘void zone_page_state_add(long int, zone*, zone_stat_item)’:
net/ipv4/tcp_ipv4.acc:39389:55: warning: taking address of temporary [-fpermissive]
  atomic_long_add(x, &__get_vm_stat_1168(&vm_stat[item]));
                                                       ^
net/ipv4/tcp_ipv4.acc: In function ‘long unsigned int global_page_state(zone_stat_item)’:
net/ipv4/tcp_ipv4.acc:39429:62: warning: taking address of temporary [-fpermissive]
  long x = atomic_long_read(&__get_vm_stat_1169(&vm_stat[item]));
                                                              ^
net/ipv4/tcp_ipv4.acc: In function ‘bool dmaf_p_disabled_continue(dma_ctrl_flags)’:
net/ipv4/tcp_ipv4.acc:42508:49: warning: invalid conversion from ‘int’ to ‘dma_ctrl_flags’ [-fpermissive]
  enum dma_ctrl_flags mask = DMA_PREP_CONTINUE | DMA_PREP_PQ_DISABLE_P;
                                                 ^
net/ipv4/tcp_ipv4.acc: In function ‘void async_tx_ack(dma_async_tx_descriptor*)’:
net/ipv4/tcp_ipv4.acc:42569:12: warning: invalid conversion from ‘int’ to ‘dma_ctrl_flags’ [-fpermissive]
  tx->flags |= DMA_CTRL_ACK;
            ^
net/ipv4/tcp_ipv4.acc: In function ‘void async_tx_clear_ack(dma_async_tx_descriptor*)’:
net/ipv4/tcp_ipv4.acc:42574:12: warning: invalid conversion from ‘int’ to ‘dma_ctrl_flags’ [-fpermissive]
  tx->flags &= ~DMA_CTRL_ACK;
            ^
net/ipv4/tcp_ipv4.acc: In function ‘void hlist_nulls_del(hlist_nulls_node*)’:
net/ipv4/tcp_ipv4.acc:47389:11: warning: invalid conversion from ‘void*’ to ‘hlist_nulls_node**’ [-fpermissive]
  n->pprev = ((void *) 0x00200200 + (0xdead000000000000UL));
           ^
net/ipv4/tcp_ipv4.acc: In function ‘task_struct* next_thread(task_struct*)’:
net/ipv4/tcp_ipv4.acc:54651:178: warning: taking address of temporary [-fpermissive]
  return ({typeof (*p->thread_group.next) *__ptr = (typeof (*p->thread_group.next) *)__get__ZN9list_head4nextE_1850(&__get__ZN11task_struct12thread_groupE_1851(&p->thread_group).next); ({ typeof( ((struct task_struct *)0)->thread_group ) *__mptr = ((typeof(p->thread_group.next))(__ptr)); (struct task_struct *)( (char *)__mptr - ((size_t) &((struct task_struct *)0)->thread_group) );}); })
                                                                                                                                                                                  ^
net/ipv4/tcp_ipv4.acc: In function ‘void* arch_compat_alloc_user_space(long int)’:
net/ipv4/tcp_ipv4.acc:56046:153: warning: taking address of temporary [-fpermissive]
   sp = __get__ZN7pt_regs2spE_1870(&((struct pt_regs *)__get__ZN13thread_struct3sp0E_1871(&__get__ZN11task_struct6threadE_1872(&(get_current())->thread).sp0) - 1)->sp);
                                                                                                                                                         ^
net/ipv4/tcp_ipv4.acc: In function ‘netdev_queue* netdev_get_tx_queue(net_device*, unsigned int)’:
net/ipv4/tcp_ipv4.acc:63409:92: warning: taking address of temporary [-fpermissive]
  return &__get__ZN10net_device3_txE_2029(&__get__ZN10net_device3_txE_2030(&dev->_tx)[index]);
                                                                                            ^
net/ipv4/tcp_ipv4.acc: In function ‘void netdev_for_each_tx_queue(net_device*, void (*)(net_device*, netdev_queue*, void*), void*)’:
net/ipv4/tcp_ipv4.acc:63526:89: warning: taking address of temporary [-fpermissive]
   f(dev, &__get__ZN10net_device3_txE_2032(&__get__ZN10net_device3_txE_2033(&dev->_tx)[i]), arg);
                                                                                         ^
net/ipv4/tcp_ipv4.acc: In function ‘net_device* next_net_device(net_device*)’:
net/ipv4/tcp_ipv4.acc:63999:92: warning: taking address of temporary [-fpermissive]
  lh = __get__ZN9list_head4nextE_2040(&__get__ZN10net_device8dev_listE_2041(&dev->dev_list).next);
                                                                                            ^
net/ipv4/tcp_ipv4.acc: In function ‘net_device* first_net_device(net*)’:
net/ipv4/tcp_ipv4.acc:64086:150: warning: taking address of temporary [-fpermissive]
   ({ typeof( ((struct net_device *)0)->dev_list ) *__mptr = (__get__ZN9list_head4nextE_2042(&__get__ZN3net13dev_base_headE_2043(&net->dev_base_head).next)); (struct net_device *)( (char *)__mptr - ((size_t) &((struct net_device *)0)->dev_list) );});
                                                                                                                                                      ^
net/ipv4/tcp_ipv4.acc: In function ‘void hlist_nulls_del_rcu(hlist_nulls_node*)’:
net/ipv4/tcp_ipv4.acc:67464:11: warning: invalid conversion from ‘void*’ to ‘hlist_nulls_node**’ [-fpermissive]
  n->pprev = ((void *) 0x00200200 + (0xdead000000000000UL));
           ^
net/ipv4/tcp_ipv4.acc: In function ‘nlattr* nlmsg_attrdata(nlmsghdr*, int)’:
net/ipv4/tcp_ipv4.acc:68421:38: warning: invalid conversion from ‘void*’ to ‘unsigned char*’ [-fpermissive]
  unsigned char *data = nlmsg_data(nlh);
                                      ^
net/ipv4/tcp_ipv4.acc: In function ‘sock* sk_next(sock*)’:
net/ipv4/tcp_ipv4.acc:70749:104: warning: taking address of temporary [-fpermissive]
  return __get__ZN10hlist_node4nextE_2310(&__get__ZN4sock11__sk_commonE_2312(&sk->__sk_common).skc_node.next) ?
                                                                                                        ^
net/ipv4/tcp_ipv4.acc:70750:163: warning: taking address of temporary [-fpermissive]
   ({ typeof( ((struct sock *)0)->__sk_common.skc_node ) *__mptr = (__get__ZN10hlist_node4nextE_2313(&__get__ZN4sock11__sk_commonE_2315(&sk->__sk_common).skc_node.next)); (struct sock *)( (char *)__mptr - ((size_t) &((struct sock *)0)->__sk_common.skc_node) );}) : 0;
                                                                                                                                                                   ^
net/ipv4/tcp_ipv4.acc: In function ‘sock* sk_nulls_next(sock*)’:
net/ipv4/tcp_ipv4.acc:70895:129: warning: taking address of temporary [-fpermissive]
  return (!is_a_nulls(__get__ZN16hlist_nulls_node4nextE_2316(&__get__ZN4sock11__sk_commonE_2318(&sk->__sk_common).skc_nulls_node.next))) ?
                                                                                                                                 ^
net/ipv4/tcp_ipv4.acc:70896:181: warning: taking address of temporary [-fpermissive]
   ({ typeof( ((struct sock *)0)->__sk_common.skc_nulls_node ) *__mptr = (__get__ZN16hlist_nulls_node4nextE_2319(&__get__ZN4sock11__sk_commonE_2321(&sk->__sk_common).skc_nulls_node.next)); (struct sock *)( (char *)__mptr - ((size_t) &((struct sock *)0)->__sk_common.skc_nulls_node) );})
                                                                                                                                                                                     ^
net/ipv4/tcp_ipv4.acc: In function ‘request_sock* reqsk_alloc(request_sock_ops*)’:
net/ipv4/tcp_ipv4.acc:75394:115: warning: invalid conversion from ‘void*’ to ‘request_sock*’ [-fpermissive]
  struct request_sock *req = kmem_cache_alloc(__get__ZN16request_sock_ops4slabE_2523(&ops->slab), ((( gfp_t)0x20u)));
                                                                                                                   ^
net/ipv4/tcp_ipv4.acc: In function ‘int fastopen_init_queue(sock*, int)’:
net/ipv4/tcp_ipv4.acc:79426:62: warning: invalid conversion from ‘void*’ to ‘fastopen_queue*’ [-fpermissive]
       __get__ZN4sock13sk_allocationE_2611(&sk->sk_allocation));
                                                              ^
net/ipv4/tcp_ipv4.acc: In function ‘u32 ndisc_hashfn(void*, net_device*, __u32*)’:
net/ipv4/tcp_ipv4.acc:80835:13: warning: invalid conversion from ‘void*’ to ‘u32* {aka unsigned int*}’ [-fpermissive]
  u32 *p32 = pkey;
             ^
net/ipv4/tcp_ipv4.acc: In function ‘neighbour* __ipv6_neigh_lookup_noref(net_device*, void*)’:
net/ipv4/tcp_ipv4.acc:80846:13: warning: invalid conversion from ‘void*’ to ‘u32* {aka unsigned int*}’ [-fpermissive]
  u32 *p32 = pkey;
             ^
net/ipv4/tcp_ipv4.acc: In function ‘int __ipv6_addr_diff32(void*, void*, int)’:
net/ipv4/tcp_ipv4.acc:81782:15: warning: invalid conversion from ‘void*’ to ‘__be32* {aka unsigned int*}’ [-fpermissive]
  __be32 *a1 = token1, *a2 = token2;
               ^
net/ipv4/tcp_ipv4.acc:81782:29: warning: invalid conversion from ‘void*’ to ‘__be32* {aka unsigned int*}’ [-fpermissive]
  __be32 *a1 = token1, *a2 = token2;
                             ^
net/ipv4/tcp_ipv4.acc: In function ‘int __ipv6_addr_diff64(void*, void*, int)’:
net/ipv4/tcp_ipv4.acc:81798:15: warning: invalid conversion from ‘void*’ to ‘__be64* {aka long long unsigned int*}’ [-fpermissive]
  __be64 *a1 = token1, *a2 = token2;
               ^
net/ipv4/tcp_ipv4.acc:81798:29: warning: invalid conversion from ‘void*’ to ‘__be64* {aka long long unsigned int*}’ [-fpermissive]
  __be64 *a1 = token1, *a2 = token2;
                             ^
net/ipv4/tcp_ipv4.acc: In function ‘inet_ehash_bucket* inet_ehash_bucket_(inet_hashinfo*, unsigned int)’:
net/ipv4/tcp_ipv4.acc:82941:176: warning: taking address of temporary [-fpermissive]
  return &__get__ZN13inet_hashinfo5ehashE_2714(&__get__ZN13inet_hashinfo5ehashE_2715(&hashinfo->ehash)[hash & __get__ZN13inet_hashinfo10ehash_maskE_2716(&hashinfo->ehash_mask)]);
                                                                                                                                                                                ^
net/ipv4/tcp_ipv4.acc: In function ‘spinlock_t* inet_ehash_lockp(inet_hashinfo*, unsigned int)’:
net/ipv4/tcp_ipv4.acc:83053:208: warning: taking address of temporary [-fpermissive]
  return &__get__ZN13inet_hashinfo11ehash_locksE_2717(&__get__ZN13inet_hashinfo11ehash_locksE_2718(&hashinfo->ehash_locks)[hash & __get__ZN13inet_hashinfo16ehash_locks_maskE_2719(&hashinfo->ehash_locks_mask)]);
                                                                                                                                                                                                                ^
net/ipv4/tcp_ipv4.acc: In function ‘int inet_ehash_locks_alloc(inet_hashinfo*)’:
net/ipv4/tcp_ipv4.acc:83145:61: warning: invalid conversion from ‘void*’ to ‘spinlock_t* {aka spinlock*}’ [-fpermissive]
    hashinfo->ehash_locks = vmalloc(size * sizeof(spinlock_t));
                                                             ^
net/ipv4/tcp_ipv4.acc:83149:60: warning: invalid conversion from ‘void*’ to ‘spinlock_t* {aka spinlock*}’ [-fpermissive]
       ((( gfp_t)0x10u) | (( gfp_t)0x40u) | (( gfp_t)0x80u)));
                                                            ^
net/ipv4/tcp_ipv4.acc: In function ‘int inet_sk_listen_hashfn(sock*)’:
net/ipv4/tcp_ipv4.acc:83408:118: warning: taking address of temporary [-fpermissive]
  return inet_lhashfn(sock_net(sk), __get__ZN4sock11__sk_commonE_2727(&__get__ZN9inet_sock2skE_2728(&inet_sk(sk)->sk).__sk_common).skc_num);
                                                                                                                      ^
net/ipv4/tcp_ipv4.acc: In function ‘ablkcipher_request* ablkcipher_request_alloc(crypto_ablkcipher*, gfp_t)’:
net/ipv4/tcp_ipv4.acc:84220:44: warning: invalid conversion from ‘void*’ to ‘ablkcipher_request*’ [-fpermissive]
         crypto_ablkcipher_reqsize(tfm), gfp);
                                            ^
net/ipv4/tcp_ipv4.acc: In function ‘aead_request* aead_request_alloc(crypto_aead*, gfp_t)’:
net/ipv4/tcp_ipv4.acc:84351:60: warning: invalid conversion from ‘void*’ to ‘aead_request*’ [-fpermissive]
  req = kmalloc(sizeof(*req) + crypto_aead_reqsize(tfm), gfp);
                                                            ^
net/ipv4/tcp_ipv4.acc: In function ‘void ip_select_ident(sk_buff*, dst_entry*, sock*)’:
net/ipv4/tcp_ipv4.acc:85287:102: warning: taking address of temporary [-fpermissive]
   iph->id = (sk && __get__ZN4sock11__sk_commonE_2817(&__get__ZN9inet_sock2skE_2818(&inet_sk(sk)->sk).__sk_common).skc_daddr) ?
                                                                                                      ^
net/ipv4/tcp_ipv4.acc: In function ‘void ip_select_ident_more(sk_buff*, dst_entry*, sock*, int)’:
net/ipv4/tcp_ipv4.acc:85508:95: warning: taking address of temporary [-fpermissive]
   if (sk && __get__ZN4sock11__sk_commonE_2822(&__get__ZN9inet_sock2skE_2823(&inet_sk(sk)->sk).__sk_common).skc_daddr) {
                                                                                               ^
net/ipv4/tcp_ipv4.acc: In function ‘bool addr_match(void*, void*, int)’:
net/ipv4/tcp_ipv4.acc:99744:15: warning: invalid conversion from ‘void*’ to ‘__be32* {aka unsigned int*}’ [-fpermissive]
  __be32 *a1 = token1;
               ^
net/ipv4/tcp_ipv4.acc:99745:15: warning: invalid conversion from ‘void*’ to ‘__be32* {aka unsigned int*}’ [-fpermissive]
  __be32 *a2 = token2;
               ^
net/ipv4/tcp_ipv4.acc: In function ‘void* listening_get_next(seq_file*, void*)’:
net/ipv4/tcp_ipv4.acc:103523:20: warning: invalid conversion from ‘void*’ to ‘sock*’ [-fpermissive]
  struct sock *sk = cur;
                    ^
net/ipv4/tcp_ipv4.acc:103525:35: warning: invalid conversion from ‘void*’ to ‘tcp_iter_state*’ [-fpermissive]
  struct tcp_iter_state *st = seq->_private;
                                   ^
net/ipv4/tcp_ipv4.acc:103528:36: warning: invalid conversion from ‘void*’ to ‘request_sock*’ [-fpermissive]
         struct request_sock *req = cur;
                                    ^
net/ipv4/tcp_ipv4.acc:103557:205: warning: taking address of temporary [-fpermissive]
    if (++st->sbucket >= __get__ZN11listen_sock16nr_table_entriesE_3815(&__get__ZN18request_sock_queue10listen_optE_3816(&__get__ZN20inet_connection_sock17icsk_accept_queueE_3817(&icsk->icsk_accept_queue).listen_opt)->nr_table_entries))
                                                                                                                                                                                                             ^
net/ipv4/tcp_ipv4.acc:103560:182: warning: taking address of temporary [-fpermissive]
    req = __get__ZN11listen_sock9syn_tableE_3818(&__get__ZN18request_sock_queue10listen_optE_3819(&__get__ZN20inet_connection_sock17icsk_accept_queueE_3820(&icsk->icsk_accept_queue).listen_opt)->syn_table[st->sbucket]);
                                                                                                                                                                                      ^
net/ipv4/tcp_ipv4.acc: In function ‘void* listening_get_idx(seq_file*, loff_t*)’:
net/ipv4/tcp_ipv4.acc:103608:35: warning: invalid conversion from ‘void*’ to ‘tcp_iter_state*’ [-fpermissive]
  struct tcp_iter_state *st = seq->_private;
                                   ^
net/ipv4/tcp_ipv4.acc: In function ‘bool empty_bucket(tcp_iter_state*)’:
net/ipv4/tcp_ipv4.acc:103732:148: warning: taking address of temporary [-fpermissive]
  return hlist_nulls_empty(&(__get__ZN17inet_ehash_bucket5chainE_3833(&__get__ZN13inet_hashinfo5ehashE_3834(&__get_tcp_hashinfo_3835(&tcp_hashinfo).ehash)[st->bucket].chain)));
                                                                                                                                                    ^
net/ipv4/tcp_ipv4.acc:103732:173: warning: taking address of temporary [-fpermissive]
  return hlist_nulls_empty(&(__get__ZN17inet_ehash_bucket5chainE_3833(&__get__ZN13inet_hashinfo5ehashE_3834(&__get_tcp_hashinfo_3835(&tcp_hashinfo).ehash)[st->bucket].chain)));
                                                                                                                                                                             ^
net/ipv4/tcp_ipv4.acc: In function ‘void* established_get_first(seq_file*)’:
net/ipv4/tcp_ipv4.acc:104022:35: warning: invalid conversion from ‘void*’ to ‘tcp_iter_state*’ [-fpermissive]
  struct tcp_iter_state *st = seq->_private;
                                   ^
net/ipv4/tcp_ipv4.acc:104027:106: warning: taking address of temporary [-fpermissive]
  for (; st->bucket <= __get__ZN13inet_hashinfo10ehash_maskE_3839(&__get_tcp_hashinfo_3840(&tcp_hashinfo).ehash_mask); ++st->bucket) {
                                                                                                          ^
net/ipv4/tcp_ipv4.acc:104040:192: warning: taking address of temporary [-fpermissive]
                 for (node = __get__ZN16hlist_nulls_head5firstE_3842(&(&(__get__ZN17inet_ehash_bucket5chainE_3843(&__get__ZN13inet_hashinfo5ehashE_3844(&__get_tcp_hashinfo_3845(&tcp_hashinfo).ehash)[st->bucket].chain)))->first); (!is_a_nulls(node)) && ({ sk = ({ typeof( ((typeof(*sk) *)0)->__sk_common.skc_nulls_node ) *__mptr = (node); (typeof(*sk) *)( (char *)__mptr - ((size_t) &((typeof(*sk) *)0)->__sk_common.skc_nulls_node) );}); 1;}); node = __get__ZN16hlist_nulls_node4nextE_3847(&node->next)) {
                                                                                                                                                                                                ^
net/ipv4/tcp_ipv4.acc:104040:217: warning: taking address of temporary [-fpermissive]
                 for (node = __get__ZN16hlist_nulls_head5firstE_3842(&(&(__get__ZN17inet_ehash_bucket5chainE_3843(&__get__ZN13inet_hashinfo5ehashE_3844(&__get_tcp_hashinfo_3845(&tcp_hashinfo).ehash)[st->bucket].chain)))->first); (!is_a_nulls(node)) && ({ sk = ({ typeof( ((typeof(*sk) *)0)->__sk_common.skc_nulls_node ) *__mptr = (node); (typeof(*sk) *)( (char *)__mptr - ((size_t) &((typeof(*sk) *)0)->__sk_common.skc_nulls_node) );}); 1;}); node = __get__ZN16hlist_nulls_node4nextE_3847(&node->next)) {
                                                                                                                                                                                                                         ^
net/ipv4/tcp_ipv4.acc:104040:221: warning: taking address of temporary [-fpermissive]
                 for (node = __get__ZN16hlist_nulls_head5firstE_3842(&(&(__get__ZN17inet_ehash_bucket5chainE_3843(&__get__ZN13inet_hashinfo5ehashE_3844(&__get_tcp_hashinfo_3845(&tcp_hashinfo).ehash)[st->bucket].chain)))->first); (!is_a_nulls(node)) && ({ sk = ({ typeof( ((typeof(*sk) *)0)->__sk_common.skc_nulls_node ) *__mptr = (node); (typeof(*sk) *)( (char *)__mptr - ((size_t) &((typeof(*sk) *)0)->__sk_common.skc_nulls_node) );}); 1;}); node = __get__ZN16hlist_nulls_node4nextE_3847(&node->next)) {
                                                                                                                                                                                                                             ^
net/ipv4/tcp_ipv4.acc: In function ‘void* established_get_next(seq_file*, void*)’:
net/ipv4/tcp_ipv4.acc:104127:20: warning: invalid conversion from ‘void*’ to ‘sock*’ [-fpermissive]
  struct sock *sk = cur;
                    ^
net/ipv4/tcp_ipv4.acc:104129:35: warning: invalid conversion from ‘void*’ to ‘tcp_iter_state*’ [-fpermissive]
  struct tcp_iter_state *st = seq->_private;
                                   ^
net/ipv4/tcp_ipv4.acc: In function ‘void* established_get_idx(seq_file*, loff_t)’:
net/ipv4/tcp_ipv4.acc:104149:35: warning: invalid conversion from ‘void*’ to ‘tcp_iter_state*’ [-fpermissive]
  struct tcp_iter_state *st = seq->_private;
                                   ^
net/ipv4/tcp_ipv4.acc: In function ‘void* tcp_get_idx(seq_file*, loff_t)’:
net/ipv4/tcp_ipv4.acc:104165:35: warning: invalid conversion from ‘void*’ to ‘tcp_iter_state*’ [-fpermissive]
  struct tcp_iter_state *st = seq->_private;
                                   ^
net/ipv4/tcp_ipv4.acc: In function ‘void* tcp_seek_last_pos(seq_file*)’:
net/ipv4/tcp_ipv4.acc:104250:35: warning: invalid conversion from ‘void*’ to ‘tcp_iter_state*’ [-fpermissive]
  struct tcp_iter_state *st = seq->_private;
                                   ^
net/ipv4/tcp_ipv4.acc:104270:103: warning: taking address of temporary [-fpermissive]
   if (st->bucket > __get__ZN13inet_hashinfo10ehash_maskE_3871(&__get_tcp_hashinfo_3872(&tcp_hashinfo).ehash_mask))
                                                                                                       ^
net/ipv4/tcp_ipv4.acc: In function ‘void* tcp_seq_start(seq_file*, loff_t*)’:
net/ipv4/tcp_ipv4.acc:104287:35: warning: invalid conversion from ‘void*’ to ‘tcp_iter_state*’ [-fpermissive]
  struct tcp_iter_state *st = seq->_private;
                                   ^
net/ipv4/tcp_ipv4.acc: In function ‘void* tcp_seq_next(seq_file*, void*, loff_t*)’:
net/ipv4/tcp_ipv4.acc:104312:35: warning: invalid conversion from ‘void*’ to ‘tcp_iter_state*’ [-fpermissive]
  struct tcp_iter_state *st = seq->_private;
                                   ^
net/ipv4/tcp_ipv4.acc: In function ‘void tcp_seq_stop(seq_file*, void*)’:
net/ipv4/tcp_ipv4.acc:104346:35: warning: invalid conversion from ‘void*’ to ‘tcp_iter_state*’ [-fpermissive]
  struct tcp_iter_state *st = seq->_private;
                                   ^
net/ipv4/tcp_ipv4.acc: In function ‘void get_tcp4_sock(sock*, seq_file*, int)’:
net/ipv4/tcp_ipv4.acc:106391:167: warning: taking address of temporary [-fpermissive]
  struct fastopen_queue *fastopenq = __get__ZN18request_sock_queue9fastopenqE_3915(&__get__ZN20inet_connection_sock17icsk_accept_queueE_3916(&icsk->icsk_accept_queue).fastopenq);
                                                                                                                                                                       ^
net/ipv4/tcp_ipv4.acc:106392:91: warning: taking address of temporary [-fpermissive]
  __be32 dest = __get__ZN4sock11__sk_commonE_3918(&__get__ZN9inet_sock2skE_3919(&inet->sk).__sk_common).skc_daddr;
                                                                                           ^
net/ipv4/tcp_ipv4.acc:106393:90: warning: taking address of temporary [-fpermissive]
  __be32 src = __get__ZN4sock11__sk_commonE_3921(&__get__ZN9inet_sock2skE_3922(&inet->sk).__sk_common).skc_rcv_saddr;
                                                                                          ^
net/ipv4/tcp_ipv4.acc:106394:138: warning: taking address of temporary [-fpermissive]
  __u16 destp = (__builtin_constant_p((__u16)(( __u16)(__be16)(__get__ZN4sock11__sk_commonE_3924(&__get__ZN9inet_sock2skE_3925(&inet->sk).__sk_common).skc_dport))) ? ((__u16)( (((__u16)(( __u16)(__be16)(__get__ZN4sock11__sk_commonE_3927(&__get__ZN9inet_sock2skE_3928(&inet->sk).__sk_common).skc_dport)) & (__u16)0x00ffU) << 8) | (((__u16)(( __u16)(__be16)(__get__ZN4sock11__sk_commonE_3930(&__get__ZN9inet_sock2skE_3931(&inet->sk).__sk_common).skc_dport)) & (__u16)0xff00U) >> 8))) : __fswab16(( __u16)(__be16)(__get__ZN4sock11__sk_commonE_3933(&__get__ZN9inet_sock2skE_3934(&inet->sk).__sk_common).skc_dport)));
                                                                                                                                          ^
net/ipv4/tcp_ipv4.acc:106394:278: warning: taking address of temporary [-fpermissive]
  __u16 destp = (__builtin_constant_p((__u16)(( __u16)(__be16)(__get__ZN4sock11__sk_commonE_3924(&__get__ZN9inet_sock2skE_3925(&inet->sk).__sk_common).skc_dport))) ? ((__u16)( (((__u16)(( __u16)(__be16)(__get__ZN4sock11__sk_commonE_3927(&__get__ZN9inet_sock2skE_3928(&inet->sk).__sk_common).skc_dport)) & (__u16)0x00ffU) << 8) | (((__u16)(( __u16)(__be16)(__get__ZN4sock11__sk_commonE_3930(&__get__ZN9inet_sock2skE_3931(&inet->sk).__sk_common).skc_dport)) & (__u16)0xff00U) >> 8))) : __fswab16(( __u16)(__be16)(__get__ZN4sock11__sk_commonE_3933(&__get__ZN9inet_sock2skE_3934(&inet->sk).__sk_common).skc_dport)));
                                                                                                                                                                                                                                                                                      ^
net/ipv4/tcp_ipv4.acc:106394:431: warning: taking address of temporary [-fpermissive]
  __u16 destp = (__builtin_constant_p((__u16)(( __u16)(__be16)(__get__ZN4sock11__sk_commonE_3924(&__get__ZN9inet_sock2skE_3925(&inet->sk).__sk_common).skc_dport))) ? ((__u16)( (((__u16)(( __u16)(__be16)(__get__ZN4sock11__sk_commonE_3927(&__get__ZN9inet_sock2skE_3928(&inet->sk).__sk_common).skc_dport)) & (__u16)0x00ffU) << 8) | (((__u16)(( __u16)(__be16)(__get__ZN4sock11__sk_commonE_3930(&__get__ZN9inet_sock2skE_3931(&inet->sk).__sk_common).skc_dport)) & (__u16)0xff00U) >> 8))) : __fswab16(( __u16)(__be16)(__get__ZN4sock11__sk_commonE_3933(&__get__ZN9inet_sock2skE_3934(&inet->sk).__sk_common).skc_dport)));
                                                                                                                                                                                                                                                                                                                                                                                                                                               ^
net/ipv4/tcp_ipv4.acc:106394:586: warning: taking address of temporary [-fpermissive]
  __u16 destp = (__builtin_constant_p((__u16)(( __u16)(__be16)(__get__ZN4sock11__sk_commonE_3924(&__get__ZN9inet_sock2skE_3925(&inet->sk).__sk_common).skc_dport))) ? ((__u16)( (((__u16)(( __u16)(__be16)(__get__ZN4sock11__sk_commonE_3927(&__get__ZN9inet_sock2skE_3928(&inet->sk).__sk_common).skc_dport)) & (__u16)0x00ffU) << 8) | (((__u16)(( __u16)(__be16)(__get__ZN4sock11__sk_commonE_3930(&__get__ZN9inet_sock2skE_3931(&inet->sk).__sk_common).skc_dport)) & (__u16)0xff00U) >> 8))) : __fswab16(( __u16)(__be16)(__get__ZN4sock11__sk_commonE_3933(&__get__ZN9inet_sock2skE_3934(&inet->sk).__sk_common).skc_dport)));
                                                                                                                                                                                                                                                                                                                                                                                                                                                                                                                                                                                                          ^
net/ipv4/tcp_ipv4.acc:106408:101: warning: taking address of temporary [-fpermissive]
   timer_expires = __get__ZN10timer_list7expiresE_3945(&__get__ZN4sock8sk_timerE_3946(&sk->sk_timer).expires);
                                                                                                     ^
net/ipv4/tcp_ipv4.acc: In function ‘int tcp4_seq_show(seq_file*, void*)’:
net/ipv4/tcp_ipv4.acc:106957:20: warning: invalid conversion from ‘void*’ to ‘sock*’ [-fpermissive]
  struct sock *sk = v;
                    ^
net/ipv4/tcp_ipv4.acc:106966:5: warning: invalid conversion from ‘void*’ to ‘tcp_iter_state*’ [-fpermissive]
  st = seq->_private;
     ^
