fs/proc/meminfo.acc: In function ‘void list_del(list_head*)’:
fs/proc/meminfo.acc:807:14: warning: invalid conversion from ‘void*’ to ‘list_head*’ [-fpermissive]
  entry->next = ((void *) 0x00100100 + (0xdead000000000000UL));
              ^
fs/proc/meminfo.acc:808:14: warning: invalid conversion from ‘void*’ to ‘list_head*’ [-fpermissive]
  entry->prev = ((void *) 0x00200200 + (0xdead000000000000UL));
              ^
fs/proc/meminfo.acc: In function ‘void hlist_del(hlist_node*)’:
fs/proc/meminfo.acc:1783:10: warning: invalid conversion from ‘void*’ to ‘hlist_node*’ [-fpermissive]
  n->next = ((void *) 0x00100100 + (0xdead000000000000UL));
          ^
fs/proc/meminfo.acc:1784:11: warning: invalid conversion from ‘void*’ to ‘hlist_node**’ [-fpermissive]
  n->pprev = ((void *) 0x00200200 + (0xdead000000000000UL));
           ^
fs/proc/meminfo.acc: In function ‘void list_del_rcu(list_head*)’:
fs/proc/meminfo.acc:11767:14: warning: invalid conversion from ‘void*’ to ‘list_head*’ [-fpermissive]
  entry->prev = ((void *) 0x00200200 + (0xdead000000000000UL));
              ^
fs/proc/meminfo.acc: In function ‘void list_replace_rcu(list_head*, list_head*)’:
fs/proc/meminfo.acc:11853:12: warning: invalid conversion from ‘void*’ to ‘list_head*’ [-fpermissive]
  old->prev = ((void *) 0x00200200 + (0xdead000000000000UL));
            ^
fs/proc/meminfo.acc: In function ‘void hlist_del_rcu(hlist_node*)’:
fs/proc/meminfo.acc:11987:11: warning: invalid conversion from ‘void*’ to ‘hlist_node**’ [-fpermissive]
  n->pprev = ((void *) 0x00200200 + (0xdead000000000000UL));
           ^
fs/proc/meminfo.acc: In function ‘void hlist_replace_rcu(hlist_node*, hlist_node*)’:
fs/proc/meminfo.acc:12069:13: warning: invalid conversion from ‘void*’ to ‘hlist_node**’ [-fpermissive]
  old->pprev = ((void *) 0x00200200 + (0xdead000000000000UL));
             ^
fs/proc/meminfo.acc: In function ‘void hlist_bl_del(hlist_bl_node*)’:
fs/proc/meminfo.acc:12590:10: warning: invalid conversion from ‘void*’ to ‘hlist_bl_node*’ [-fpermissive]
  n->next = ((void *) 0x00100100 + (0xdead000000000000UL));
          ^
fs/proc/meminfo.acc:12591:11: warning: invalid conversion from ‘void*’ to ‘hlist_bl_node**’ [-fpermissive]
  n->pprev = ((void *) 0x00200200 + (0xdead000000000000UL));
           ^
fs/proc/meminfo.acc: In function ‘void hlist_bl_del_rcu(hlist_bl_node*)’:
fs/proc/meminfo.acc:12678:11: warning: invalid conversion from ‘void*’ to ‘hlist_bl_node**’ [-fpermissive]
  n->pprev = ((void *) 0x00200200 + (0xdead000000000000UL));
           ^
fs/proc/meminfo.acc: In function ‘int dname_external(dentry*)’:
fs/proc/meminfo.acc:12979:81: warning: taking address of temporary [-fpermissive]
  return __get__ZN4qstr4nameE_185(&__get__ZN6dentry6d_nameE_186(&dentry->d_name).name) != __get__ZN6dentry7d_inameE_187(dentry->d_iname);
                                                                                 ^
fs/proc/meminfo.acc: In function ‘pid_namespace* ns_of_pid(pid*)’:
fs/proc/meminfo.acc:16692:113: warning: taking address of temporary [-fpermissive]
   ns = __get__ZN4upid2nsE_315(&__get__ZN3pid7numbersE_316(&pid->numbers[__get__ZN3pid5levelE_317(&pid->level)]).ns);
                                                                                                                 ^
fs/proc/meminfo.acc: In function ‘bool is_child_reaper(pid*)’:
fs/proc/meminfo.acc:16809:114: warning: taking address of temporary [-fpermissive]
  return __get__ZN4upid2nrE_318(&__get__ZN3pid7numbersE_319(&pid->numbers[__get__ZN3pid5levelE_320(&pid->level)]).nr) == 1;
                                                                                                                  ^
fs/proc/meminfo.acc: In function ‘pid_t pid_nr(pid*)’:
fs/proc/meminfo.acc:16885:77: warning: taking address of temporary [-fpermissive]
   nr = __get__ZN4upid2nrE_321(&__get__ZN3pid7numbersE_322(&pid->numbers[0]).nr);
                                                                             ^
fs/proc/meminfo.acc: In function ‘int timer_pending(timer_list*)’:
fs/proc/meminfo.acc:19681:88: warning: taking address of temporary [-fpermissive]
  return __get__ZN9list_head4nextE_380(&__get__ZN10timer_list5entryE_381(&timer->entry).next) != 0;
                                                                                        ^
fs/proc/meminfo.acc: At global scope:
fs/proc/meminfo.acc:21724:80: warning: invalid conversion from ‘void*’ to ‘long unsigned int*’ [-fpermissive]
 static unsigned long * vvaraddr_jiffies = (void *)((-10*1024*1024 - 4096) + (0));
                                                                                ^
fs/proc/meminfo.acc:21725:76: warning: invalid conversion from ‘void*’ to ‘int*’ [-fpermissive]
 static int * vvaraddr_vgetcpu_mode = (void *)((-10*1024*1024 - 4096) + (16));
                                                                            ^
fs/proc/meminfo.acc:21726:105: warning: invalid conversion from ‘void*’ to ‘vsyscall_gtod_data*’ [-fpermissive]
 static struct vsyscall_gtod_data * vvaraddr_vsyscall_gtod_data = (void *)((-10*1024*1024 - 4096) + (128));
                                                                                                         ^
fs/proc/meminfo.acc: In function ‘bool dir_emit_dot(file*, dir_context*)’:
fs/proc/meminfo.acc:27818:135: warning: taking address of temporary [-fpermissive]
      __get__ZN5inode5i_inoE_606(&__get__ZN6dentry7d_inodeE_607(&__get__ZN4path6dentryE_608(&__get__ZN4file6f_pathE_609(&file->f_path).dentry)->d_inode)->i_ino), 4) == 0;
                                                                                                                                       ^
fs/proc/meminfo.acc: In function ‘bool dir_emit_dotdot(file*, dir_context*)’:
fs/proc/meminfo.acc:27893:87: warning: taking address of temporary [-fpermissive]
      parent_ino(__get__ZN4path6dentryE_612(&__get__ZN4file6f_pathE_613(&file->f_path).dentry)), 4) == 0;
                                                                                       ^
fs/proc/meminfo.acc: In function ‘zone_type gfp_zone(gfp_t)’:
fs/proc/meminfo.acc:29120:274: warning: invalid conversion from ‘int’ to ‘zone_type’ [-fpermissive]
  z = (( (ZONE_NORMAL << 0 * 2) | (ZONE_DMA << 0x01u * 2) | (ZONE_NORMAL << 0x02u * 2) | (ZONE_DMA32 << 0x04u * 2) | (ZONE_NORMAL << 0x08u * 2) | (ZONE_DMA << (0x08u | 0x01u) * 2) | (ZONE_MOVABLE << (0x08u | 0x02u) * 2) | (ZONE_DMA32 << (0x08u | 0x04u) * 2) ) >> (bit * 2)) &
                                                                                                                                                                                                                                                                                  ^
fs/proc/meminfo.acc: In function ‘void set_compound_page_dtor(page*, void (*)(page*))’:
fs/proc/meminfo.acc:31707:19: warning: invalid conversion from ‘void*’ to ‘list_head*’ [-fpermissive]
  page[1].lru.next = (void *)dtor;
                   ^
fs/proc/meminfo.acc: In function ‘void set_compound_order(page*, long unsigned int)’:
fs/proc/meminfo.acc:31794:19: warning: invalid conversion from ‘void*’ to ‘list_head*’ [-fpermissive]
  page[1].lru.prev = (void *)order;
                   ^
fs/proc/meminfo.acc: In function ‘zone_type page_zonenum(page*)’:
fs/proc/meminfo.acc:31839:83: warning: invalid conversion from ‘long unsigned int’ to ‘zone_type’ [-fpermissive]
  return (page->flags >> (((((sizeof(unsigned long)*8) - 0) - 6) - 2) * (2 != 0))) & ((1UL << 2) - 1);
                                                                                   ^
fs/proc/meminfo.acc: In function ‘void zone_page_state_add(long int, zone*, zone_stat_item)’:
fs/proc/meminfo.acc:32084:55: warning: taking address of temporary [-fpermissive]
  atomic_long_add(x, &__get_vm_stat_1085(&vm_stat[item]));
                                                       ^
fs/proc/meminfo.acc: In function ‘long unsigned int global_page_state(zone_stat_item)’:
fs/proc/meminfo.acc:32124:62: warning: taking address of temporary [-fpermissive]
  long x = atomic_long_read(&__get_vm_stat_1086(&vm_stat[item]));
                                                              ^
fs/proc/meminfo.acc: At global scope:
fs/proc/meminfo.acc:38624:16: warning: declaration of ‘int (* ctl_table::proc_handler)(ctl_table*, int, void*, size_t*, loff_t*)’ [-fpermissive]
  proc_handler *proc_handler;
                ^
fs/proc/meminfo.acc:38580:13: warning: changes meaning of ‘proc_handler’ from ‘typedef int proc_handler(struct ctl_table*, int, void*, size_t*, loff_t*)’ [-fpermissive]
 typedef int proc_handler (struct ctl_table *ctl, int write,
             ^
fs/proc/meminfo.acc: In function ‘task_struct* next_thread(task_struct*)’:
fs/proc/meminfo.acc:41942:178: warning: taking address of temporary [-fpermissive]
  return ({typeof (*p->thread_group.next) *__ptr = (typeof (*p->thread_group.next) *)__get__ZN9list_head4nextE_1381(&__get__ZN11task_struct12thread_groupE_1382(&p->thread_group).next); ({ typeof( ((struct task_struct *)0)->thread_group ) *__mptr = ((typeof(p->thread_group.next))(__ptr)); (struct task_struct *)( (char *)__mptr - ((size_t) &((struct task_struct *)0)->thread_group) );}); })
                                                                                                                                                                                  ^
fs/proc/meminfo.acc: In function ‘void copy_user_highpage(page*, page*, long unsigned int, vm_area_struct*)’:
fs/proc/meminfo.acc:45437:26: warning: invalid conversion from ‘void*’ to ‘char*’ [-fpermissive]
  vfrom = kmap_atomic(from);
                          ^
fs/proc/meminfo.acc:45438:22: warning: invalid conversion from ‘void*’ to ‘char*’ [-fpermissive]
  vto = kmap_atomic(to);
                      ^
fs/proc/meminfo.acc: In function ‘void copy_highpage(page*, page*)’:
fs/proc/meminfo.acc:45450:26: warning: invalid conversion from ‘void*’ to ‘char*’ [-fpermissive]
  vfrom = kmap_atomic(from);
                          ^
fs/proc/meminfo.acc:45451:22: warning: invalid conversion from ‘void*’ to ‘char*’ [-fpermissive]
  vto = kmap_atomic(to);
                      ^
fs/proc/meminfo.acc: In function ‘hugetlbfs_sb_info* HUGETLBFS_SB(super_block*)’:
fs/proc/meminfo.acc:46776:62: warning: invalid conversion from ‘void*’ to ‘hugetlbfs_sb_info*’ [-fpermissive]
  return __get__ZN11super_block9s_fs_infoE_1556(&sb->s_fs_info);
                                                              ^
fs/proc/meminfo.acc: In function ‘hstate* hstate_sizelog(int)’:
fs/proc/meminfo.acc:47009:92: warning: taking address of temporary [-fpermissive]
   return &(__get_hstates_1560(&hstates[__get_default_hstate_idx_1561(&default_hstate_idx)]));
                                                                                            ^
fs/proc/meminfo.acc: In function ‘unsigned int hstate_index_to_shift(unsigned int)’:
fs/proc/meminfo.acc:47481:75: warning: taking address of temporary [-fpermissive]
  return __get__ZN6hstate5orderE_1568(&__get_hstates_1569(&hstates[index]).order) + 12;
                                                                           ^
fs/proc/meminfo.acc: In function ‘int seq_nodemask(seq_file*, nodemask_t*)’:
fs/proc/meminfo.acc:47869:121: warning: ISO C++ forbids casting to an array type ‘long unsigned int [1]’ [-fpermissive]
         return seq_bitmap(m, (typeof(mask->bits))g_map(__get__ZN9_nodemask4bitsE_1587(mask->bits), sizeof(*(mask->bits))), (1 << 6));
                                                                                                                         ^
fs/proc/meminfo.acc: In function ‘pinctrl* pinctrl_get_select(device*, char*)’:
fs/proc/meminfo.acc:48565:28: warning: invalid conversion from ‘void*’ to ‘pinctrl*’ [-fpermissive]
   return ERR_PTR(PTR_ERR(s));
                            ^
fs/proc/meminfo.acc:48571:21: warning: invalid conversion from ‘void*’ to ‘pinctrl*’ [-fpermissive]
   return ERR_PTR(ret);
                     ^
fs/proc/meminfo.acc: In function ‘pinctrl* devm_pinctrl_get_select(device*, char*)’:
fs/proc/meminfo.acc:48597:20: warning: invalid conversion from ‘void*’ to ‘pinctrl*’ [-fpermissive]
   return ERR_CAST(s);
                    ^
fs/proc/meminfo.acc:48603:21: warning: invalid conversion from ‘void*’ to ‘pinctrl*’ [-fpermissive]
   return ERR_PTR(ret);
                     ^
fs/proc/meminfo.acc: In function ‘unsigned int name_to_int(dentry*)’:
fs/proc/meminfo.acc:50406:89: warning: taking address of temporary [-fpermissive]
  char *name = __get__ZN4qstr4nameE_1642(&__get__ZN6dentry6d_nameE_1643(&dentry->d_name).name);
                                                                                         ^
fs/proc/meminfo.acc:50406:93: warning: invalid conversion from ‘unsigned char*’ to ‘char*’ [-fpermissive]
  char *name = __get__ZN4qstr4nameE_1642(&__get__ZN6dentry6d_nameE_1643(&dentry->d_name).name);
                                                                                             ^
