fs/proc/proc_tty.acc: In function ‘void list_del(list_head*)’:
fs/proc/proc_tty.acc:10171:14: warning: invalid conversion from ‘void*’ to ‘list_head*’ [-fpermissive]
  entry->next = ((void *) 0x00100100 + (0xdead000000000000UL));
              ^
fs/proc/proc_tty.acc:10172:14: warning: invalid conversion from ‘void*’ to ‘list_head*’ [-fpermissive]
  entry->prev = ((void *) 0x00200200 + (0xdead000000000000UL));
              ^
fs/proc/proc_tty.acc: In function ‘void hlist_del(hlist_node*)’:
fs/proc/proc_tty.acc:11147:10: warning: invalid conversion from ‘void*’ to ‘hlist_node*’ [-fpermissive]
  n->next = ((void *) 0x00100100 + (0xdead000000000000UL));
          ^
fs/proc/proc_tty.acc:11148:11: warning: invalid conversion from ‘void*’ to ‘hlist_node**’ [-fpermissive]
  n->pprev = ((void *) 0x00200200 + (0xdead000000000000UL));
           ^
fs/proc/proc_tty.acc: In function ‘int timer_pending(timer_list*)’:
fs/proc/proc_tty.acc:15643:88: warning: taking address of temporary [-fpermissive]
  return __get__ZN9list_head4nextE_326(&__get__ZN10timer_list5entryE_327(&timer->entry).next) != 0;
                                                                                        ^
fs/proc/proc_tty.acc: At global scope:
fs/proc/proc_tty.acc:19646:80: warning: invalid conversion from ‘void*’ to ‘long unsigned int*’ [-fpermissive]
 static unsigned long * vvaraddr_jiffies = (void *)((-10*1024*1024 - 4096) + (0));
                                                                                ^
fs/proc/proc_tty.acc:19647:76: warning: invalid conversion from ‘void*’ to ‘int*’ [-fpermissive]
 static int * vvaraddr_vgetcpu_mode = (void *)((-10*1024*1024 - 4096) + (16));
                                                                            ^
fs/proc/proc_tty.acc:19648:105: warning: invalid conversion from ‘void*’ to ‘vsyscall_gtod_data*’ [-fpermissive]
 static struct vsyscall_gtod_data * vvaraddr_vsyscall_gtod_data = (void *)((-10*1024*1024 - 4096) + (128));
                                                                                                         ^
fs/proc/proc_tty.acc: In function ‘zone_type gfp_zone(gfp_t)’:
fs/proc/proc_tty.acc:21553:274: warning: invalid conversion from ‘int’ to ‘zone_type’ [-fpermissive]
  z = (( (ZONE_NORMAL << 0 * 2) | (ZONE_DMA << 0x01u * 2) | (ZONE_NORMAL << 0x02u * 2) | (ZONE_DMA32 << 0x04u * 2) | (ZONE_NORMAL << 0x08u * 2) | (ZONE_DMA << (0x08u | 0x01u) * 2) | (ZONE_MOVABLE << (0x08u | 0x02u) * 2) | (ZONE_DMA32 << (0x08u | 0x04u) * 2) ) >> (bit * 2)) &
                                                                                                                                                                                                                                                                                  ^
fs/proc/proc_tty.acc: At global scope:
fs/proc/proc_tty.acc:22626:16: warning: declaration of ‘int (* ctl_table::proc_handler)(ctl_table*, int, void*, size_t*, loff_t*)’ [-fpermissive]
  proc_handler *proc_handler;
                ^
fs/proc/proc_tty.acc:22582:13: warning: changes meaning of ‘proc_handler’ from ‘typedef int proc_handler(struct ctl_table*, int, void*, size_t*, loff_t*)’ [-fpermissive]
 typedef int proc_handler (struct ctl_table *ctl, int write,
             ^
fs/proc/proc_tty.acc: In function ‘void list_del_rcu(list_head*)’:
fs/proc/proc_tty.acc:24891:14: warning: invalid conversion from ‘void*’ to ‘list_head*’ [-fpermissive]
  entry->prev = ((void *) 0x00200200 + (0xdead000000000000UL));
              ^
fs/proc/proc_tty.acc: In function ‘void list_replace_rcu(list_head*, list_head*)’:
fs/proc/proc_tty.acc:24977:12: warning: invalid conversion from ‘void*’ to ‘list_head*’ [-fpermissive]
  old->prev = ((void *) 0x00200200 + (0xdead000000000000UL));
            ^
fs/proc/proc_tty.acc: In function ‘void hlist_del_rcu(hlist_node*)’:
fs/proc/proc_tty.acc:25111:11: warning: invalid conversion from ‘void*’ to ‘hlist_node**’ [-fpermissive]
  n->pprev = ((void *) 0x00200200 + (0xdead000000000000UL));
           ^
fs/proc/proc_tty.acc: In function ‘void hlist_replace_rcu(hlist_node*, hlist_node*)’:
fs/proc/proc_tty.acc:25193:13: warning: invalid conversion from ‘void*’ to ‘hlist_node**’ [-fpermissive]
  old->pprev = ((void *) 0x00200200 + (0xdead000000000000UL));
             ^
fs/proc/proc_tty.acc: In function ‘void hlist_bl_del(hlist_bl_node*)’:
fs/proc/proc_tty.acc:25714:10: warning: invalid conversion from ‘void*’ to ‘hlist_bl_node*’ [-fpermissive]
  n->next = ((void *) 0x00100100 + (0xdead000000000000UL));
          ^
fs/proc/proc_tty.acc:25715:11: warning: invalid conversion from ‘void*’ to ‘hlist_bl_node**’ [-fpermissive]
  n->pprev = ((void *) 0x00200200 + (0xdead000000000000UL));
           ^
fs/proc/proc_tty.acc: In function ‘void hlist_bl_del_rcu(hlist_bl_node*)’:
fs/proc/proc_tty.acc:25802:11: warning: invalid conversion from ‘void*’ to ‘hlist_bl_node**’ [-fpermissive]
  n->pprev = ((void *) 0x00200200 + (0xdead000000000000UL));
           ^
fs/proc/proc_tty.acc: In function ‘int dname_external(dentry*)’:
fs/proc/proc_tty.acc:26098:81: warning: taking address of temporary [-fpermissive]
  return __get__ZN4qstr4nameE_538(&__get__ZN6dentry6d_nameE_539(&dentry->d_name).name) != __get__ZN6dentry7d_inameE_540(dentry->d_iname);
                                                                                 ^
fs/proc/proc_tty.acc: In function ‘pid_namespace* ns_of_pid(pid*)’:
fs/proc/proc_tty.acc:27190:113: warning: taking address of temporary [-fpermissive]
   ns = __get__ZN4upid2nsE_566(&__get__ZN3pid7numbersE_567(&pid->numbers[__get__ZN3pid5levelE_568(&pid->level)]).ns);
                                                                                                                 ^
fs/proc/proc_tty.acc: In function ‘bool is_child_reaper(pid*)’:
fs/proc/proc_tty.acc:27307:114: warning: taking address of temporary [-fpermissive]
  return __get__ZN4upid2nrE_569(&__get__ZN3pid7numbersE_570(&pid->numbers[__get__ZN3pid5levelE_571(&pid->level)]).nr) == 1;
                                                                                                                  ^
fs/proc/proc_tty.acc: In function ‘pid_t pid_nr(pid*)’:
fs/proc/proc_tty.acc:27383:77: warning: taking address of temporary [-fpermissive]
   nr = __get__ZN4upid2nrE_572(&__get__ZN3pid7numbersE_573(&pid->numbers[0]).nr);
                                                                             ^
fs/proc/proc_tty.acc: In function ‘bool dir_emit_dot(file*, dir_context*)’:
fs/proc/proc_tty.acc:32461:135: warning: taking address of temporary [-fpermissive]
      __get__ZN5inode5i_inoE_676(&__get__ZN6dentry7d_inodeE_677(&__get__ZN4path6dentryE_678(&__get__ZN4file6f_pathE_679(&file->f_path).dentry)->d_inode)->i_ino), 4) == 0;
                                                                                                                                       ^
fs/proc/proc_tty.acc: In function ‘bool dir_emit_dotdot(file*, dir_context*)’:
fs/proc/proc_tty.acc:32536:87: warning: taking address of temporary [-fpermissive]
      parent_ino(__get__ZN4path6dentryE_682(&__get__ZN4file6f_pathE_683(&file->f_path).dentry)), 4) == 0;
                                                                                       ^
fs/proc/proc_tty.acc: In function ‘int seq_nodemask(seq_file*, nodemask_t*)’:
fs/proc/proc_tty.acc:33721:120: warning: ISO C++ forbids casting to an array type ‘long unsigned int [1]’ [-fpermissive]
         return seq_bitmap(m, (typeof(mask->bits))g_map(__get__ZN9_nodemask4bitsE_732(mask->bits), sizeof(*(mask->bits))), (1 << 6));
                                                                                                                        ^
fs/proc/proc_tty.acc: In function ‘int show_tty_driver(seq_file*, void*)’:
fs/proc/proc_tty.acc:34545:88: warning: invalid conversion from ‘void*’ to ‘list_head*’ [-fpermissive]
  struct tty_driver *p = ({ typeof( ((struct tty_driver *)0)->tty_drivers ) *__mptr = (v); (struct tty_driver *)( (char *)__mptr - ((size_t) &((struct tty_driver *)0)->tty_drivers) );});
                                                                                        ^
fs/proc/proc_tty.acc:34549:92: warning: taking address of temporary [-fpermissive]
  if (&p->tty_drivers == __get__ZN9list_head4nextE_751(&__get_tty_drivers_752(&tty_drivers).next)) {
                                                                                            ^
