lib/radix-tree.acc: In function ‘void list_del(list_head*)’:
lib/radix-tree.acc:3648:14: warning: invalid conversion from ‘void*’ to ‘list_head*’ [-fpermissive]
  entry->next = ((void *) 0x00100100 + (0xdead000000000000UL));
              ^
lib/radix-tree.acc:3649:14: warning: invalid conversion from ‘void*’ to ‘list_head*’ [-fpermissive]
  entry->prev = ((void *) 0x00200200 + (0xdead000000000000UL));
              ^
lib/radix-tree.acc: In function ‘void hlist_del(hlist_node*)’:
lib/radix-tree.acc:4624:10: warning: invalid conversion from ‘void*’ to ‘hlist_node*’ [-fpermissive]
  n->next = ((void *) 0x00100100 + (0xdead000000000000UL));
          ^
lib/radix-tree.acc:4625:11: warning: invalid conversion from ‘void*’ to ‘hlist_node**’ [-fpermissive]
  n->pprev = ((void *) 0x00200200 + (0xdead000000000000UL));
           ^
lib/radix-tree.acc: In function ‘int timer_pending(timer_list*)’:
lib/radix-tree.acc:13992:88: warning: taking address of temporary [-fpermissive]
  return __get__ZN9list_head4nextE_256(&__get__ZN10timer_list5entryE_257(&timer->entry).next) != 0;
                                                                                        ^
lib/radix-tree.acc: At global scope:
lib/radix-tree.acc:18250:80: warning: invalid conversion from ‘void*’ to ‘long unsigned int*’ [-fpermissive]
 static unsigned long * vvaraddr_jiffies = (void *)((-10*1024*1024 - 4096) + (0));
                                                                                ^
lib/radix-tree.acc:18251:76: warning: invalid conversion from ‘void*’ to ‘int*’ [-fpermissive]
 static int * vvaraddr_vgetcpu_mode = (void *)((-10*1024*1024 - 4096) + (16));
                                                                            ^
lib/radix-tree.acc:18252:105: warning: invalid conversion from ‘void*’ to ‘vsyscall_gtod_data*’ [-fpermissive]
 static struct vsyscall_gtod_data * vvaraddr_vsyscall_gtod_data = (void *)((-10*1024*1024 - 4096) + (128));
                                                                                                         ^
lib/radix-tree.acc: In function ‘zone_type gfp_zone(gfp_t)’:
lib/radix-tree.acc:21231:274: warning: invalid conversion from ‘int’ to ‘zone_type’ [-fpermissive]
  z = (( (ZONE_NORMAL << 0 * 2) | (ZONE_DMA << 0x01u * 2) | (ZONE_NORMAL << 0x02u * 2) | (ZONE_DMA32 << 0x04u * 2) | (ZONE_NORMAL << 0x08u * 2) | (ZONE_DMA << (0x08u | 0x01u) * 2) | (ZONE_MOVABLE << (0x08u | 0x02u) * 2) | (ZONE_DMA32 << (0x08u | 0x04u) * 2) ) >> (bit * 2)) &
                                                                                                                                                                                                                                                                                  ^
lib/radix-tree.acc: In function ‘int seq_nodemask(seq_file*, nodemask_t*)’:
lib/radix-tree.acc:22664:120: warning: ISO C++ forbids casting to an array type ‘long unsigned int [1]’ [-fpermissive]
         return seq_bitmap(m, (typeof(mask->bits))g_map(__get__ZN9_nodemask4bitsE_529(mask->bits), sizeof(*(mask->bits))), (1 << 6));
                                                                                                                        ^
lib/radix-tree.acc: In function ‘pinctrl* pinctrl_get_select(device*, char*)’:
lib/radix-tree.acc:22882:28: warning: invalid conversion from ‘void*’ to ‘pinctrl*’ [-fpermissive]
   return ERR_PTR(PTR_ERR(s));
                            ^
lib/radix-tree.acc:22888:21: warning: invalid conversion from ‘void*’ to ‘pinctrl*’ [-fpermissive]
   return ERR_PTR(ret);
                     ^
lib/radix-tree.acc: In function ‘pinctrl* devm_pinctrl_get_select(device*, char*)’:
lib/radix-tree.acc:22914:20: warning: invalid conversion from ‘void*’ to ‘pinctrl*’ [-fpermissive]
   return ERR_CAST(s);
                    ^
lib/radix-tree.acc:22920:21: warning: invalid conversion from ‘void*’ to ‘pinctrl*’ [-fpermissive]
   return ERR_PTR(ret);
                     ^
lib/radix-tree.acc: In function ‘void* radix_tree_lookup_element(radix_tree_root*, long unsigned int, int)’:
lib/radix-tree.acc:26045:29: warning: invalid conversion from ‘void*’ to ‘radix_tree_node*’ [-fpermissive]
  node = indirect_to_ptr(node);
                             ^
