drivers/char/tty_io.acc: In function ‘thread_info* current_thread_info()’:
drivers/char/tty_io.acc:7021:5: warning: invalid conversion from ‘void*’ to ‘thread_info*’ [-fpermissive]
  ti = (void *)(({ typeof(_proxy_pda.kernelstack) ret__; switch (sizeof(_proxy_pda.kernelstack)) { case 2: asm("mov" "w %%gs:%c1,%0" : "=r" (ret__) : "i" (((size_t) &((struct x8664_pda *)0)->kernelstack)), "m" (__get__proxy_pda_442(&_proxy_pda).kernelstack)); break; case 4: asm("mov" "l %%gs:%c1,%0": "=r" (ret__): "i" (((size_t) &((struct x8664_pda *)0)->kernelstack)), "m" (__get__proxy_pda_443(&_proxy_pda).kernelstack)); break; case 8: asm("mov" "q %%gs:%c1,%0": "=r" (ret__) : "i" (((size_t) &((struct x8664_pda *)0)->kernelstack)), "m" (__get__proxy_pda_444(&_proxy_pda).kernelstack)); break; default: __bad_pda_field(); } ret__; }) + (5*8) - (((1UL) << 12) << 1));
     ^
drivers/char/tty_io.acc: In function ‘void hlist_del(hlist_node*)’:
drivers/char/tty_io.acc:8344:10: warning: invalid conversion from ‘void*’ to ‘hlist_node*’ [-fpermissive]
  n->next = ((void *) 0x00100100);
          ^
drivers/char/tty_io.acc:8345:11: warning: invalid conversion from ‘void*’ to ‘hlist_node**’ [-fpermissive]
  n->pprev = ((void *) 0x00200200);
           ^
drivers/char/tty_io.acc: In function ‘void timer_stats_account_hrtimer(hrtimer*)’:
drivers/char/tty_io.acc:14691:43: warning: invalid conversion from ‘hrtimer_restart (*)(hrtimer*)’ to ‘void*’ [-fpermissive]
      timer->function, timer->start_comm, 0);
                                           ^
drivers/char/tty_io.acc:14684:13: warning:   initializing argument 4 of ‘void timer_stats_update_stats(void*, pid_t, void*, void*, char*, unsigned int)’ [-fpermissive]
 extern void timer_stats_update_stats(void *timer, pid_t pid, void *startf,
             ^
drivers/char/tty_io.acc: In function ‘int timer_pending(timer_list*)’:
drivers/char/tty_io.acc:14833:88: warning: taking address of temporary [-fpermissive]
  return __get__ZN9list_head4nextE_754(&__get__ZN10timer_list5entryE_755(&timer->entry).next) != 0;
                                                                                        ^
drivers/char/tty_io.acc: In function ‘pid_namespace* ns_of_pid(pid*)’:
drivers/char/tty_io.acc:16258:113: warning: taking address of temporary [-fpermissive]
   ns = __get__ZN4upid2nsE_766(&__get__ZN3pid7numbersE_767(&pid->numbers[__get__ZN3pid5levelE_768(&pid->level)]).ns);
                                                                                                                 ^
drivers/char/tty_io.acc: In function ‘pid_t pid_nr(pid*)’:
drivers/char/tty_io.acc:16335:77: warning: taking address of temporary [-fpermissive]
   nr = __get__ZN4upid2nrE_769(&__get__ZN3pid7numbersE_770(&pid->numbers[0]).nr);
                                                                             ^
drivers/char/tty_io.acc: In function ‘task_struct* next_thread(task_struct*)’:
drivers/char/tty_io.acc:20001:165: warning: taking address of temporary [-fpermissive]
  return ({ typeof( ((struct task_struct *)0)->thread_group ) *__mptr = ((__get__ZN9list_head4nextE_813(&__get__ZN11task_struct12thread_groupE_814(&p->thread_group).next))); (struct task_struct *)( (char *)__mptr - ((size_t) &((struct task_struct *)0)->thread_group) );})
                                                                                                                                                                     ^
drivers/char/tty_io.acc: In function ‘void list_del_rcu(list_head*)’:
drivers/char/tty_io.acc:21782:14: warning: invalid conversion from ‘void*’ to ‘list_head*’ [-fpermissive]
  entry->prev = ((void *) 0x00200200);
              ^
drivers/char/tty_io.acc: In function ‘void list_replace_rcu(list_head*, list_head*)’:
drivers/char/tty_io.acc:21868:12: warning: invalid conversion from ‘void*’ to ‘list_head*’ [-fpermissive]
  old->prev = ((void *) 0x00200200);
            ^
drivers/char/tty_io.acc: In function ‘void hlist_del_rcu(hlist_node*)’:
drivers/char/tty_io.acc:21998:11: warning: invalid conversion from ‘void*’ to ‘hlist_node**’ [-fpermissive]
  n->pprev = ((void *) 0x00200200);
           ^
drivers/char/tty_io.acc: In function ‘void hlist_replace_rcu(hlist_node*, hlist_node*)’:
drivers/char/tty_io.acc:22080:13: warning: invalid conversion from ‘void*’ to ‘hlist_node**’ [-fpermissive]
  old->pprev = ((void *) 0x00200200);
             ^
drivers/char/tty_io.acc: In function ‘int dname_external(dentry*)’:
drivers/char/tty_io.acc:22543:81: warning: taking address of temporary [-fpermissive]
  return __get__ZN4qstr4nameE_863(&__get__ZN6dentry6d_nameE_864(&dentry->d_name).name) != __get__ZN6dentry7d_inameE_865(dentry->d_iname);
                                                                                 ^
drivers/char/tty_io.acc: In function ‘void simple_transaction_set(file*, size_t)’:
drivers/char/tty_io.acc:25823:48: warning: invalid conversion from ‘void*’ to ‘simple_transaction_argresp*’ [-fpermissive]
  struct simple_transaction_argresp *ar = file->private_data;
                                                ^
drivers/char/tty_io.acc: In function ‘void set_compound_page_dtor(page*, void (*)(page*))’:
drivers/char/tty_io.acc:28057:19: warning: invalid conversion from ‘void*’ to ‘list_head*’ [-fpermissive]
  page[1].lru.next = (void *)dtor;
                   ^
drivers/char/tty_io.acc: In function ‘void set_compound_order(page*, long unsigned int)’:
drivers/char/tty_io.acc:28144:19: warning: invalid conversion from ‘void*’ to ‘list_head*’ [-fpermissive]
  page[1].lru.prev = (void *)order;
                   ^
drivers/char/tty_io.acc: In function ‘zone_type page_zonenum(page*)’:
drivers/char/tty_io.acc:28148:83: warning: invalid conversion from ‘long unsigned int’ to ‘zone_type’ [-fpermissive]
  return (page->flags >> (((((sizeof(unsigned long)*8) - 0) - 9) - 2) * (2 != 0))) & ((1UL << 2) - 1);
                                                                                   ^
drivers/char/tty_io.acc: In function ‘void zone_page_state_add(long int, zone*, zone_stat_item)’:
drivers/char/tty_io.acc:28323:55: warning: taking address of temporary [-fpermissive]
  atomic_long_add(x, &__get_vm_stat_1094(&vm_stat[item]));
                                                       ^
drivers/char/tty_io.acc: In function ‘long unsigned int global_page_state(zone_stat_item)’:
drivers/char/tty_io.acc:28363:62: warning: taking address of temporary [-fpermissive]
  long x = atomic_long_read(&__get_vm_stat_1095(&vm_stat[item]));
                                                              ^
drivers/char/tty_io.acc: In function ‘net* PDE_NET(proc_dir_entry*)’:
drivers/char/tty_io.acc:29391:22: warning: invalid conversion from ‘void*’ to ‘net*’ [-fpermissive]
  return pde->parent->data;
                      ^
