utils.acc: In function ‘void list_del(list_head*)’:
utils.acc:3738:14: warning: invalid conversion from ‘void*’ to ‘list_head*’ [-fpermissive]
  entry->next = ((void *) 0x00100100 + (0xdead000000000000UL));
              ^
utils.acc:3739:14: warning: invalid conversion from ‘void*’ to ‘list_head*’ [-fpermissive]
  entry->prev = ((void *) 0x00200200 + (0xdead000000000000UL));
              ^
utils.acc: In function ‘void hlist_del(hlist_node*)’:
utils.acc:4714:10: warning: invalid conversion from ‘void*’ to ‘hlist_node*’ [-fpermissive]
  n->next = ((void *) 0x00100100 + (0xdead000000000000UL));
          ^
utils.acc:4715:11: warning: invalid conversion from ‘void*’ to ‘hlist_node**’ [-fpermissive]
  n->pprev = ((void *) 0x00200200 + (0xdead000000000000UL));
           ^
utils.acc: In function ‘int seq_nodemask(seq_file*, nodemask_t*)’:
utils.acc:13222:120: warning: ISO C++ forbids casting to an array type ‘long unsigned int [1]’ [-fpermissive]
         return seq_bitmap(m, (typeof(mask->bits))g_map(__get__ZN9_nodemask4bitsE_226(mask->bits), sizeof(*(mask->bits))), (1 << 6));
                                                                                                                        ^
utils.acc: In function ‘int timer_pending(timer_list*)’:
utils.acc:15588:88: warning: taking address of temporary [-fpermissive]
  return __get__ZN9list_head4nextE_320(&__get__ZN10timer_list5entryE_321(&timer->entry).next) != 0;
                                                                                        ^
utils.acc: At global scope:
utils.acc:20003:80: warning: invalid conversion from ‘void*’ to ‘long unsigned int*’ [-fpermissive]
 static unsigned long * vvaraddr_jiffies = (void *)((-10*1024*1024 - 4096) + (0));
                                                                                ^
utils.acc:20004:76: warning: invalid conversion from ‘void*’ to ‘int*’ [-fpermissive]
 static int * vvaraddr_vgetcpu_mode = (void *)((-10*1024*1024 - 4096) + (16));
                                                                            ^
utils.acc:20005:105: warning: invalid conversion from ‘void*’ to ‘vsyscall_gtod_data*’ [-fpermissive]
 static struct vsyscall_gtod_data * vvaraddr_vsyscall_gtod_data = (void *)((-10*1024*1024 - 4096) + (128));
                                                                                                         ^
utils.acc: In function ‘zone_type gfp_zone(gfp_t)’:
utils.acc:22609:274: warning: invalid conversion from ‘int’ to ‘zone_type’ [-fpermissive]
  z = (( (ZONE_NORMAL << 0 * 2) | (ZONE_DMA << 0x01u * 2) | (ZONE_NORMAL << 0x02u * 2) | (ZONE_DMA32 << 0x04u * 2) | (ZONE_NORMAL << 0x08u * 2) | (ZONE_DMA << (0x08u | 0x01u) * 2) | (ZONE_MOVABLE << (0x08u | 0x02u) * 2) | (ZONE_DMA32 << (0x08u | 0x04u) * 2) ) >> (bit * 2)) &
                                                                                                                                                                                                                                                                                  ^
utils.acc: In function ‘pid_namespace* ns_of_pid(pid*)’:
utils.acc:25281:113: warning: taking address of temporary [-fpermissive]
   ns = __get__ZN4upid2nsE_644(&__get__ZN3pid7numbersE_645(&pid->numbers[__get__ZN3pid5levelE_646(&pid->level)]).ns);
                                                                                                                 ^
utils.acc: In function ‘bool is_child_reaper(pid*)’:
utils.acc:25398:114: warning: taking address of temporary [-fpermissive]
  return __get__ZN4upid2nrE_647(&__get__ZN3pid7numbersE_648(&pid->numbers[__get__ZN3pid5levelE_649(&pid->level)]).nr) == 1;
                                                                                                                  ^
utils.acc: In function ‘pid_t pid_nr(pid*)’:
utils.acc:25474:77: warning: taking address of temporary [-fpermissive]
   nr = __get__ZN4upid2nrE_650(&__get__ZN3pid7numbersE_651(&pid->numbers[0]).nr);
                                                                             ^
utils.acc: In function ‘void list_del_rcu(list_head*)’:
utils.acc:25958:14: warning: invalid conversion from ‘void*’ to ‘list_head*’ [-fpermissive]
  entry->prev = ((void *) 0x00200200 + (0xdead000000000000UL));
              ^
utils.acc: In function ‘void list_replace_rcu(list_head*, list_head*)’:
utils.acc:26044:12: warning: invalid conversion from ‘void*’ to ‘list_head*’ [-fpermissive]
  old->prev = ((void *) 0x00200200 + (0xdead000000000000UL));
            ^
utils.acc: In function ‘void hlist_del_rcu(hlist_node*)’:
utils.acc:26178:11: warning: invalid conversion from ‘void*’ to ‘hlist_node**’ [-fpermissive]
  n->pprev = ((void *) 0x00200200 + (0xdead000000000000UL));
           ^
utils.acc: In function ‘void hlist_replace_rcu(hlist_node*, hlist_node*)’:
utils.acc:26260:13: warning: invalid conversion from ‘void*’ to ‘hlist_node**’ [-fpermissive]
  old->pprev = ((void *) 0x00200200 + (0xdead000000000000UL));
             ^
utils.acc: At global scope:
utils.acc:28072:16: warning: declaration of ‘int (* ctl_table::proc_handler)(ctl_table*, int, void*, size_t*, loff_t*)’ [-fpermissive]
  proc_handler *proc_handler;
                ^
utils.acc:28028:13: warning: changes meaning of ‘proc_handler’ from ‘typedef int proc_handler(struct ctl_table*, int, void*, size_t*, loff_t*)’ [-fpermissive]
 typedef int proc_handler (struct ctl_table *ctl, int write,
             ^
utils.acc: In function ‘task_struct* next_thread(task_struct*)’:
utils.acc:31442:176: warning: taking address of temporary [-fpermissive]
  return ({typeof (*p->thread_group.next) *__ptr = (typeof (*p->thread_group.next) *)__get__ZN9list_head4nextE_771(&__get__ZN11task_struct12thread_groupE_772(&p->thread_group).next); ({ typeof( ((struct task_struct *)0)->thread_group ) *__mptr = ((typeof(p->thread_group.next))(__ptr)); (struct task_struct *)( (char *)__mptr - ((size_t) &((struct task_struct *)0)->thread_group) );}); })
                                                                                                                                                                                ^
utils.acc: In function ‘pinctrl* pinctrl_get_select(device*, char*)’:
utils.acc:33675:28: warning: invalid conversion from ‘void*’ to ‘pinctrl*’ [-fpermissive]
   return ERR_PTR(PTR_ERR(s));
                            ^
utils.acc:33681:21: warning: invalid conversion from ‘void*’ to ‘pinctrl*’ [-fpermissive]
   return ERR_PTR(ret);
                     ^
utils.acc: In function ‘pinctrl* devm_pinctrl_get_select(device*, char*)’:
utils.acc:33707:20: warning: invalid conversion from ‘void*’ to ‘pinctrl*’ [-fpermissive]
   return ERR_CAST(s);
                    ^
utils.acc:33713:21: warning: invalid conversion from ‘void*’ to ‘pinctrl*’ [-fpermissive]
   return ERR_PTR(ret);
                     ^
utils.acc: In function ‘void hlist_bl_del(hlist_bl_node*)’:
utils.acc:35025:10: warning: invalid conversion from ‘void*’ to ‘hlist_bl_node*’ [-fpermissive]
  n->next = ((void *) 0x00100100 + (0xdead000000000000UL));
          ^
utils.acc:35026:11: warning: invalid conversion from ‘void*’ to ‘hlist_bl_node**’ [-fpermissive]
  n->pprev = ((void *) 0x00200200 + (0xdead000000000000UL));
           ^
utils.acc: In function ‘void hlist_bl_del_rcu(hlist_bl_node*)’:
utils.acc:35113:11: warning: invalid conversion from ‘void*’ to ‘hlist_bl_node**’ [-fpermissive]
  n->pprev = ((void *) 0x00200200 + (0xdead000000000000UL));
           ^
utils.acc: In function ‘int dname_external(dentry*)’:
utils.acc:35409:81: warning: taking address of temporary [-fpermissive]
  return __get__ZN4qstr4nameE_832(&__get__ZN6dentry6d_nameE_833(&dentry->d_name).name) != __get__ZN6dentry7d_inameE_834(dentry->d_iname);
                                                                                 ^
utils.acc: In function ‘bool dir_emit_dot(file*, dir_context*)’:
utils.acc:40661:135: warning: taking address of temporary [-fpermissive]
      __get__ZN5inode5i_inoE_947(&__get__ZN6dentry7d_inodeE_948(&__get__ZN4path6dentryE_949(&__get__ZN4file6f_pathE_950(&file->f_path).dentry)->d_inode)->i_ino), 4) == 0;
                                                                                                                                       ^
utils.acc: In function ‘bool dir_emit_dotdot(file*, dir_context*)’:
utils.acc:40736:87: warning: taking address of temporary [-fpermissive]
      parent_ino(__get__ZN4path6dentryE_953(&__get__ZN4file6f_pathE_954(&file->f_path).dentry)), 4) == 0;
                                                                                       ^
utils.acc: In function ‘partition_meta_info* alloc_part_info(gendisk*)’:
utils.acc:41180:77: warning: invalid conversion from ‘void*’ to ‘partition_meta_info*’ [-fpermissive]
         ((( gfp_t)0x10u) | (( gfp_t)0x40u) | (( gfp_t)0x80u)), disk->node_id);
                                                                             ^
utils.acc:41181:106: warning: invalid conversion from ‘void*’ to ‘partition_meta_info*’ [-fpermissive]
  return kzalloc(sizeof(struct partition_meta_info), ((( gfp_t)0x10u) | (( gfp_t)0x40u) | (( gfp_t)0x80u)));
                                                                                                          ^
utils.acc: In function ‘void set_compound_page_dtor(page*, void (*)(page*))’:
utils.acc:43304:19: warning: invalid conversion from ‘void*’ to ‘list_head*’ [-fpermissive]
  page[1].lru.next = (void *)dtor;
                   ^
utils.acc: In function ‘void set_compound_order(page*, long unsigned int)’:
utils.acc:43391:19: warning: invalid conversion from ‘void*’ to ‘list_head*’ [-fpermissive]
  page[1].lru.prev = (void *)order;
                   ^
utils.acc: In function ‘zone_type page_zonenum(page*)’:
utils.acc:43436:83: warning: invalid conversion from ‘long unsigned int’ to ‘zone_type’ [-fpermissive]
  return (page->flags >> (((((sizeof(unsigned long)*8) - 0) - 6) - 2) * (2 != 0))) & ((1UL << 2) - 1);
                                                                                   ^
utils.acc: In function ‘void zone_page_state_add(long int, zone*, zone_stat_item)’:
utils.acc:43681:55: warning: taking address of temporary [-fpermissive]
  atomic_long_add(x, &__get_vm_stat_1394(&vm_stat[item]));
                                                       ^
utils.acc: In function ‘long unsigned int global_page_state(zone_stat_item)’:
utils.acc:43721:62: warning: taking address of temporary [-fpermissive]
  long x = atomic_long_read(&__get_vm_stat_1395(&vm_stat[item]));
                                                              ^
utils.acc: In function ‘void copy_user_highpage(page*, page*, long unsigned int, vm_area_struct*)’:
utils.acc:46413:26: warning: invalid conversion from ‘void*’ to ‘char*’ [-fpermissive]
  vfrom = kmap_atomic(from);
                          ^
utils.acc:46414:22: warning: invalid conversion from ‘void*’ to ‘char*’ [-fpermissive]
  vto = kmap_atomic(to);
                      ^
utils.acc: In function ‘void copy_highpage(page*, page*)’:
utils.acc:46426:26: warning: invalid conversion from ‘void*’ to ‘char*’ [-fpermissive]
  vfrom = kmap_atomic(from);
                          ^
utils.acc:46427:22: warning: invalid conversion from ‘void*’ to ‘char*’ [-fpermissive]
  vto = kmap_atomic(to);
                      ^
utils.acc: At global scope:
utils.acc:47454:16: warning: declaration of ‘int (* backing_dev_info::congested_fn)(void*, int)’ [-fpermissive]
  congested_fn *congested_fn;
                ^
utils.acc:47417:14: warning: changes meaning of ‘congested_fn’ from ‘typedef int congested_fn(void*, int)’ [-fpermissive]
 typedef int (congested_fn)(void *, int);
              ^
utils.acc: In function ‘char* bvec_kmap_irq(bio_vec*, long unsigned int*)’:
utils.acc:53059:44: warning: invalid conversion from ‘void*’ to ‘char*’ [-fpermissive]
  return lowmem_page_address(bvec->bv_page) + bvec->bv_offset;
                                            ^
utils.acc: At global scope:
utils.acc:53690:21: warning: declaration of ‘int (* elevator_ops::elevator_merge_fn)(request_queue*, request**, bio*)’ [-fpermissive]
  elevator_merge_fn *elevator_merge_fn;
                     ^
utils.acc:53655:14: warning: changes meaning of ‘elevator_merge_fn’ from ‘typedef int elevator_merge_fn(struct request_queue*, struct request**, struct bio*)’ [-fpermissive]
 typedef int (elevator_merge_fn) (struct request_queue *, struct request **,
              ^
utils.acc:53691:22: warning: declaration of ‘void (* elevator_ops::elevator_merged_fn)(request_queue*, request*, int)’ [-fpermissive]
  elevator_merged_fn *elevator_merged_fn;
                      ^
utils.acc:53660:15: warning: changes meaning of ‘elevator_merged_fn’ from ‘typedef void elevator_merged_fn(struct request_queue*, struct request*, int)’ [-fpermissive]
 typedef void (elevator_merged_fn) (struct request_queue *, struct request *, int);
               ^
utils.acc:53692:25: warning: declaration of ‘void (* elevator_ops::elevator_merge_req_fn)(request_queue*, request*, request*)’ [-fpermissive]
  elevator_merge_req_fn *elevator_merge_req_fn;
                         ^
utils.acc:53658:15: warning: changes meaning of ‘elevator_merge_req_fn’ from ‘typedef void elevator_merge_req_fn(struct request_queue*, struct request*, struct request*)’ [-fpermissive]
 typedef void (elevator_merge_req_fn) (struct request_queue *, struct request *, struct request *);
               ^
utils.acc:53693:27: warning: declaration of ‘int (* elevator_ops::elevator_allow_merge_fn)(request_queue*, request*, bio*)’ [-fpermissive]
  elevator_allow_merge_fn *elevator_allow_merge_fn;
                           ^
utils.acc:53662:14: warning: changes meaning of ‘elevator_allow_merge_fn’ from ‘typedef int elevator_allow_merge_fn(struct request_queue*, struct request*, struct bio*)’ [-fpermissive]
 typedef int (elevator_allow_merge_fn) (struct request_queue *, struct request *, struct bio *);
              ^
utils.acc:53694:26: warning: declaration of ‘void (* elevator_ops::elevator_bio_merged_fn)(request_queue*, request*, bio*)’ [-fpermissive]
  elevator_bio_merged_fn *elevator_bio_merged_fn;
                          ^
utils.acc:53664:15: warning: changes meaning of ‘elevator_bio_merged_fn’ from ‘typedef void elevator_bio_merged_fn(struct request_queue*, struct request*, struct bio*)’ [-fpermissive]
 typedef void (elevator_bio_merged_fn) (struct request_queue *,
               ^
utils.acc:53696:24: warning: declaration of ‘int (* elevator_ops::elevator_dispatch_fn)(request_queue*, int)’ [-fpermissive]
  elevator_dispatch_fn *elevator_dispatch_fn;
                        ^
utils.acc:53667:14: warning: changes meaning of ‘elevator_dispatch_fn’ from ‘typedef int elevator_dispatch_fn(struct request_queue*, int)’ [-fpermissive]
 typedef int (elevator_dispatch_fn) (struct request_queue *, int);
              ^
utils.acc:53697:23: warning: declaration of ‘void (* elevator_ops::elevator_add_req_fn)(request_queue*, request*)’ [-fpermissive]
  elevator_add_req_fn *elevator_add_req_fn;
                       ^
utils.acc:53669:15: warning: changes meaning of ‘elevator_add_req_fn’ from ‘typedef void elevator_add_req_fn(struct request_queue*, struct request*)’ [-fpermissive]
 typedef void (elevator_add_req_fn) (struct request_queue *, struct request *);
               ^
utils.acc:53698:28: warning: declaration of ‘void (* elevator_ops::elevator_activate_req_fn)(request_queue*, request*)’ [-fpermissive]
  elevator_activate_req_fn *elevator_activate_req_fn;
                            ^
utils.acc:53679:15: warning: changes meaning of ‘elevator_activate_req_fn’ from ‘typedef void elevator_activate_req_fn(struct request_queue*, struct request*)’ [-fpermissive]
 typedef void (elevator_activate_req_fn) (struct request_queue *, struct request *);
               ^
utils.acc:53699:30: warning: declaration of ‘void (* elevator_ops::elevator_deactivate_req_fn)(request_queue*, request*)’ [-fpermissive]
  elevator_deactivate_req_fn *elevator_deactivate_req_fn;
                              ^
utils.acc:53680:15: warning: changes meaning of ‘elevator_deactivate_req_fn’ from ‘typedef void elevator_deactivate_req_fn(struct request_queue*, struct request*)’ [-fpermissive]
 typedef void (elevator_deactivate_req_fn) (struct request_queue *, struct request *);
               ^
utils.acc:53701:29: warning: declaration of ‘void (* elevator_ops::elevator_completed_req_fn)(request_queue*, request*)’ [-fpermissive]
  elevator_completed_req_fn *elevator_completed_req_fn;
                             ^
utils.acc:53671:15: warning: changes meaning of ‘elevator_completed_req_fn’ from ‘typedef void elevator_completed_req_fn(struct request_queue*, struct request*)’ [-fpermissive]
 typedef void (elevator_completed_req_fn) (struct request_queue *, struct request *);
               ^
utils.acc:53706:24: warning: declaration of ‘void (* elevator_ops::elevator_init_icq_fn)(io_cq*)’ [-fpermissive]
  elevator_init_icq_fn *elevator_init_icq_fn;
                        ^
utils.acc:53674:15: warning: changes meaning of ‘elevator_init_icq_fn’ from ‘typedef void elevator_init_icq_fn(struct io_cq*)’ [-fpermissive]
 typedef void (elevator_init_icq_fn) (struct io_cq *);
               ^
utils.acc:53707:24: warning: declaration of ‘void (* elevator_ops::elevator_exit_icq_fn)(io_cq*)’ [-fpermissive]
  elevator_exit_icq_fn *elevator_exit_icq_fn;
                        ^
utils.acc:53675:15: warning: changes meaning of ‘elevator_exit_icq_fn’ from ‘typedef void elevator_exit_icq_fn(struct io_cq*)’ [-fpermissive]
 typedef void (elevator_exit_icq_fn) (struct io_cq *);
               ^
utils.acc:53709:23: warning: declaration of ‘int (* elevator_ops::elevator_set_req_fn)(request_queue*, request*, bio*, gfp_t)’ [-fpermissive]
  elevator_set_req_fn *elevator_set_req_fn;
                       ^
utils.acc:53676:14: warning: changes meaning of ‘elevator_set_req_fn’ from ‘typedef int elevator_set_req_fn(struct request_queue*, struct request*, struct bio*, gfp_t)’ [-fpermissive]
 typedef int (elevator_set_req_fn) (struct request_queue *, struct request *,
              ^
utils.acc:53710:23: warning: declaration of ‘void (* elevator_ops::elevator_put_req_fn)(request*)’ [-fpermissive]
  elevator_put_req_fn *elevator_put_req_fn;
                       ^
utils.acc:53678:15: warning: changes meaning of ‘elevator_put_req_fn’ from ‘typedef void elevator_put_req_fn(struct request*)’ [-fpermissive]
 typedef void (elevator_put_req_fn) (struct request *);
               ^
utils.acc:53712:25: warning: declaration of ‘int (* elevator_ops::elevator_may_queue_fn)(request_queue*, int)’ [-fpermissive]
  elevator_may_queue_fn *elevator_may_queue_fn;
                         ^
utils.acc:53672:14: warning: changes meaning of ‘elevator_may_queue_fn’ from ‘typedef int elevator_may_queue_fn(struct request_queue*, int)’ [-fpermissive]
 typedef int (elevator_may_queue_fn) (struct request_queue *, int);
              ^
utils.acc:53714:20: warning: declaration of ‘int (* elevator_ops::elevator_init_fn)(request_queue*, elevator_type*)’ [-fpermissive]
  elevator_init_fn *elevator_init_fn;
                    ^
utils.acc:53682:14: warning: changes meaning of ‘elevator_init_fn’ from ‘typedef int elevator_init_fn(struct request_queue*, struct elevator_type*)’ [-fpermissive]
 typedef int (elevator_init_fn) (struct request_queue *,
              ^
utils.acc:53715:20: warning: declaration of ‘void (* elevator_ops::elevator_exit_fn)(elevator_queue*)’ [-fpermissive]
  elevator_exit_fn *elevator_exit_fn;
                    ^
utils.acc:53684:15: warning: changes meaning of ‘elevator_exit_fn’ from ‘typedef void elevator_exit_fn(struct elevator_queue*)’ [-fpermissive]
 typedef void (elevator_exit_fn) (struct elevator_queue *);
               ^
utils.acc:53952:19: warning: declaration of ‘void (* request_queue::make_request_fn)(request_queue*, bio*)’ [-fpermissive]
  make_request_fn *make_request_fn;
                   ^
utils.acc:53847:15: warning: changes meaning of ‘make_request_fn’ from ‘typedef void make_request_fn(struct request_queue*, struct bio*)’ [-fpermissive]
 typedef void (make_request_fn) (struct request_queue *q, struct bio *bio);
               ^
utils.acc:53953:14: warning: declaration of ‘int (* request_queue::prep_rq_fn)(request_queue*, request*)’ [-fpermissive]
  prep_rq_fn *prep_rq_fn;
              ^
utils.acc:53848:14: warning: changes meaning of ‘prep_rq_fn’ from ‘typedef int prep_rq_fn(struct request_queue*, struct request*)’ [-fpermissive]
 typedef int (prep_rq_fn) (struct request_queue *, struct request *);
              ^
utils.acc:53954:16: warning: declaration of ‘void (* request_queue::unprep_rq_fn)(request_queue*, request*)’ [-fpermissive]
  unprep_rq_fn *unprep_rq_fn;
                ^
utils.acc:53849:15: warning: changes meaning of ‘unprep_rq_fn’ from ‘typedef void unprep_rq_fn(struct request_queue*, struct request*)’ [-fpermissive]
 typedef void (unprep_rq_fn) (struct request_queue *, struct request *);
               ^
utils.acc:53955:17: warning: declaration of ‘int (* request_queue::merge_bvec_fn)(request_queue*, bvec_merge_data*, bio_vec*)’ [-fpermissive]
  merge_bvec_fn *merge_bvec_fn;
                 ^
utils.acc:53863:14: warning: changes meaning of ‘merge_bvec_fn’ from ‘typedef int merge_bvec_fn(struct request_queue*, struct bvec_merge_data*, struct bio_vec*)’ [-fpermissive]
 typedef int (merge_bvec_fn) (struct request_queue *, struct bvec_merge_data *,
              ^
utils.acc:53956:19: warning: declaration of ‘void (* request_queue::softirq_done_fn)(request*)’ [-fpermissive]
  softirq_done_fn *softirq_done_fn;
                   ^
utils.acc:53865:15: warning: changes meaning of ‘softirq_done_fn’ from ‘typedef void softirq_done_fn(struct request*)’ [-fpermissive]
 typedef void (softirq_done_fn)(struct request *);
               ^
utils.acc:53957:19: warning: declaration of ‘blk_eh_timer_return (* request_queue::rq_timed_out_fn)(request*)’ [-fpermissive]
  rq_timed_out_fn *rq_timed_out_fn;
                   ^
utils.acc:53876:35: warning: changes meaning of ‘rq_timed_out_fn’ from ‘typedef enum blk_eh_timer_return rq_timed_out_fn(struct request*)’ [-fpermissive]
 typedef enum blk_eh_timer_return (rq_timed_out_fn)(struct request *);
                                   ^
utils.acc:53959:15: warning: declaration of ‘int (* request_queue::lld_busy_fn)(request_queue*)’ [-fpermissive]
  lld_busy_fn *lld_busy_fn;
               ^
utils.acc:53867:14: warning: changes meaning of ‘lld_busy_fn’ from ‘typedef int lld_busy_fn(struct request_queue*)’ [-fpermissive]
 typedef int (lld_busy_fn) (struct request_queue *q);
              ^
utils.acc:54106:14: warning: declaration of ‘int (* request_queue::bsg_job_fn)(bsg_job*)’ [-fpermissive]
  bsg_job_fn *bsg_job_fn;
              ^
utils.acc:53868:14: warning: changes meaning of ‘bsg_job_fn’ from ‘typedef int bsg_job_fn(struct bsg_job*)’ [-fpermissive]
 typedef int (bsg_job_fn) (struct bsg_job *);
              ^
utils.acc: In function ‘ablkcipher_request* ablkcipher_request_alloc(crypto_ablkcipher*, gfp_t)’:
utils.acc:56970:44: warning: invalid conversion from ‘void*’ to ‘ablkcipher_request*’ [-fpermissive]
         crypto_ablkcipher_reqsize(tfm), gfp);
                                            ^
utils.acc: In function ‘aead_request* aead_request_alloc(crypto_aead*, gfp_t)’:
utils.acc:57101:60: warning: invalid conversion from ‘void*’ to ‘aead_request*’ [-fpermissive]
  req = kmalloc(sizeof(*req) + crypto_aead_reqsize(tfm), gfp);
                                                            ^
utils.acc: In function ‘ahash_request* ahash_request_alloc(crypto_ahash*, gfp_t)’:
utils.acc:57795:39: warning: invalid conversion from ‘void*’ to ‘ahash_request*’ [-fpermissive]
         crypto_ahash_reqsize(tfm), gfp);
                                       ^
utils.acc: In function ‘journal_head* bh2jh(buffer_head*)’:
utils.acc:58106:13: warning: invalid conversion from ‘void*’ to ‘journal_head*’ [-fpermissive]
  return bh->b_private;
             ^
utils.acc: In function ‘handle_t* journal_current_handle()’:
utils.acc:58772:80: warning: invalid conversion from ‘void*’ to ‘handle_t* {aka jbd2_journal_handle*}’ [-fpermissive]
  return __get__ZN11task_struct12journal_infoE_2149(&get_current()->journal_info);
                                                                                ^
utils.acc: In function ‘handle_t* jbd2_alloc_handle(gfp_t)’:
utils.acc:58856:55: warning: invalid conversion from ‘void*’ to ‘handle_t* {aka jbd2_journal_handle*}’ [-fpermissive]
  return kmem_cache_zalloc(jbd2_handle_cache, gfp_flags);
                                                       ^
utils.acc: In function ‘jbd2_inode* jbd2_alloc_inode(gfp_t)’:
utils.acc:58872:53: warning: invalid conversion from ‘void*’ to ‘jbd2_inode*’ [-fpermissive]
  return kmem_cache_alloc(jbd2_inode_cache, gfp_flags);
                                                     ^
utils.acc: In function ‘void* arch_compat_alloc_user_space(long int)’:
utils.acc:59964:153: warning: taking address of temporary [-fpermissive]
   sp = __get__ZN7pt_regs2spE_2170(&((struct pt_regs *)__get__ZN13thread_struct3sp0E_2171(&__get__ZN11task_struct6threadE_2172(&(get_current())->thread).sp0) - 1)->sp);
                                                                                                                                                         ^
utils.acc: In function ‘ext4_sb_info* EXT4_SB(super_block*)’:
utils.acc:61550:62: warning: invalid conversion from ‘void*’ to ‘ext4_sb_info*’ [-fpermissive]
  return __get__ZN11super_block9s_fs_infoE_2196(&sb->s_fs_info);
                                                              ^
utils.acc: In function ‘ext4_io_end_t* ext4_inode_aio(inode*)’:
utils.acc:61831:58: warning: invalid conversion from ‘void*’ to ‘ext4_io_end_t* {aka ext4_io_end*}’ [-fpermissive]
  return __get__ZN5inode9i_privateE_2204(&inode->i_private);
                                                          ^
utils.acc: In function ‘task_struct* get_current()’:
utils.acc:63955:185: warning: taking address of temporary [-fpermissive]
     return ({typeof (*(&init_task)->tasks.next) *__ptr = (typeof (*(&init_task)->tasks.next) *)__get__ZN9list_head4nextE_2248(&__get__ZN11task_struct5tasksE_2249(&(&init_task)->tasks).next); ({ typeof( ((struct task_struct *)0)->tasks ) *__mptr = ((typeof((&init_task)->tasks.next))(__ptr)); (struct task_struct *)( (char *)__mptr - ((size_t) &((struct task_struct *)0)->tasks) );}); });
                                                                                                                                                                                         ^
utils.acc: In function ‘void* inode_op_getattr(inode_operations*, vfsmount*, dentry*, kstat*)’:
utils.acc:63990:46: warning: invalid conversion from ‘int’ to ‘void*’ [-fpermissive]
         return ext4_getattr(mnt, dentry, stat);
                                              ^
