net/ipv4/raw.acc: In function ‘thread_info* current_thread_info()’:
net/ipv4/raw.acc:7201:5: warning: invalid conversion from ‘void*’ to ‘thread_info*’ [-fpermissive]
  ti = (void *)(({ typeof(_proxy_pda.kernelstack) ret__; switch (sizeof(_proxy_pda.kernelstack)) { case 2: asm("mov" "w %%gs:%c1,%0" : "=r" (ret__) : "i" (((size_t) &((struct x8664_pda *)0)->kernelstack)), "m" (__get__proxy_pda_443(&_proxy_pda).kernelstack)); break; case 4: asm("mov" "l %%gs:%c1,%0": "=r" (ret__): "i" (((size_t) &((struct x8664_pda *)0)->kernelstack)), "m" (__get__proxy_pda_444(&_proxy_pda).kernelstack)); break; case 8: asm("mov" "q %%gs:%c1,%0": "=r" (ret__) : "i" (((size_t) &((struct x8664_pda *)0)->kernelstack)), "m" (__get__proxy_pda_445(&_proxy_pda).kernelstack)); break; default: __bad_pda_field(); } ret__; }) + (5*8) - (((1UL) << 12) << 1));
     ^
net/ipv4/raw.acc: In function ‘void hlist_del(hlist_node*)’:
net/ipv4/raw.acc:8784:10: warning: invalid conversion from ‘void*’ to ‘hlist_node*’ [-fpermissive]
  n->next = ((void *) 0x00100100);
          ^
net/ipv4/raw.acc:8785:11: warning: invalid conversion from ‘void*’ to ‘hlist_node**’ [-fpermissive]
  n->pprev = ((void *) 0x00200200);
           ^
net/ipv4/raw.acc: In function ‘void timer_stats_account_hrtimer(hrtimer*)’:
net/ipv4/raw.acc:13542:43: warning: invalid conversion from ‘hrtimer_restart (*)(hrtimer*)’ to ‘void*’ [-fpermissive]
      timer->function, timer->start_comm, 0);
                                           ^
net/ipv4/raw.acc:13535:13: warning:   initializing argument 4 of ‘void timer_stats_update_stats(void*, pid_t, void*, void*, char*, unsigned int)’ [-fpermissive]
 extern void timer_stats_update_stats(void *timer, pid_t pid, void *startf,
             ^
net/ipv4/raw.acc: In function ‘int timer_pending(timer_list*)’:
net/ipv4/raw.acc:13684:88: warning: taking address of temporary [-fpermissive]
  return __get__ZN9list_head4nextE_700(&__get__ZN10timer_list5entryE_701(&timer->entry).next) != 0;
                                                                                        ^
net/ipv4/raw.acc: At global scope:
net/ipv4/raw.acc:17862:16: warning: declaration of ‘int (* ctl_table::proc_handler)(ctl_table*, int, file*, void*, size_t*, loff_t*)’ [-fpermissive]
  proc_handler *proc_handler;
                ^
net/ipv4/raw.acc:17822:13: warning: changes meaning of ‘proc_handler’ from ‘typedef int proc_handler(struct ctl_table*, int, struct file*, void*, size_t*, loff_t*)’ [-fpermissive]
 typedef int proc_handler (struct ctl_table *ctl, int write, struct file * filp,
             ^
net/ipv4/raw.acc: In function ‘ts_config* alloc_ts_config(size_t, gfp_t)’:
net/ipv4/raw.acc:18059:73: warning: invalid conversion from ‘void*’ to ‘ts_config*’ [-fpermissive]
  conf = kzalloc((((sizeof(*conf)) + 8 -1) & ~(8 -1)) + payload, gfp_mask);
                                                                         ^
net/ipv4/raw.acc:18061:21: warning: invalid conversion from ‘void*’ to ‘ts_config*’ [-fpermissive]
   return ERR_PTR(-12);
                     ^
net/ipv4/raw.acc: In function ‘void set_compound_page_dtor(page*, void (*)(page*))’:
net/ipv4/raw.acc:20471:19: warning: invalid conversion from ‘void*’ to ‘list_head*’ [-fpermissive]
  page[1].lru.next = (void *)dtor;
                   ^
net/ipv4/raw.acc: In function ‘void set_compound_order(page*, long unsigned int)’:
net/ipv4/raw.acc:20558:19: warning: invalid conversion from ‘void*’ to ‘list_head*’ [-fpermissive]
  page[1].lru.prev = (void *)order;
                   ^
net/ipv4/raw.acc: In function ‘zone_type page_zonenum(page*)’:
net/ipv4/raw.acc:20562:83: warning: invalid conversion from ‘long unsigned int’ to ‘zone_type’ [-fpermissive]
  return (page->flags >> (((((sizeof(unsigned long)*8) - 0) - 9) - 2) * (2 != 0))) & ((1UL << 2) - 1);
                                                                                   ^
net/ipv4/raw.acc: In function ‘void zone_page_state_add(long int, zone*, zone_stat_item)’:
net/ipv4/raw.acc:20737:54: warning: taking address of temporary [-fpermissive]
  atomic_long_add(x, &__get_vm_stat_924(&vm_stat[item]));
                                                      ^
net/ipv4/raw.acc: In function ‘long unsigned int global_page_state(zone_stat_item)’:
net/ipv4/raw.acc:20777:61: warning: taking address of temporary [-fpermissive]
  long x = atomic_long_read(&__get_vm_stat_925(&vm_stat[item]));
                                                             ^
net/ipv4/raw.acc: In function ‘void async_tx_ack(dma_async_tx_descriptor*)’:
net/ipv4/raw.acc:22809:12: warning: invalid conversion from ‘int’ to ‘dma_ctrl_flags’ [-fpermissive]
  tx->flags |= DMA_CTRL_ACK;
            ^
net/ipv4/raw.acc: In function ‘netdev_queue* netdev_get_tx_queue(net_device*, unsigned int)’:
net/ipv4/raw.acc:25773:92: warning: taking address of temporary [-fpermissive]
  return &__get__ZN10net_device3_txE_1139(&__get__ZN10net_device3_txE_1140(&dev->_tx)[index]);
                                                                                            ^
net/ipv4/raw.acc: In function ‘void netdev_for_each_tx_queue(net_device*, void (*)(net_device*, netdev_queue*, void*), void*)’:
net/ipv4/raw.acc:25890:89: warning: taking address of temporary [-fpermissive]
   f(dev, &__get__ZN10net_device3_txE_1142(&__get__ZN10net_device3_txE_1143(&dev->_tx)[i]), arg);
                                                                                         ^
net/ipv4/raw.acc: In function ‘pid_namespace* ns_of_pid(pid*)’:
net/ipv4/raw.acc:27309:116: warning: taking address of temporary [-fpermissive]
   ns = __get__ZN4upid2nsE_1195(&__get__ZN3pid7numbersE_1196(&pid->numbers[__get__ZN3pid5levelE_1197(&pid->level)]).ns);
                                                                                                                    ^
net/ipv4/raw.acc: In function ‘pid_t pid_nr(pid*)’:
net/ipv4/raw.acc:27386:79: warning: taking address of temporary [-fpermissive]
   nr = __get__ZN4upid2nrE_1198(&__get__ZN3pid7numbersE_1199(&pid->numbers[0]).nr);
                                                                               ^
net/ipv4/raw.acc: In function ‘task_struct* next_thread(task_struct*)’:
net/ipv4/raw.acc:30812:167: warning: taking address of temporary [-fpermissive]
  return ({ typeof( ((struct task_struct *)0)->thread_group ) *__mptr = ((__get__ZN9list_head4nextE_1241(&__get__ZN11task_struct12thread_groupE_1242(&p->thread_group).next))); (struct task_struct *)( (char *)__mptr - ((size_t) &((struct task_struct *)0)->thread_group) );})
                                                                                                                                                                       ^
net/ipv4/raw.acc: In function ‘net_device* next_net_device(net_device*)’:
net/ipv4/raw.acc:32404:92: warning: taking address of temporary [-fpermissive]
  lh = __get__ZN9list_head4nextE_1275(&__get__ZN10net_device8dev_listE_1276(&dev->dev_list).next);
                                                                                            ^
net/ipv4/raw.acc: In function ‘net_device* first_net_device(net*)’:
net/ipv4/raw.acc:32481:150: warning: taking address of temporary [-fpermissive]
   ({ typeof( ((struct net_device *)0)->dev_list ) *__mptr = (__get__ZN9list_head4nextE_1277(&__get__ZN3net13dev_base_headE_1278(&net->dev_base_head).next)); (struct net_device *)( (char *)__mptr - ((size_t) &((struct net_device *)0)->dev_list) );});
                                                                                                                                                      ^
net/ipv4/raw.acc: In function ‘void list_del_rcu(list_head*)’:
net/ipv4/raw.acc:34884:14: warning: invalid conversion from ‘void*’ to ‘list_head*’ [-fpermissive]
  entry->prev = ((void *) 0x00200200);
              ^
net/ipv4/raw.acc: In function ‘void list_replace_rcu(list_head*, list_head*)’:
net/ipv4/raw.acc:34970:12: warning: invalid conversion from ‘void*’ to ‘list_head*’ [-fpermissive]
  old->prev = ((void *) 0x00200200);
            ^
net/ipv4/raw.acc: In function ‘void hlist_del_rcu(hlist_node*)’:
net/ipv4/raw.acc:35100:11: warning: invalid conversion from ‘void*’ to ‘hlist_node**’ [-fpermissive]
  n->pprev = ((void *) 0x00200200);
           ^
net/ipv4/raw.acc: In function ‘void hlist_replace_rcu(hlist_node*, hlist_node*)’:
net/ipv4/raw.acc:35182:13: warning: invalid conversion from ‘void*’ to ‘hlist_node**’ [-fpermissive]
  old->pprev = ((void *) 0x00200200);
             ^
net/ipv4/raw.acc: In function ‘int dname_external(dentry*)’:
net/ipv4/raw.acc:35645:83: warning: taking address of temporary [-fpermissive]
  return __get__ZN4qstr4nameE_1391(&__get__ZN6dentry6d_nameE_1392(&dentry->d_name).name) != __get__ZN6dentry7d_inameE_1393(dentry->d_iname);
                                                                                   ^
net/ipv4/raw.acc: In function ‘void simple_transaction_set(file*, size_t)’:
net/ipv4/raw.acc:38796:48: warning: invalid conversion from ‘void*’ to ‘simple_transaction_argresp*’ [-fpermissive]
  struct simple_transaction_argresp *ar = file->private_data;
                                                ^
net/ipv4/raw.acc: In function ‘nlattr* nlmsg_attrdata(nlmsghdr*, int)’:
net/ipv4/raw.acc:41870:38: warning: invalid conversion from ‘void*’ to ‘unsigned char*’ [-fpermissive]
  unsigned char *data = nlmsg_data(nlh);
                                      ^
net/ipv4/raw.acc: In function ‘int nla_nest_compat_end(sk_buff*, nlattr*)’:
net/ipv4/raw.acc:42303:38: warning: invalid conversion from ‘void*’ to ‘nlattr*’ [-fpermissive]
  struct nlattr *nest = (void *)start + ( ((start->nla_len)+4 -1) & ~(4 -1) );
                                      ^
net/ipv4/raw.acc: In function ‘sock* sk_next(sock*)’:
net/ipv4/raw.acc:43451:104: warning: taking address of temporary [-fpermissive]
  return __get__ZN10hlist_node4nextE_1515(&__get__ZN4sock11__sk_commonE_1517(&sk->__sk_common).skc_node.next) ?
                                                                                                        ^
net/ipv4/raw.acc:43452:163: warning: taking address of temporary [-fpermissive]
   ({ typeof( ((struct sock *)0)->__sk_common.skc_node ) *__mptr = (__get__ZN10hlist_node4nextE_1518(&__get__ZN4sock11__sk_commonE_1520(&sk->__sk_common).skc_node.next)); (struct sock *)( (char *)__mptr - ((size_t) &((struct sock *)0)->__sk_common.skc_node) );}) : 0;
                                                                                                                                                                   ^
net/ipv4/raw.acc: In function ‘u32 jhash(void*, u32, u32)’:
net/ipv4/raw.acc:46006:10: warning: invalid conversion from ‘void*’ to ‘u8* {aka unsigned char*}’ [-fpermissive]
  u8 *k = key;
          ^
net/ipv4/raw.acc: In function ‘request_sock* reqsk_alloc(request_sock_ops*)’:
net/ipv4/raw.acc:46205:115: warning: invalid conversion from ‘void*’ to ‘request_sock*’ [-fpermissive]
  struct request_sock *req = kmem_cache_alloc(__get__ZN16request_sock_ops4slabE_1592(&ops->slab), ((( gfp_t)0x20u)));
                                                                                                                   ^
net/ipv4/raw.acc: In function ‘int __ipv6_addr_diff(void*, void*, int)’:
net/ipv4/raw.acc:54869:15: warning: invalid conversion from ‘void*’ to ‘__be32* {aka unsigned int*}’ [-fpermissive]
  __be32 *a1 = token1, *a2 = token2;
               ^
net/ipv4/raw.acc:54869:29: warning: invalid conversion from ‘void*’ to ‘__be32* {aka unsigned int*}’ [-fpermissive]
  __be32 *a1 = token1, *a2 = token2;
                             ^
net/ipv4/raw.acc: In function ‘int addr_match(void*, void*, int)’:
net/ipv4/raw.acc:55903:15: warning: invalid conversion from ‘void*’ to ‘__be32* {aka unsigned int*}’ [-fpermissive]
  __be32 *a1 = token1;
               ^
net/ipv4/raw.acc:55904:15: warning: invalid conversion from ‘void*’ to ‘__be32* {aka unsigned int*}’ [-fpermissive]
  __be32 *a2 = token2;
               ^
net/ipv4/raw.acc: In function ‘xfrm_algo* xfrm_algo_clone(xfrm_algo*)’:
net/ipv4/raw.acc:56947:96: warning: invalid conversion from ‘void*’ to ‘xfrm_algo*’ [-fpermissive]
  return kmemdup(orig, xfrm_alg_len(orig), ((( gfp_t)0x10u) | (( gfp_t)0x40u) | (( gfp_t)0x80u)));
                                                                                                ^
net/ipv4/raw.acc: In function ‘net* PDE_NET(proc_dir_entry*)’:
net/ipv4/raw.acc:57163:22: warning: invalid conversion from ‘void*’ to ‘net*’ [-fpermissive]
  return pde->parent->data;
                      ^
