net/ipv4/tcp_ipv4.acc: In function ‘void hlist_del(hlist_node*)’:
net/ipv4/tcp_ipv4.acc:8121:10: warning: invalid conversion from ‘void*’ to ‘hlist_node*’ [-fpermissive]
  n->next = ((void *) 0x00100100);
          ^
net/ipv4/tcp_ipv4.acc:8122:11: warning: invalid conversion from ‘void*’ to ‘hlist_node**’ [-fpermissive]
  n->pprev = ((void *) 0x00200200);
           ^
net/ipv4/tcp_ipv4.acc: In function ‘thread_info* current_thread_info()’:
net/ipv4/tcp_ipv4.acc:8637:5: warning: invalid conversion from ‘void*’ to ‘thread_info*’ [-fpermissive]
  ti = (void *)(({ typeof(_proxy_pda.kernelstack) ret__; switch (sizeof(_proxy_pda.kernelstack)) { case 2: asm("mov" "w %%gs:%c1,%0" : "=r" (ret__) : "i" (((size_t) &((struct x8664_pda *)0)->kernelstack)), "m" (__get__proxy_pda_477(&_proxy_pda).kernelstack)); break; case 4: asm("mov" "l %%gs:%c1,%0": "=r" (ret__): "i" (((size_t) &((struct x8664_pda *)0)->kernelstack)), "m" (__get__proxy_pda_478(&_proxy_pda).kernelstack)); break; case 8: asm("mov" "q %%gs:%c1,%0": "=r" (ret__) : "i" (((size_t) &((struct x8664_pda *)0)->kernelstack)), "m" (__get__proxy_pda_479(&_proxy_pda).kernelstack)); break; default: __bad_pda_field(); } ret__; }) + (5*8) - (((1UL) << 12) << 1));
     ^
net/ipv4/tcp_ipv4.acc: In function ‘void timer_stats_account_hrtimer(hrtimer*)’:
net/ipv4/tcp_ipv4.acc:14398:43: warning: invalid conversion from ‘hrtimer_restart (*)(hrtimer*)’ to ‘void*’ [-fpermissive]
      timer->function, timer->start_comm, 0);
                                           ^
net/ipv4/tcp_ipv4.acc:14391:13: warning:   initializing argument 4 of ‘void timer_stats_update_stats(void*, pid_t, void*, void*, char*, unsigned int)’ [-fpermissive]
 extern void timer_stats_update_stats(void *timer, pid_t pid, void *startf,
             ^
net/ipv4/tcp_ipv4.acc: In function ‘int timer_pending(timer_list*)’:
net/ipv4/tcp_ipv4.acc:14540:88: warning: taking address of temporary [-fpermissive]
  return __get__ZN9list_head4nextE_704(&__get__ZN10timer_list5entryE_705(&timer->entry).next) != 0;
                                                                                        ^
net/ipv4/tcp_ipv4.acc: In function ‘u32 jhash(void*, u32, u32)’:
net/ipv4/tcp_ipv4.acc:15608:10: warning: invalid conversion from ‘void*’ to ‘u8* {aka unsigned char*}’ [-fpermissive]
  u8 *k = key;
          ^
net/ipv4/tcp_ipv4.acc: At global scope:
net/ipv4/tcp_ipv4.acc:17652:16: warning: declaration of ‘int (* ctl_table::proc_handler)(ctl_table*, int, file*, void*, size_t*, loff_t*)’ [-fpermissive]
  proc_handler *proc_handler;
                ^
net/ipv4/tcp_ipv4.acc:17612:13: warning: changes meaning of ‘proc_handler’ from ‘typedef int proc_handler(struct ctl_table*, int, struct file*, void*, size_t*, loff_t*)’ [-fpermissive]
 typedef int proc_handler (struct ctl_table *ctl, int write, struct file * filp,
             ^
net/ipv4/tcp_ipv4.acc: In function ‘ts_config* alloc_ts_config(size_t, gfp_t)’:
net/ipv4/tcp_ipv4.acc:18168:73: warning: invalid conversion from ‘void*’ to ‘ts_config*’ [-fpermissive]
  conf = kzalloc((((sizeof(*conf)) + 8 -1) & ~(8 -1)) + payload, gfp_mask);
                                                                         ^
net/ipv4/tcp_ipv4.acc:18170:21: warning: invalid conversion from ‘void*’ to ‘ts_config*’ [-fpermissive]
   return ERR_PTR(-12);
                     ^
net/ipv4/tcp_ipv4.acc: In function ‘void set_compound_page_dtor(page*, void (*)(page*))’:
net/ipv4/tcp_ipv4.acc:20794:19: warning: invalid conversion from ‘void*’ to ‘list_head*’ [-fpermissive]
  page[1].lru.next = (void *)dtor;
                   ^
net/ipv4/tcp_ipv4.acc: In function ‘void set_compound_order(page*, long unsigned int)’:
net/ipv4/tcp_ipv4.acc:20881:19: warning: invalid conversion from ‘void*’ to ‘list_head*’ [-fpermissive]
  page[1].lru.prev = (void *)order;
                   ^
net/ipv4/tcp_ipv4.acc: In function ‘zone_type page_zonenum(page*)’:
net/ipv4/tcp_ipv4.acc:20885:83: warning: invalid conversion from ‘long unsigned int’ to ‘zone_type’ [-fpermissive]
  return (page->flags >> (((((sizeof(unsigned long)*8) - 0) - 9) - 2) * (2 != 0))) & ((1UL << 2) - 1);
                                                                                   ^
net/ipv4/tcp_ipv4.acc: In function ‘void zone_page_state_add(long int, zone*, zone_stat_item)’:
net/ipv4/tcp_ipv4.acc:21060:54: warning: taking address of temporary [-fpermissive]
  atomic_long_add(x, &__get_vm_stat_926(&vm_stat[item]));
                                                      ^
net/ipv4/tcp_ipv4.acc: In function ‘long unsigned int global_page_state(zone_stat_item)’:
net/ipv4/tcp_ipv4.acc:21100:61: warning: taking address of temporary [-fpermissive]
  long x = atomic_long_read(&__get_vm_stat_927(&vm_stat[item]));
                                                             ^
net/ipv4/tcp_ipv4.acc: In function ‘void async_tx_ack(dma_async_tx_descriptor*)’:
net/ipv4/tcp_ipv4.acc:23132:12: warning: invalid conversion from ‘int’ to ‘dma_ctrl_flags’ [-fpermissive]
  tx->flags |= DMA_CTRL_ACK;
            ^
net/ipv4/tcp_ipv4.acc: In function ‘netdev_queue* netdev_get_tx_queue(net_device*, unsigned int)’:
net/ipv4/tcp_ipv4.acc:25552:92: warning: taking address of temporary [-fpermissive]
  return &__get__ZN10net_device3_txE_1141(&__get__ZN10net_device3_txE_1142(&dev->_tx)[index]);
                                                                                            ^
net/ipv4/tcp_ipv4.acc: In function ‘void netdev_for_each_tx_queue(net_device*, void (*)(net_device*, netdev_queue*, void*), void*)’:
net/ipv4/tcp_ipv4.acc:25669:89: warning: taking address of temporary [-fpermissive]
   f(dev, &__get__ZN10net_device3_txE_1144(&__get__ZN10net_device3_txE_1145(&dev->_tx)[i]), arg);
                                                                                         ^
net/ipv4/tcp_ipv4.acc: In function ‘pid_namespace* ns_of_pid(pid*)’:
net/ipv4/tcp_ipv4.acc:27088:116: warning: taking address of temporary [-fpermissive]
   ns = __get__ZN4upid2nsE_1197(&__get__ZN3pid7numbersE_1198(&pid->numbers[__get__ZN3pid5levelE_1199(&pid->level)]).ns);
                                                                                                                    ^
net/ipv4/tcp_ipv4.acc: In function ‘pid_t pid_nr(pid*)’:
net/ipv4/tcp_ipv4.acc:27165:79: warning: taking address of temporary [-fpermissive]
   nr = __get__ZN4upid2nrE_1200(&__get__ZN3pid7numbersE_1201(&pid->numbers[0]).nr);
                                                                               ^
net/ipv4/tcp_ipv4.acc: In function ‘task_struct* next_thread(task_struct*)’:
net/ipv4/tcp_ipv4.acc:30799:167: warning: taking address of temporary [-fpermissive]
  return ({ typeof( ((struct task_struct *)0)->thread_group ) *__mptr = ((__get__ZN9list_head4nextE_1243(&__get__ZN11task_struct12thread_groupE_1244(&p->thread_group).next))); (struct task_struct *)( (char *)__mptr - ((size_t) &((struct task_struct *)0)->thread_group) );})
                                                                                                                                                                       ^
net/ipv4/tcp_ipv4.acc: In function ‘net_device* next_net_device(net_device*)’:
net/ipv4/tcp_ipv4.acc:32391:92: warning: taking address of temporary [-fpermissive]
  lh = __get__ZN9list_head4nextE_1277(&__get__ZN10net_device8dev_listE_1278(&dev->dev_list).next);
                                                                                            ^
net/ipv4/tcp_ipv4.acc: In function ‘net_device* first_net_device(net*)’:
net/ipv4/tcp_ipv4.acc:32468:150: warning: taking address of temporary [-fpermissive]
   ({ typeof( ((struct net_device *)0)->dev_list ) *__mptr = (__get__ZN9list_head4nextE_1279(&__get__ZN3net13dev_base_headE_1280(&net->dev_base_head).next)); (struct net_device *)( (char *)__mptr - ((size_t) &((struct net_device *)0)->dev_list) );});
                                                                                                                                                      ^
net/ipv4/tcp_ipv4.acc: In function ‘void list_del_rcu(list_head*)’:
net/ipv4/tcp_ipv4.acc:34871:14: warning: invalid conversion from ‘void*’ to ‘list_head*’ [-fpermissive]
  entry->prev = ((void *) 0x00200200);
              ^
net/ipv4/tcp_ipv4.acc: In function ‘void list_replace_rcu(list_head*, list_head*)’:
net/ipv4/tcp_ipv4.acc:34957:12: warning: invalid conversion from ‘void*’ to ‘list_head*’ [-fpermissive]
  old->prev = ((void *) 0x00200200);
            ^
net/ipv4/tcp_ipv4.acc: In function ‘void hlist_del_rcu(hlist_node*)’:
net/ipv4/tcp_ipv4.acc:35087:11: warning: invalid conversion from ‘void*’ to ‘hlist_node**’ [-fpermissive]
  n->pprev = ((void *) 0x00200200);
           ^
net/ipv4/tcp_ipv4.acc: In function ‘void hlist_replace_rcu(hlist_node*, hlist_node*)’:
net/ipv4/tcp_ipv4.acc:35169:13: warning: invalid conversion from ‘void*’ to ‘hlist_node**’ [-fpermissive]
  old->pprev = ((void *) 0x00200200);
             ^
net/ipv4/tcp_ipv4.acc: In function ‘int dname_external(dentry*)’:
net/ipv4/tcp_ipv4.acc:35632:83: warning: taking address of temporary [-fpermissive]
  return __get__ZN4qstr4nameE_1393(&__get__ZN6dentry6d_nameE_1394(&dentry->d_name).name) != __get__ZN6dentry7d_inameE_1395(dentry->d_iname);
                                                                                   ^
net/ipv4/tcp_ipv4.acc: In function ‘void simple_transaction_set(file*, size_t)’:
net/ipv4/tcp_ipv4.acc:38783:48: warning: invalid conversion from ‘void*’ to ‘simple_transaction_argresp*’ [-fpermissive]
  struct simple_transaction_argresp *ar = file->private_data;
                                                ^
net/ipv4/tcp_ipv4.acc: In function ‘nlattr* nlmsg_attrdata(nlmsghdr*, int)’:
net/ipv4/tcp_ipv4.acc:41676:38: warning: invalid conversion from ‘void*’ to ‘unsigned char*’ [-fpermissive]
  unsigned char *data = nlmsg_data(nlh);
                                      ^
net/ipv4/tcp_ipv4.acc: In function ‘int nla_nest_compat_end(sk_buff*, nlattr*)’:
net/ipv4/tcp_ipv4.acc:42109:38: warning: invalid conversion from ‘void*’ to ‘nlattr*’ [-fpermissive]
  struct nlattr *nest = (void *)start + ( ((start->nla_len)+4 -1) & ~(4 -1) );
                                      ^
net/ipv4/tcp_ipv4.acc: In function ‘sock* sk_next(sock*)’:
net/ipv4/tcp_ipv4.acc:43257:104: warning: taking address of temporary [-fpermissive]
  return __get__ZN10hlist_node4nextE_1515(&__get__ZN4sock11__sk_commonE_1517(&sk->__sk_common).skc_node.next) ?
                                                                                                        ^
net/ipv4/tcp_ipv4.acc:43258:163: warning: taking address of temporary [-fpermissive]
   ({ typeof( ((struct sock *)0)->__sk_common.skc_node ) *__mptr = (__get__ZN10hlist_node4nextE_1518(&__get__ZN4sock11__sk_commonE_1520(&sk->__sk_common).skc_node.next)); (struct sock *)( (char *)__mptr - ((size_t) &((struct sock *)0)->__sk_common.skc_node) );}) : 0;
                                                                                                                                                                   ^
net/ipv4/tcp_ipv4.acc: In function ‘request_sock* reqsk_alloc(request_sock_ops*)’:
net/ipv4/tcp_ipv4.acc:45733:115: warning: invalid conversion from ‘void*’ to ‘request_sock*’ [-fpermissive]
  struct request_sock *req = kmem_cache_alloc(__get__ZN16request_sock_ops4slabE_1592(&ops->slab), ((( gfp_t)0x20u)));
                                                                                                                   ^
net/ipv4/tcp_ipv4.acc: In function ‘inet_ehash_bucket* _inet_ehash_bucket(inet_hashinfo*, unsigned int)’:
net/ipv4/tcp_ipv4.acc:50157:182: warning: taking address of temporary [-fpermissive]
  return &__get__ZN13inet_hashinfo5ehashE_1697(&__get__ZN13inet_hashinfo5ehashE_1698(&hashinfo->ehash)[hash & (__get__ZN13inet_hashinfo10ehash_sizeE_1699(&hashinfo->ehash_size) - 1)]);
                                                                                                                                                                                      ^
net/ipv4/tcp_ipv4.acc: In function ‘rwlock_t* inet_ehash_lockp(inet_hashinfo*, unsigned int)’:
net/ipv4/tcp_ipv4.acc:50269:208: warning: taking address of temporary [-fpermissive]
  return &__get__ZN13inet_hashinfo11ehash_locksE_1700(&__get__ZN13inet_hashinfo11ehash_locksE_1701(&hashinfo->ehash_locks)[hash & __get__ZN13inet_hashinfo16ehash_locks_maskE_1702(&hashinfo->ehash_locks_mask)]);
                                                                                                                                                                                                                ^
net/ipv4/tcp_ipv4.acc: In function ‘int inet_ehash_locks_alloc(inet_hashinfo*)’:
net/ipv4/tcp_ipv4.acc:50348:88: warning: taking address of temporary [-fpermissive]
  unsigned int nr_pcpus = __cpus_weight(&(__get_cpu_possible_map_1703(&cpu_possible_map)), 64);
                                                                                        ^
net/ipv4/tcp_ipv4.acc:50361:59: warning: invalid conversion from ‘void*’ to ‘rwlock_t*’ [-fpermissive]
    hashinfo->ehash_locks = vmalloc(size * sizeof(rwlock_t));
                                                           ^
net/ipv4/tcp_ipv4.acc:50365:60: warning: invalid conversion from ‘void*’ to ‘rwlock_t*’ [-fpermissive]
       ((( gfp_t)0x10u) | (( gfp_t)0x40u) | (( gfp_t)0x80u)));
                                                            ^
net/ipv4/tcp_ipv4.acc: In function ‘char* crypto_tfm_alg_modname(crypto_tfm*)’:
net/ipv4/tcp_ipv4.acc:51304:124: warning: invalid conversion from ‘const char*’ to ‘char*’ [-fpermissive]
  return ({ struct module *__mod = (tfm->__crt_alg->cra_module); __mod ? __get__ZN6module4nameE_1718(__mod->name) : "kernel"; });
                                                                                                                            ^
net/ipv4/tcp_ipv4.acc: In function ‘ablkcipher_request* ablkcipher_request_alloc(crypto_ablkcipher*, gfp_t)’:
net/ipv4/tcp_ipv4.acc:51485:44: warning: invalid conversion from ‘void*’ to ‘ablkcipher_request*’ [-fpermissive]
         crypto_ablkcipher_reqsize(tfm), gfp);
                                            ^
net/ipv4/tcp_ipv4.acc: In function ‘aead_request* aead_request_alloc(crypto_aead*, gfp_t)’:
net/ipv4/tcp_ipv4.acc:51616:60: warning: invalid conversion from ‘void*’ to ‘aead_request*’ [-fpermissive]
  req = kmalloc(sizeof(*req) + crypto_aead_reqsize(tfm), gfp);
                                                            ^
net/ipv4/tcp_ipv4.acc: In function ‘int __ipv6_addr_diff(void*, void*, int)’:
net/ipv4/tcp_ipv4.acc:59545:15: warning: invalid conversion from ‘void*’ to ‘__be32* {aka unsigned int*}’ [-fpermissive]
  __be32 *a1 = token1, *a2 = token2;
               ^
net/ipv4/tcp_ipv4.acc:59545:29: warning: invalid conversion from ‘void*’ to ‘__be32* {aka unsigned int*}’ [-fpermissive]
  __be32 *a1 = token1, *a2 = token2;
                             ^
net/ipv4/tcp_ipv4.acc: In function ‘int addr_match(void*, void*, int)’:
net/ipv4/tcp_ipv4.acc:61298:15: warning: invalid conversion from ‘void*’ to ‘__be32* {aka unsigned int*}’ [-fpermissive]
  __be32 *a1 = token1;
               ^
net/ipv4/tcp_ipv4.acc:61299:15: warning: invalid conversion from ‘void*’ to ‘__be32* {aka unsigned int*}’ [-fpermissive]
  __be32 *a2 = token2;
               ^
net/ipv4/tcp_ipv4.acc: In function ‘xfrm_algo* xfrm_algo_clone(xfrm_algo*)’:
net/ipv4/tcp_ipv4.acc:62342:96: warning: invalid conversion from ‘void*’ to ‘xfrm_algo*’ [-fpermissive]
  return kmemdup(orig, xfrm_alg_len(orig), ((( gfp_t)0x10u) | (( gfp_t)0x40u) | (( gfp_t)0x80u)));
                                                                                                ^
net/ipv4/tcp_ipv4.acc: In function ‘net* PDE_NET(proc_dir_entry*)’:
net/ipv4/tcp_ipv4.acc:62682:22: warning: invalid conversion from ‘void*’ to ‘net*’ [-fpermissive]
  return pde->parent->data;
                      ^
net/ipv4/tcp_ipv4.acc: In function ‘inet_timewait_sock* tw_next(inet_timewait_sock*)’:
net/ipv4/tcp_ipv4.acc:62880:119: warning: taking address of temporary [-fpermissive]
  return __get__ZN10hlist_node4nextE_2191(&__get__ZN18inet_timewait_sock11__tw_commonE_2193(&tw->__tw_common).skc_node.next) ?
                                                                                                                       ^
net/ipv4/tcp_ipv4.acc:62881:178: warning: taking address of temporary [-fpermissive]
   ({ typeof( ((typeof(*tw) *)0)->__tw_common.skc_node ) *__mptr = (__get__ZN10hlist_node4nextE_2194(&__get__ZN18inet_timewait_sock11__tw_commonE_2196(&tw->__tw_common).skc_node.next)); (typeof(*tw) *)( (char *)__mptr - ((size_t) &((typeof(*tw) *)0)->__tw_common.skc_node) );}) : 0;
                                                                                                                                                                                  ^
net/ipv4/tcp_ipv4.acc: In function ‘void* listening_get_next(seq_file*, void*)’:
net/ipv4/tcp_ipv4.acc:63483:20: warning: invalid conversion from ‘void*’ to ‘sock*’ [-fpermissive]
  struct sock *sk = cur;
                    ^
net/ipv4/tcp_ipv4.acc:63484:35: warning: invalid conversion from ‘void*’ to ‘tcp_iter_state*’ [-fpermissive]
  struct tcp_iter_state* st = seq->_private;
                                   ^
net/ipv4/tcp_ipv4.acc:63486:36: warning: invalid conversion from ‘void*’ to ‘request_sock*’ [-fpermissive]
         struct request_sock *req = cur;
                                    ^
net/ipv4/tcp_ipv4.acc:63507:205: warning: taking address of temporary [-fpermissive]
    if (++st->sbucket >= __get__ZN11listen_sock16nr_table_entriesE_2208(&__get__ZN18request_sock_queue10listen_optE_2209(&__get__ZN20inet_connection_sock17icsk_accept_queueE_2210(&icsk->icsk_accept_queue).listen_opt)->nr_table_entries))
                                                                                                                                                                                                             ^
net/ipv4/tcp_ipv4.acc:63510:182: warning: taking address of temporary [-fpermissive]
    req = __get__ZN11listen_sock9syn_tableE_2211(&__get__ZN18request_sock_queue10listen_optE_2212(&__get__ZN20inet_connection_sock17icsk_accept_queueE_2213(&icsk->icsk_accept_queue).listen_opt)->syn_table[st->sbucket]);
                                                                                                                                                                                      ^
net/ipv4/tcp_ipv4.acc: In function ‘void* established_get_first(seq_file*)’:
net/ipv4/tcp_ipv4.acc:64053:35: warning: invalid conversion from ‘void*’ to ‘tcp_iter_state*’ [-fpermissive]
  struct tcp_iter_state* st = seq->_private;
                                   ^
net/ipv4/tcp_ipv4.acc:64057:119: warning: taking address of temporary [-fpermissive]
  for (st->bucket = 0; st->bucket < __get__ZN13inet_hashinfo10ehash_sizeE_2228(&__get_tcp_hashinfo_2229(&tcp_hashinfo).ehash_size); ++st->bucket) {
                                                                                                                       ^
net/ipv4/tcp_ipv4.acc:64065:144: warning: taking address of temporary [-fpermissive]
                 for (node = __get__ZN10hlist_head5firstE_2231(&(&(__get__ZN13inet_hashinfo5ehashE_2233(&__get_tcp_hashinfo_2234(&tcp_hashinfo).ehash)[st->bucket].chain))->first); node && ({ __builtin_prefetch(__get__ZN10hlist_node4nextE_2236(&node->next)); 1;}) && ({ sk = ({ typeof( ((typeof(*sk) *)0)->__sk_common.skc_node ) *__mptr = (node); (typeof(*sk) *)( (char *)__mptr - ((size_t) &((typeof(*sk) *)0)->__sk_common.skc_node) );}); 1;}); node = __get__ZN10hlist_node4nextE_2237(&node->next)) {
                                                                                                                                                ^
net/ipv4/tcp_ipv4.acc:64075:130: warning: taking address of temporary [-fpermissive]
   for (node = __get__ZN10hlist_head5firstE_2242(&(&(__get__ZN13inet_hashinfo5ehashE_2244(&__get_tcp_hashinfo_2245(&tcp_hashinfo).ehash)[st->bucket].twchain))->first); node && ({ __builtin_prefetch(__get__ZN10hlist_node4nextE_2247(&node->next)); 1;}) && ({ tw = ({ typeof( ((typeof(*tw) *)0)->__tw_common.skc_node ) *__mptr = (node); (typeof(*tw) *)( (char *)__mptr - ((size_t) &((typeof(*tw) *)0)->__tw_common.skc_node) );}); 1;}); node = __get__ZN10hlist_node4nextE_2248(&node->next))
                                                                                                                                  ^
net/ipv4/tcp_ipv4.acc: In function ‘void* established_get_next(seq_file*, void*)’:
net/ipv4/tcp_ipv4.acc:64303:20: warning: invalid conversion from ‘void*’ to ‘sock*’ [-fpermissive]
  struct sock *sk = cur;
                    ^
net/ipv4/tcp_ipv4.acc:64306:35: warning: invalid conversion from ‘void*’ to ‘tcp_iter_state*’ [-fpermissive]
  struct tcp_iter_state* st = seq->_private;
                                   ^
net/ipv4/tcp_ipv4.acc:64312:6: warning: invalid conversion from ‘void*’ to ‘inet_timewait_sock*’ [-fpermissive]
   tw = cur;
      ^
net/ipv4/tcp_ipv4.acc:64325:105: warning: taking address of temporary [-fpermissive]
   if (++st->bucket < __get__ZN13inet_hashinfo10ehash_sizeE_2260(&__get_tcp_hashinfo_2261(&tcp_hashinfo).ehash_size)) {
                                                                                                         ^
net/ipv4/tcp_ipv4.acc: In function ‘void* tcp_get_idx(seq_file*, loff_t)’:
net/ipv4/tcp_ipv4.acc:64363:35: warning: invalid conversion from ‘void*’ to ‘tcp_iter_state*’ [-fpermissive]
  struct tcp_iter_state* st = seq->_private;
                                   ^
net/ipv4/tcp_ipv4.acc: In function ‘void* tcp_seq_start(seq_file*, loff_t*)’:
net/ipv4/tcp_ipv4.acc:64380:35: warning: invalid conversion from ‘void*’ to ‘tcp_iter_state*’ [-fpermissive]
  struct tcp_iter_state* st = seq->_private;
                                   ^
net/ipv4/tcp_ipv4.acc: In function ‘void* tcp_seq_next(seq_file*, void*, loff_t*)’:
net/ipv4/tcp_ipv4.acc:64395:5: warning: invalid conversion from ‘void*’ to ‘tcp_iter_state*’ [-fpermissive]
  st = seq->_private;
     ^
net/ipv4/tcp_ipv4.acc: In function ‘void tcp_seq_stop(seq_file*, void*)’:
net/ipv4/tcp_ipv4.acc:64419:35: warning: invalid conversion from ‘void*’ to ‘tcp_iter_state*’ [-fpermissive]
  struct tcp_iter_state* st = seq->_private;
                                   ^
net/ipv4/tcp_ipv4.acc: In function ‘void get_tcp4_sock(sock*, seq_file*, int, int*)’:
net/ipv4/tcp_ipv4.acc:65674:101: warning: taking address of temporary [-fpermissive]
   timer_expires = __get__ZN10timer_list7expiresE_2304(&__get__ZN4sock8sk_timerE_2305(&sk->sk_timer).expires);
                                                                                                     ^
net/ipv4/tcp_ipv4.acc: In function ‘int tcp4_seq_show(seq_file*, void*)’:
net/ipv4/tcp_ipv4.acc:66017:5: warning: invalid conversion from ‘void*’ to ‘tcp_iter_state*’ [-fpermissive]
  st = seq->_private;
     ^
