net/core/sock.acc: In function ‘void list_del(list_head*)’:
net/core/sock.acc:4149:14: warning: invalid conversion from ‘void*’ to ‘list_head*’ [-fpermissive]
  entry->next = ((void *) 0x00100100 + (0xdead000000000000UL));
              ^
net/core/sock.acc:4150:14: warning: invalid conversion from ‘void*’ to ‘list_head*’ [-fpermissive]
  entry->prev = ((void *) 0x00200200 + (0xdead000000000000UL));
              ^
net/core/sock.acc: In function ‘void hlist_del(hlist_node*)’:
net/core/sock.acc:5125:10: warning: invalid conversion from ‘void*’ to ‘hlist_node*’ [-fpermissive]
  n->next = ((void *) 0x00100100 + (0xdead000000000000UL));
          ^
net/core/sock.acc:5126:11: warning: invalid conversion from ‘void*’ to ‘hlist_node**’ [-fpermissive]
  n->pprev = ((void *) 0x00200200 + (0xdead000000000000UL));
           ^
net/core/sock.acc: In function ‘int timer_pending(timer_list*)’:
net/core/sock.acc:13067:88: warning: taking address of temporary [-fpermissive]
  return __get__ZN9list_head4nextE_241(&__get__ZN10timer_list5entryE_242(&timer->entry).next) != 0;
                                                                                        ^
net/core/sock.acc: At global scope:
net/core/sock.acc:20854:80: warning: invalid conversion from ‘void*’ to ‘long unsigned int*’ [-fpermissive]
 static unsigned long * vvaraddr_jiffies = (void *)((-10*1024*1024 - 4096) + (0));
                                                                                ^
net/core/sock.acc:20855:76: warning: invalid conversion from ‘void*’ to ‘int*’ [-fpermissive]
 static int * vvaraddr_vgetcpu_mode = (void *)((-10*1024*1024 - 4096) + (16));
                                                                            ^
net/core/sock.acc:20856:105: warning: invalid conversion from ‘void*’ to ‘vsyscall_gtod_data*’ [-fpermissive]
 static struct vsyscall_gtod_data * vvaraddr_vsyscall_gtod_data = (void *)((-10*1024*1024 - 4096) + (128));
                                                                                                         ^
net/core/sock.acc: In function ‘zone_type gfp_zone(gfp_t)’:
net/core/sock.acc:22761:274: warning: invalid conversion from ‘int’ to ‘zone_type’ [-fpermissive]
  z = (( (ZONE_NORMAL << 0 * 2) | (ZONE_DMA << 0x01u * 2) | (ZONE_NORMAL << 0x02u * 2) | (ZONE_DMA32 << 0x04u * 2) | (ZONE_NORMAL << 0x08u * 2) | (ZONE_DMA << (0x08u | 0x01u) * 2) | (ZONE_MOVABLE << (0x08u | 0x02u) * 2) | (ZONE_DMA32 << (0x08u | 0x04u) * 2) ) >> (bit * 2)) &
                                                                                                                                                                                                                                                                                  ^
net/core/sock.acc: In function ‘ts_config* alloc_ts_config(size_t, gfp_t)’:
net/core/sock.acc:24035:73: warning: invalid conversion from ‘void*’ to ‘ts_config*’ [-fpermissive]
  conf = kzalloc((((sizeof(*conf)) + 8 -1) & ~(8 -1)) + payload, gfp_mask);
                                                                         ^
net/core/sock.acc:24037:21: warning: invalid conversion from ‘void*’ to ‘ts_config*’ [-fpermissive]
   return ERR_PTR(-12);
                     ^
net/core/sock.acc: In function ‘int seq_nodemask(seq_file*, nodemask_t*)’:
net/core/sock.acc:24769:120: warning: ISO C++ forbids casting to an array type ‘long unsigned int [1]’ [-fpermissive]
         return seq_bitmap(m, (typeof(mask->bits))g_map(__get__ZN9_nodemask4bitsE_551(mask->bits), sizeof(*(mask->bits))), (1 << 6));
                                                                                                                        ^
net/core/sock.acc: In function ‘pinctrl* pinctrl_get_select(device*, char*)’:
net/core/sock.acc:24987:28: warning: invalid conversion from ‘void*’ to ‘pinctrl*’ [-fpermissive]
   return ERR_PTR(PTR_ERR(s));
                            ^
net/core/sock.acc:24993:21: warning: invalid conversion from ‘void*’ to ‘pinctrl*’ [-fpermissive]
   return ERR_PTR(ret);
                     ^
net/core/sock.acc: In function ‘pinctrl* devm_pinctrl_get_select(device*, char*)’:
net/core/sock.acc:25019:20: warning: invalid conversion from ‘void*’ to ‘pinctrl*’ [-fpermissive]
   return ERR_CAST(s);
                    ^
net/core/sock.acc:25025:21: warning: invalid conversion from ‘void*’ to ‘pinctrl*’ [-fpermissive]
   return ERR_PTR(ret);
                     ^
net/core/sock.acc: In function ‘void list_del_rcu(list_head*)’:
net/core/sock.acc:26258:14: warning: invalid conversion from ‘void*’ to ‘list_head*’ [-fpermissive]
  entry->prev = ((void *) 0x00200200 + (0xdead000000000000UL));
              ^
net/core/sock.acc: In function ‘void list_replace_rcu(list_head*, list_head*)’:
net/core/sock.acc:26344:12: warning: invalid conversion from ‘void*’ to ‘list_head*’ [-fpermissive]
  old->prev = ((void *) 0x00200200 + (0xdead000000000000UL));
            ^
net/core/sock.acc: In function ‘void hlist_del_rcu(hlist_node*)’:
net/core/sock.acc:26478:11: warning: invalid conversion from ‘void*’ to ‘hlist_node**’ [-fpermissive]
  n->pprev = ((void *) 0x00200200 + (0xdead000000000000UL));
           ^
net/core/sock.acc: In function ‘void hlist_replace_rcu(hlist_node*, hlist_node*)’:
net/core/sock.acc:26560:13: warning: invalid conversion from ‘void*’ to ‘hlist_node**’ [-fpermissive]
  old->pprev = ((void *) 0x00200200 + (0xdead000000000000UL));
             ^
net/core/sock.acc: In function ‘void hlist_bl_del(hlist_bl_node*)’:
net/core/sock.acc:26994:10: warning: invalid conversion from ‘void*’ to ‘hlist_bl_node*’ [-fpermissive]
  n->next = ((void *) 0x00100100 + (0xdead000000000000UL));
          ^
net/core/sock.acc:26995:11: warning: invalid conversion from ‘void*’ to ‘hlist_bl_node**’ [-fpermissive]
  n->pprev = ((void *) 0x00200200 + (0xdead000000000000UL));
           ^
net/core/sock.acc: In function ‘void hlist_bl_del_rcu(hlist_bl_node*)’:
net/core/sock.acc:27082:11: warning: invalid conversion from ‘void*’ to ‘hlist_bl_node**’ [-fpermissive]
  n->pprev = ((void *) 0x00200200 + (0xdead000000000000UL));
           ^
net/core/sock.acc: In function ‘int dname_external(dentry*)’:
net/core/sock.acc:27378:81: warning: taking address of temporary [-fpermissive]
  return __get__ZN4qstr4nameE_604(&__get__ZN6dentry6d_nameE_605(&dentry->d_name).name) != __get__ZN6dentry7d_inameE_606(dentry->d_iname);
                                                                                 ^
net/core/sock.acc: In function ‘pid_namespace* ns_of_pid(pid*)’:
net/core/sock.acc:28614:113: warning: taking address of temporary [-fpermissive]
   ns = __get__ZN4upid2nsE_634(&__get__ZN3pid7numbersE_635(&pid->numbers[__get__ZN3pid5levelE_636(&pid->level)]).ns);
                                                                                                                 ^
net/core/sock.acc: In function ‘bool is_child_reaper(pid*)’:
net/core/sock.acc:28731:114: warning: taking address of temporary [-fpermissive]
  return __get__ZN4upid2nrE_637(&__get__ZN3pid7numbersE_638(&pid->numbers[__get__ZN3pid5levelE_639(&pid->level)]).nr) == 1;
                                                                                                                  ^
net/core/sock.acc: In function ‘pid_t pid_nr(pid*)’:
net/core/sock.acc:28807:77: warning: taking address of temporary [-fpermissive]
   nr = __get__ZN4upid2nrE_640(&__get__ZN3pid7numbersE_641(&pid->numbers[0]).nr);
                                                                             ^
net/core/sock.acc: In function ‘bool dir_emit_dot(file*, dir_context*)’:
net/core/sock.acc:33323:135: warning: taking address of temporary [-fpermissive]
      __get__ZN5inode5i_inoE_735(&__get__ZN6dentry7d_inodeE_736(&__get__ZN4path6dentryE_737(&__get__ZN4file6f_pathE_738(&file->f_path).dentry)->d_inode)->i_ino), 4) == 0;
                                                                                                                                       ^
net/core/sock.acc: In function ‘bool dir_emit_dotdot(file*, dir_context*)’:
net/core/sock.acc:33398:87: warning: taking address of temporary [-fpermissive]
      parent_ino(__get__ZN4path6dentryE_741(&__get__ZN4file6f_pathE_742(&file->f_path).dentry)), 4) == 0;
                                                                                       ^
net/core/sock.acc: In function ‘void set_compound_page_dtor(page*, void (*)(page*))’:
net/core/sock.acc:35152:19: warning: invalid conversion from ‘void*’ to ‘list_head*’ [-fpermissive]
  page[1].lru.next = (void *)dtor;
                   ^
net/core/sock.acc: In function ‘void set_compound_order(page*, long unsigned int)’:
net/core/sock.acc:35239:19: warning: invalid conversion from ‘void*’ to ‘list_head*’ [-fpermissive]
  page[1].lru.prev = (void *)order;
                   ^
net/core/sock.acc: In function ‘zone_type page_zonenum(page*)’:
net/core/sock.acc:35284:83: warning: invalid conversion from ‘long unsigned int’ to ‘zone_type’ [-fpermissive]
  return (page->flags >> (((((sizeof(unsigned long)*8) - 0) - 6) - 2) * (2 != 0))) & ((1UL << 2) - 1);
                                                                                   ^
net/core/sock.acc: In function ‘void zone_page_state_add(long int, zone*, zone_stat_item)’:
net/core/sock.acc:35529:55: warning: taking address of temporary [-fpermissive]
  atomic_long_add(x, &__get_vm_stat_1151(&vm_stat[item]));
                                                       ^
net/core/sock.acc: In function ‘long unsigned int global_page_state(zone_stat_item)’:
net/core/sock.acc:35569:62: warning: taking address of temporary [-fpermissive]
  long x = atomic_long_read(&__get_vm_stat_1152(&vm_stat[item]));
                                                              ^
net/core/sock.acc: In function ‘bool dmaf_p_disabled_continue(dma_ctrl_flags)’:
net/core/sock.acc:38648:49: warning: invalid conversion from ‘int’ to ‘dma_ctrl_flags’ [-fpermissive]
  enum dma_ctrl_flags mask = DMA_PREP_CONTINUE | DMA_PREP_PQ_DISABLE_P;
                                                 ^
net/core/sock.acc: In function ‘void async_tx_ack(dma_async_tx_descriptor*)’:
net/core/sock.acc:38709:12: warning: invalid conversion from ‘int’ to ‘dma_ctrl_flags’ [-fpermissive]
  tx->flags |= DMA_CTRL_ACK;
            ^
net/core/sock.acc: In function ‘void async_tx_clear_ack(dma_async_tx_descriptor*)’:
net/core/sock.acc:38714:12: warning: invalid conversion from ‘int’ to ‘dma_ctrl_flags’ [-fpermissive]
  tx->flags &= ~DMA_CTRL_ACK;
            ^
net/core/sock.acc: In function ‘u32 jhash(void*, u32, u32)’:
net/core/sock.acc:42454:10: warning: invalid conversion from ‘void*’ to ‘u8* {aka unsigned char*}’ [-fpermissive]
  u8 *k = key;
          ^
net/core/sock.acc: At global scope:
net/core/sock.acc:46492:16: warning: declaration of ‘int (* ctl_table::proc_handler)(ctl_table*, int, void*, size_t*, loff_t*)’ [-fpermissive]
  proc_handler *proc_handler;
                ^
net/core/sock.acc:46448:13: warning: changes meaning of ‘proc_handler’ from ‘typedef int proc_handler(struct ctl_table*, int, void*, size_t*, loff_t*)’ [-fpermissive]
 typedef int proc_handler (struct ctl_table *ctl, int write,
             ^
net/core/sock.acc: In function ‘task_struct* next_thread(task_struct*)’:
net/core/sock.acc:49810:178: warning: taking address of temporary [-fpermissive]
  return ({typeof (*p->thread_group.next) *__ptr = (typeof (*p->thread_group.next) *)__get__ZN9list_head4nextE_1809(&__get__ZN11task_struct12thread_groupE_1810(&p->thread_group).next); ({ typeof( ((struct task_struct *)0)->thread_group ) *__mptr = ((typeof(p->thread_group.next))(__ptr)); (struct task_struct *)( (char *)__mptr - ((size_t) &((struct task_struct *)0)->thread_group) );}); })
                                                                                                                                                                                  ^
net/core/sock.acc: In function ‘void* arch_compat_alloc_user_space(long int)’:
net/core/sock.acc:51205:153: warning: taking address of temporary [-fpermissive]
   sp = __get__ZN7pt_regs2spE_1829(&((struct pt_regs *)__get__ZN13thread_struct3sp0E_1830(&__get__ZN11task_struct6threadE_1831(&(get_current())->thread).sp0) - 1)->sp);
                                                                                                                                                         ^
net/core/sock.acc: In function ‘void hlist_nulls_del(hlist_nulls_node*)’:
net/core/sock.acc:54944:11: warning: invalid conversion from ‘void*’ to ‘hlist_nulls_node**’ [-fpermissive]
  n->pprev = ((void *) 0x00200200 + (0xdead000000000000UL));
           ^
net/core/sock.acc: In function ‘netdev_queue* netdev_get_tx_queue(net_device*, unsigned int)’:
net/core/sock.acc:62009:92: warning: taking address of temporary [-fpermissive]
  return &__get__ZN10net_device3_txE_2019(&__get__ZN10net_device3_txE_2020(&dev->_tx)[index]);
                                                                                            ^
net/core/sock.acc: In function ‘void netdev_for_each_tx_queue(net_device*, void (*)(net_device*, netdev_queue*, void*), void*)’:
net/core/sock.acc:62126:89: warning: taking address of temporary [-fpermissive]
   f(dev, &__get__ZN10net_device3_txE_2022(&__get__ZN10net_device3_txE_2023(&dev->_tx)[i]), arg);
                                                                                         ^
net/core/sock.acc: In function ‘net_device* next_net_device(net_device*)’:
net/core/sock.acc:62599:92: warning: taking address of temporary [-fpermissive]
  lh = __get__ZN9list_head4nextE_2030(&__get__ZN10net_device8dev_listE_2031(&dev->dev_list).next);
                                                                                            ^
net/core/sock.acc: In function ‘net_device* first_net_device(net*)’:
net/core/sock.acc:62686:150: warning: taking address of temporary [-fpermissive]
   ({ typeof( ((struct net_device *)0)->dev_list ) *__mptr = (__get__ZN9list_head4nextE_2032(&__get__ZN3net13dev_base_headE_2033(&net->dev_base_head).next)); (struct net_device *)( (char *)__mptr - ((size_t) &((struct net_device *)0)->dev_list) );});
                                                                                                                                                      ^
net/core/sock.acc: In function ‘void hlist_nulls_del_rcu(hlist_nulls_node*)’:
net/core/sock.acc:66064:11: warning: invalid conversion from ‘void*’ to ‘hlist_nulls_node**’ [-fpermissive]
  n->pprev = ((void *) 0x00200200 + (0xdead000000000000UL));
           ^
net/core/sock.acc: In function ‘nlattr* nlmsg_attrdata(nlmsghdr*, int)’:
net/core/sock.acc:67021:38: warning: invalid conversion from ‘void*’ to ‘unsigned char*’ [-fpermissive]
  unsigned char *data = nlmsg_data(nlh);
                                      ^
net/core/sock.acc: In function ‘sock* sk_next(sock*)’:
net/core/sock.acc:69349:104: warning: taking address of temporary [-fpermissive]
  return __get__ZN10hlist_node4nextE_2300(&__get__ZN4sock11__sk_commonE_2302(&sk->__sk_common).skc_node.next) ?
                                                                                                        ^
net/core/sock.acc:69350:163: warning: taking address of temporary [-fpermissive]
   ({ typeof( ((struct sock *)0)->__sk_common.skc_node ) *__mptr = (__get__ZN10hlist_node4nextE_2303(&__get__ZN4sock11__sk_commonE_2305(&sk->__sk_common).skc_node.next)); (struct sock *)( (char *)__mptr - ((size_t) &((struct sock *)0)->__sk_common.skc_node) );}) : 0;
                                                                                                                                                                   ^
net/core/sock.acc: In function ‘sock* sk_nulls_next(sock*)’:
net/core/sock.acc:69495:129: warning: taking address of temporary [-fpermissive]
  return (!is_a_nulls(__get__ZN16hlist_nulls_node4nextE_2306(&__get__ZN4sock11__sk_commonE_2308(&sk->__sk_common).skc_nulls_node.next))) ?
                                                                                                                                 ^
net/core/sock.acc:69496:181: warning: taking address of temporary [-fpermissive]
   ({ typeof( ((struct sock *)0)->__sk_common.skc_nulls_node ) *__mptr = (__get__ZN16hlist_nulls_node4nextE_2309(&__get__ZN4sock11__sk_commonE_2311(&sk->__sk_common).skc_nulls_node.next)); (struct sock *)( (char *)__mptr - ((size_t) &((struct sock *)0)->__sk_common.skc_nulls_node) );})
                                                                                                                                                                                     ^
net/core/sock.acc: In function ‘request_sock* reqsk_alloc(request_sock_ops*)’:
net/core/sock.acc:73994:115: warning: invalid conversion from ‘void*’ to ‘request_sock*’ [-fpermissive]
  struct request_sock *req = kmem_cache_alloc(__get__ZN16request_sock_ops4slabE_2513(&ops->slab), ((( gfp_t)0x20u)));
                                                                                                                   ^
net/core/sock.acc: In function ‘int fastopen_init_queue(sock*, int)’:
net/core/sock.acc:77497:62: warning: invalid conversion from ‘void*’ to ‘fastopen_queue*’ [-fpermissive]
       __get__ZN4sock13sk_allocationE_2593(&sk->sk_allocation));
                                                              ^
net/core/sock.acc: In function ‘u32 ndisc_hashfn(void*, net_device*, __u32*)’:
net/core/sock.acc:78908:13: warning: invalid conversion from ‘void*’ to ‘u32* {aka unsigned int*}’ [-fpermissive]
  u32 *p32 = pkey;
             ^
net/core/sock.acc: In function ‘neighbour* __ipv6_neigh_lookup_noref(net_device*, void*)’:
net/core/sock.acc:78919:13: warning: invalid conversion from ‘void*’ to ‘u32* {aka unsigned int*}’ [-fpermissive]
  u32 *p32 = pkey;
             ^
net/core/sock.acc: In function ‘int __ipv6_addr_diff32(void*, void*, int)’:
net/core/sock.acc:79855:15: warning: invalid conversion from ‘void*’ to ‘__be32* {aka unsigned int*}’ [-fpermissive]
  __be32 *a1 = token1, *a2 = token2;
               ^
net/core/sock.acc:79855:29: warning: invalid conversion from ‘void*’ to ‘__be32* {aka unsigned int*}’ [-fpermissive]
  __be32 *a1 = token1, *a2 = token2;
                             ^
net/core/sock.acc: In function ‘int __ipv6_addr_diff64(void*, void*, int)’:
net/core/sock.acc:79871:15: warning: invalid conversion from ‘void*’ to ‘__be64* {aka long long unsigned int*}’ [-fpermissive]
  __be64 *a1 = token1, *a2 = token2;
               ^
net/core/sock.acc:79871:29: warning: invalid conversion from ‘void*’ to ‘__be64* {aka long long unsigned int*}’ [-fpermissive]
  __be64 *a1 = token1, *a2 = token2;
                             ^
net/core/sock.acc: In function ‘void ip_select_ident(sk_buff*, dst_entry*, sock*)’:
net/core/sock.acc:81280:102: warning: taking address of temporary [-fpermissive]
   iph->id = (sk && __get__ZN4sock11__sk_commonE_2716(&__get__ZN9inet_sock2skE_2717(&inet_sk(sk)->sk).__sk_common).skc_daddr) ?
                                                                                                      ^
net/core/sock.acc: In function ‘void ip_select_ident_more(sk_buff*, dst_entry*, sock*, int)’:
net/core/sock.acc:81501:95: warning: taking address of temporary [-fpermissive]
   if (sk && __get__ZN4sock11__sk_commonE_2721(&__get__ZN9inet_sock2skE_2722(&inet_sk(sk)->sk).__sk_common).skc_daddr) {
                                                                                               ^
net/core/sock.acc: In function ‘void copy_user_highpage(page*, page*, long unsigned int, vm_area_struct*)’:
net/core/sock.acc:83910:26: warning: invalid conversion from ‘void*’ to ‘char*’ [-fpermissive]
  vfrom = kmap_atomic(from);
                          ^
net/core/sock.acc:83911:22: warning: invalid conversion from ‘void*’ to ‘char*’ [-fpermissive]
  vto = kmap_atomic(to);
                      ^
net/core/sock.acc: In function ‘void copy_highpage(page*, page*)’:
net/core/sock.acc:83923:26: warning: invalid conversion from ‘void*’ to ‘char*’ [-fpermissive]
  vfrom = kmap_atomic(from);
                          ^
net/core/sock.acc:83924:22: warning: invalid conversion from ‘void*’ to ‘char*’ [-fpermissive]
  vto = kmap_atomic(to);
                      ^
net/core/sock.acc: In function ‘bool addr_match(void*, void*, int)’:
net/core/sock.acc:86765:15: warning: invalid conversion from ‘void*’ to ‘__be32* {aka unsigned int*}’ [-fpermissive]
  __be32 *a1 = token1;
               ^
net/core/sock.acc:86766:15: warning: invalid conversion from ‘void*’ to ‘__be32* {aka unsigned int*}’ [-fpermissive]
  __be32 *a2 = token2;
               ^
net/core/sock.acc: In function ‘ablkcipher_request* ablkcipher_request_alloc(crypto_ablkcipher*, gfp_t)’:
net/core/sock.acc:88687:44: warning: invalid conversion from ‘void*’ to ‘ablkcipher_request*’ [-fpermissive]
         crypto_ablkcipher_reqsize(tfm), gfp);
                                            ^
net/core/sock.acc: In function ‘aead_request* aead_request_alloc(crypto_aead*, gfp_t)’:
net/core/sock.acc:88818:60: warning: invalid conversion from ‘void*’ to ‘aead_request*’ [-fpermissive]
  req = kmalloc(sizeof(*req) + crypto_aead_reqsize(tfm), gfp);
                                                            ^
net/core/sock.acc: In function ‘inet_ehash_bucket* inet_ehash_bucket_(inet_hashinfo*, unsigned int)’:
net/core/sock.acc:89495:176: warning: taking address of temporary [-fpermissive]
  return &__get__ZN13inet_hashinfo5ehashE_3052(&__get__ZN13inet_hashinfo5ehashE_3053(&hashinfo->ehash)[hash & __get__ZN13inet_hashinfo10ehash_maskE_3054(&hashinfo->ehash_mask)]);
                                                                                                                                                                                ^
net/core/sock.acc: In function ‘spinlock_t* inet_ehash_lockp(inet_hashinfo*, unsigned int)’:
net/core/sock.acc:89607:208: warning: taking address of temporary [-fpermissive]
  return &__get__ZN13inet_hashinfo11ehash_locksE_3055(&__get__ZN13inet_hashinfo11ehash_locksE_3056(&hashinfo->ehash_locks)[hash & __get__ZN13inet_hashinfo16ehash_locks_maskE_3057(&hashinfo->ehash_locks_mask)]);
                                                                                                                                                                                                                ^
net/core/sock.acc: In function ‘int inet_ehash_locks_alloc(inet_hashinfo*)’:
net/core/sock.acc:89699:61: warning: invalid conversion from ‘void*’ to ‘spinlock_t* {aka spinlock*}’ [-fpermissive]
    hashinfo->ehash_locks = vmalloc(size * sizeof(spinlock_t));
                                                             ^
net/core/sock.acc:89703:60: warning: invalid conversion from ‘void*’ to ‘spinlock_t* {aka spinlock*}’ [-fpermissive]
       ((( gfp_t)0x10u) | (( gfp_t)0x40u) | (( gfp_t)0x80u)));
                                                            ^
net/core/sock.acc: In function ‘int inet_sk_listen_hashfn(sock*)’:
net/core/sock.acc:89962:118: warning: taking address of temporary [-fpermissive]
  return inet_lhashfn(sock_net(sk), __get__ZN4sock11__sk_commonE_3065(&__get__ZN9inet_sock2skE_3066(&inet_sk(sk)->sk).__sk_common).skc_num);
                                                                                                                      ^
