fs/dcache.acc: In function ‘void hlist_del(hlist_node*)’:
fs/dcache.acc:8654:10: warning: invalid conversion from ‘void*’ to ‘hlist_node*’ [-fpermissive]
  n->next = ((void *) 0x00100100);
          ^
fs/dcache.acc:8655:11: warning: invalid conversion from ‘void*’ to ‘hlist_node**’ [-fpermissive]
  n->pprev = ((void *) 0x00200200);
           ^
fs/dcache.acc: In function ‘thread_info* current_thread_info()’:
fs/dcache.acc:9344:5: warning: invalid conversion from ‘void*’ to ‘thread_info*’ [-fpermissive]
  ti = (void *)(({ typeof(_proxy_pda.kernelstack) ret__; switch (sizeof(_proxy_pda.kernelstack)) { case 2: asm("mov" "w %%gs:%c1,%0" : "=r" (ret__) : "i" (((size_t) &((struct x8664_pda *)0)->kernelstack)), "m" (__get__proxy_pda_487(&_proxy_pda).kernelstack)); break; case 4: asm("mov" "l %%gs:%c1,%0": "=r" (ret__): "i" (((size_t) &((struct x8664_pda *)0)->kernelstack)), "m" (__get__proxy_pda_488(&_proxy_pda).kernelstack)); break; case 8: asm("mov" "q %%gs:%c1,%0": "=r" (ret__) : "i" (((size_t) &((struct x8664_pda *)0)->kernelstack)), "m" (__get__proxy_pda_489(&_proxy_pda).kernelstack)); break; default: __bad_pda_field(); } ret__; }) + (5*8) - (((1UL) << 12) << 1));
     ^
fs/dcache.acc: In function ‘void timer_stats_account_hrtimer(hrtimer*)’:
fs/dcache.acc:14012:43: warning: invalid conversion from ‘hrtimer_restart (*)(hrtimer*)’ to ‘void*’ [-fpermissive]
      timer->function, timer->start_comm, 0);
                                           ^
fs/dcache.acc:14005:13: warning:   initializing argument 4 of ‘void timer_stats_update_stats(void*, pid_t, void*, void*, char*, unsigned int)’ [-fpermissive]
 extern void timer_stats_update_stats(void *timer, pid_t pid, void *startf,
             ^
fs/dcache.acc: In function ‘int timer_pending(timer_list*)’:
fs/dcache.acc:14154:88: warning: taking address of temporary [-fpermissive]
  return __get__ZN9list_head4nextE_709(&__get__ZN10timer_list5entryE_710(&timer->entry).next) != 0;
                                                                                        ^
fs/dcache.acc: At global scope:
fs/dcache.acc:16857:16: warning: declaration of ‘int (* ctl_table::proc_handler)(ctl_table*, int, file*, void*, size_t*, loff_t*)’ [-fpermissive]
  proc_handler *proc_handler;
                ^
fs/dcache.acc:16817:13: warning: changes meaning of ‘proc_handler’ from ‘typedef int proc_handler(struct ctl_table*, int, struct file*, void*, size_t*, loff_t*)’ [-fpermissive]
 typedef int proc_handler (struct ctl_table *ctl, int write, struct file * filp,
             ^
fs/dcache.acc: In function ‘void set_compound_page_dtor(page*, void (*)(page*))’:
fs/dcache.acc:18769:19: warning: invalid conversion from ‘void*’ to ‘list_head*’ [-fpermissive]
  page[1].lru.next = (void *)dtor;
                   ^
fs/dcache.acc: In function ‘void set_compound_order(page*, long unsigned int)’:
fs/dcache.acc:18856:19: warning: invalid conversion from ‘void*’ to ‘list_head*’ [-fpermissive]
  page[1].lru.prev = (void *)order;
                   ^
fs/dcache.acc: In function ‘zone_type page_zonenum(page*)’:
fs/dcache.acc:18860:83: warning: invalid conversion from ‘long unsigned int’ to ‘zone_type’ [-fpermissive]
  return (page->flags >> (((((sizeof(unsigned long)*8) - 0) - 9) - 2) * (2 != 0))) & ((1UL << 2) - 1);
                                                                                   ^
fs/dcache.acc: In function ‘void zone_page_state_add(long int, zone*, zone_stat_item)’:
fs/dcache.acc:19035:54: warning: taking address of temporary [-fpermissive]
  atomic_long_add(x, &__get_vm_stat_889(&vm_stat[item]));
                                                      ^
fs/dcache.acc: In function ‘long unsigned int global_page_state(zone_stat_item)’:
fs/dcache.acc:19075:61: warning: taking address of temporary [-fpermissive]
  long x = atomic_long_read(&__get_vm_stat_890(&vm_stat[item]));
                                                             ^
fs/dcache.acc: In function ‘void list_del_rcu(list_head*)’:
fs/dcache.acc:20297:14: warning: invalid conversion from ‘void*’ to ‘list_head*’ [-fpermissive]
  entry->prev = ((void *) 0x00200200);
              ^
fs/dcache.acc: In function ‘void list_replace_rcu(list_head*, list_head*)’:
fs/dcache.acc:20383:12: warning: invalid conversion from ‘void*’ to ‘list_head*’ [-fpermissive]
  old->prev = ((void *) 0x00200200);
            ^
fs/dcache.acc: In function ‘void hlist_del_rcu(hlist_node*)’:
fs/dcache.acc:20513:11: warning: invalid conversion from ‘void*’ to ‘hlist_node**’ [-fpermissive]
  n->pprev = ((void *) 0x00200200);
           ^
fs/dcache.acc: In function ‘void hlist_replace_rcu(hlist_node*, hlist_node*)’:
fs/dcache.acc:20595:13: warning: invalid conversion from ‘void*’ to ‘hlist_node**’ [-fpermissive]
  old->pprev = ((void *) 0x00200200);
             ^
fs/dcache.acc: In function ‘int dname_external(dentry*)’:
fs/dcache.acc:21058:81: warning: taking address of temporary [-fpermissive]
  return __get__ZN4qstr4nameE_931(&__get__ZN6dentry6d_nameE_932(&dentry->d_name).name) != __get__ZN6dentry7d_inameE_933(dentry->d_iname);
                                                                                 ^
fs/dcache.acc: In function ‘pid_namespace* ns_of_pid(pid*)’:
fs/dcache.acc:21654:113: warning: taking address of temporary [-fpermissive]
   ns = __get__ZN4upid2nsE_937(&__get__ZN3pid7numbersE_938(&pid->numbers[__get__ZN3pid5levelE_939(&pid->level)]).ns);
                                                                                                                 ^
fs/dcache.acc: In function ‘pid_t pid_nr(pid*)’:
fs/dcache.acc:21731:77: warning: taking address of temporary [-fpermissive]
   nr = __get__ZN4upid2nrE_940(&__get__ZN3pid7numbersE_941(&pid->numbers[0]).nr);
                                                                             ^
fs/dcache.acc: In function ‘void simple_transaction_set(file*, size_t)’:
fs/dcache.acc:24333:48: warning: invalid conversion from ‘void*’ to ‘simple_transaction_argresp*’ [-fpermissive]
  struct simple_transaction_argresp *ar = file->private_data;
                                                ^
fs/dcache.acc: In function ‘task_struct* next_thread(task_struct*)’:
fs/dcache.acc:28413:167: warning: taking address of temporary [-fpermissive]
  return ({ typeof( ((struct task_struct *)0)->thread_group ) *__mptr = ((__get__ZN9list_head4nextE_1069(&__get__ZN11task_struct12thread_groupE_1070(&p->thread_group).next))); (struct task_struct *)( (char *)__mptr - ((size_t) &((struct task_struct *)0)->thread_group) );})
                                                                                                                                                                       ^
fs/dcache.acc: In function ‘void fsnotify_nameremove(dentry*, int)’:
fs/dcache.acc:29403:154: warning: taking address of temporary [-fpermissive]
  inotify_dentry_parent_queue_event(dentry, (__u32)0x00000200|isdir, 0, (char *)__get__ZN4qstr4nameE_1083(&__get__ZN6dentry6d_nameE_1084(&dentry->d_name).name));
                                                                                                                                                          ^
fs/dcache.acc: In function ‘void fsnotify_create(inode*, dentry*)’:
fs/dcache.acc:29604:132: warning: taking address of temporary [-fpermissive]
  inotify_inode_queue_event(inode, 0x00000100, 0, (char *)__get__ZN4qstr4nameE_1085(&__get__ZN6dentry6d_nameE_1086(&dentry->d_name).name),
                                                                                                                                    ^
fs/dcache.acc:29606:102: warning: taking address of temporary [-fpermissive]
  audit_inode_child((char *)__get__ZN4qstr4nameE_1088(&__get__ZN6dentry6d_nameE_1089(&dentry->d_name).name), dentry, inode);
                                                                                                      ^
fs/dcache.acc: In function ‘void fsnotify_link(inode*, inode*, dentry*)’:
fs/dcache.acc:29757:134: warning: taking address of temporary [-fpermissive]
  inotify_inode_queue_event(dir, 0x00000100, 0, (char *)__get__ZN4qstr4nameE_1090(&__get__ZN6dentry6d_nameE_1091(&new_dentry->d_name).name),
                                                                                                                                      ^
fs/dcache.acc:29760:106: warning: taking address of temporary [-fpermissive]
  audit_inode_child((char *)__get__ZN4qstr4nameE_1092(&__get__ZN6dentry6d_nameE_1093(&new_dentry->d_name).name), new_dentry, dir);
                                                                                                          ^
fs/dcache.acc: In function ‘void fsnotify_mkdir(inode*, dentry*)’:
fs/dcache.acc:29945:89: warning: taking address of temporary [-fpermissive]
       (char *)__get__ZN4qstr4nameE_1094(&__get__ZN6dentry6d_nameE_1095(&dentry->d_name).name), __get__ZN6dentry7d_inodeE_1096(&dentry->d_inode));
                                                                                         ^
fs/dcache.acc:29946:102: warning: taking address of temporary [-fpermissive]
  audit_inode_child((char *)__get__ZN4qstr4nameE_1097(&__get__ZN6dentry6d_nameE_1098(&dentry->d_name).name), dentry, inode);
                                                                                                      ^
fs/dcache.acc: In function ‘void fsnotify_access(dentry*)’:
fs/dcache.acc:30101:135: warning: taking address of temporary [-fpermissive]
  inotify_dentry_parent_queue_event(dentry, mask, 0, (char *)__get__ZN4qstr4nameE_1101(&__get__ZN6dentry6d_nameE_1102(&dentry->d_name).name));
                                                                                                                                       ^
fs/dcache.acc: In function ‘void fsnotify_modify(dentry*)’:
fs/dcache.acc:30257:135: warning: taking address of temporary [-fpermissive]
  inotify_dentry_parent_queue_event(dentry, mask, 0, (char *)__get__ZN4qstr4nameE_1105(&__get__ZN6dentry6d_nameE_1106(&dentry->d_name).name));
                                                                                                                                       ^
fs/dcache.acc: In function ‘void fsnotify_open(dentry*)’:
fs/dcache.acc:30412:135: warning: taking address of temporary [-fpermissive]
  inotify_dentry_parent_queue_event(dentry, mask, 0, (char *)__get__ZN4qstr4nameE_1109(&__get__ZN6dentry6d_nameE_1110(&dentry->d_name).name));
                                                                                                                                       ^
fs/dcache.acc: In function ‘void fsnotify_close(file*)’:
fs/dcache.acc:30598:89: warning: taking address of temporary [-fpermissive]
  char *name = __get__ZN4qstr4nameE_1114(&__get__ZN6dentry6d_nameE_1115(&dentry->d_name).name);
                                                                                         ^
fs/dcache.acc:30598:93: warning: invalid conversion from ‘unsigned char*’ to ‘char*’ [-fpermissive]
  char *name = __get__ZN4qstr4nameE_1114(&__get__ZN6dentry6d_nameE_1115(&dentry->d_name).name);
                                                                                             ^
fs/dcache.acc: In function ‘void fsnotify_xattr(dentry*)’:
fs/dcache.acc:30760:135: warning: taking address of temporary [-fpermissive]
  inotify_dentry_parent_queue_event(dentry, mask, 0, (char *)__get__ZN4qstr4nameE_1120(&__get__ZN6dentry6d_nameE_1121(&dentry->d_name).name));
                                                                                                                                       ^
fs/dcache.acc: In function ‘void fsnotify_change(dentry*, unsigned int)’:
fs/dcache.acc:30950:91: warning: taking address of temporary [-fpermissive]
         (char *)__get__ZN4qstr4nameE_1124(&__get__ZN6dentry6d_nameE_1125(&dentry->d_name).name));
                                                                                           ^
fs/dcache.acc: In function ‘dentry* __d_lookup(dentry*, qstr*)’:
fs/dcache.acc:35706:81: warning: taking address of temporary [-fpermissive]
   if (__get__ZN4qstr4hashE_1164(&__get__ZN6dentry6d_nameE_1165(&dentry->d_name).hash) != hash)
                                                                                 ^
fs/dcache.acc: In function ‘char* __d_path(path*, path*, char*, int)’:
fs/dcache.acc:36280:22: warning: invalid conversion from ‘void*’ to ‘char*’ [-fpermissive]
  retval = ERR_PTR(-36);
                      ^
fs/dcache.acc: In function ‘char* dynamic_dname(dentry*, char*, int, char*, ...)’:
fs/dcache.acc:36567:21: warning: invalid conversion from ‘void*’ to ‘char*’ [-fpermissive]
   return ERR_PTR(-36);
                     ^
fs/dcache.acc:36570:32: warning: invalid conversion from ‘void*’ to ‘char*’ [-fpermissive]
  return memcpy(buffer, temp, sz);
                                ^
