fs/namei.acc: In function ‘void hlist_del(hlist_node*)’:
fs/namei.acc:8100:10: warning: invalid conversion from ‘void*’ to ‘hlist_node*’ [-fpermissive]
  n->next = ((void *) 0x00100100);
          ^
fs/namei.acc:8101:11: warning: invalid conversion from ‘void*’ to ‘hlist_node**’ [-fpermissive]
  n->pprev = ((void *) 0x00200200);
           ^
fs/namei.acc: In function ‘thread_info* current_thread_info()’:
fs/namei.acc:8616:5: warning: invalid conversion from ‘void*’ to ‘thread_info*’ [-fpermissive]
  ti = (void *)(({ typeof(_proxy_pda.kernelstack) ret__; switch (sizeof(_proxy_pda.kernelstack)) { case 2: asm("mov" "w %%gs:%c1,%0" : "=r" (ret__) : "i" (((size_t) &((struct x8664_pda *)0)->kernelstack)), "m" (__get__proxy_pda_477(&_proxy_pda).kernelstack)); break; case 4: asm("mov" "l %%gs:%c1,%0": "=r" (ret__): "i" (((size_t) &((struct x8664_pda *)0)->kernelstack)), "m" (__get__proxy_pda_478(&_proxy_pda).kernelstack)); break; case 8: asm("mov" "q %%gs:%c1,%0": "=r" (ret__) : "i" (((size_t) &((struct x8664_pda *)0)->kernelstack)), "m" (__get__proxy_pda_479(&_proxy_pda).kernelstack)); break; default: __bad_pda_field(); } ret__; }) + (5*8) - (((1UL) << 12) << 1));
     ^
fs/namei.acc: In function ‘void timer_stats_account_hrtimer(hrtimer*)’:
fs/namei.acc:14377:43: warning: invalid conversion from ‘hrtimer_restart (*)(hrtimer*)’ to ‘void*’ [-fpermissive]
      timer->function, timer->start_comm, 0);
                                           ^
fs/namei.acc:14370:13: warning:   initializing argument 4 of ‘void timer_stats_update_stats(void*, pid_t, void*, void*, char*, unsigned int)’ [-fpermissive]
 extern void timer_stats_update_stats(void *timer, pid_t pid, void *startf,
             ^
fs/namei.acc: In function ‘int timer_pending(timer_list*)’:
fs/namei.acc:14519:88: warning: taking address of temporary [-fpermissive]
  return __get__ZN9list_head4nextE_704(&__get__ZN10timer_list5entryE_705(&timer->entry).next) != 0;
                                                                                        ^
fs/namei.acc: In function ‘void list_del_rcu(list_head*)’:
fs/namei.acc:16176:14: warning: invalid conversion from ‘void*’ to ‘list_head*’ [-fpermissive]
  entry->prev = ((void *) 0x00200200);
              ^
fs/namei.acc: In function ‘void list_replace_rcu(list_head*, list_head*)’:
fs/namei.acc:16262:12: warning: invalid conversion from ‘void*’ to ‘list_head*’ [-fpermissive]
  old->prev = ((void *) 0x00200200);
            ^
fs/namei.acc: In function ‘void hlist_del_rcu(hlist_node*)’:
fs/namei.acc:16392:11: warning: invalid conversion from ‘void*’ to ‘hlist_node**’ [-fpermissive]
  n->pprev = ((void *) 0x00200200);
           ^
fs/namei.acc: In function ‘void hlist_replace_rcu(hlist_node*, hlist_node*)’:
fs/namei.acc:16474:13: warning: invalid conversion from ‘void*’ to ‘hlist_node**’ [-fpermissive]
  old->pprev = ((void *) 0x00200200);
             ^
fs/namei.acc: In function ‘int dname_external(dentry*)’:
fs/namei.acc:16937:81: warning: taking address of temporary [-fpermissive]
  return __get__ZN4qstr4nameE_744(&__get__ZN6dentry6d_nameE_745(&dentry->d_name).name) != __get__ZN6dentry7d_inameE_746(dentry->d_iname);
                                                                                 ^
fs/namei.acc: In function ‘pid_namespace* ns_of_pid(pid*)’:
fs/namei.acc:17543:113: warning: taking address of temporary [-fpermissive]
   ns = __get__ZN4upid2nsE_754(&__get__ZN3pid7numbersE_755(&pid->numbers[__get__ZN3pid5levelE_756(&pid->level)]).ns);
                                                                                                                 ^
fs/namei.acc: In function ‘pid_t pid_nr(pid*)’:
fs/namei.acc:17620:77: warning: taking address of temporary [-fpermissive]
   nr = __get__ZN4upid2nrE_757(&__get__ZN3pid7numbersE_758(&pid->numbers[0]).nr);
                                                                             ^
fs/namei.acc: In function ‘void simple_transaction_set(file*, size_t)’:
fs/namei.acc:20992:48: warning: invalid conversion from ‘void*’ to ‘simple_transaction_argresp*’ [-fpermissive]
  struct simple_transaction_argresp *ar = file->private_data;
                                                ^
fs/namei.acc: In function ‘task_struct* next_thread(task_struct*)’:
fs/namei.acc:25659:165: warning: taking address of temporary [-fpermissive]
  return ({ typeof( ((struct task_struct *)0)->thread_group ) *__mptr = ((__get__ZN9list_head4nextE_897(&__get__ZN11task_struct12thread_groupE_898(&p->thread_group).next))); (struct task_struct *)( (char *)__mptr - ((size_t) &((struct task_struct *)0)->thread_group) );})
                                                                                                                                                                     ^
fs/namei.acc: In function ‘void set_compound_page_dtor(page*, void (*)(page*))’:
fs/namei.acc:28510:19: warning: invalid conversion from ‘void*’ to ‘list_head*’ [-fpermissive]
  page[1].lru.next = (void *)dtor;
                   ^
fs/namei.acc: In function ‘void set_compound_order(page*, long unsigned int)’:
fs/namei.acc:28597:19: warning: invalid conversion from ‘void*’ to ‘list_head*’ [-fpermissive]
  page[1].lru.prev = (void *)order;
                   ^
fs/namei.acc: In function ‘zone_type page_zonenum(page*)’:
fs/namei.acc:28601:83: warning: invalid conversion from ‘long unsigned int’ to ‘zone_type’ [-fpermissive]
  return (page->flags >> (((((sizeof(unsigned long)*8) - 0) - 9) - 2) * (2 != 0))) & ((1UL << 2) - 1);
                                                                                   ^
fs/namei.acc: In function ‘void zone_page_state_add(long int, zone*, zone_stat_item)’:
fs/namei.acc:28776:55: warning: taking address of temporary [-fpermissive]
  atomic_long_add(x, &__get_vm_stat_1119(&vm_stat[item]));
                                                       ^
fs/namei.acc: In function ‘long unsigned int global_page_state(zone_stat_item)’:
fs/namei.acc:28816:62: warning: taking address of temporary [-fpermissive]
  long x = atomic_long_read(&__get_vm_stat_1120(&vm_stat[item]));
                                                              ^
fs/namei.acc: In function ‘void copy_user_highpage(page*, page*, long unsigned int, vm_area_struct*)’:
fs/namei.acc:29923:36: warning: invalid conversion from ‘void*’ to ‘char*’ [-fpermissive]
  vfrom = kmap_atomic(from, KM_USER0);
                                    ^
fs/namei.acc:29924:32: warning: invalid conversion from ‘void*’ to ‘char*’ [-fpermissive]
  vto = kmap_atomic(to, KM_USER1);
                                ^
fs/namei.acc: In function ‘void copy_highpage(page*, page*)’:
fs/namei.acc:29936:36: warning: invalid conversion from ‘void*’ to ‘char*’ [-fpermissive]
  vfrom = kmap_atomic(from, KM_USER0);
                                    ^
fs/namei.acc:29937:32: warning: invalid conversion from ‘void*’ to ‘char*’ [-fpermissive]
  vto = kmap_atomic(to, KM_USER1);
                                ^
fs/namei.acc: In function ‘void fsnotify_nameremove(dentry*, int)’:
fs/namei.acc:31773:154: warning: taking address of temporary [-fpermissive]
  inotify_dentry_parent_queue_event(dentry, (__u32)0x00000200|isdir, 0, (char *)__get__ZN4qstr4nameE_1189(&__get__ZN6dentry6d_nameE_1190(&dentry->d_name).name));
                                                                                                                                                          ^
fs/namei.acc: In function ‘void fsnotify_create(inode*, dentry*)’:
fs/namei.acc:31974:132: warning: taking address of temporary [-fpermissive]
  inotify_inode_queue_event(inode, 0x00000100, 0, (char *)__get__ZN4qstr4nameE_1191(&__get__ZN6dentry6d_nameE_1192(&dentry->d_name).name),
                                                                                                                                    ^
fs/namei.acc:31976:102: warning: taking address of temporary [-fpermissive]
  audit_inode_child((char *)__get__ZN4qstr4nameE_1194(&__get__ZN6dentry6d_nameE_1195(&dentry->d_name).name), dentry, inode);
                                                                                                      ^
fs/namei.acc: In function ‘void fsnotify_link(inode*, inode*, dentry*)’:
fs/namei.acc:32127:134: warning: taking address of temporary [-fpermissive]
  inotify_inode_queue_event(dir, 0x00000100, 0, (char *)__get__ZN4qstr4nameE_1196(&__get__ZN6dentry6d_nameE_1197(&new_dentry->d_name).name),
                                                                                                                                      ^
fs/namei.acc:32130:106: warning: taking address of temporary [-fpermissive]
  audit_inode_child((char *)__get__ZN4qstr4nameE_1198(&__get__ZN6dentry6d_nameE_1199(&new_dentry->d_name).name), new_dentry, dir);
                                                                                                          ^
fs/namei.acc: In function ‘void fsnotify_mkdir(inode*, dentry*)’:
fs/namei.acc:32315:89: warning: taking address of temporary [-fpermissive]
       (char *)__get__ZN4qstr4nameE_1200(&__get__ZN6dentry6d_nameE_1201(&dentry->d_name).name), __get__ZN6dentry7d_inodeE_1202(&dentry->d_inode));
                                                                                         ^
fs/namei.acc:32316:102: warning: taking address of temporary [-fpermissive]
  audit_inode_child((char *)__get__ZN4qstr4nameE_1203(&__get__ZN6dentry6d_nameE_1204(&dentry->d_name).name), dentry, inode);
                                                                                                      ^
fs/namei.acc: In function ‘void fsnotify_access(dentry*)’:
fs/namei.acc:32471:135: warning: taking address of temporary [-fpermissive]
  inotify_dentry_parent_queue_event(dentry, mask, 0, (char *)__get__ZN4qstr4nameE_1207(&__get__ZN6dentry6d_nameE_1208(&dentry->d_name).name));
                                                                                                                                       ^
fs/namei.acc: In function ‘void fsnotify_modify(dentry*)’:
fs/namei.acc:32627:135: warning: taking address of temporary [-fpermissive]
  inotify_dentry_parent_queue_event(dentry, mask, 0, (char *)__get__ZN4qstr4nameE_1211(&__get__ZN6dentry6d_nameE_1212(&dentry->d_name).name));
                                                                                                                                       ^
fs/namei.acc: In function ‘void fsnotify_open(dentry*)’:
fs/namei.acc:32782:135: warning: taking address of temporary [-fpermissive]
  inotify_dentry_parent_queue_event(dentry, mask, 0, (char *)__get__ZN4qstr4nameE_1215(&__get__ZN6dentry6d_nameE_1216(&dentry->d_name).name));
                                                                                                                                       ^
fs/namei.acc: In function ‘void fsnotify_close(file*)’:
fs/namei.acc:32968:89: warning: taking address of temporary [-fpermissive]
  char *name = __get__ZN4qstr4nameE_1220(&__get__ZN6dentry6d_nameE_1221(&dentry->d_name).name);
                                                                                         ^
fs/namei.acc:32968:93: warning: invalid conversion from ‘unsigned char*’ to ‘char*’ [-fpermissive]
  char *name = __get__ZN4qstr4nameE_1220(&__get__ZN6dentry6d_nameE_1221(&dentry->d_name).name);
                                                                                             ^
fs/namei.acc: In function ‘void fsnotify_xattr(dentry*)’:
fs/namei.acc:33130:135: warning: taking address of temporary [-fpermissive]
  inotify_dentry_parent_queue_event(dentry, mask, 0, (char *)__get__ZN4qstr4nameE_1226(&__get__ZN6dentry6d_nameE_1227(&dentry->d_name).name));
                                                                                                                                       ^
fs/namei.acc: In function ‘void fsnotify_change(dentry*, unsigned int)’:
fs/namei.acc:33320:91: warning: taking address of temporary [-fpermissive]
         (char *)__get__ZN4qstr4nameE_1230(&__get__ZN6dentry6d_nameE_1231(&dentry->d_name).name));
                                                                                           ^
fs/namei.acc: At global scope:
fs/namei.acc:34635:16: warning: declaration of ‘int (* ctl_table::proc_handler)(ctl_table*, int, file*, void*, size_t*, loff_t*)’ [-fpermissive]
  proc_handler *proc_handler;
                ^
fs/namei.acc:34595:13: warning: changes meaning of ‘proc_handler’ from ‘typedef int proc_handler(struct ctl_table*, int, struct file*, void*, size_t*, loff_t*)’ [-fpermissive]
 typedef int proc_handler (struct ctl_table *ctl, int write, struct file * filp,
             ^
